<?xml version="1.0" encoding="utf-8"?>
<TestRun id="6be13283-e166-4bed-a60e-19d6c2d4fee3" name="sferrari@PC-SFERRARI 2021-06-06 20:00:32" runUser="PC-SFERRARI\sferrari" xmlns="http://microsoft.com/schemas/VisualStudio/TeamTest/2010">
  <Times creation="2021-06-06T20:00:32.1857759+02:00" queuing="2021-06-06T20:00:32.1857779+02:00" start="2021-06-06T20:00:29.8609749+02:00" finish="2021-06-06T20:00:36.1824553+02:00" />
  <TestSettings name="default" id="281ed7eb-5aa6-4251-9464-a412bbd7b9df">
    <Deployment runDeploymentRoot="sferrari_PC-SFERRARI_2021-06-06_20_00_32" />
  </TestSettings>
  <Results>
    <UnitTestResult executionId="ffa89f38-0684-4ae1-b4c8-6c67ecd84cd5" testId="68654d5c-cf48-88e4-5c1d-ed1a1c33a69d" testName="JsonWebTokenOptions_Passing_Claims_And_Headers_Returns_Values" computerName="PC-SFERRARI" duration="00:00:00.1060205" startTime="2021-06-06T20:00:31.7325152+02:00" endTime="2021-06-06T20:00:31.8386690+02:00" testType="13cdc9d9-ddb5-4fa4-a97d-d965ccfc6d4b" outcome="Passed" testListId="8c84fa94-04c1-424b-9868-57a2d4851a1d" relativeResultsDirectory="ffa89f38-0684-4ae1-b4c8-6c67ecd84cd5" />
    <UnitTestResult executionId="8328e185-1970-4c0f-b343-e15d4b45e19e" testId="1503b794-64e6-402d-46db-dd6b010eca49" testName="JsonWebTokenOptions_Passing_Empties_Claims_To_Service_Returns_ApplicationException" computerName="PC-SFERRARI" duration="00:00:00.1996484" startTime="2021-06-06T20:00:31.3440730+02:00" endTime="2021-06-06T20:00:31.5438528+02:00" testType="13cdc9d9-ddb5-4fa4-a97d-d965ccfc6d4b" outcome="Passed" testListId="8c84fa94-04c1-424b-9868-57a2d4851a1d" relativeResultsDirectory="8328e185-1970-4c0f-b343-e15d4b45e19e" />
    <UnitTestResult executionId="dc31f9ef-8027-4af6-a014-1ea3ea234473" testId="32daafca-3fa2-ec6c-02fe-9d0f3796d0ed" testName="AppSettings_Encrypt_Passing_Value_String_Returns_Value_Encrypted" computerName="PC-SFERRARI" duration="00:00:00.0038343" startTime="2021-06-06T20:00:35.5951951+02:00" endTime="2021-06-06T20:00:35.5991442+02:00" testType="13cdc9d9-ddb5-4fa4-a97d-d965ccfc6d4b" outcome="Passed" testListId="8c84fa94-04c1-424b-9868-57a2d4851a1d" relativeResultsDirectory="dc31f9ef-8027-4af6-a014-1ea3ea234473" />
    <UnitTestResult executionId="5bdb8539-3ff6-4644-aa9f-9693db041b53" testId="d01d9da3-2b63-993d-f965-6dcec041a9a1" testName="JsonWebTokenSettings_Passing_All_Values_Returns_Values" computerName="PC-SFERRARI" duration="00:00:00.1094149" startTime="2021-06-06T20:00:32.2785615+02:00" endTime="2021-06-06T20:00:32.3881203+02:00" testType="13cdc9d9-ddb5-4fa4-a97d-d965ccfc6d4b" outcome="Passed" testListId="8c84fa94-04c1-424b-9868-57a2d4851a1d" relativeResultsDirectory="5bdb8539-3ff6-4644-aa9f-9693db041b53" />
    <UnitTestResult executionId="d9be6b92-fd85-49b0-a70c-0f69d85aed59" testId="4447fb16-ab87-7db7-dcef-6d42a68558bb" testName="RequireDigit_Passing_Invalid_Value_Returns_HasErrorsAndErrors" computerName="PC-SFERRARI" duration="00:00:00.0029937" startTime="2021-06-06T20:00:36.0223714+02:00" endTime="2021-06-06T20:00:36.0261972+02:00" testType="13cdc9d9-ddb5-4fa4-a97d-d965ccfc6d4b" outcome="Passed" testListId="8c84fa94-04c1-424b-9868-57a2d4851a1d" relativeResultsDirectory="d9be6b92-fd85-49b0-a70c-0f69d85aed59" resultType="DataDrivenTest">
      <InnerResults>
        <UnitTestResult executionId="0e5390dd-3dff-4380-8f62-453d20cd0963" parentExecutionId="d9be6b92-fd85-49b0-a70c-0f69d85aed59" testId="4447fb16-ab87-7db7-dcef-6d42a68558bb" testName="RequireDigit_Passing_Invalid_Value_Returns_HasErrorsAndErrors (Password)" computerName="PC-SFERRARI" duration="00:00:00.0025118" startTime="2021-06-06T20:00:36.0223714+02:00" endTime="2021-06-06T20:00:36.0261972+02:00" testType="13cdc9d9-ddb5-4fa4-a97d-d965ccfc6d4b" outcome="Passed" testListId="8c84fa94-04c1-424b-9868-57a2d4851a1d" relativeResultsDirectory="0e5390dd-3dff-4380-8f62-453d20cd0963" dataRowInfo="1" resultType="DataDrivenDataRow" />
        <UnitTestResult executionId="4b28e0a9-42e6-489f-9d6b-09d782731de0" parentExecutionId="d9be6b92-fd85-49b0-a70c-0f69d85aed59" testId="4447fb16-ab87-7db7-dcef-6d42a68558bb" testName="RequireDigit_Passing_Invalid_Value_Returns_HasErrorsAndErrors (PasswordServiceTest)" computerName="PC-SFERRARI" duration="00:00:00.0000697" startTime="2021-06-06T20:00:36.0223714+02:00" endTime="2021-06-06T20:00:36.0261972+02:00" testType="13cdc9d9-ddb5-4fa4-a97d-d965ccfc6d4b" outcome="Passed" testListId="8c84fa94-04c1-424b-9868-57a2d4851a1d" relativeResultsDirectory="4b28e0a9-42e6-489f-9d6b-09d782731de0" dataRowInfo="2" resultType="DataDrivenDataRow" />
      </InnerResults>
    </UnitTestResult>
    <UnitTestResult executionId="2e14cf6c-1a65-41ff-9705-7c5aa5f6d707" testId="8f9542b8-9a86-2425-712b-f9ad565fedbe" testName="AppSettings_Passing_All_Values_Returns_Values" computerName="PC-SFERRARI" duration="00:00:00.0809438" startTime="2021-06-06T20:00:32.3881514+02:00" endTime="2021-06-06T20:00:32.4692096+02:00" testType="13cdc9d9-ddb5-4fa4-a97d-d965ccfc6d4b" outcome="Passed" testListId="8c84fa94-04c1-424b-9868-57a2d4851a1d" relativeResultsDirectory="2e14cf6c-1a65-41ff-9705-7c5aa5f6d707" />
    <UnitTestResult executionId="ec3f5a8a-8c27-4d43-9996-332dcfbb420b" testId="1bf97231-4f6a-0925-173e-e50bcb6f39bc" testName="JsonWebTokenSettings_Passing_Empties_Claims_Returns_ApplicationException" computerName="PC-SFERRARI" duration="00:00:00.0981730" startTime="2021-06-06T20:00:31.9467694+02:00" endTime="2021-06-06T20:00:32.0450364+02:00" testType="13cdc9d9-ddb5-4fa4-a97d-d965ccfc6d4b" outcome="Passed" testListId="8c84fa94-04c1-424b-9868-57a2d4851a1d" relativeResultsDirectory="ec3f5a8a-8c27-4d43-9996-332dcfbb420b" />
    <UnitTestResult executionId="be7e49e5-e1fb-4baa-a12e-ff18ba5c23c6" testId="55a4f170-57d1-d1f6-1902-93b1e4d17c57" testName="JsonWebTokenOptions_Passing_Enabled_Settings_Returns_ApplicationException" computerName="PC-SFERRARI" duration="00:00:00.0459908" startTime="2021-06-06T20:00:31.2978166+02:00" endTime="2021-06-06T20:00:31.3439976+02:00" testType="13cdc9d9-ddb5-4fa4-a97d-d965ccfc6d4b" outcome="Passed" testListId="8c84fa94-04c1-424b-9868-57a2d4851a1d" relativeResultsDirectory="be7e49e5-e1fb-4baa-a12e-ff18ba5c23c6" />
    <UnitTestResult executionId="ead46cee-ac2f-4541-b9d0-9a84cb0d8afa" testId="3db2e417-d9d0-d76c-8e4c-164fba24c540" testName="RequireUppercase_Passing_Invalid_Value_Returns_HasErrorsAndErrors" computerName="PC-SFERRARI" duration="00:00:00.0014294" startTime="2021-06-06T20:00:36.0384995+02:00" endTime="2021-06-06T20:00:36.0403253+02:00" testType="13cdc9d9-ddb5-4fa4-a97d-d965ccfc6d4b" outcome="Passed" testListId="8c84fa94-04c1-424b-9868-57a2d4851a1d" relativeResultsDirectory="ead46cee-ac2f-4541-b9d0-9a84cb0d8afa" resultType="DataDrivenTest">
      <InnerResults>
        <UnitTestResult executionId="5941a784-c974-42d2-b2ae-f53473a66d88" parentExecutionId="ead46cee-ac2f-4541-b9d0-9a84cb0d8afa" testId="3db2e417-d9d0-d76c-8e4c-164fba24c540" testName="RequireUppercase_Passing_Invalid_Value_Returns_HasErrorsAndErrors (password)" computerName="PC-SFERRARI" duration="00:00:00.0013566" startTime="2021-06-06T20:00:36.0384995+02:00" endTime="2021-06-06T20:00:36.0403253+02:00" testType="13cdc9d9-ddb5-4fa4-a97d-d965ccfc6d4b" outcome="Passed" testListId="8c84fa94-04c1-424b-9868-57a2d4851a1d" relativeResultsDirectory="5941a784-c974-42d2-b2ae-f53473a66d88" dataRowInfo="1" resultType="DataDrivenDataRow" />
      </InnerResults>
    </UnitTestResult>
    <UnitTestResult executionId="a6690da7-3a6f-4c5f-a10b-9a993880d766" testId="10a896e8-2c10-720e-0681-44e0a187a0b9" testName="JsonWebTokenSettings_Passing_Claims_And_Headers_Returns_Values" computerName="PC-SFERRARI" duration="00:00:00.1070323" startTime="2021-06-06T20:00:32.1713340+02:00" endTime="2021-06-06T20:00:32.2785346+02:00" testType="13cdc9d9-ddb5-4fa4-a97d-d965ccfc6d4b" outcome="Passed" testListId="8c84fa94-04c1-424b-9868-57a2d4851a1d" relativeResultsDirectory="a6690da7-3a6f-4c5f-a10b-9a993880d766" />
    <UnitTestResult executionId="e82b97da-8d7a-40b5-9c65-9989f949dbb8" testId="a96fe704-1e41-96a2-50bf-1b56c2cd211b" testName="CreateRandom_WithLoadSettings_Returns_PlainPassword_Value" computerName="PC-SFERRARI" duration="00:00:00.0048334" startTime="2021-06-06T20:00:36.0519548+02:00" endTime="2021-06-06T20:00:36.0569687+02:00" testType="13cdc9d9-ddb5-4fa4-a97d-d965ccfc6d4b" outcome="Passed" testListId="8c84fa94-04c1-424b-9868-57a2d4851a1d" relativeResultsDirectory="e82b97da-8d7a-40b5-9c65-9989f949dbb8" />
    <UnitTestResult executionId="9e9932e4-556c-46ce-8a2c-e9e1bfcabe0a" testId="bca4af17-79d3-090d-5186-e7a1bfaa0527" testName="CreateRandom_WithCustomSettings_Returns_PlainPassword_Value" computerName="PC-SFERRARI" duration="00:00:00.0004469" startTime="2021-06-06T20:00:36.0570062+02:00" endTime="2021-06-06T20:00:36.0575725+02:00" testType="13cdc9d9-ddb5-4fa4-a97d-d965ccfc6d4b" outcome="Passed" testListId="8c84fa94-04c1-424b-9868-57a2d4851a1d" relativeResultsDirectory="9e9932e4-556c-46ce-8a2c-e9e1bfcabe0a" />
    <UnitTestResult executionId="4e79a52c-a48d-459b-b3ac-e0a23d344786" testId="a574d746-1d8c-368f-7872-73b451873d81" testName="EncryptorOptions_Encrypt_Passing_Value_String_WithLifetime_Returns_CryptographicException_Exprided" computerName="PC-SFERRARI" duration="00:00:03.0147930" startTime="2021-06-06T20:00:32.5607186+02:00" endTime="2021-06-06T20:00:35.5759475+02:00" testType="13cdc9d9-ddb5-4fa4-a97d-d965ccfc6d4b" outcome="Passed" testListId="8c84fa94-04c1-424b-9868-57a2d4851a1d" relativeResultsDirectory="4e79a52c-a48d-459b-b3ac-e0a23d344786" />
    <UnitTestResult executionId="09cb8d41-0a3d-4db7-9e3e-f1834ae6c186" testId="7728671e-188e-9399-f172-fe364aa77f10" testName="JsonWebTokenSettings_Passing_Claims_Returns_Values" computerName="PC-SFERRARI" duration="00:00:00.0763795" startTime="2021-06-06T20:00:32.0947291+02:00" endTime="2021-06-06T20:00:32.1712931+02:00" testType="13cdc9d9-ddb5-4fa4-a97d-d965ccfc6d4b" outcome="Passed" testListId="8c84fa94-04c1-424b-9868-57a2d4851a1d" relativeResultsDirectory="09cb8d41-0a3d-4db7-9e3e-f1834ae6c186" />
    <UnitTestResult executionId="80e0796a-50b7-4697-8bd0-aa13fef9410b" testId="90367231-7c45-c264-7213-426aba337866" testName="RequiredMinLength_Passing_Invalid_Value_Returns_HasErrorsAndErrors" computerName="PC-SFERRARI" duration="00:00:00.0012887" startTime="2021-06-06T20:00:36.0263506+02:00" endTime="2021-06-06T20:00:36.0278826+02:00" testType="13cdc9d9-ddb5-4fa4-a97d-d965ccfc6d4b" outcome="Passed" testListId="8c84fa94-04c1-424b-9868-57a2d4851a1d" relativeResultsDirectory="80e0796a-50b7-4697-8bd0-aa13fef9410b" resultType="DataDrivenTest">
      <InnerResults>
        <UnitTestResult executionId="90cbb79c-91c2-4e95-a816-51f789255be3" parentExecutionId="80e0796a-50b7-4697-8bd0-aa13fef9410b" testId="90367231-7c45-c264-7213-426aba337866" testName="RequiredMinLength_Passing_Invalid_Value_Returns_HasErrorsAndErrors (Password)" computerName="PC-SFERRARI" duration="00:00:00.0012018" startTime="2021-06-06T20:00:36.0263506+02:00" endTime="2021-06-06T20:00:36.0278826+02:00" testType="13cdc9d9-ddb5-4fa4-a97d-d965ccfc6d4b" outcome="Passed" testListId="8c84fa94-04c1-424b-9868-57a2d4851a1d" relativeResultsDirectory="90cbb79c-91c2-4e95-a816-51f789255be3" dataRowInfo="1" resultType="DataDrivenDataRow" />
        <UnitTestResult executionId="ad51552a-948a-421b-bc82-3b9b2058b463" parentExecutionId="80e0796a-50b7-4697-8bd0-aa13fef9410b" testId="90367231-7c45-c264-7213-426aba337866" testName="RequiredMinLength_Passing_Invalid_Value_Returns_HasErrorsAndErrors (PasswordServiceTest)" computerName="PC-SFERRARI" duration="00:00:00.0000286" startTime="2021-06-06T20:00:36.0263506+02:00" endTime="2021-06-06T20:00:36.0278826+02:00" testType="13cdc9d9-ddb5-4fa4-a97d-d965ccfc6d4b" outcome="Passed" testListId="8c84fa94-04c1-424b-9868-57a2d4851a1d" relativeResultsDirectory="ad51552a-948a-421b-bc82-3b9b2058b463" dataRowInfo="2" resultType="DataDrivenDataRow" />
      </InnerResults>
    </UnitTestResult>
    <UnitTestResult executionId="9f812fa0-7046-43a7-ad43-833de2061363" testId="6158c571-cb9e-2900-d032-289419d833e8" testName="RequireLowercase_Passing_Invalid_Value_Returns_HasErrorsAndErrors" computerName="PC-SFERRARI" duration="00:00:00.0013790" startTime="2021-06-06T20:00:36.0369674+02:00" endTime="2021-06-06T20:00:36.0384611+02:00" testType="13cdc9d9-ddb5-4fa4-a97d-d965ccfc6d4b" outcome="Passed" testListId="8c84fa94-04c1-424b-9868-57a2d4851a1d" relativeResultsDirectory="9f812fa0-7046-43a7-ad43-833de2061363" resultType="DataDrivenTest">
      <InnerResults>
        <UnitTestResult executionId="713d6548-6ad6-47df-b6d7-44be6ebcbe48" parentExecutionId="9f812fa0-7046-43a7-ad43-833de2061363" testId="6158c571-cb9e-2900-d032-289419d833e8" testName="RequireLowercase_Passing_Invalid_Value_Returns_HasErrorsAndErrors (PASSWORD)" computerName="PC-SFERRARI" duration="00:00:00.0013298" startTime="2021-06-06T20:00:36.0369674+02:00" endTime="2021-06-06T20:00:36.0384611+02:00" testType="13cdc9d9-ddb5-4fa4-a97d-d965ccfc6d4b" outcome="Passed" testListId="8c84fa94-04c1-424b-9868-57a2d4851a1d" relativeResultsDirectory="713d6548-6ad6-47df-b6d7-44be6ebcbe48" dataRowInfo="1" resultType="DataDrivenDataRow" />
      </InnerResults>
    </UnitTestResult>
    <UnitTestResult executionId="1ea54ec6-206c-4475-90dc-4e00ad6faa92" testId="b2cc154e-434f-78b2-d8d6-076a473c9726" testName="JsonWebTokenOptions_Passing_Claims_To_Service_Returns_Values" computerName="PC-SFERRARI" duration="00:00:00.1884526" startTime="2021-06-06T20:00:31.5438859+02:00" endTime="2021-06-06T20:00:31.7324815+02:00" testType="13cdc9d9-ddb5-4fa4-a97d-d965ccfc6d4b" outcome="Passed" testListId="8c84fa94-04c1-424b-9868-57a2d4851a1d" relativeResultsDirectory="1ea54ec6-206c-4475-90dc-4e00ad6faa92" />
    <UnitTestResult executionId="820c950e-433e-4f13-9e48-d4ea4c932501" testId="c9a9a88a-aa31-d3a2-45ce-36161833d616" testName="EncryptorOptions_Encrypt_Passing_Value_String_Returns_Value_Encrypted" computerName="PC-SFERRARI" duration="00:00:00.0911435" startTime="2021-06-06T20:00:32.4692487+02:00" endTime="2021-06-06T20:00:32.5606820+02:00" testType="13cdc9d9-ddb5-4fa4-a97d-d965ccfc6d4b" outcome="Passed" testListId="8c84fa94-04c1-424b-9868-57a2d4851a1d" relativeResultsDirectory="820c950e-433e-4f13-9e48-d4ea4c932501" />
    <UnitTestResult executionId="ba18dbe2-08a4-4839-88ed-7af8d75da95f" testId="dd99cbaa-85f2-79e4-7640-e6ada6b333d2" testName="DefaultSettings_Passing_Invalid_Value_Returns_HasErrorsAndErrors" computerName="PC-SFERRARI" duration="00:00:00.0010080" startTime="2021-06-06T20:00:35.8453795+02:00" endTime="2021-06-06T20:00:35.8465090+02:00" testType="13cdc9d9-ddb5-4fa4-a97d-d965ccfc6d4b" outcome="Passed" testListId="8c84fa94-04c1-424b-9868-57a2d4851a1d" relativeResultsDirectory="ba18dbe2-08a4-4839-88ed-7af8d75da95f" resultType="DataDrivenTest">
      <InnerResults>
        <UnitTestResult executionId="3865705b-e8cf-4d8a-9401-de17c7c56edc" parentExecutionId="ba18dbe2-08a4-4839-88ed-7af8d75da95f" testId="dd99cbaa-85f2-79e4-7640-e6ada6b333d2" testName="DefaultSettings_Passing_Invalid_Value_Returns_HasErrorsAndErrors (Passw)" computerName="PC-SFERRARI" duration="00:00:00.0009179" startTime="2021-06-06T20:00:35.8453795+02:00" endTime="2021-06-06T20:00:35.8465090+02:00" testType="13cdc9d9-ddb5-4fa4-a97d-d965ccfc6d4b" outcome="Passed" testListId="8c84fa94-04c1-424b-9868-57a2d4851a1d" relativeResultsDirectory="3865705b-e8cf-4d8a-9401-de17c7c56edc" dataRowInfo="1" resultType="DataDrivenDataRow" />
        <UnitTestResult executionId="e7668f98-6163-481b-9f89-9952c2097e2e" parentExecutionId="ba18dbe2-08a4-4839-88ed-7af8d75da95f" testId="dd99cbaa-85f2-79e4-7640-e6ada6b333d2" testName="DefaultSettings_Passing_Invalid_Value_Returns_HasErrorsAndErrors (1a_e)" computerName="PC-SFERRARI" duration="00:00:00.0000258" startTime="2021-06-06T20:00:35.8453795+02:00" endTime="2021-06-06T20:00:35.8465090+02:00" testType="13cdc9d9-ddb5-4fa4-a97d-d965ccfc6d4b" outcome="Passed" testListId="8c84fa94-04c1-424b-9868-57a2d4851a1d" relativeResultsDirectory="e7668f98-6163-481b-9f89-9952c2097e2e" dataRowInfo="2" resultType="DataDrivenDataRow" />
      </InnerResults>
    </UnitTestResult>
    <UnitTestResult executionId="7060a5d3-ba00-4e72-b1f9-7f6f278947b4" testId="9e1bad79-64b3-02eb-222e-4f88e590efcf" testName="EncryptorSettings_Encrypt_Passing_Value_Object_Returns_Object_Encrypted" computerName="PC-SFERRARI" duration="00:00:00.0066314" startTime="2021-06-06T20:00:35.5884116+02:00" endTime="2021-06-06T20:00:35.5951625+02:00" testType="13cdc9d9-ddb5-4fa4-a97d-d965ccfc6d4b" outcome="Passed" testListId="8c84fa94-04c1-424b-9868-57a2d4851a1d" relativeResultsDirectory="7060a5d3-ba00-4e72-b1f9-7f6f278947b4" />
    <UnitTestResult executionId="707ac7b3-52cf-47eb-bf46-68b4ae0868b4" testId="ce4c1f35-d0ec-0de2-3023-5c1c77efcbcc" testName="AppSettings_Encrypt_Passing_Value_Object_Returns_Object_Encrypted" computerName="PC-SFERRARI" duration="00:00:00.0070473" startTime="2021-06-06T20:00:35.5991761+02:00" endTime="2021-06-06T20:00:35.6063435+02:00" testType="13cdc9d9-ddb5-4fa4-a97d-d965ccfc6d4b" outcome="Passed" testListId="8c84fa94-04c1-424b-9868-57a2d4851a1d" relativeResultsDirectory="707ac7b3-52cf-47eb-bf46-68b4ae0868b4" />
    <UnitTestResult executionId="5ab582ab-68eb-4a5d-b09c-2b831635d564" testId="55b5e60e-bb34-165b-6d7c-2a80479d6a42" testName="JsonWebTokenSettings_Passing_Empties_Settings_Returns_ApplicationException_GetAuthJsonWebToken" computerName="PC-SFERRARI" duration="00:00:00.0004520" startTime="2021-06-06T20:00:31.9456684+02:00" endTime="2021-06-06T20:00:31.9462375+02:00" testType="13cdc9d9-ddb5-4fa4-a97d-d965ccfc6d4b" outcome="Passed" testListId="8c84fa94-04c1-424b-9868-57a2d4851a1d" relativeResultsDirectory="5ab582ab-68eb-4a5d-b09c-2b831635d564" />
    <UnitTestResult executionId="2e0a2582-fa21-4eb9-a358-9a38104b3797" testId="de7d5bca-92ba-8b65-4edc-d154cb9f22ca" testName="AppSettings_Passing_Valid_Value_Returns_HasErrorsAndErrors" computerName="PC-SFERRARI" duration="00:00:00.1703220" startTime="2021-06-06T20:00:35.8514831+02:00" endTime="2021-06-06T20:00:36.0219629+02:00" testType="13cdc9d9-ddb5-4fa4-a97d-d965ccfc6d4b" outcome="Passed" testListId="8c84fa94-04c1-424b-9868-57a2d4851a1d" relativeResultsDirectory="2e0a2582-fa21-4eb9-a358-9a38104b3797" resultType="DataDrivenTest">
      <InnerResults>
        <UnitTestResult executionId="61a5f759-7fe0-410a-990a-7372486ab3d1" parentExecutionId="2e0a2582-fa21-4eb9-a358-9a38104b3797" testId="de7d5bca-92ba-8b65-4edc-d154cb9f22ca" testName="AppSettings_Passing_Valid_Value_Returns_HasErrorsAndErrors (Password)" computerName="PC-SFERRARI" duration="00:00:00.0850267" startTime="2021-06-06T20:00:35.8514831+02:00" endTime="2021-06-06T20:00:36.0219629+02:00" testType="13cdc9d9-ddb5-4fa4-a97d-d965ccfc6d4b" outcome="Passed" testListId="8c84fa94-04c1-424b-9868-57a2d4851a1d" relativeResultsDirectory="61a5f759-7fe0-410a-990a-7372486ab3d1" dataRowInfo="1" resultType="DataDrivenDataRow" />
        <UnitTestResult executionId="d85b3f40-8023-4ab7-b4d7-832ba61c94eb" parentExecutionId="2e0a2582-fa21-4eb9-a358-9a38104b3797" testId="de7d5bca-92ba-8b65-4edc-d154cb9f22ca" testName="AppSettings_Passing_Valid_Value_Returns_HasErrorsAndErrors (PasswordServiceTest)" computerName="PC-SFERRARI" duration="00:00:00.0850919" startTime="2021-06-06T20:00:35.8514831+02:00" endTime="2021-06-06T20:00:36.0219629+02:00" testType="13cdc9d9-ddb5-4fa4-a97d-d965ccfc6d4b" outcome="Passed" testListId="8c84fa94-04c1-424b-9868-57a2d4851a1d" relativeResultsDirectory="d85b3f40-8023-4ab7-b4d7-832ba61c94eb" dataRowInfo="2" resultType="DataDrivenDataRow" />
      </InnerResults>
    </UnitTestResult>
    <UnitTestResult executionId="d3441eef-969f-454d-aee1-63acd7a35bff" testId="5befba76-dc26-60e8-f56c-fc9fc02ca77c" testName="JsonWebTokenOptions_Passing_All_Values_Returns_Values" computerName="PC-SFERRARI" duration="00:00:00.1068338" startTime="2021-06-06T20:00:31.8386953+02:00" endTime="2021-06-06T20:00:31.9456412+02:00" testType="13cdc9d9-ddb5-4fa4-a97d-d965ccfc6d4b" outcome="Passed" testListId="8c84fa94-04c1-424b-9868-57a2d4851a1d" relativeResultsDirectory="d3441eef-969f-454d-aee1-63acd7a35bff" />
    <UnitTestResult executionId="c6bbbc44-b6c0-4540-ac37-195c518b00b2" testId="21a0f49b-69bb-53c7-ceab-a85f9a39e365" testName="EncryptorSettings_Encrypt_Passing_Value_String_Returns_Value_Encrypted" computerName="PC-SFERRARI" duration="00:00:00.0019634" startTime="2021-06-06T20:00:35.5862860+02:00" endTime="2021-06-06T20:00:35.5883731+02:00" testType="13cdc9d9-ddb5-4fa4-a97d-d965ccfc6d4b" outcome="Passed" testListId="8c84fa94-04c1-424b-9868-57a2d4851a1d" relativeResultsDirectory="c6bbbc44-b6c0-4540-ac37-195c518b00b2" />
    <UnitTestResult executionId="bcd7e9f5-c206-419e-a671-e3eb5fae4740" testId="5609de1e-8e31-61e0-634c-2542b5577eca" testName="RequiredUniqueChars_Passing_Invalid_Value_Returns_HasErrorsAndErrors" computerName="PC-SFERRARI" duration="00:00:00.0038484" startTime="2021-06-06T20:00:36.0311278+02:00" endTime="2021-06-06T20:00:36.0350770+02:00" testType="13cdc9d9-ddb5-4fa4-a97d-d965ccfc6d4b" outcome="Passed" testListId="8c84fa94-04c1-424b-9868-57a2d4851a1d" relativeResultsDirectory="bcd7e9f5-c206-419e-a671-e3eb5fae4740" resultType="DataDrivenTest">
      <InnerResults>
        <UnitTestResult executionId="943b36c3-25eb-4f2c-9be4-dff8796169fa" parentExecutionId="bcd7e9f5-c206-419e-a671-e3eb5fae4740" testId="5609de1e-8e31-61e0-634c-2542b5577eca" testName="RequiredUniqueChars_Passing_Invalid_Value_Returns_HasErrorsAndErrors (Password)" computerName="PC-SFERRARI" duration="00:00:00.0036780" startTime="2021-06-06T20:00:36.0311278+02:00" endTime="2021-06-06T20:00:36.0350770+02:00" testType="13cdc9d9-ddb5-4fa4-a97d-d965ccfc6d4b" outcome="Passed" testListId="8c84fa94-04c1-424b-9868-57a2d4851a1d" relativeResultsDirectory="943b36c3-25eb-4f2c-9be4-dff8796169fa" dataRowInfo="1" resultType="DataDrivenDataRow" />
        <UnitTestResult executionId="eb37f705-49c3-4399-a448-076fd1410440" parentExecutionId="bcd7e9f5-c206-419e-a671-e3eb5fae4740" testId="5609de1e-8e31-61e0-634c-2542b5577eca" testName="RequiredUniqueChars_Passing_Invalid_Value_Returns_HasErrorsAndErrors (PasswordServiceTest)" computerName="PC-SFERRARI" duration="00:00:00.0000761" startTime="2021-06-06T20:00:36.0311278+02:00" endTime="2021-06-06T20:00:36.0350770+02:00" testType="13cdc9d9-ddb5-4fa4-a97d-d965ccfc6d4b" outcome="Passed" testListId="8c84fa94-04c1-424b-9868-57a2d4851a1d" relativeResultsDirectory="eb37f705-49c3-4399-a448-076fd1410440" dataRowInfo="2" resultType="DataDrivenDataRow" />
      </InnerResults>
    </UnitTestResult>
    <UnitTestResult executionId="db131e1a-6640-4f7f-b652-423e267c0883" testId="b3928bda-545b-97a4-b450-c6c5fdbdb0c6" testName="RequireEspecialCharacters_Passing_Invalid_Value_Returns_HasErrorsAndErrors" computerName="PC-SFERRARI" duration="00:00:00.0016406" startTime="2021-06-06T20:00:36.0351291+02:00" endTime="2021-06-06T20:00:36.0369258+02:00" testType="13cdc9d9-ddb5-4fa4-a97d-d965ccfc6d4b" outcome="Passed" testListId="8c84fa94-04c1-424b-9868-57a2d4851a1d" relativeResultsDirectory="db131e1a-6640-4f7f-b652-423e267c0883" resultType="DataDrivenTest">
      <InnerResults>
        <UnitTestResult executionId="97e77837-31c5-43df-b9c7-8ff048f6db25" parentExecutionId="db131e1a-6640-4f7f-b652-423e267c0883" testId="b3928bda-545b-97a4-b450-c6c5fdbdb0c6" testName="RequireEspecialCharacters_Passing_Invalid_Value_Returns_HasErrorsAndErrors (Password)" computerName="PC-SFERRARI" duration="00:00:00.0014940" startTime="2021-06-06T20:00:36.0351291+02:00" endTime="2021-06-06T20:00:36.0369258+02:00" testType="13cdc9d9-ddb5-4fa4-a97d-d965ccfc6d4b" outcome="Passed" testListId="8c84fa94-04c1-424b-9868-57a2d4851a1d" relativeResultsDirectory="97e77837-31c5-43df-b9c7-8ff048f6db25" dataRowInfo="1" resultType="DataDrivenDataRow" />
        <UnitTestResult executionId="c051728e-b222-4ddb-89d8-a2c1a709b59b" parentExecutionId="db131e1a-6640-4f7f-b652-423e267c0883" testId="b3928bda-545b-97a4-b450-c6c5fdbdb0c6" testName="RequireEspecialCharacters_Passing_Invalid_Value_Returns_HasErrorsAndErrors (PasswordServiceTest)" computerName="PC-SFERRARI" duration="00:00:00.0000655" startTime="2021-06-06T20:00:36.0351291+02:00" endTime="2021-06-06T20:00:36.0369258+02:00" testType="13cdc9d9-ddb5-4fa4-a97d-d965ccfc6d4b" outcome="Passed" testListId="8c84fa94-04c1-424b-9868-57a2d4851a1d" relativeResultsDirectory="c051728e-b222-4ddb-89d8-a2c1a709b59b" dataRowInfo="2" resultType="DataDrivenDataRow" />
      </InnerResults>
    </UnitTestResult>
    <UnitTestResult executionId="ec14b506-2d23-4bb5-ba1f-d5cc064c3974" testId="d7ab8ee6-bfc1-9c70-c3d4-dd4c0dfe45a0" testName="JsonWebTokenSettings_Passing_Enabled_Settings_Returns_ApplicationException" computerName="PC-SFERRARI" duration="00:00:00.0003980" startTime="2021-06-06T20:00:31.9462591+02:00" endTime="2021-06-06T20:00:31.9467531+02:00" testType="13cdc9d9-ddb5-4fa4-a97d-d965ccfc6d4b" outcome="Passed" testListId="8c84fa94-04c1-424b-9868-57a2d4851a1d" relativeResultsDirectory="ec14b506-2d23-4bb5-ba1f-d5cc064c3974" />
    <UnitTestResult executionId="643f58a0-8c2f-403f-956b-046e5140b466" testId="025b087b-18e6-62b0-d1e3-70af28c4d509" testName="JsonWebTokenOptions_Passing_Empties_Settings_Returns_ApplicationException_GetAuthJsonWebToken" computerName="PC-SFERRARI" duration="00:00:00.0898497" startTime="2021-06-06T20:00:31.1505820+02:00" endTime="2021-06-06T20:00:31.2875476+02:00" testType="13cdc9d9-ddb5-4fa4-a97d-d965ccfc6d4b" outcome="Passed" testListId="8c84fa94-04c1-424b-9868-57a2d4851a1d" relativeResultsDirectory="643f58a0-8c2f-403f-956b-046e5140b466" />
    <UnitTestResult executionId="cbbeb112-ce6e-49cb-8d02-6b1f9b9957ab" testId="48f78119-0f78-d1b1-1154-23d5d25d28d8" testName="DefaultSettings_Passing_Valid_Value_Returns_HasErrorsAndErrors" computerName="PC-SFERRARI" duration="00:00:00.2371003" startTime="2021-06-06T20:00:35.6063760+02:00" endTime="2021-06-06T20:00:35.8453314+02:00" testType="13cdc9d9-ddb5-4fa4-a97d-d965ccfc6d4b" outcome="Passed" testListId="8c84fa94-04c1-424b-9868-57a2d4851a1d" relativeResultsDirectory="cbbeb112-ce6e-49cb-8d02-6b1f9b9957ab" resultType="DataDrivenTest">
      <InnerResults>
        <UnitTestResult executionId="c8f92709-03ce-401a-b66e-fe5d23adf6b9" parentExecutionId="cbbeb112-ce6e-49cb-8d02-6b1f9b9957ab" testId="48f78119-0f78-d1b1-1154-23d5d25d28d8" testName="DefaultSettings_Passing_Valid_Value_Returns_HasErrorsAndErrors (Password)" computerName="PC-SFERRARI" duration="00:00:00.1321782" startTime="2021-06-06T20:00:35.6063760+02:00" endTime="2021-06-06T20:00:35.8453314+02:00" testType="13cdc9d9-ddb5-4fa4-a97d-d965ccfc6d4b" outcome="Passed" testListId="8c84fa94-04c1-424b-9868-57a2d4851a1d" relativeResultsDirectory="c8f92709-03ce-401a-b66e-fe5d23adf6b9" dataRowInfo="1" resultType="DataDrivenDataRow" />
        <UnitTestResult executionId="6d3c3e24-c840-41b4-afea-a9dee26fe7c9" parentExecutionId="cbbeb112-ce6e-49cb-8d02-6b1f9b9957ab" testId="48f78119-0f78-d1b1-1154-23d5d25d28d8" testName="DefaultSettings_Passing_Valid_Value_Returns_HasErrorsAndErrors (PasswordServiceTest)" computerName="PC-SFERRARI" duration="00:00:00.1022163" startTime="2021-06-06T20:00:35.6063760+02:00" endTime="2021-06-06T20:00:35.8453314+02:00" testType="13cdc9d9-ddb5-4fa4-a97d-d965ccfc6d4b" outcome="Passed" testListId="8c84fa94-04c1-424b-9868-57a2d4851a1d" relativeResultsDirectory="6d3c3e24-c840-41b4-afea-a9dee26fe7c9" dataRowInfo="2" resultType="DataDrivenDataRow" />
      </InnerResults>
    </UnitTestResult>
    <UnitTestResult executionId="d9a46ef8-4e73-431b-9231-0f64a2310f53" testId="4b02302a-de95-bc86-3576-64c310c52eb6" testName="EncryptorOptions_Encrypt_Passing_Value_Object_Returns_Object_Encrypted" computerName="PC-SFERRARI" duration="00:00:00.0086818" startTime="2021-06-06T20:00:35.5772383+02:00" endTime="2021-06-06T20:00:35.5862550+02:00" testType="13cdc9d9-ddb5-4fa4-a97d-d965ccfc6d4b" outcome="Passed" testListId="8c84fa94-04c1-424b-9868-57a2d4851a1d" relativeResultsDirectory="d9a46ef8-4e73-431b-9231-0f64a2310f53" />
  </Results>
  <TestDefinitions>
    <UnitTest name="CreateRandom_WithLoadSettings_Returns_PlainPassword_Value" storage="d:\sferrari\01 - trabajo\repos\netcore\libs\template-netcore-security\kitpymes.core.security.tests\bin\release\netcoreapp3.0\kitpymes.core.security.tests.dll" id="a96fe704-1e41-96a2-50bf-1b56c2cd211b">
      <Execution id="e82b97da-8d7a-40b5-9c65-9989f949dbb8" />
      <TestMethod codeBase="D:\SFERRARI\01 - TRABAJO\repos\netcore\libs\template-netcore-security\Kitpymes.Core.Security.Tests\bin\Release\netcoreapp3.0\Kitpymes.Core.Security.Tests.dll" adapterTypeName="executor://mstestadapter/v2" className="Kitypmes.Core.Security.Tests.PasswordServiceTest" name="CreateRandom_WithLoadSettings_Returns_PlainPassword_Value" />
    </UnitTest>
    <UnitTest name="RequiredUniqueChars_Passing_Invalid_Value_Returns_HasErrorsAndErrors" storage="d:\sferrari\01 - trabajo\repos\netcore\libs\template-netcore-security\kitpymes.core.security.tests\bin\release\netcoreapp3.0\kitpymes.core.security.tests.dll" id="5609de1e-8e31-61e0-634c-2542b5577eca">
      <Execution id="bcd7e9f5-c206-419e-a671-e3eb5fae4740" />
      <TestMethod codeBase="D:\SFERRARI\01 - TRABAJO\repos\netcore\libs\template-netcore-security\Kitpymes.Core.Security.Tests\bin\Release\netcoreapp3.0\Kitpymes.Core.Security.Tests.dll" adapterTypeName="executor://mstestadapter/v2" className="Kitypmes.Core.Security.Tests.PasswordServiceTest" name="RequiredUniqueChars_Passing_Invalid_Value_Returns_HasErrorsAndErrors" />
    </UnitTest>
    <UnitTest name="EncryptorOptions_Encrypt_Passing_Value_String_WithLifetime_Returns_CryptographicException_Exprided" storage="d:\sferrari\01 - trabajo\repos\netcore\libs\template-netcore-security\kitpymes.core.security.tests\bin\release\netcoreapp3.0\kitpymes.core.security.tests.dll" id="a574d746-1d8c-368f-7872-73b451873d81">
      <Execution id="4e79a52c-a48d-459b-b3ac-e0a23d344786" />
      <TestMethod codeBase="D:\SFERRARI\01 - TRABAJO\repos\netcore\libs\template-netcore-security\Kitpymes.Core.Security.Tests\bin\Release\netcoreapp3.0\Kitpymes.Core.Security.Tests.dll" adapterTypeName="executor://mstestadapter/v2" className="Kitypmes.Core.Security.Tests.EncryptorServiceTest" name="EncryptorOptions_Encrypt_Passing_Value_String_WithLifetime_Returns_CryptographicException_Exprided" />
    </UnitTest>
    <UnitTest name="JsonWebTokenOptions_Passing_Empties_Claims_To_Service_Returns_ApplicationException" storage="d:\sferrari\01 - trabajo\repos\netcore\libs\template-netcore-security\kitpymes.core.security.tests\bin\release\netcoreapp3.0\kitpymes.core.security.tests.dll" id="1503b794-64e6-402d-46db-dd6b010eca49">
      <Execution id="8328e185-1970-4c0f-b343-e15d4b45e19e" />
      <TestMethod codeBase="D:\SFERRARI\01 - TRABAJO\repos\netcore\libs\template-netcore-security\Kitpymes.Core.Security.Tests\bin\Release\netcoreapp3.0\Kitpymes.Core.Security.Tests.dll" adapterTypeName="executor://mstestadapter/v2" className="Kitypmes.Core.Security.Tests.JsonWebTokenServiceTest" name="JsonWebTokenOptions_Passing_Empties_Claims_To_Service_Returns_ApplicationException" />
    </UnitTest>
    <UnitTest name="JsonWebTokenOptions_Passing_Enabled_Settings_Returns_ApplicationException" storage="d:\sferrari\01 - trabajo\repos\netcore\libs\template-netcore-security\kitpymes.core.security.tests\bin\release\netcoreapp3.0\kitpymes.core.security.tests.dll" id="55a4f170-57d1-d1f6-1902-93b1e4d17c57">
      <Execution id="be7e49e5-e1fb-4baa-a12e-ff18ba5c23c6" />
      <TestMethod codeBase="D:\SFERRARI\01 - TRABAJO\repos\netcore\libs\template-netcore-security\Kitpymes.Core.Security.Tests\bin\Release\netcoreapp3.0\Kitpymes.Core.Security.Tests.dll" adapterTypeName="executor://mstestadapter/v2" className="Kitypmes.Core.Security.Tests.JsonWebTokenServiceTest" name="JsonWebTokenOptions_Passing_Enabled_Settings_Returns_ApplicationException" />
    </UnitTest>
    <UnitTest name="JsonWebTokenOptions_Passing_Claims_And_Headers_Returns_Values" storage="d:\sferrari\01 - trabajo\repos\netcore\libs\template-netcore-security\kitpymes.core.security.tests\bin\release\netcoreapp3.0\kitpymes.core.security.tests.dll" id="68654d5c-cf48-88e4-5c1d-ed1a1c33a69d">
      <Execution id="ffa89f38-0684-4ae1-b4c8-6c67ecd84cd5" />
      <TestMethod codeBase="D:\SFERRARI\01 - TRABAJO\repos\netcore\libs\template-netcore-security\Kitpymes.Core.Security.Tests\bin\Release\netcoreapp3.0\Kitpymes.Core.Security.Tests.dll" adapterTypeName="executor://mstestadapter/v2" className="Kitypmes.Core.Security.Tests.JsonWebTokenServiceTest" name="JsonWebTokenOptions_Passing_Claims_And_Headers_Returns_Values" />
    </UnitTest>
    <UnitTest name="JsonWebTokenSettings_Passing_Claims_Returns_Values" storage="d:\sferrari\01 - trabajo\repos\netcore\libs\template-netcore-security\kitpymes.core.security.tests\bin\release\netcoreapp3.0\kitpymes.core.security.tests.dll" id="7728671e-188e-9399-f172-fe364aa77f10">
      <Execution id="09cb8d41-0a3d-4db7-9e3e-f1834ae6c186" />
      <TestMethod codeBase="D:\SFERRARI\01 - TRABAJO\repos\netcore\libs\template-netcore-security\Kitpymes.Core.Security.Tests\bin\Release\netcoreapp3.0\Kitpymes.Core.Security.Tests.dll" adapterTypeName="executor://mstestadapter/v2" className="Kitypmes.Core.Security.Tests.JsonWebTokenServiceTest" name="JsonWebTokenSettings_Passing_Claims_Returns_Values" />
    </UnitTest>
    <UnitTest name="DefaultSettings_Passing_Invalid_Value_Returns_HasErrorsAndErrors" storage="d:\sferrari\01 - trabajo\repos\netcore\libs\template-netcore-security\kitpymes.core.security.tests\bin\release\netcoreapp3.0\kitpymes.core.security.tests.dll" id="dd99cbaa-85f2-79e4-7640-e6ada6b333d2">
      <Execution id="ba18dbe2-08a4-4839-88ed-7af8d75da95f" />
      <TestMethod codeBase="D:\SFERRARI\01 - TRABAJO\repos\netcore\libs\template-netcore-security\Kitpymes.Core.Security.Tests\bin\Release\netcoreapp3.0\Kitpymes.Core.Security.Tests.dll" adapterTypeName="executor://mstestadapter/v2" className="Kitypmes.Core.Security.Tests.PasswordServiceTest" name="DefaultSettings_Passing_Invalid_Value_Returns_HasErrorsAndErrors" />
    </UnitTest>
    <UnitTest name="EncryptorOptions_Encrypt_Passing_Value_String_Returns_Value_Encrypted" storage="d:\sferrari\01 - trabajo\repos\netcore\libs\template-netcore-security\kitpymes.core.security.tests\bin\release\netcoreapp3.0\kitpymes.core.security.tests.dll" id="c9a9a88a-aa31-d3a2-45ce-36161833d616">
      <Execution id="820c950e-433e-4f13-9e48-d4ea4c932501" />
      <TestMethod codeBase="D:\SFERRARI\01 - TRABAJO\repos\netcore\libs\template-netcore-security\Kitpymes.Core.Security.Tests\bin\Release\netcoreapp3.0\Kitpymes.Core.Security.Tests.dll" adapterTypeName="executor://mstestadapter/v2" className="Kitypmes.Core.Security.Tests.EncryptorServiceTest" name="EncryptorOptions_Encrypt_Passing_Value_String_Returns_Value_Encrypted" />
    </UnitTest>
    <UnitTest name="AppSettings_Encrypt_Passing_Value_Object_Returns_Object_Encrypted" storage="d:\sferrari\01 - trabajo\repos\netcore\libs\template-netcore-security\kitpymes.core.security.tests\bin\release\netcoreapp3.0\kitpymes.core.security.tests.dll" id="ce4c1f35-d0ec-0de2-3023-5c1c77efcbcc">
      <Execution id="707ac7b3-52cf-47eb-bf46-68b4ae0868b4" />
      <TestMethod codeBase="D:\SFERRARI\01 - TRABAJO\repos\netcore\libs\template-netcore-security\Kitpymes.Core.Security.Tests\bin\Release\netcoreapp3.0\Kitpymes.Core.Security.Tests.dll" adapterTypeName="executor://mstestadapter/v2" className="Kitypmes.Core.Security.Tests.EncryptorServiceTest" name="AppSettings_Encrypt_Passing_Value_Object_Returns_Object_Encrypted" />
    </UnitTest>
    <UnitTest name="JsonWebTokenSettings_Passing_Empties_Claims_Returns_ApplicationException" storage="d:\sferrari\01 - trabajo\repos\netcore\libs\template-netcore-security\kitpymes.core.security.tests\bin\release\netcoreapp3.0\kitpymes.core.security.tests.dll" id="1bf97231-4f6a-0925-173e-e50bcb6f39bc">
      <Execution id="ec3f5a8a-8c27-4d43-9996-332dcfbb420b" />
      <TestMethod codeBase="D:\SFERRARI\01 - TRABAJO\repos\netcore\libs\template-netcore-security\Kitpymes.Core.Security.Tests\bin\Release\netcoreapp3.0\Kitpymes.Core.Security.Tests.dll" adapterTypeName="executor://mstestadapter/v2" className="Kitypmes.Core.Security.Tests.JsonWebTokenServiceTest" name="JsonWebTokenSettings_Passing_Empties_Claims_Returns_ApplicationException" />
    </UnitTest>
    <UnitTest name="RequireUppercase_Passing_Invalid_Value_Returns_HasErrorsAndErrors" storage="d:\sferrari\01 - trabajo\repos\netcore\libs\template-netcore-security\kitpymes.core.security.tests\bin\release\netcoreapp3.0\kitpymes.core.security.tests.dll" id="3db2e417-d9d0-d76c-8e4c-164fba24c540">
      <Execution id="ead46cee-ac2f-4541-b9d0-9a84cb0d8afa" />
      <TestMethod codeBase="D:\SFERRARI\01 - TRABAJO\repos\netcore\libs\template-netcore-security\Kitpymes.Core.Security.Tests\bin\Release\netcoreapp3.0\Kitpymes.Core.Security.Tests.dll" adapterTypeName="executor://mstestadapter/v2" className="Kitypmes.Core.Security.Tests.PasswordServiceTest" name="RequireUppercase_Passing_Invalid_Value_Returns_HasErrorsAndErrors" />
    </UnitTest>
    <UnitTest name="JsonWebTokenOptions_Passing_Claims_To_Service_Returns_Values" storage="d:\sferrari\01 - trabajo\repos\netcore\libs\template-netcore-security\kitpymes.core.security.tests\bin\release\netcoreapp3.0\kitpymes.core.security.tests.dll" id="b2cc154e-434f-78b2-d8d6-076a473c9726">
      <Execution id="1ea54ec6-206c-4475-90dc-4e00ad6faa92" />
      <TestMethod codeBase="D:\SFERRARI\01 - TRABAJO\repos\netcore\libs\template-netcore-security\Kitpymes.Core.Security.Tests\bin\Release\netcoreapp3.0\Kitpymes.Core.Security.Tests.dll" adapterTypeName="executor://mstestadapter/v2" className="Kitypmes.Core.Security.Tests.JsonWebTokenServiceTest" name="JsonWebTokenOptions_Passing_Claims_To_Service_Returns_Values" />
    </UnitTest>
    <UnitTest name="JsonWebTokenSettings_Passing_All_Values_Returns_Values" storage="d:\sferrari\01 - trabajo\repos\netcore\libs\template-netcore-security\kitpymes.core.security.tests\bin\release\netcoreapp3.0\kitpymes.core.security.tests.dll" id="d01d9da3-2b63-993d-f965-6dcec041a9a1">
      <Execution id="5bdb8539-3ff6-4644-aa9f-9693db041b53" />
      <TestMethod codeBase="D:\SFERRARI\01 - TRABAJO\repos\netcore\libs\template-netcore-security\Kitpymes.Core.Security.Tests\bin\Release\netcoreapp3.0\Kitpymes.Core.Security.Tests.dll" adapterTypeName="executor://mstestadapter/v2" className="Kitypmes.Core.Security.Tests.JsonWebTokenServiceTest" name="JsonWebTokenSettings_Passing_All_Values_Returns_Values" />
    </UnitTest>
    <UnitTest name="RequireLowercase_Passing_Invalid_Value_Returns_HasErrorsAndErrors" storage="d:\sferrari\01 - trabajo\repos\netcore\libs\template-netcore-security\kitpymes.core.security.tests\bin\release\netcoreapp3.0\kitpymes.core.security.tests.dll" id="6158c571-cb9e-2900-d032-289419d833e8">
      <Execution id="9f812fa0-7046-43a7-ad43-833de2061363" />
      <TestMethod codeBase="D:\SFERRARI\01 - TRABAJO\repos\netcore\libs\template-netcore-security\Kitpymes.Core.Security.Tests\bin\Release\netcoreapp3.0\Kitpymes.Core.Security.Tests.dll" adapterTypeName="executor://mstestadapter/v2" className="Kitypmes.Core.Security.Tests.PasswordServiceTest" name="RequireLowercase_Passing_Invalid_Value_Returns_HasErrorsAndErrors" />
    </UnitTest>
    <UnitTest name="EncryptorSettings_Encrypt_Passing_Value_String_Returns_Value_Encrypted" storage="d:\sferrari\01 - trabajo\repos\netcore\libs\template-netcore-security\kitpymes.core.security.tests\bin\release\netcoreapp3.0\kitpymes.core.security.tests.dll" id="21a0f49b-69bb-53c7-ceab-a85f9a39e365">
      <Execution id="c6bbbc44-b6c0-4540-ac37-195c518b00b2" />
      <TestMethod codeBase="D:\SFERRARI\01 - TRABAJO\repos\netcore\libs\template-netcore-security\Kitpymes.Core.Security.Tests\bin\Release\netcoreapp3.0\Kitpymes.Core.Security.Tests.dll" adapterTypeName="executor://mstestadapter/v2" className="Kitypmes.Core.Security.Tests.EncryptorServiceTest" name="EncryptorSettings_Encrypt_Passing_Value_String_Returns_Value_Encrypted" />
    </UnitTest>
    <UnitTest name="AppSettings_Passing_Valid_Value_Returns_HasErrorsAndErrors" storage="d:\sferrari\01 - trabajo\repos\netcore\libs\template-netcore-security\kitpymes.core.security.tests\bin\release\netcoreapp3.0\kitpymes.core.security.tests.dll" id="de7d5bca-92ba-8b65-4edc-d154cb9f22ca">
      <Execution id="2e0a2582-fa21-4eb9-a358-9a38104b3797" />
      <TestMethod codeBase="D:\SFERRARI\01 - TRABAJO\repos\netcore\libs\template-netcore-security\Kitpymes.Core.Security.Tests\bin\Release\netcoreapp3.0\Kitpymes.Core.Security.Tests.dll" adapterTypeName="executor://mstestadapter/v2" className="Kitypmes.Core.Security.Tests.PasswordServiceTest" name="AppSettings_Passing_Valid_Value_Returns_HasErrorsAndErrors" />
    </UnitTest>
    <UnitTest name="CreateRandom_WithCustomSettings_Returns_PlainPassword_Value" storage="d:\sferrari\01 - trabajo\repos\netcore\libs\template-netcore-security\kitpymes.core.security.tests\bin\release\netcoreapp3.0\kitpymes.core.security.tests.dll" id="bca4af17-79d3-090d-5186-e7a1bfaa0527">
      <Execution id="9e9932e4-556c-46ce-8a2c-e9e1bfcabe0a" />
      <TestMethod codeBase="D:\SFERRARI\01 - TRABAJO\repos\netcore\libs\template-netcore-security\Kitpymes.Core.Security.Tests\bin\Release\netcoreapp3.0\Kitpymes.Core.Security.Tests.dll" adapterTypeName="executor://mstestadapter/v2" className="Kitypmes.Core.Security.Tests.PasswordServiceTest" name="CreateRandom_WithCustomSettings_Returns_PlainPassword_Value" />
    </UnitTest>
    <UnitTest name="RequireEspecialCharacters_Passing_Invalid_Value_Returns_HasErrorsAndErrors" storage="d:\sferrari\01 - trabajo\repos\netcore\libs\template-netcore-security\kitpymes.core.security.tests\bin\release\netcoreapp3.0\kitpymes.core.security.tests.dll" id="b3928bda-545b-97a4-b450-c6c5fdbdb0c6">
      <Execution id="db131e1a-6640-4f7f-b652-423e267c0883" />
      <TestMethod codeBase="D:\SFERRARI\01 - TRABAJO\repos\netcore\libs\template-netcore-security\Kitpymes.Core.Security.Tests\bin\Release\netcoreapp3.0\Kitpymes.Core.Security.Tests.dll" adapterTypeName="executor://mstestadapter/v2" className="Kitypmes.Core.Security.Tests.PasswordServiceTest" name="RequireEspecialCharacters_Passing_Invalid_Value_Returns_HasErrorsAndErrors" />
    </UnitTest>
    <UnitTest name="RequiredMinLength_Passing_Invalid_Value_Returns_HasErrorsAndErrors" storage="d:\sferrari\01 - trabajo\repos\netcore\libs\template-netcore-security\kitpymes.core.security.tests\bin\release\netcoreapp3.0\kitpymes.core.security.tests.dll" id="90367231-7c45-c264-7213-426aba337866">
      <Execution id="80e0796a-50b7-4697-8bd0-aa13fef9410b" />
      <TestMethod codeBase="D:\SFERRARI\01 - TRABAJO\repos\netcore\libs\template-netcore-security\Kitpymes.Core.Security.Tests\bin\Release\netcoreapp3.0\Kitpymes.Core.Security.Tests.dll" adapterTypeName="executor://mstestadapter/v2" className="Kitypmes.Core.Security.Tests.PasswordServiceTest" name="RequiredMinLength_Passing_Invalid_Value_Returns_HasErrorsAndErrors" />
    </UnitTest>
    <UnitTest name="JsonWebTokenSettings_Passing_Empties_Settings_Returns_ApplicationException_GetAuthJsonWebToken" storage="d:\sferrari\01 - trabajo\repos\netcore\libs\template-netcore-security\kitpymes.core.security.tests\bin\release\netcoreapp3.0\kitpymes.core.security.tests.dll" id="55b5e60e-bb34-165b-6d7c-2a80479d6a42">
      <Execution id="5ab582ab-68eb-4a5d-b09c-2b831635d564" />
      <TestMethod codeBase="D:\SFERRARI\01 - TRABAJO\repos\netcore\libs\template-netcore-security\Kitpymes.Core.Security.Tests\bin\Release\netcoreapp3.0\Kitpymes.Core.Security.Tests.dll" adapterTypeName="executor://mstestadapter/v2" className="Kitypmes.Core.Security.Tests.JsonWebTokenServiceTest" name="JsonWebTokenSettings_Passing_Empties_Settings_Returns_ApplicationException_GetAuthJsonWebToken" />
    </UnitTest>
    <UnitTest name="AppSettings_Passing_All_Values_Returns_Values" storage="d:\sferrari\01 - trabajo\repos\netcore\libs\template-netcore-security\kitpymes.core.security.tests\bin\release\netcoreapp3.0\kitpymes.core.security.tests.dll" id="8f9542b8-9a86-2425-712b-f9ad565fedbe">
      <Execution id="2e14cf6c-1a65-41ff-9705-7c5aa5f6d707" />
      <TestMethod codeBase="D:\SFERRARI\01 - TRABAJO\repos\netcore\libs\template-netcore-security\Kitpymes.Core.Security.Tests\bin\Release\netcoreapp3.0\Kitpymes.Core.Security.Tests.dll" adapterTypeName="executor://mstestadapter/v2" className="Kitypmes.Core.Security.Tests.JsonWebTokenServiceTest" name="AppSettings_Passing_All_Values_Returns_Values" />
    </UnitTest>
    <UnitTest name="JsonWebTokenSettings_Passing_Enabled_Settings_Returns_ApplicationException" storage="d:\sferrari\01 - trabajo\repos\netcore\libs\template-netcore-security\kitpymes.core.security.tests\bin\release\netcoreapp3.0\kitpymes.core.security.tests.dll" id="d7ab8ee6-bfc1-9c70-c3d4-dd4c0dfe45a0">
      <Execution id="ec14b506-2d23-4bb5-ba1f-d5cc064c3974" />
      <TestMethod codeBase="D:\SFERRARI\01 - TRABAJO\repos\netcore\libs\template-netcore-security\Kitpymes.Core.Security.Tests\bin\Release\netcoreapp3.0\Kitpymes.Core.Security.Tests.dll" adapterTypeName="executor://mstestadapter/v2" className="Kitypmes.Core.Security.Tests.JsonWebTokenServiceTest" name="JsonWebTokenSettings_Passing_Enabled_Settings_Returns_ApplicationException" />
    </UnitTest>
    <UnitTest name="EncryptorOptions_Encrypt_Passing_Value_Object_Returns_Object_Encrypted" storage="d:\sferrari\01 - trabajo\repos\netcore\libs\template-netcore-security\kitpymes.core.security.tests\bin\release\netcoreapp3.0\kitpymes.core.security.tests.dll" id="4b02302a-de95-bc86-3576-64c310c52eb6">
      <Execution id="d9a46ef8-4e73-431b-9231-0f64a2310f53" />
      <TestMethod codeBase="D:\SFERRARI\01 - TRABAJO\repos\netcore\libs\template-netcore-security\Kitpymes.Core.Security.Tests\bin\Release\netcoreapp3.0\Kitpymes.Core.Security.Tests.dll" adapterTypeName="executor://mstestadapter/v2" className="Kitypmes.Core.Security.Tests.EncryptorServiceTest" name="EncryptorOptions_Encrypt_Passing_Value_Object_Returns_Object_Encrypted" />
    </UnitTest>
    <UnitTest name="JsonWebTokenOptions_Passing_All_Values_Returns_Values" storage="d:\sferrari\01 - trabajo\repos\netcore\libs\template-netcore-security\kitpymes.core.security.tests\bin\release\netcoreapp3.0\kitpymes.core.security.tests.dll" id="5befba76-dc26-60e8-f56c-fc9fc02ca77c">
      <Execution id="d3441eef-969f-454d-aee1-63acd7a35bff" />
      <TestMethod codeBase="D:\SFERRARI\01 - TRABAJO\repos\netcore\libs\template-netcore-security\Kitpymes.Core.Security.Tests\bin\Release\netcoreapp3.0\Kitpymes.Core.Security.Tests.dll" adapterTypeName="executor://mstestadapter/v2" className="Kitypmes.Core.Security.Tests.JsonWebTokenServiceTest" name="JsonWebTokenOptions_Passing_All_Values_Returns_Values" />
    </UnitTest>
    <UnitTest name="EncryptorSettings_Encrypt_Passing_Value_Object_Returns_Object_Encrypted" storage="d:\sferrari\01 - trabajo\repos\netcore\libs\template-netcore-security\kitpymes.core.security.tests\bin\release\netcoreapp3.0\kitpymes.core.security.tests.dll" id="9e1bad79-64b3-02eb-222e-4f88e590efcf">
      <Execution id="7060a5d3-ba00-4e72-b1f9-7f6f278947b4" />
      <TestMethod codeBase="D:\SFERRARI\01 - TRABAJO\repos\netcore\libs\template-netcore-security\Kitpymes.Core.Security.Tests\bin\Release\netcoreapp3.0\Kitpymes.Core.Security.Tests.dll" adapterTypeName="executor://mstestadapter/v2" className="Kitypmes.Core.Security.Tests.EncryptorServiceTest" name="EncryptorSettings_Encrypt_Passing_Value_Object_Returns_Object_Encrypted" />
    </UnitTest>
    <UnitTest name="RequireDigit_Passing_Invalid_Value_Returns_HasErrorsAndErrors" storage="d:\sferrari\01 - trabajo\repos\netcore\libs\template-netcore-security\kitpymes.core.security.tests\bin\release\netcoreapp3.0\kitpymes.core.security.tests.dll" id="4447fb16-ab87-7db7-dcef-6d42a68558bb">
      <Execution id="d9be6b92-fd85-49b0-a70c-0f69d85aed59" />
      <TestMethod codeBase="D:\SFERRARI\01 - TRABAJO\repos\netcore\libs\template-netcore-security\Kitpymes.Core.Security.Tests\bin\Release\netcoreapp3.0\Kitpymes.Core.Security.Tests.dll" adapterTypeName="executor://mstestadapter/v2" className="Kitypmes.Core.Security.Tests.PasswordServiceTest" name="RequireDigit_Passing_Invalid_Value_Returns_HasErrorsAndErrors" />
    </UnitTest>
    <UnitTest name="DefaultSettings_Passing_Valid_Value_Returns_HasErrorsAndErrors" storage="d:\sferrari\01 - trabajo\repos\netcore\libs\template-netcore-security\kitpymes.core.security.tests\bin\release\netcoreapp3.0\kitpymes.core.security.tests.dll" id="48f78119-0f78-d1b1-1154-23d5d25d28d8">
      <Execution id="cbbeb112-ce6e-49cb-8d02-6b1f9b9957ab" />
      <TestMethod codeBase="D:\SFERRARI\01 - TRABAJO\repos\netcore\libs\template-netcore-security\Kitpymes.Core.Security.Tests\bin\Release\netcoreapp3.0\Kitpymes.Core.Security.Tests.dll" adapterTypeName="executor://mstestadapter/v2" className="Kitypmes.Core.Security.Tests.PasswordServiceTest" name="DefaultSettings_Passing_Valid_Value_Returns_HasErrorsAndErrors" />
    </UnitTest>
    <UnitTest name="JsonWebTokenOptions_Passing_Empties_Settings_Returns_ApplicationException_GetAuthJsonWebToken" storage="d:\sferrari\01 - trabajo\repos\netcore\libs\template-netcore-security\kitpymes.core.security.tests\bin\release\netcoreapp3.0\kitpymes.core.security.tests.dll" id="025b087b-18e6-62b0-d1e3-70af28c4d509">
      <Execution id="643f58a0-8c2f-403f-956b-046e5140b466" />
      <TestMethod codeBase="D:\SFERRARI\01 - TRABAJO\repos\netcore\libs\template-netcore-security\Kitpymes.Core.Security.Tests\bin\Release\netcoreapp3.0\Kitpymes.Core.Security.Tests.dll" adapterTypeName="executor://mstestadapter/v2" className="Kitypmes.Core.Security.Tests.JsonWebTokenServiceTest" name="JsonWebTokenOptions_Passing_Empties_Settings_Returns_ApplicationException_GetAuthJsonWebToken" />
    </UnitTest>
    <UnitTest name="JsonWebTokenSettings_Passing_Claims_And_Headers_Returns_Values" storage="d:\sferrari\01 - trabajo\repos\netcore\libs\template-netcore-security\kitpymes.core.security.tests\bin\release\netcoreapp3.0\kitpymes.core.security.tests.dll" id="10a896e8-2c10-720e-0681-44e0a187a0b9">
      <Execution id="a6690da7-3a6f-4c5f-a10b-9a993880d766" />
      <TestMethod codeBase="D:\SFERRARI\01 - TRABAJO\repos\netcore\libs\template-netcore-security\Kitpymes.Core.Security.Tests\bin\Release\netcoreapp3.0\Kitpymes.Core.Security.Tests.dll" adapterTypeName="executor://mstestadapter/v2" className="Kitypmes.Core.Security.Tests.JsonWebTokenServiceTest" name="JsonWebTokenSettings_Passing_Claims_And_Headers_Returns_Values" />
    </UnitTest>
    <UnitTest name="AppSettings_Encrypt_Passing_Value_String_Returns_Value_Encrypted" storage="d:\sferrari\01 - trabajo\repos\netcore\libs\template-netcore-security\kitpymes.core.security.tests\bin\release\netcoreapp3.0\kitpymes.core.security.tests.dll" id="32daafca-3fa2-ec6c-02fe-9d0f3796d0ed">
      <Execution id="dc31f9ef-8027-4af6-a014-1ea3ea234473" />
      <TestMethod codeBase="D:\SFERRARI\01 - TRABAJO\repos\netcore\libs\template-netcore-security\Kitpymes.Core.Security.Tests\bin\Release\netcoreapp3.0\Kitpymes.Core.Security.Tests.dll" adapterTypeName="executor://mstestadapter/v2" className="Kitypmes.Core.Security.Tests.EncryptorServiceTest" name="AppSettings_Encrypt_Passing_Value_String_Returns_Value_Encrypted" />
    </UnitTest>
  </TestDefinitions>
  <TestEntries>
    <TestEntry testId="68654d5c-cf48-88e4-5c1d-ed1a1c33a69d" executionId="ffa89f38-0684-4ae1-b4c8-6c67ecd84cd5" testListId="8c84fa94-04c1-424b-9868-57a2d4851a1d" />
    <TestEntry testId="1503b794-64e6-402d-46db-dd6b010eca49" executionId="8328e185-1970-4c0f-b343-e15d4b45e19e" testListId="8c84fa94-04c1-424b-9868-57a2d4851a1d" />
    <TestEntry testId="32daafca-3fa2-ec6c-02fe-9d0f3796d0ed" executionId="dc31f9ef-8027-4af6-a014-1ea3ea234473" testListId="8c84fa94-04c1-424b-9868-57a2d4851a1d" />
    <TestEntry testId="d01d9da3-2b63-993d-f965-6dcec041a9a1" executionId="5bdb8539-3ff6-4644-aa9f-9693db041b53" testListId="8c84fa94-04c1-424b-9868-57a2d4851a1d" />
    <TestEntry testId="4447fb16-ab87-7db7-dcef-6d42a68558bb" executionId="d9be6b92-fd85-49b0-a70c-0f69d85aed59" testListId="8c84fa94-04c1-424b-9868-57a2d4851a1d" />
    <TestEntry testId="8f9542b8-9a86-2425-712b-f9ad565fedbe" executionId="2e14cf6c-1a65-41ff-9705-7c5aa5f6d707" testListId="8c84fa94-04c1-424b-9868-57a2d4851a1d" />
    <TestEntry testId="1bf97231-4f6a-0925-173e-e50bcb6f39bc" executionId="ec3f5a8a-8c27-4d43-9996-332dcfbb420b" testListId="8c84fa94-04c1-424b-9868-57a2d4851a1d" />
    <TestEntry testId="55a4f170-57d1-d1f6-1902-93b1e4d17c57" executionId="be7e49e5-e1fb-4baa-a12e-ff18ba5c23c6" testListId="8c84fa94-04c1-424b-9868-57a2d4851a1d" />
    <TestEntry testId="3db2e417-d9d0-d76c-8e4c-164fba24c540" executionId="ead46cee-ac2f-4541-b9d0-9a84cb0d8afa" testListId="8c84fa94-04c1-424b-9868-57a2d4851a1d" />
    <TestEntry testId="10a896e8-2c10-720e-0681-44e0a187a0b9" executionId="a6690da7-3a6f-4c5f-a10b-9a993880d766" testListId="8c84fa94-04c1-424b-9868-57a2d4851a1d" />
    <TestEntry testId="a96fe704-1e41-96a2-50bf-1b56c2cd211b" executionId="e82b97da-8d7a-40b5-9c65-9989f949dbb8" testListId="8c84fa94-04c1-424b-9868-57a2d4851a1d" />
    <TestEntry testId="bca4af17-79d3-090d-5186-e7a1bfaa0527" executionId="9e9932e4-556c-46ce-8a2c-e9e1bfcabe0a" testListId="8c84fa94-04c1-424b-9868-57a2d4851a1d" />
    <TestEntry testId="a574d746-1d8c-368f-7872-73b451873d81" executionId="4e79a52c-a48d-459b-b3ac-e0a23d344786" testListId="8c84fa94-04c1-424b-9868-57a2d4851a1d" />
    <TestEntry testId="7728671e-188e-9399-f172-fe364aa77f10" executionId="09cb8d41-0a3d-4db7-9e3e-f1834ae6c186" testListId="8c84fa94-04c1-424b-9868-57a2d4851a1d" />
    <TestEntry testId="90367231-7c45-c264-7213-426aba337866" executionId="80e0796a-50b7-4697-8bd0-aa13fef9410b" testListId="8c84fa94-04c1-424b-9868-57a2d4851a1d" />
    <TestEntry testId="6158c571-cb9e-2900-d032-289419d833e8" executionId="9f812fa0-7046-43a7-ad43-833de2061363" testListId="8c84fa94-04c1-424b-9868-57a2d4851a1d" />
    <TestEntry testId="b2cc154e-434f-78b2-d8d6-076a473c9726" executionId="1ea54ec6-206c-4475-90dc-4e00ad6faa92" testListId="8c84fa94-04c1-424b-9868-57a2d4851a1d" />
    <TestEntry testId="c9a9a88a-aa31-d3a2-45ce-36161833d616" executionId="820c950e-433e-4f13-9e48-d4ea4c932501" testListId="8c84fa94-04c1-424b-9868-57a2d4851a1d" />
    <TestEntry testId="dd99cbaa-85f2-79e4-7640-e6ada6b333d2" executionId="ba18dbe2-08a4-4839-88ed-7af8d75da95f" testListId="8c84fa94-04c1-424b-9868-57a2d4851a1d" />
    <TestEntry testId="9e1bad79-64b3-02eb-222e-4f88e590efcf" executionId="7060a5d3-ba00-4e72-b1f9-7f6f278947b4" testListId="8c84fa94-04c1-424b-9868-57a2d4851a1d" />
    <TestEntry testId="ce4c1f35-d0ec-0de2-3023-5c1c77efcbcc" executionId="707ac7b3-52cf-47eb-bf46-68b4ae0868b4" testListId="8c84fa94-04c1-424b-9868-57a2d4851a1d" />
    <TestEntry testId="55b5e60e-bb34-165b-6d7c-2a80479d6a42" executionId="5ab582ab-68eb-4a5d-b09c-2b831635d564" testListId="8c84fa94-04c1-424b-9868-57a2d4851a1d" />
    <TestEntry testId="de7d5bca-92ba-8b65-4edc-d154cb9f22ca" executionId="2e0a2582-fa21-4eb9-a358-9a38104b3797" testListId="8c84fa94-04c1-424b-9868-57a2d4851a1d" />
    <TestEntry testId="5befba76-dc26-60e8-f56c-fc9fc02ca77c" executionId="d3441eef-969f-454d-aee1-63acd7a35bff" testListId="8c84fa94-04c1-424b-9868-57a2d4851a1d" />
    <TestEntry testId="21a0f49b-69bb-53c7-ceab-a85f9a39e365" executionId="c6bbbc44-b6c0-4540-ac37-195c518b00b2" testListId="8c84fa94-04c1-424b-9868-57a2d4851a1d" />
    <TestEntry testId="5609de1e-8e31-61e0-634c-2542b5577eca" executionId="bcd7e9f5-c206-419e-a671-e3eb5fae4740" testListId="8c84fa94-04c1-424b-9868-57a2d4851a1d" />
    <TestEntry testId="b3928bda-545b-97a4-b450-c6c5fdbdb0c6" executionId="db131e1a-6640-4f7f-b652-423e267c0883" testListId="8c84fa94-04c1-424b-9868-57a2d4851a1d" />
    <TestEntry testId="d7ab8ee6-bfc1-9c70-c3d4-dd4c0dfe45a0" executionId="ec14b506-2d23-4bb5-ba1f-d5cc064c3974" testListId="8c84fa94-04c1-424b-9868-57a2d4851a1d" />
    <TestEntry testId="025b087b-18e6-62b0-d1e3-70af28c4d509" executionId="643f58a0-8c2f-403f-956b-046e5140b466" testListId="8c84fa94-04c1-424b-9868-57a2d4851a1d" />
    <TestEntry testId="48f78119-0f78-d1b1-1154-23d5d25d28d8" executionId="cbbeb112-ce6e-49cb-8d02-6b1f9b9957ab" testListId="8c84fa94-04c1-424b-9868-57a2d4851a1d" />
    <TestEntry testId="4b02302a-de95-bc86-3576-64c310c52eb6" executionId="d9a46ef8-4e73-431b-9231-0f64a2310f53" testListId="8c84fa94-04c1-424b-9868-57a2d4851a1d" />
  </TestEntries>
  <TestLists>
    <TestList name="Resultados sin formato de lista" id="8c84fa94-04c1-424b-9868-57a2d4851a1d" />
    <TestList name="Todos los resultados cargados" id="19431567-8539-422a-85d7-44ee4e166bda" />
  </TestLists>
  <ResultSummary outcome="Completed">
    <Counters total="47" executed="47" passed="47" failed="0" error="0" timeout="0" aborted="0" inconclusive="0" passedButRunAborted="0" notRunnable="0" notExecuted="0" disconnected="0" warning="0" completed="0" inProgress="0" pending="0" />
  </ResultSummary>
</TestRun>