<?xml version="1.0" encoding="utf-8"?>
<TestRun id="ef2a99ae-062b-4b7a-aaec-9e5dfbba7ae7" name="sferrari@PC-SFERRARI 2020-09-06 09:27:44" runUser="PC-SFERRARI\sferrari" xmlns="http://microsoft.com/schemas/VisualStudio/TeamTest/2010">
  <Times creation="2020-09-06T09:27:44.6165084+01:00" queuing="2020-09-06T09:27:44.6165084+01:00" start="2020-09-06T09:27:42.1939841+01:00" finish="2020-09-06T09:27:45.5460225+01:00" />
  <TestSettings name="default" id="4de635e4-a207-4034-b7be-b76ea4ceabc3">
    <Deployment runDeploymentRoot="sferrari_PC-SFERRARI_2020-09-06_09_27_44" />
  </TestSettings>
  <Results>
    <UnitTestResult executionId="e7f094d5-d0ae-413e-a5d5-4b32c881fdd5" testId="6158c571-cb9e-2900-d032-289419d833e8" testName="RequireLowercase_Passing_Invalid_Value_Returns_HasErrorsAndErrors" computerName="PC-SFERRARI" duration="00:00:00.0011282" startTime="2020-09-06T09:27:45.3320564+01:00" endTime="2020-09-06T09:27:45.3333444+01:00" testType="13cdc9d9-ddb5-4fa4-a97d-d965ccfc6d4b" outcome="Passed" testListId="8c84fa94-04c1-424b-9868-57a2d4851a1d" relativeResultsDirectory="e7f094d5-d0ae-413e-a5d5-4b32c881fdd5" resultType="DataDrivenTest">
      <InnerResults>
        <UnitTestResult executionId="e75ede26-f697-4dc2-86c4-3e3ccfc270ab" parentExecutionId="e7f094d5-d0ae-413e-a5d5-4b32c881fdd5" testId="6158c571-cb9e-2900-d032-289419d833e8" testName="RequireLowercase_Passing_Invalid_Value_Returns_HasErrorsAndErrors (PASSWORD)" computerName="PC-SFERRARI" duration="00:00:00.0010641" startTime="2020-09-06T09:27:45.3320564+01:00" endTime="2020-09-06T09:27:45.3333444+01:00" testType="13cdc9d9-ddb5-4fa4-a97d-d965ccfc6d4b" outcome="Passed" testListId="8c84fa94-04c1-424b-9868-57a2d4851a1d" relativeResultsDirectory="e75ede26-f697-4dc2-86c4-3e3ccfc270ab" dataRowInfo="1" resultType="DataDrivenDataRow" />
      </InnerResults>
    </UnitTestResult>
    <UnitTestResult executionId="6eb93476-615d-4d64-82b0-9c744aff1c3a" testId="0ba55755-02e4-188c-efda-c5af8e7a63bc" testName="Encrypt_Passing_Value_String_Returns_Value_Encrypted" computerName="PC-SFERRARI" duration="00:00:00.0033332" startTime="2020-09-06T09:27:43.5936862+01:00" endTime="2020-09-06T09:27:43.5975050+01:00" testType="13cdc9d9-ddb5-4fa4-a97d-d965ccfc6d4b" outcome="Passed" testListId="8c84fa94-04c1-424b-9868-57a2d4851a1d" relativeResultsDirectory="6eb93476-615d-4d64-82b0-9c744aff1c3a" />
    <UnitTestResult executionId="0b2c6494-2e02-4d16-b010-48412ae16d40" testId="0b1084e3-6ed6-c1f1-bb5d-06055b564e2c" testName="Encrypt_Passing_Value_Object_Returns_Object_Encrypted" computerName="PC-SFERRARI" duration="00:00:00.2977767" startTime="2020-09-06T09:27:43.2073937+01:00" endTime="2020-09-06T09:27:43.5795921+01:00" testType="13cdc9d9-ddb5-4fa4-a97d-d965ccfc6d4b" outcome="Passed" testListId="8c84fa94-04c1-424b-9868-57a2d4851a1d" relativeResultsDirectory="0b2c6494-2e02-4d16-b010-48412ae16d40" />
    <UnitTestResult executionId="9c0148ee-2239-4c1a-b802-7962d78802ad" testId="5609de1e-8e31-61e0-634c-2542b5577eca" testName="RequiredUniqueChars_Passing_Invalid_Value_Returns_HasErrorsAndErrors" computerName="PC-SFERRARI" duration="00:00:00.0036600" startTime="2020-09-06T09:27:45.3358074+01:00" endTime="2020-09-06T09:27:45.3395532+01:00" testType="13cdc9d9-ddb5-4fa4-a97d-d965ccfc6d4b" outcome="Passed" testListId="8c84fa94-04c1-424b-9868-57a2d4851a1d" relativeResultsDirectory="9c0148ee-2239-4c1a-b802-7962d78802ad" resultType="DataDrivenTest">
      <InnerResults>
        <UnitTestResult executionId="6aa0f8c1-1443-458f-87df-f271db40d94a" parentExecutionId="9c0148ee-2239-4c1a-b802-7962d78802ad" testId="5609de1e-8e31-61e0-634c-2542b5577eca" testName="RequiredUniqueChars_Passing_Invalid_Value_Returns_HasErrorsAndErrors (Password)" computerName="PC-SFERRARI" duration="00:00:00.0035337" startTime="2020-09-06T09:27:45.3358074+01:00" endTime="2020-09-06T09:27:45.3395532+01:00" testType="13cdc9d9-ddb5-4fa4-a97d-d965ccfc6d4b" outcome="Passed" testListId="8c84fa94-04c1-424b-9868-57a2d4851a1d" relativeResultsDirectory="6aa0f8c1-1443-458f-87df-f271db40d94a" dataRowInfo="1" resultType="DataDrivenDataRow" />
        <UnitTestResult executionId="c7030298-9884-4fb1-9ba0-d5c77a8490f2" parentExecutionId="9c0148ee-2239-4c1a-b802-7962d78802ad" testId="5609de1e-8e31-61e0-634c-2542b5577eca" testName="RequiredUniqueChars_Passing_Invalid_Value_Returns_HasErrorsAndErrors (PasswordServiceTest)" computerName="PC-SFERRARI" duration="00:00:00.0000553" startTime="2020-09-06T09:27:45.3358074+01:00" endTime="2020-09-06T09:27:45.3395532+01:00" testType="13cdc9d9-ddb5-4fa4-a97d-d965ccfc6d4b" outcome="Passed" testListId="8c84fa94-04c1-424b-9868-57a2d4851a1d" relativeResultsDirectory="c7030298-9884-4fb1-9ba0-d5c77a8490f2" dataRowInfo="2" resultType="DataDrivenDataRow" />
      </InnerResults>
    </UnitTestResult>
    <UnitTestResult executionId="7c9647e2-8e96-4fea-be0a-680654c91cf8" testId="c21bf23c-6e2a-ae1c-ef01-6e661ee1e97a" testName="JsonWebToken_Encode_Decode_Claim" computerName="PC-SFERRARI" duration="00:00:00.0988151" startTime="2020-09-06T09:27:43.5975540+01:00" endTime="2020-09-06T09:27:43.6966366+01:00" testType="13cdc9d9-ddb5-4fa4-a97d-d965ccfc6d4b" outcome="Passed" testListId="8c84fa94-04c1-424b-9868-57a2d4851a1d" relativeResultsDirectory="7c9647e2-8e96-4fea-be0a-680654c91cf8" />
    <UnitTestResult executionId="b28ac58d-f829-4efb-8d32-490fa1624db2" testId="de7d5bca-92ba-8b65-4edc-d154cb9f22ca" testName="AppSettings_Passing_Valid_Value_Returns_HasErrorsAndErrors" computerName="PC-SFERRARI" duration="00:00:00.5861171" startTime="2020-09-06T09:27:43.6966901+01:00" endTime="2020-09-06T09:27:44.2839998+01:00" testType="13cdc9d9-ddb5-4fa4-a97d-d965ccfc6d4b" outcome="Passed" testListId="8c84fa94-04c1-424b-9868-57a2d4851a1d" relativeResultsDirectory="b28ac58d-f829-4efb-8d32-490fa1624db2" resultType="DataDrivenTest">
      <InnerResults>
        <UnitTestResult executionId="1fe9a88e-a8ed-4362-9448-829c482f3681" parentExecutionId="b28ac58d-f829-4efb-8d32-490fa1624db2" testId="de7d5bca-92ba-8b65-4edc-d154cb9f22ca" testName="AppSettings_Passing_Valid_Value_Returns_HasErrorsAndErrors (Password)" computerName="PC-SFERRARI" duration="00:00:00.3338759" startTime="2020-09-06T09:27:43.6966901+01:00" endTime="2020-09-06T09:27:44.2839998+01:00" testType="13cdc9d9-ddb5-4fa4-a97d-d965ccfc6d4b" outcome="Passed" testListId="8c84fa94-04c1-424b-9868-57a2d4851a1d" relativeResultsDirectory="1fe9a88e-a8ed-4362-9448-829c482f3681" dataRowInfo="1" resultType="DataDrivenDataRow" />
        <UnitTestResult executionId="f4eef864-3fbc-44b6-b2a6-e35442fc68d5" parentExecutionId="b28ac58d-f829-4efb-8d32-490fa1624db2" testId="de7d5bca-92ba-8b65-4edc-d154cb9f22ca" testName="AppSettings_Passing_Valid_Value_Returns_HasErrorsAndErrors (PasswordServiceTest)" computerName="PC-SFERRARI" duration="00:00:00.2490141" startTime="2020-09-06T09:27:43.6966901+01:00" endTime="2020-09-06T09:27:44.2839998+01:00" testType="13cdc9d9-ddb5-4fa4-a97d-d965ccfc6d4b" outcome="Passed" testListId="8c84fa94-04c1-424b-9868-57a2d4851a1d" relativeResultsDirectory="f4eef864-3fbc-44b6-b2a6-e35442fc68d5" dataRowInfo="2" resultType="DataDrivenDataRow" />
      </InnerResults>
    </UnitTestResult>
    <UnitTestResult executionId="e6a19a85-ba7d-455f-a644-895bb68faf48" testId="3db2e417-d9d0-d76c-8e4c-164fba24c540" testName="RequireUppercase_Passing_Invalid_Value_Returns_HasErrorsAndErrors" computerName="PC-SFERRARI" duration="00:00:00.0009354" startTime="2020-09-06T09:27:45.3333809+01:00" endTime="2020-09-06T09:27:45.3343996+01:00" testType="13cdc9d9-ddb5-4fa4-a97d-d965ccfc6d4b" outcome="Passed" testListId="8c84fa94-04c1-424b-9868-57a2d4851a1d" relativeResultsDirectory="e6a19a85-ba7d-455f-a644-895bb68faf48" resultType="DataDrivenTest">
      <InnerResults>
        <UnitTestResult executionId="07fc8046-0f7a-46db-b41d-53c8616e6ace" parentExecutionId="e6a19a85-ba7d-455f-a644-895bb68faf48" testId="3db2e417-d9d0-d76c-8e4c-164fba24c540" testName="RequireUppercase_Passing_Invalid_Value_Returns_HasErrorsAndErrors (password)" computerName="PC-SFERRARI" duration="00:00:00.0008993" startTime="2020-09-06T09:27:45.3333809+01:00" endTime="2020-09-06T09:27:45.3343996+01:00" testType="13cdc9d9-ddb5-4fa4-a97d-d965ccfc6d4b" outcome="Passed" testListId="8c84fa94-04c1-424b-9868-57a2d4851a1d" relativeResultsDirectory="07fc8046-0f7a-46db-b41d-53c8616e6ace" dataRowInfo="1" resultType="DataDrivenDataRow" />
      </InnerResults>
    </UnitTestResult>
    <UnitTestResult executionId="26eea530-8315-4b68-8cb2-d021ed9ecc33" testId="4447fb16-ab87-7db7-dcef-6d42a68558bb" testName="RequireDigit_Passing_Invalid_Value_Returns_HasErrorsAndErrors" computerName="PC-SFERRARI" duration="00:00:00.0034570" startTime="2020-09-06T09:27:45.3045426+01:00" endTime="2020-09-06T09:27:45.3096027+01:00" testType="13cdc9d9-ddb5-4fa4-a97d-d965ccfc6d4b" outcome="Passed" testListId="8c84fa94-04c1-424b-9868-57a2d4851a1d" relativeResultsDirectory="26eea530-8315-4b68-8cb2-d021ed9ecc33" resultType="DataDrivenTest">
      <InnerResults>
        <UnitTestResult executionId="b94a74af-3d68-4bcb-a684-47f3eeba757e" parentExecutionId="26eea530-8315-4b68-8cb2-d021ed9ecc33" testId="4447fb16-ab87-7db7-dcef-6d42a68558bb" testName="RequireDigit_Passing_Invalid_Value_Returns_HasErrorsAndErrors (Password)" computerName="PC-SFERRARI" duration="00:00:00.0029126" startTime="2020-09-06T09:27:45.3045426+01:00" endTime="2020-09-06T09:27:45.3096027+01:00" testType="13cdc9d9-ddb5-4fa4-a97d-d965ccfc6d4b" outcome="Passed" testListId="8c84fa94-04c1-424b-9868-57a2d4851a1d" relativeResultsDirectory="b94a74af-3d68-4bcb-a684-47f3eeba757e" dataRowInfo="1" resultType="DataDrivenDataRow" />
        <UnitTestResult executionId="3ea3f3ba-3688-42b9-b8f2-fa46bd8c19a5" parentExecutionId="26eea530-8315-4b68-8cb2-d021ed9ecc33" testId="4447fb16-ab87-7db7-dcef-6d42a68558bb" testName="RequireDigit_Passing_Invalid_Value_Returns_HasErrorsAndErrors (PasswordServiceTest)" computerName="PC-SFERRARI" duration="00:00:00.0000731" startTime="2020-09-06T09:27:45.3045426+01:00" endTime="2020-09-06T09:27:45.3096027+01:00" testType="13cdc9d9-ddb5-4fa4-a97d-d965ccfc6d4b" outcome="Passed" testListId="8c84fa94-04c1-424b-9868-57a2d4851a1d" relativeResultsDirectory="3ea3f3ba-3688-42b9-b8f2-fa46bd8c19a5" dataRowInfo="2" resultType="DataDrivenDataRow" />
      </InnerResults>
    </UnitTestResult>
    <UnitTestResult executionId="e70d85ed-6c60-48cd-9a87-b9f85ab3f194" testId="90367231-7c45-c264-7213-426aba337866" testName="RequiredMinLength_Passing_Invalid_Value_Returns_HasErrorsAndErrors" computerName="PC-SFERRARI" duration="00:00:00.0012720" startTime="2020-09-06T09:27:45.3344258+01:00" endTime="2020-09-06T09:27:45.3357778+01:00" testType="13cdc9d9-ddb5-4fa4-a97d-d965ccfc6d4b" outcome="Passed" testListId="8c84fa94-04c1-424b-9868-57a2d4851a1d" relativeResultsDirectory="e70d85ed-6c60-48cd-9a87-b9f85ab3f194" resultType="DataDrivenTest">
      <InnerResults>
        <UnitTestResult executionId="22695da2-3b4f-4821-b4b4-e5fb56408591" parentExecutionId="e70d85ed-6c60-48cd-9a87-b9f85ab3f194" testId="90367231-7c45-c264-7213-426aba337866" testName="RequiredMinLength_Passing_Invalid_Value_Returns_HasErrorsAndErrors (Password)" computerName="PC-SFERRARI" duration="00:00:00.0011857" startTime="2020-09-06T09:27:45.3344258+01:00" endTime="2020-09-06T09:27:45.3357778+01:00" testType="13cdc9d9-ddb5-4fa4-a97d-d965ccfc6d4b" outcome="Passed" testListId="8c84fa94-04c1-424b-9868-57a2d4851a1d" relativeResultsDirectory="22695da2-3b4f-4821-b4b4-e5fb56408591" dataRowInfo="1" resultType="DataDrivenDataRow" />
        <UnitTestResult executionId="4843b55d-ec81-429b-b74c-ca91de8656c8" parentExecutionId="e70d85ed-6c60-48cd-9a87-b9f85ab3f194" testId="90367231-7c45-c264-7213-426aba337866" testName="RequiredMinLength_Passing_Invalid_Value_Returns_HasErrorsAndErrors (PasswordServiceTest)" computerName="PC-SFERRARI" duration="00:00:00.0000333" startTime="2020-09-06T09:27:45.3344258+01:00" endTime="2020-09-06T09:27:45.3357778+01:00" testType="13cdc9d9-ddb5-4fa4-a97d-d965ccfc6d4b" outcome="Passed" testListId="8c84fa94-04c1-424b-9868-57a2d4851a1d" relativeResultsDirectory="4843b55d-ec81-429b-b74c-ca91de8656c8" dataRowInfo="2" resultType="DataDrivenDataRow" />
      </InnerResults>
    </UnitTestResult>
    <UnitTestResult executionId="221aaf45-ecd6-4246-84d8-6bbc2f141aa2" testId="48f78119-0f78-d1b1-1154-23d5d25d28d8" testName="DefaultSettings_Passing_Valid_Value_Returns_HasErrorsAndErrors" computerName="PC-SFERRARI" duration="00:00:00.8422796" startTime="2020-09-06T09:27:44.4613542+01:00" endTime="2020-09-06T09:27:45.3038725+01:00" testType="13cdc9d9-ddb5-4fa4-a97d-d965ccfc6d4b" outcome="Passed" testListId="8c84fa94-04c1-424b-9868-57a2d4851a1d" relativeResultsDirectory="221aaf45-ecd6-4246-84d8-6bbc2f141aa2" resultType="DataDrivenTest">
      <InnerResults>
        <UnitTestResult executionId="137fb506-7321-4e22-8eca-ad1c76242358" parentExecutionId="221aaf45-ecd6-4246-84d8-6bbc2f141aa2" testId="48f78119-0f78-d1b1-1154-23d5d25d28d8" testName="DefaultSettings_Passing_Valid_Value_Returns_HasErrorsAndErrors (Password)" computerName="PC-SFERRARI" duration="00:00:00.5975253" startTime="2020-09-06T09:27:44.4613542+01:00" endTime="2020-09-06T09:27:45.3038725+01:00" testType="13cdc9d9-ddb5-4fa4-a97d-d965ccfc6d4b" outcome="Passed" testListId="8c84fa94-04c1-424b-9868-57a2d4851a1d" relativeResultsDirectory="137fb506-7321-4e22-8eca-ad1c76242358" dataRowInfo="1" resultType="DataDrivenDataRow" />
        <UnitTestResult executionId="5971d7c6-94e8-4dce-9056-081ff51051e5" parentExecutionId="221aaf45-ecd6-4246-84d8-6bbc2f141aa2" testId="48f78119-0f78-d1b1-1154-23d5d25d28d8" testName="DefaultSettings_Passing_Valid_Value_Returns_HasErrorsAndErrors (PasswordServiceTest)" computerName="PC-SFERRARI" duration="00:00:00.2445123" startTime="2020-09-06T09:27:44.4613542+01:00" endTime="2020-09-06T09:27:45.3038725+01:00" testType="13cdc9d9-ddb5-4fa4-a97d-d965ccfc6d4b" outcome="Passed" testListId="8c84fa94-04c1-424b-9868-57a2d4851a1d" relativeResultsDirectory="5971d7c6-94e8-4dce-9056-081ff51051e5" dataRowInfo="2" resultType="DataDrivenDataRow" />
      </InnerResults>
    </UnitTestResult>
    <UnitTestResult executionId="2494b400-d759-40a8-a81c-9f68fd66f15d" testId="b3928bda-545b-97a4-b450-c6c5fdbdb0c6" testName="RequireEspecialCharacters_Passing_Invalid_Value_Returns_HasErrorsAndErrors" computerName="PC-SFERRARI" duration="00:00:00.0011352" startTime="2020-09-06T09:27:45.3098263+01:00" endTime="2020-09-06T09:27:45.3112472+01:00" testType="13cdc9d9-ddb5-4fa4-a97d-d965ccfc6d4b" outcome="Passed" testListId="8c84fa94-04c1-424b-9868-57a2d4851a1d" relativeResultsDirectory="2494b400-d759-40a8-a81c-9f68fd66f15d" resultType="DataDrivenTest">
      <InnerResults>
        <UnitTestResult executionId="114cda68-2b43-4afd-994d-ebbfb1e0834d" parentExecutionId="2494b400-d759-40a8-a81c-9f68fd66f15d" testId="b3928bda-545b-97a4-b450-c6c5fdbdb0c6" testName="RequireEspecialCharacters_Passing_Invalid_Value_Returns_HasErrorsAndErrors (Password)" computerName="PC-SFERRARI" duration="00:00:00.0010178" startTime="2020-09-06T09:27:45.3098263+01:00" endTime="2020-09-06T09:27:45.3112472+01:00" testType="13cdc9d9-ddb5-4fa4-a97d-d965ccfc6d4b" outcome="Passed" testListId="8c84fa94-04c1-424b-9868-57a2d4851a1d" relativeResultsDirectory="114cda68-2b43-4afd-994d-ebbfb1e0834d" dataRowInfo="1" resultType="DataDrivenDataRow" />
        <UnitTestResult executionId="c312fd4e-105a-4fac-bf9a-c41118d55f76" parentExecutionId="2494b400-d759-40a8-a81c-9f68fd66f15d" testId="b3928bda-545b-97a4-b450-c6c5fdbdb0c6" testName="RequireEspecialCharacters_Passing_Invalid_Value_Returns_HasErrorsAndErrors (PasswordServiceTest)" computerName="PC-SFERRARI" duration="00:00:00.0000405" startTime="2020-09-06T09:27:45.3098263+01:00" endTime="2020-09-06T09:27:45.3112472+01:00" testType="13cdc9d9-ddb5-4fa4-a97d-d965ccfc6d4b" outcome="Passed" testListId="8c84fa94-04c1-424b-9868-57a2d4851a1d" relativeResultsDirectory="c312fd4e-105a-4fac-bf9a-c41118d55f76" dataRowInfo="2" resultType="DataDrivenDataRow" />
      </InnerResults>
    </UnitTestResult>
    <UnitTestResult executionId="393cdbdf-f88f-479a-8884-2d02ecb46b48" testId="dd99cbaa-85f2-79e4-7640-e6ada6b333d2" testName="DefaultSettings_Passing_Invalid_Value_Returns_HasErrorsAndErrors" computerName="PC-SFERRARI" duration="00:00:00.0011800" startTime="2020-09-06T09:27:44.2840559+01:00" endTime="2020-09-06T09:27:44.2853668+01:00" testType="13cdc9d9-ddb5-4fa4-a97d-d965ccfc6d4b" outcome="Passed" testListId="8c84fa94-04c1-424b-9868-57a2d4851a1d" relativeResultsDirectory="393cdbdf-f88f-479a-8884-2d02ecb46b48" resultType="DataDrivenTest">
      <InnerResults>
        <UnitTestResult executionId="36bd7482-6614-4993-b8e8-30452e350aa3" parentExecutionId="393cdbdf-f88f-479a-8884-2d02ecb46b48" testId="dd99cbaa-85f2-79e4-7640-e6ada6b333d2" testName="DefaultSettings_Passing_Invalid_Value_Returns_HasErrorsAndErrors (Passw)" computerName="PC-SFERRARI" duration="00:00:00.0010729" startTime="2020-09-06T09:27:44.2840559+01:00" endTime="2020-09-06T09:27:44.2853668+01:00" testType="13cdc9d9-ddb5-4fa4-a97d-d965ccfc6d4b" outcome="Passed" testListId="8c84fa94-04c1-424b-9868-57a2d4851a1d" relativeResultsDirectory="36bd7482-6614-4993-b8e8-30452e350aa3" dataRowInfo="1" resultType="DataDrivenDataRow" />
        <UnitTestResult executionId="6a7ce37b-bdc6-4926-a6a6-84d8df3b1792" parentExecutionId="393cdbdf-f88f-479a-8884-2d02ecb46b48" testId="dd99cbaa-85f2-79e4-7640-e6ada6b333d2" testName="DefaultSettings_Passing_Invalid_Value_Returns_HasErrorsAndErrors (1a_e)" computerName="PC-SFERRARI" duration="00:00:00.0000392" startTime="2020-09-06T09:27:44.2840559+01:00" endTime="2020-09-06T09:27:44.2853668+01:00" testType="13cdc9d9-ddb5-4fa4-a97d-d965ccfc6d4b" outcome="Passed" testListId="8c84fa94-04c1-424b-9868-57a2d4851a1d" relativeResultsDirectory="6a7ce37b-bdc6-4926-a6a6-84d8df3b1792" dataRowInfo="2" resultType="DataDrivenDataRow" />
      </InnerResults>
    </UnitTestResult>
  </Results>
  <TestDefinitions>
    <UnitTest name="Encrypt_Passing_Value_String_Returns_Value_Encrypted" storage="d:\sferrari\01 - trabajo\repos\netcore\template-netcore-security\kitpymes.core.security.tests\bin\release\netcoreapp3.0\kitpymes.core.security.tests.dll" id="0ba55755-02e4-188c-efda-c5af8e7a63bc">
      <Execution id="6eb93476-615d-4d64-82b0-9c744aff1c3a" />
      <TestMethod codeBase="D:\SFERRARI\01 - TRABAJO\REPOS\netcore\template-netcore-security\Kitpymes.Core.Security.Tests\bin\Release\netcoreapp3.0\Kitpymes.Core.Security.Tests.dll" adapterTypeName="executor://mstestadapter/v2" className="Kitypmes.Core.Security.Tests.EncryptorServiceTest" name="Encrypt_Passing_Value_String_Returns_Value_Encrypted" />
    </UnitTest>
    <UnitTest name="RequiredUniqueChars_Passing_Invalid_Value_Returns_HasErrorsAndErrors" storage="d:\sferrari\01 - trabajo\repos\netcore\template-netcore-security\kitpymes.core.security.tests\bin\release\netcoreapp3.0\kitpymes.core.security.tests.dll" id="5609de1e-8e31-61e0-634c-2542b5577eca">
      <Execution id="9c0148ee-2239-4c1a-b802-7962d78802ad" />
      <TestMethod codeBase="D:\SFERRARI\01 - TRABAJO\REPOS\netcore\template-netcore-security\Kitpymes.Core.Security.Tests\bin\Release\netcoreapp3.0\Kitpymes.Core.Security.Tests.dll" adapterTypeName="executor://mstestadapter/v2" className="Kitypmes.Core.Security.Tests.PasswordServiceTest" name="RequiredUniqueChars_Passing_Invalid_Value_Returns_HasErrorsAndErrors" />
    </UnitTest>
    <UnitTest name="DefaultSettings_Passing_Valid_Value_Returns_HasErrorsAndErrors" storage="d:\sferrari\01 - trabajo\repos\netcore\template-netcore-security\kitpymes.core.security.tests\bin\release\netcoreapp3.0\kitpymes.core.security.tests.dll" id="48f78119-0f78-d1b1-1154-23d5d25d28d8">
      <Execution id="221aaf45-ecd6-4246-84d8-6bbc2f141aa2" />
      <TestMethod codeBase="D:\SFERRARI\01 - TRABAJO\REPOS\netcore\template-netcore-security\Kitpymes.Core.Security.Tests\bin\Release\netcoreapp3.0\Kitpymes.Core.Security.Tests.dll" adapterTypeName="executor://mstestadapter/v2" className="Kitypmes.Core.Security.Tests.PasswordServiceTest" name="DefaultSettings_Passing_Valid_Value_Returns_HasErrorsAndErrors" />
    </UnitTest>
    <UnitTest name="RequireEspecialCharacters_Passing_Invalid_Value_Returns_HasErrorsAndErrors" storage="d:\sferrari\01 - trabajo\repos\netcore\template-netcore-security\kitpymes.core.security.tests\bin\release\netcoreapp3.0\kitpymes.core.security.tests.dll" id="b3928bda-545b-97a4-b450-c6c5fdbdb0c6">
      <Execution id="2494b400-d759-40a8-a81c-9f68fd66f15d" />
      <TestMethod codeBase="D:\SFERRARI\01 - TRABAJO\REPOS\netcore\template-netcore-security\Kitpymes.Core.Security.Tests\bin\Release\netcoreapp3.0\Kitpymes.Core.Security.Tests.dll" adapterTypeName="executor://mstestadapter/v2" className="Kitypmes.Core.Security.Tests.PasswordServiceTest" name="RequireEspecialCharacters_Passing_Invalid_Value_Returns_HasErrorsAndErrors" />
    </UnitTest>
    <UnitTest name="RequiredMinLength_Passing_Invalid_Value_Returns_HasErrorsAndErrors" storage="d:\sferrari\01 - trabajo\repos\netcore\template-netcore-security\kitpymes.core.security.tests\bin\release\netcoreapp3.0\kitpymes.core.security.tests.dll" id="90367231-7c45-c264-7213-426aba337866">
      <Execution id="e70d85ed-6c60-48cd-9a87-b9f85ab3f194" />
      <TestMethod codeBase="D:\SFERRARI\01 - TRABAJO\REPOS\netcore\template-netcore-security\Kitpymes.Core.Security.Tests\bin\Release\netcoreapp3.0\Kitpymes.Core.Security.Tests.dll" adapterTypeName="executor://mstestadapter/v2" className="Kitypmes.Core.Security.Tests.PasswordServiceTest" name="RequiredMinLength_Passing_Invalid_Value_Returns_HasErrorsAndErrors" />
    </UnitTest>
    <UnitTest name="RequireUppercase_Passing_Invalid_Value_Returns_HasErrorsAndErrors" storage="d:\sferrari\01 - trabajo\repos\netcore\template-netcore-security\kitpymes.core.security.tests\bin\release\netcoreapp3.0\kitpymes.core.security.tests.dll" id="3db2e417-d9d0-d76c-8e4c-164fba24c540">
      <Execution id="e6a19a85-ba7d-455f-a644-895bb68faf48" />
      <TestMethod codeBase="D:\SFERRARI\01 - TRABAJO\REPOS\netcore\template-netcore-security\Kitpymes.Core.Security.Tests\bin\Release\netcoreapp3.0\Kitpymes.Core.Security.Tests.dll" adapterTypeName="executor://mstestadapter/v2" className="Kitypmes.Core.Security.Tests.PasswordServiceTest" name="RequireUppercase_Passing_Invalid_Value_Returns_HasErrorsAndErrors" />
    </UnitTest>
    <UnitTest name="RequireLowercase_Passing_Invalid_Value_Returns_HasErrorsAndErrors" storage="d:\sferrari\01 - trabajo\repos\netcore\template-netcore-security\kitpymes.core.security.tests\bin\release\netcoreapp3.0\kitpymes.core.security.tests.dll" id="6158c571-cb9e-2900-d032-289419d833e8">
      <Execution id="e7f094d5-d0ae-413e-a5d5-4b32c881fdd5" />
      <TestMethod codeBase="D:\SFERRARI\01 - TRABAJO\REPOS\netcore\template-netcore-security\Kitpymes.Core.Security.Tests\bin\Release\netcoreapp3.0\Kitpymes.Core.Security.Tests.dll" adapterTypeName="executor://mstestadapter/v2" className="Kitypmes.Core.Security.Tests.PasswordServiceTest" name="RequireLowercase_Passing_Invalid_Value_Returns_HasErrorsAndErrors" />
    </UnitTest>
    <UnitTest name="Encrypt_Passing_Value_Object_Returns_Object_Encrypted" storage="d:\sferrari\01 - trabajo\repos\netcore\template-netcore-security\kitpymes.core.security.tests\bin\release\netcoreapp3.0\kitpymes.core.security.tests.dll" id="0b1084e3-6ed6-c1f1-bb5d-06055b564e2c">
      <Execution id="0b2c6494-2e02-4d16-b010-48412ae16d40" />
      <TestMethod codeBase="D:\SFERRARI\01 - TRABAJO\REPOS\netcore\template-netcore-security\Kitpymes.Core.Security.Tests\bin\Release\netcoreapp3.0\Kitpymes.Core.Security.Tests.dll" adapterTypeName="executor://mstestadapter/v2" className="Kitypmes.Core.Security.Tests.EncryptorServiceTest" name="Encrypt_Passing_Value_Object_Returns_Object_Encrypted" />
    </UnitTest>
    <UnitTest name="AppSettings_Passing_Valid_Value_Returns_HasErrorsAndErrors" storage="d:\sferrari\01 - trabajo\repos\netcore\template-netcore-security\kitpymes.core.security.tests\bin\release\netcoreapp3.0\kitpymes.core.security.tests.dll" id="de7d5bca-92ba-8b65-4edc-d154cb9f22ca">
      <Execution id="b28ac58d-f829-4efb-8d32-490fa1624db2" />
      <TestMethod codeBase="D:\SFERRARI\01 - TRABAJO\REPOS\netcore\template-netcore-security\Kitpymes.Core.Security.Tests\bin\Release\netcoreapp3.0\Kitpymes.Core.Security.Tests.dll" adapterTypeName="executor://mstestadapter/v2" className="Kitypmes.Core.Security.Tests.PasswordServiceTest" name="AppSettings_Passing_Valid_Value_Returns_HasErrorsAndErrors" />
    </UnitTest>
    <UnitTest name="RequireDigit_Passing_Invalid_Value_Returns_HasErrorsAndErrors" storage="d:\sferrari\01 - trabajo\repos\netcore\template-netcore-security\kitpymes.core.security.tests\bin\release\netcoreapp3.0\kitpymes.core.security.tests.dll" id="4447fb16-ab87-7db7-dcef-6d42a68558bb">
      <Execution id="26eea530-8315-4b68-8cb2-d021ed9ecc33" />
      <TestMethod codeBase="D:\SFERRARI\01 - TRABAJO\REPOS\netcore\template-netcore-security\Kitpymes.Core.Security.Tests\bin\Release\netcoreapp3.0\Kitpymes.Core.Security.Tests.dll" adapterTypeName="executor://mstestadapter/v2" className="Kitypmes.Core.Security.Tests.PasswordServiceTest" name="RequireDigit_Passing_Invalid_Value_Returns_HasErrorsAndErrors" />
    </UnitTest>
    <UnitTest name="DefaultSettings_Passing_Invalid_Value_Returns_HasErrorsAndErrors" storage="d:\sferrari\01 - trabajo\repos\netcore\template-netcore-security\kitpymes.core.security.tests\bin\release\netcoreapp3.0\kitpymes.core.security.tests.dll" id="dd99cbaa-85f2-79e4-7640-e6ada6b333d2">
      <Execution id="393cdbdf-f88f-479a-8884-2d02ecb46b48" />
      <TestMethod codeBase="D:\SFERRARI\01 - TRABAJO\REPOS\netcore\template-netcore-security\Kitpymes.Core.Security.Tests\bin\Release\netcoreapp3.0\Kitpymes.Core.Security.Tests.dll" adapterTypeName="executor://mstestadapter/v2" className="Kitypmes.Core.Security.Tests.PasswordServiceTest" name="DefaultSettings_Passing_Invalid_Value_Returns_HasErrorsAndErrors" />
    </UnitTest>
    <UnitTest name="JsonWebToken_Encode_Decode_Claim" storage="d:\sferrari\01 - trabajo\repos\netcore\template-netcore-security\kitpymes.core.security.tests\bin\release\netcoreapp3.0\kitpymes.core.security.tests.dll" id="c21bf23c-6e2a-ae1c-ef01-6e661ee1e97a">
      <Execution id="7c9647e2-8e96-4fea-be0a-680654c91cf8" />
      <TestMethod codeBase="D:\SFERRARI\01 - TRABAJO\REPOS\netcore\template-netcore-security\Kitpymes.Core.Security.Tests\bin\Release\netcoreapp3.0\Kitpymes.Core.Security.Tests.dll" adapterTypeName="executor://mstestadapter/v2" className="Kitypmes.Core.Security.Tests.JsonWebTokenServiceTest" name="JsonWebToken_Encode_Decode_Claim" />
    </UnitTest>
  </TestDefinitions>
  <TestEntries>
    <TestEntry testId="6158c571-cb9e-2900-d032-289419d833e8" executionId="e7f094d5-d0ae-413e-a5d5-4b32c881fdd5" testListId="8c84fa94-04c1-424b-9868-57a2d4851a1d" />
    <TestEntry testId="0ba55755-02e4-188c-efda-c5af8e7a63bc" executionId="6eb93476-615d-4d64-82b0-9c744aff1c3a" testListId="8c84fa94-04c1-424b-9868-57a2d4851a1d" />
    <TestEntry testId="0b1084e3-6ed6-c1f1-bb5d-06055b564e2c" executionId="0b2c6494-2e02-4d16-b010-48412ae16d40" testListId="8c84fa94-04c1-424b-9868-57a2d4851a1d" />
    <TestEntry testId="5609de1e-8e31-61e0-634c-2542b5577eca" executionId="9c0148ee-2239-4c1a-b802-7962d78802ad" testListId="8c84fa94-04c1-424b-9868-57a2d4851a1d" />
    <TestEntry testId="c21bf23c-6e2a-ae1c-ef01-6e661ee1e97a" executionId="7c9647e2-8e96-4fea-be0a-680654c91cf8" testListId="8c84fa94-04c1-424b-9868-57a2d4851a1d" />
    <TestEntry testId="de7d5bca-92ba-8b65-4edc-d154cb9f22ca" executionId="b28ac58d-f829-4efb-8d32-490fa1624db2" testListId="8c84fa94-04c1-424b-9868-57a2d4851a1d" />
    <TestEntry testId="3db2e417-d9d0-d76c-8e4c-164fba24c540" executionId="e6a19a85-ba7d-455f-a644-895bb68faf48" testListId="8c84fa94-04c1-424b-9868-57a2d4851a1d" />
    <TestEntry testId="4447fb16-ab87-7db7-dcef-6d42a68558bb" executionId="26eea530-8315-4b68-8cb2-d021ed9ecc33" testListId="8c84fa94-04c1-424b-9868-57a2d4851a1d" />
    <TestEntry testId="90367231-7c45-c264-7213-426aba337866" executionId="e70d85ed-6c60-48cd-9a87-b9f85ab3f194" testListId="8c84fa94-04c1-424b-9868-57a2d4851a1d" />
    <TestEntry testId="48f78119-0f78-d1b1-1154-23d5d25d28d8" executionId="221aaf45-ecd6-4246-84d8-6bbc2f141aa2" testListId="8c84fa94-04c1-424b-9868-57a2d4851a1d" />
    <TestEntry testId="b3928bda-545b-97a4-b450-c6c5fdbdb0c6" executionId="2494b400-d759-40a8-a81c-9f68fd66f15d" testListId="8c84fa94-04c1-424b-9868-57a2d4851a1d" />
    <TestEntry testId="dd99cbaa-85f2-79e4-7640-e6ada6b333d2" executionId="393cdbdf-f88f-479a-8884-2d02ecb46b48" testListId="8c84fa94-04c1-424b-9868-57a2d4851a1d" />
  </TestEntries>
  <TestLists>
    <TestList name="Resultados sin formato de lista" id="8c84fa94-04c1-424b-9868-57a2d4851a1d" />
    <TestList name="Todos los resultados cargados" id="19431567-8539-422a-85d7-44ee4e166bda" />
  </TestLists>
  <ResultSummary outcome="Completed">
    <Counters total="28" executed="28" passed="28" failed="0" error="0" timeout="0" aborted="0" inconclusive="0" passedButRunAborted="0" notRunnable="0" notExecuted="0" disconnected="0" warning="0" completed="0" inProgress="0" pending="0" />
  </ResultSummary>
</TestRun>