<?xml version="1.0" encoding="utf-8"?>
<TestRun id="6bd0c312-f8d2-40e0-8fed-3be0c8467bc6" name="sferrari@PC-SFERRARI 2023-01-05 22:15:32" runUser="PC-SFERRARI\sferrari" xmlns="http://microsoft.com/schemas/VisualStudio/TeamTest/2010">
  <Times creation="2023-01-05T22:15:32.5175218+01:00" queuing="2023-01-05T22:15:32.5175218+01:00" start="2023-01-05T22:15:30.4445536+01:00" finish="2023-01-05T22:15:35.6754832+01:00" />
  <TestSettings name="default" id="1c6a227f-cc95-4540-9db2-8fe0b0c0038b">
    <Deployment runDeploymentRoot="sferrari_PC-SFERRARI_2023-01-05_22_15_32" />
  </TestSettings>
  <Results>
    <UnitTestResult executionId="6834adec-f791-47e0-9fb1-136fb807e4b6" testId="73fddd31-10d3-4241-8c80-2d937556db2b" testName="EncryptorOptions_Encrypt_Passing_Value_Object_Returns_Object_Encrypted" computerName="PC-SFERRARI" duration="00:00:00.0028860" startTime="2023-01-05T22:15:31.2915903+01:00" endTime="2023-01-05T22:15:31.2946268+01:00" testType="13cdc9d9-ddb5-4fa4-a97d-d965ccfc6d4b" outcome="Passed" testListId="8c84fa94-04c1-424b-9868-57a2d4851a1d" relativeResultsDirectory="6834adec-f791-47e0-9fb1-136fb807e4b6" />
    <UnitTestResult executionId="81d9c353-f25e-422d-837e-db6263ce5a3d" testId="7b241aa1-5fa5-40de-8829-0bd93778c76e" testName="CreateRandom_WithLoadSettings_Returns_PlainPassword_Value" computerName="PC-SFERRARI" duration="00:00:00.0033823" startTime="2023-01-05T22:15:35.4119806+01:00" endTime="2023-01-05T22:15:35.4156758+01:00" testType="13cdc9d9-ddb5-4fa4-a97d-d965ccfc6d4b" outcome="Passed" testListId="8c84fa94-04c1-424b-9868-57a2d4851a1d" relativeResultsDirectory="81d9c353-f25e-422d-837e-db6263ce5a3d" />
    <UnitTestResult executionId="c6e061cf-0025-431a-8f88-72b3891c1a78" testId="f8a0df01-340c-4e19-9ef9-e88cc7025321" testName="RequiredUniqueChars_Passing_Invalid_Value_Returns_HasErrorsAndErrors (PasswordServiceTest)" computerName="PC-SFERRARI" duration="00:00:00.0003127" startTime="2023-01-05T22:15:35.6115176+01:00" endTime="2023-01-05T22:15:35.6137411+01:00" testType="13cdc9d9-ddb5-4fa4-a97d-d965ccfc6d4b" outcome="Passed" testListId="8c84fa94-04c1-424b-9868-57a2d4851a1d" relativeResultsDirectory="c6e061cf-0025-431a-8f88-72b3891c1a78" />
    <UnitTestResult executionId="1c284118-b741-424f-88ab-bdf247fa0d09" testId="b11b8306-5218-4c20-9a27-a56eff503087" testName="CreateRandom_WithCustomSettings_Returns_PlainPassword_Value" computerName="PC-SFERRARI" duration="00:00:00.0055854" startTime="2023-01-05T22:15:35.4055806+01:00" endTime="2023-01-05T22:15:35.4113217+01:00" testType="13cdc9d9-ddb5-4fa4-a97d-d965ccfc6d4b" outcome="Passed" testListId="8c84fa94-04c1-424b-9868-57a2d4851a1d" relativeResultsDirectory="1c284118-b741-424f-88ab-bdf247fa0d09" />
    <UnitTestResult executionId="43d7d306-dac9-4a3b-89e5-339bf955df2a" testId="6ba3c391-2c0f-4536-9043-fc29c9a70599" testName="RequireLowercase_Passing_Invalid_Value_Returns_HasErrorsAndErrors (PASSWORD)" computerName="PC-SFERRARI" duration="00:00:00.0008786" startTime="2023-01-05T22:15:35.6065580+01:00" endTime="2023-01-05T22:15:35.6077138+01:00" testType="13cdc9d9-ddb5-4fa4-a97d-d965ccfc6d4b" outcome="Passed" testListId="8c84fa94-04c1-424b-9868-57a2d4851a1d" relativeResultsDirectory="43d7d306-dac9-4a3b-89e5-339bf955df2a" />
    <UnitTestResult executionId="e93d4d09-ae63-4c5a-ad6a-46d0c6137d83" testId="91058133-e47f-4274-973a-b10c942f2910" testName="JsonWebTokenSettings_Passing_Empties_Claims_Returns_ApplicationException" computerName="PC-SFERRARI" duration="00:00:00.1325339" startTime="2023-01-05T22:15:35.0741500+01:00" endTime="2023-01-05T22:15:35.2068672+01:00" testType="13cdc9d9-ddb5-4fa4-a97d-d965ccfc6d4b" outcome="Passed" testListId="8c84fa94-04c1-424b-9868-57a2d4851a1d" relativeResultsDirectory="e93d4d09-ae63-4c5a-ad6a-46d0c6137d83" />
    <UnitTestResult executionId="9b865fd1-77b3-4f38-b981-b2d074ff102a" testId="10e95cd4-0867-443e-8d8e-b8b42acabd3f" testName="JsonWebTokenOptions_Passing_Claims_To_Service_Returns_Values" computerName="PC-SFERRARI" duration="00:00:00.1195500" startTime="2023-01-05T22:15:34.6429300+01:00" endTime="2023-01-05T22:15:34.7626616+01:00" testType="13cdc9d9-ddb5-4fa4-a97d-d965ccfc6d4b" outcome="Passed" testListId="8c84fa94-04c1-424b-9868-57a2d4851a1d" relativeResultsDirectory="9b865fd1-77b3-4f38-b981-b2d074ff102a" />
    <UnitTestResult executionId="d651eae3-abdb-46a6-a832-5c80b15ca7ed" testId="897555e6-9b93-44af-835c-898ed481ddd2" testName="DefaultSettings_Passing_Valid_Value_Returns_HasErrorsAndErrors (Password)" computerName="PC-SFERRARI" duration="00:00:00.0887498" startTime="2023-01-05T22:15:35.4215728+01:00" endTime="2023-01-05T22:15:35.5104804+01:00" testType="13cdc9d9-ddb5-4fa4-a97d-d965ccfc6d4b" outcome="Passed" testListId="8c84fa94-04c1-424b-9868-57a2d4851a1d" relativeResultsDirectory="d651eae3-abdb-46a6-a832-5c80b15ca7ed" />
    <UnitTestResult executionId="9e77508d-9173-45a3-a00d-1e745d464a35" testId="32a4d183-edb0-4324-818d-6eb220c464fd" testName="RequireDigit_Passing_Invalid_Value_Returns_HasErrorsAndErrors (PasswordServiceTest)" computerName="PC-SFERRARI" duration="00:00:00.0002318" startTime="2023-01-05T22:15:35.6011721+01:00" endTime="2023-01-05T22:15:35.6015767+01:00" testType="13cdc9d9-ddb5-4fa4-a97d-d965ccfc6d4b" outcome="Passed" testListId="8c84fa94-04c1-424b-9868-57a2d4851a1d" relativeResultsDirectory="9e77508d-9173-45a3-a00d-1e745d464a35" />
    <UnitTestResult executionId="1592d71c-0480-426c-96e8-5df7a88a8cbe" testId="e7367ff7-6b2c-4123-803e-4556b849c43c" testName="JsonWebTokenSettings_Passing_Claims_And_Headers_Returns_Values" computerName="PC-SFERRARI" duration="00:00:00.0613887" startTime="2023-01-05T22:15:34.9468165+01:00" endTime="2023-01-05T22:15:35.0084894+01:00" testType="13cdc9d9-ddb5-4fa4-a97d-d965ccfc6d4b" outcome="Passed" testListId="8c84fa94-04c1-424b-9868-57a2d4851a1d" relativeResultsDirectory="1592d71c-0480-426c-96e8-5df7a88a8cbe" />
    <UnitTestResult executionId="b661adec-69fa-4f73-8e27-aff0c9cee335" testId="1d99c989-7a14-40df-8634-732fb335ade4" testName="JsonWebTokenSettings_Passing_Empties_Settings_Returns_ApplicationException_GetAuthJsonWebToken" computerName="PC-SFERRARI" duration="00:00:00.0005341" startTime="2023-01-05T22:15:35.2070487+01:00" endTime="2023-01-05T22:15:35.2077010+01:00" testType="13cdc9d9-ddb5-4fa4-a97d-d965ccfc6d4b" outcome="Passed" testListId="8c84fa94-04c1-424b-9868-57a2d4851a1d" relativeResultsDirectory="b661adec-69fa-4f73-8e27-aff0c9cee335" />
    <UnitTestResult executionId="feaea9ee-9d70-454e-8de6-2b4742ded017" testId="9ae57e1e-7d0d-4191-a48b-15c845e46449" testName="RequiredMinLength_Passing_Invalid_Value_Returns_HasErrorsAndErrors (PasswordServiceTest)" computerName="PC-SFERRARI" duration="00:00:00.0002769" startTime="2023-01-05T22:15:35.6097632+01:00" endTime="2023-01-05T22:15:35.6102361+01:00" testType="13cdc9d9-ddb5-4fa4-a97d-d965ccfc6d4b" outcome="Passed" testListId="8c84fa94-04c1-424b-9868-57a2d4851a1d" relativeResultsDirectory="feaea9ee-9d70-454e-8de6-2b4742ded017" />
    <UnitTestResult executionId="8d77fa97-7556-4167-83f4-b5273def381e" testId="1ed3f3ca-5721-4194-ac8c-7eb3317fc9ee" testName="JsonWebTokenSettings_Passing_Claims_Returns_Values" computerName="PC-SFERRARI" duration="00:00:00.0653440" startTime="2023-01-05T22:15:35.0085721+01:00" endTime="2023-01-05T22:15:35.0740676+01:00" testType="13cdc9d9-ddb5-4fa4-a97d-d965ccfc6d4b" outcome="Passed" testListId="8c84fa94-04c1-424b-9868-57a2d4851a1d" relativeResultsDirectory="8d77fa97-7556-4167-83f4-b5273def381e" />
    <UnitTestResult executionId="1d2c616f-1d06-4221-9c00-184d889e0865" testId="607cc780-ea99-48df-8653-60398ba42d49" testName="EncryptorSettings_Encrypt_Passing_Value_Object_Returns_Object_Encrypted" computerName="PC-SFERRARI" duration="00:00:00.0084166" startTime="2023-01-05T22:15:34.3122596+01:00" endTime="2023-01-05T22:15:34.3210732+01:00" testType="13cdc9d9-ddb5-4fa4-a97d-d965ccfc6d4b" outcome="Passed" testListId="8c84fa94-04c1-424b-9868-57a2d4851a1d" relativeResultsDirectory="1d2c616f-1d06-4221-9c00-184d889e0865" />
    <UnitTestResult executionId="5da4fb9a-e4c8-4271-998b-a4d476d85080" testId="9ee223d6-470f-4808-b9b1-952eae36864c" testName="EncryptorSettings_Encrypt_Passing_Value_String_Returns_Value_Encrypted" computerName="PC-SFERRARI" duration="00:00:00.0019200" startTime="2023-01-05T22:15:34.3211643+01:00" endTime="2023-01-05T22:15:34.3235476+01:00" testType="13cdc9d9-ddb5-4fa4-a97d-d965ccfc6d4b" outcome="Passed" testListId="8c84fa94-04c1-424b-9868-57a2d4851a1d" relativeResultsDirectory="5da4fb9a-e4c8-4271-998b-a4d476d85080" />
    <UnitTestResult executionId="7969194a-7847-438b-a065-1b1446e297de" testId="e392d1fb-7df2-4d69-85aa-bca9c63423cd" testName="RequiredUniqueChars_Passing_Invalid_Value_Returns_HasErrorsAndErrors (Password)" computerName="PC-SFERRARI" duration="00:00:00.0008329" startTime="2023-01-05T22:15:35.6103344+01:00" endTime="2023-01-05T22:15:35.6113672+01:00" testType="13cdc9d9-ddb5-4fa4-a97d-d965ccfc6d4b" outcome="Passed" testListId="8c84fa94-04c1-424b-9868-57a2d4851a1d" relativeResultsDirectory="7969194a-7847-438b-a065-1b1446e297de" />
    <UnitTestResult executionId="d17bc698-37fb-4c94-9cb8-3c98aeb40299" testId="28f0631c-0106-4c0d-bac9-c6ddf5949073" testName="EncryptorOptions_Encrypt_Passing_Value_String_WithLifetime_Returns_CryptographicException_Exprided" computerName="PC-SFERRARI" duration="00:00:03.0141294" startTime="2023-01-05T22:15:31.2968735+01:00" endTime="2023-01-05T22:15:34.3112191+01:00" testType="13cdc9d9-ddb5-4fa4-a97d-d965ccfc6d4b" outcome="Passed" testListId="8c84fa94-04c1-424b-9868-57a2d4851a1d" relativeResultsDirectory="d17bc698-37fb-4c94-9cb8-3c98aeb40299" />
    <UnitTestResult executionId="2b337b76-0c4d-4eb0-967e-51abcec73622" testId="0093f4a4-48ea-47d7-b545-039e88cb2748" testName="AppSettings_Passing_All_Values_Returns_Values" computerName="PC-SFERRARI" duration="00:00:00.1607553" startTime="2023-01-05T22:15:34.3236487+01:00" endTime="2023-01-05T22:15:34.4848044+01:00" testType="13cdc9d9-ddb5-4fa4-a97d-d965ccfc6d4b" outcome="Passed" testListId="8c84fa94-04c1-424b-9868-57a2d4851a1d" relativeResultsDirectory="2b337b76-0c4d-4eb0-967e-51abcec73622" />
    <UnitTestResult executionId="8dfb1731-ca29-4442-9841-1dbf2575f7fd" testId="d007381e-658d-4388-b16a-6a0ad73991e1" testName="RequiredMinLength_Passing_Invalid_Value_Returns_HasErrorsAndErrors (Password)" computerName="PC-SFERRARI" duration="00:00:00.0006399" startTime="2023-01-05T22:15:35.6088107+01:00" endTime="2023-01-05T22:15:35.6096700+01:00" testType="13cdc9d9-ddb5-4fa4-a97d-d965ccfc6d4b" outcome="Passed" testListId="8c84fa94-04c1-424b-9868-57a2d4851a1d" relativeResultsDirectory="8dfb1731-ca29-4442-9841-1dbf2575f7fd" />
    <UnitTestResult executionId="78adde18-535c-4f7c-aebc-904119a0dec9" testId="9c9d1e9f-ca92-4f1c-b7db-38155ecf4db6" testName="JsonWebTokenSettings_Passing_All_Values_Returns_Values" computerName="PC-SFERRARI" duration="00:00:00.0792704" startTime="2023-01-05T22:15:34.8671527+01:00" endTime="2023-01-05T22:15:34.9466972+01:00" testType="13cdc9d9-ddb5-4fa4-a97d-d965ccfc6d4b" outcome="Passed" testListId="8c84fa94-04c1-424b-9868-57a2d4851a1d" relativeResultsDirectory="78adde18-535c-4f7c-aebc-904119a0dec9" />
    <UnitTestResult executionId="a12060d1-c77b-49a6-8934-feb88e22ea4a" testId="c7435c98-577f-4b7a-b4f3-48f83e4c77b9" testName="AppSettings_Passing_Valid_Value_Returns_HasErrorsAndErrors (Password)" computerName="PC-SFERRARI" duration="00:00:00.0959024" startTime="2023-01-05T22:15:35.2082472+01:00" endTime="2023-01-05T22:15:35.3081036+01:00" testType="13cdc9d9-ddb5-4fa4-a97d-d965ccfc6d4b" outcome="Passed" testListId="8c84fa94-04c1-424b-9868-57a2d4851a1d" relativeResultsDirectory="a12060d1-c77b-49a6-8934-feb88e22ea4a" />
    <UnitTestResult executionId="16d3c8fb-8dda-45bc-8c69-32860322b75c" testId="36efee68-c1dc-4e09-9f60-dfe91ddb03a8" testName="DefaultSettings_Passing_Invalid_Value_Returns_HasErrorsAndErrors (1a_e)" computerName="PC-SFERRARI" duration="00:00:00.0002170" startTime="2023-01-05T22:15:35.4211202+01:00" endTime="2023-01-05T22:15:35.4215197+01:00" testType="13cdc9d9-ddb5-4fa4-a97d-d965ccfc6d4b" outcome="Passed" testListId="8c84fa94-04c1-424b-9868-57a2d4851a1d" relativeResultsDirectory="16d3c8fb-8dda-45bc-8c69-32860322b75c" />
    <UnitTestResult executionId="5b4537b0-fa34-4bf7-a869-52f4a1c3ced9" testId="7a7071ac-6989-41b7-bda2-75c7a9ec732b" testName="AppSettings_Encrypt_Passing_Value_String_Returns_Value_Encrypted" computerName="PC-SFERRARI" duration="00:00:00.0074560" startTime="2023-01-05T22:15:31.2830519+01:00" endTime="2023-01-05T22:15:31.2908362+01:00" testType="13cdc9d9-ddb5-4fa4-a97d-d965ccfc6d4b" outcome="Passed" testListId="8c84fa94-04c1-424b-9868-57a2d4851a1d" relativeResultsDirectory="5b4537b0-fa34-4bf7-a869-52f4a1c3ced9" />
    <UnitTestResult executionId="8d04fa72-eb74-422f-8567-0a61f1cef197" testId="3886cc21-3100-4b35-900f-aa8970b7847e" testName="DefaultSettings_Passing_Valid_Value_Returns_HasErrorsAndErrors (PasswordServiceTest)" computerName="PC-SFERRARI" duration="00:00:00.0867209" startTime="2023-01-05T22:15:35.5105827+01:00" endTime="2023-01-05T22:15:35.5975197+01:00" testType="13cdc9d9-ddb5-4fa4-a97d-d965ccfc6d4b" outcome="Passed" testListId="8c84fa94-04c1-424b-9868-57a2d4851a1d" relativeResultsDirectory="8d04fa72-eb74-422f-8567-0a61f1cef197" />
    <UnitTestResult executionId="ba281fc6-a97b-44cf-b57d-7383d606ff0b" testId="1a7f13e2-56f4-411a-a911-e50a6ee7881a" testName="RequireEspecialCharacters_Passing_Invalid_Value_Returns_HasErrorsAndErrors (PasswordServiceTest)" computerName="PC-SFERRARI" duration="00:00:00.0001612" startTime="2023-01-05T22:15:35.6022582+01:00" endTime="2023-01-05T22:15:35.6025112+01:00" testType="13cdc9d9-ddb5-4fa4-a97d-d965ccfc6d4b" outcome="Passed" testListId="8c84fa94-04c1-424b-9868-57a2d4851a1d" relativeResultsDirectory="ba281fc6-a97b-44cf-b57d-7383d606ff0b" />
    <UnitTestResult executionId="03e5d4e9-3608-4fdf-9bef-da2e4c33c0c4" testId="8e85b930-bdad-4e66-9f8b-ba9d92dfd5f9" testName="JsonWebTokenOptions_Passing_Enabled_Settings_Returns_ApplicationException" computerName="PC-SFERRARI" duration="00:00:00.0008281" startTime="2023-01-05T22:15:34.8646144+01:00" endTime="2023-01-05T22:15:34.8656165+01:00" testType="13cdc9d9-ddb5-4fa4-a97d-d965ccfc6d4b" outcome="Passed" testListId="8c84fa94-04c1-424b-9868-57a2d4851a1d" relativeResultsDirectory="03e5d4e9-3608-4fdf-9bef-da2e4c33c0c4" />
    <UnitTestResult executionId="c0c540f7-0820-4d8f-8d06-dba2c013fd9b" testId="e2e21e72-2381-4fa6-b3f7-0238ace027dc" testName="EncryptorOptions_Encrypt_Passing_Value_String_Returns_Value_Encrypted" computerName="PC-SFERRARI" duration="00:00:00.0019660" startTime="2023-01-05T22:15:31.2946985+01:00" endTime="2023-01-05T22:15:31.2967936+01:00" testType="13cdc9d9-ddb5-4fa4-a97d-d965ccfc6d4b" outcome="Passed" testListId="8c84fa94-04c1-424b-9868-57a2d4851a1d" relativeResultsDirectory="c0c540f7-0820-4d8f-8d06-dba2c013fd9b" />
    <UnitTestResult executionId="c59c407c-1db3-4756-bfde-783a4d376cdb" testId="87296284-10d9-4c17-a7ed-785794baa464" testName="JsonWebTokenOptions_Passing_Empties_Claims_To_Service_Returns_ApplicationException" computerName="PC-SFERRARI" duration="00:00:00.1003577" startTime="2023-01-05T22:15:34.7628107+01:00" endTime="2023-01-05T22:15:34.8633977+01:00" testType="13cdc9d9-ddb5-4fa4-a97d-d965ccfc6d4b" outcome="Passed" testListId="8c84fa94-04c1-424b-9868-57a2d4851a1d" relativeResultsDirectory="c59c407c-1db3-4756-bfde-783a4d376cdb" />
    <UnitTestResult executionId="dd6ac64d-5cf6-489e-b0d9-294a5427a1f5" testId="5fdf2c77-7083-48a8-ba6d-4eab2c4b9521" testName="AppSettings_Passing_Valid_Value_Returns_HasErrorsAndErrors (PasswordServiceTest)" computerName="PC-SFERRARI" duration="00:00:00.0969669" startTime="2023-01-05T22:15:35.3082137+01:00" endTime="2023-01-05T22:15:35.4054839+01:00" testType="13cdc9d9-ddb5-4fa4-a97d-d965ccfc6d4b" outcome="Passed" testListId="8c84fa94-04c1-424b-9868-57a2d4851a1d" relativeResultsDirectory="dd6ac64d-5cf6-489e-b0d9-294a5427a1f5" />
    <UnitTestResult executionId="18701621-5e99-4164-a37b-e1ad4743ba81" testId="acc81d17-b613-4f5e-b870-428e156624d2" testName="JsonWebTokenSettings_Passing_Enabled_Settings_Returns_ApplicationException" computerName="PC-SFERRARI" duration="00:00:00.0003590" startTime="2023-01-05T22:15:35.2077616+01:00" endTime="2023-01-05T22:15:35.2082071+01:00" testType="13cdc9d9-ddb5-4fa4-a97d-d965ccfc6d4b" outcome="Passed" testListId="8c84fa94-04c1-424b-9868-57a2d4851a1d" relativeResultsDirectory="18701621-5e99-4164-a37b-e1ad4743ba81" />
    <UnitTestResult executionId="7cedb110-589e-4de6-9f07-ac2509b0d5bc" testId="8c7d362b-674e-4748-9b93-a515edddf890" testName="RequireEspecialCharacters_Passing_Invalid_Value_Returns_HasErrorsAndErrors (Password)" computerName="PC-SFERRARI" duration="00:00:00.0004732" startTime="2023-01-05T22:15:35.6016392+01:00" endTime="2023-01-05T22:15:35.6022147+01:00" testType="13cdc9d9-ddb5-4fa4-a97d-d965ccfc6d4b" outcome="Passed" testListId="8c84fa94-04c1-424b-9868-57a2d4851a1d" relativeResultsDirectory="7cedb110-589e-4de6-9f07-ac2509b0d5bc" />
    <UnitTestResult executionId="cc2b1e1b-892f-419d-b7b9-5ed919dfdb2d" testId="0817f318-ec6c-4a04-bac6-2d7d2293f9c2" testName="RequireDigit_Passing_Invalid_Value_Returns_HasErrorsAndErrors (Password)" computerName="PC-SFERRARI" duration="00:00:00.0032394" startTime="2023-01-05T22:15:35.5976070+01:00" endTime="2023-01-05T22:15:35.6010891+01:00" testType="13cdc9d9-ddb5-4fa4-a97d-d965ccfc6d4b" outcome="Passed" testListId="8c84fa94-04c1-424b-9868-57a2d4851a1d" relativeResultsDirectory="cc2b1e1b-892f-419d-b7b9-5ed919dfdb2d" />
    <UnitTestResult executionId="b80b8b22-0780-4e01-8617-bd080fe4aabd" testId="bc251c9a-90f9-4ce4-a666-b52799b63b4e" testName="JsonWebTokenOptions_Passing_All_Values_Returns_Values" computerName="PC-SFERRARI" duration="00:00:00.0698950" startTime="2023-01-05T22:15:34.4849143+01:00" endTime="2023-01-05T22:15:34.5550472+01:00" testType="13cdc9d9-ddb5-4fa4-a97d-d965ccfc6d4b" outcome="Passed" testListId="8c84fa94-04c1-424b-9868-57a2d4851a1d" relativeResultsDirectory="b80b8b22-0780-4e01-8617-bd080fe4aabd" />
    <UnitTestResult executionId="bceff54e-9697-4a81-aef0-fcaf4822cb54" testId="b6b51708-d938-4853-b062-4f54ee3f9b62" testName="RequireUppercase_Passing_Invalid_Value_Returns_HasErrorsAndErrors (password)" computerName="PC-SFERRARI" duration="00:00:00.0006261" startTime="2023-01-05T22:15:35.6078152+01:00" endTime="2023-01-05T22:15:35.6086566+01:00" testType="13cdc9d9-ddb5-4fa4-a97d-d965ccfc6d4b" outcome="Passed" testListId="8c84fa94-04c1-424b-9868-57a2d4851a1d" relativeResultsDirectory="bceff54e-9697-4a81-aef0-fcaf4822cb54" />
    <UnitTestResult executionId="d39d18f4-b3ae-4cc9-b278-aaf18584b1fe" testId="c26e5ee1-d6d0-4aa2-8e02-44bd4baf3467" testName="JsonWebTokenOptions_Passing_Empties_Settings_Returns_ApplicationException_GetAuthJsonWebToken" computerName="PC-SFERRARI" duration="00:00:00.0007996" startTime="2023-01-05T22:15:34.8635237+01:00" endTime="2023-01-05T22:15:34.8644931+01:00" testType="13cdc9d9-ddb5-4fa4-a97d-d965ccfc6d4b" outcome="Passed" testListId="8c84fa94-04c1-424b-9868-57a2d4851a1d" relativeResultsDirectory="d39d18f4-b3ae-4cc9-b278-aaf18584b1fe" />
    <UnitTestResult executionId="a37edb1f-ef4e-4577-aa9d-06017a7ab54e" testId="cd9e846c-98eb-4ae7-ba7a-ae744f678dad" testName="AppSettings_Encrypt_Passing_Value_Object_Returns_Object_Encrypted" computerName="PC-SFERRARI" duration="00:00:00.1401017" startTime="2023-01-05T22:15:31.0865490+01:00" endTime="2023-01-05T22:15:31.2765798+01:00" testType="13cdc9d9-ddb5-4fa4-a97d-d965ccfc6d4b" outcome="Passed" testListId="8c84fa94-04c1-424b-9868-57a2d4851a1d" relativeResultsDirectory="a37edb1f-ef4e-4577-aa9d-06017a7ab54e" />
    <UnitTestResult executionId="6dbd4a29-8de2-446e-ba38-1ee7b2a288bc" testId="25ca15ea-3489-4272-9abd-34f58873b816" testName="DefaultSettings_Passing_Invalid_Value_Returns_HasErrorsAndErrors (Passw)" computerName="PC-SFERRARI" duration="00:00:00.0047911" startTime="2023-01-05T22:15:35.4158821+01:00" endTime="2023-01-05T22:15:35.4210291+01:00" testType="13cdc9d9-ddb5-4fa4-a97d-d965ccfc6d4b" outcome="Passed" testListId="8c84fa94-04c1-424b-9868-57a2d4851a1d" relativeResultsDirectory="6dbd4a29-8de2-446e-ba38-1ee7b2a288bc" />
    <UnitTestResult executionId="31935856-02e2-4fb7-b554-7c8e31ffc508" testId="e6bc3449-a0c8-41ae-bfa0-5d3663b626ae" testName="JsonWebTokenOptions_Passing_Claims_And_Headers_Returns_Values" computerName="PC-SFERRARI" duration="00:00:00.0874717" startTime="2023-01-05T22:15:34.5551358+01:00" endTime="2023-01-05T22:15:34.6428414+01:00" testType="13cdc9d9-ddb5-4fa4-a97d-d965ccfc6d4b" outcome="Passed" testListId="8c84fa94-04c1-424b-9868-57a2d4851a1d" relativeResultsDirectory="31935856-02e2-4fb7-b554-7c8e31ffc508" />
  </Results>
  <TestDefinitions>
    <UnitTest name="RequireEspecialCharacters_Passing_Invalid_Value_Returns_HasErrorsAndErrors (PasswordServiceTest)" storage="d:\sferrari\01_trabajo\repos\netcore\libs\template-netcore-security\kitpymes.core.security.tests\bin\debug\net7.0\kitpymes.core.security.tests.dll" id="1a7f13e2-56f4-411a-a911-e50a6ee7881a">
      <Execution id="ba281fc6-a97b-44cf-b57d-7383d606ff0b" />
      <TestMethod codeBase="D:\SFERRARI\01_TRABAJO\repos\netcore\libs\template-netcore-security\Kitpymes.Core.Security.Tests\bin\Debug\net7.0\Kitpymes.Core.Security.Tests.dll" adapterTypeName="executor://mstestadapter/v2" className="Kitypmes.Core.Security.Tests.PasswordServiceTest" name="RequireEspecialCharacters_Passing_Invalid_Value_Returns_HasErrorsAndErrors" />
    </UnitTest>
    <UnitTest name="JsonWebTokenOptions_Passing_Empties_Settings_Returns_ApplicationException_GetAuthJsonWebToken" storage="d:\sferrari\01_trabajo\repos\netcore\libs\template-netcore-security\kitpymes.core.security.tests\bin\debug\net7.0\kitpymes.core.security.tests.dll" id="c26e5ee1-d6d0-4aa2-8e02-44bd4baf3467">
      <Execution id="d39d18f4-b3ae-4cc9-b278-aaf18584b1fe" />
      <TestMethod codeBase="D:\SFERRARI\01_TRABAJO\repos\netcore\libs\template-netcore-security\Kitpymes.Core.Security.Tests\bin\Debug\net7.0\Kitpymes.Core.Security.Tests.dll" adapterTypeName="executor://mstestadapter/v2" className="Kitypmes.Core.Security.Tests.JsonWebTokenServiceTest" name="JsonWebTokenOptions_Passing_Empties_Settings_Returns_ApplicationException_GetAuthJsonWebToken" />
    </UnitTest>
    <UnitTest name="EncryptorOptions_Encrypt_Passing_Value_Object_Returns_Object_Encrypted" storage="d:\sferrari\01_trabajo\repos\netcore\libs\template-netcore-security\kitpymes.core.security.tests\bin\debug\net7.0\kitpymes.core.security.tests.dll" id="73fddd31-10d3-4241-8c80-2d937556db2b">
      <Execution id="6834adec-f791-47e0-9fb1-136fb807e4b6" />
      <TestMethod codeBase="D:\SFERRARI\01_TRABAJO\repos\netcore\libs\template-netcore-security\Kitpymes.Core.Security.Tests\bin\Debug\net7.0\Kitpymes.Core.Security.Tests.dll" adapterTypeName="executor://mstestadapter/v2" className="Kitypmes.Core.Security.Tests.EncryptorServiceTest" name="EncryptorOptions_Encrypt_Passing_Value_Object_Returns_Object_Encrypted" />
    </UnitTest>
    <UnitTest name="EncryptorSettings_Encrypt_Passing_Value_Object_Returns_Object_Encrypted" storage="d:\sferrari\01_trabajo\repos\netcore\libs\template-netcore-security\kitpymes.core.security.tests\bin\debug\net7.0\kitpymes.core.security.tests.dll" id="607cc780-ea99-48df-8653-60398ba42d49">
      <Execution id="1d2c616f-1d06-4221-9c00-184d889e0865" />
      <TestMethod codeBase="D:\SFERRARI\01_TRABAJO\repos\netcore\libs\template-netcore-security\Kitpymes.Core.Security.Tests\bin\Debug\net7.0\Kitpymes.Core.Security.Tests.dll" adapterTypeName="executor://mstestadapter/v2" className="Kitypmes.Core.Security.Tests.EncryptorServiceTest" name="EncryptorSettings_Encrypt_Passing_Value_Object_Returns_Object_Encrypted" />
    </UnitTest>
    <UnitTest name="RequiredUniqueChars_Passing_Invalid_Value_Returns_HasErrorsAndErrors (PasswordServiceTest)" storage="d:\sferrari\01_trabajo\repos\netcore\libs\template-netcore-security\kitpymes.core.security.tests\bin\debug\net7.0\kitpymes.core.security.tests.dll" id="f8a0df01-340c-4e19-9ef9-e88cc7025321">
      <Execution id="c6e061cf-0025-431a-8f88-72b3891c1a78" />
      <TestMethod codeBase="D:\SFERRARI\01_TRABAJO\repos\netcore\libs\template-netcore-security\Kitpymes.Core.Security.Tests\bin\Debug\net7.0\Kitpymes.Core.Security.Tests.dll" adapterTypeName="executor://mstestadapter/v2" className="Kitypmes.Core.Security.Tests.PasswordServiceTest" name="RequiredUniqueChars_Passing_Invalid_Value_Returns_HasErrorsAndErrors" />
    </UnitTest>
    <UnitTest name="JsonWebTokenOptions_Passing_Claims_And_Headers_Returns_Values" storage="d:\sferrari\01_trabajo\repos\netcore\libs\template-netcore-security\kitpymes.core.security.tests\bin\debug\net7.0\kitpymes.core.security.tests.dll" id="e6bc3449-a0c8-41ae-bfa0-5d3663b626ae">
      <Execution id="31935856-02e2-4fb7-b554-7c8e31ffc508" />
      <TestMethod codeBase="D:\SFERRARI\01_TRABAJO\repos\netcore\libs\template-netcore-security\Kitpymes.Core.Security.Tests\bin\Debug\net7.0\Kitpymes.Core.Security.Tests.dll" adapterTypeName="executor://mstestadapter/v2" className="Kitypmes.Core.Security.Tests.JsonWebTokenServiceTest" name="JsonWebTokenOptions_Passing_Claims_And_Headers_Returns_Values" />
    </UnitTest>
    <UnitTest name="RequiredMinLength_Passing_Invalid_Value_Returns_HasErrorsAndErrors (PasswordServiceTest)" storage="d:\sferrari\01_trabajo\repos\netcore\libs\template-netcore-security\kitpymes.core.security.tests\bin\debug\net7.0\kitpymes.core.security.tests.dll" id="9ae57e1e-7d0d-4191-a48b-15c845e46449">
      <Execution id="feaea9ee-9d70-454e-8de6-2b4742ded017" />
      <TestMethod codeBase="D:\SFERRARI\01_TRABAJO\repos\netcore\libs\template-netcore-security\Kitpymes.Core.Security.Tests\bin\Debug\net7.0\Kitpymes.Core.Security.Tests.dll" adapterTypeName="executor://mstestadapter/v2" className="Kitypmes.Core.Security.Tests.PasswordServiceTest" name="RequiredMinLength_Passing_Invalid_Value_Returns_HasErrorsAndErrors" />
    </UnitTest>
    <UnitTest name="RequiredMinLength_Passing_Invalid_Value_Returns_HasErrorsAndErrors (Password)" storage="d:\sferrari\01_trabajo\repos\netcore\libs\template-netcore-security\kitpymes.core.security.tests\bin\debug\net7.0\kitpymes.core.security.tests.dll" id="d007381e-658d-4388-b16a-6a0ad73991e1">
      <Execution id="8dfb1731-ca29-4442-9841-1dbf2575f7fd" />
      <TestMethod codeBase="D:\SFERRARI\01_TRABAJO\repos\netcore\libs\template-netcore-security\Kitpymes.Core.Security.Tests\bin\Debug\net7.0\Kitpymes.Core.Security.Tests.dll" adapterTypeName="executor://mstestadapter/v2" className="Kitypmes.Core.Security.Tests.PasswordServiceTest" name="RequiredMinLength_Passing_Invalid_Value_Returns_HasErrorsAndErrors" />
    </UnitTest>
    <UnitTest name="CreateRandom_WithLoadSettings_Returns_PlainPassword_Value" storage="d:\sferrari\01_trabajo\repos\netcore\libs\template-netcore-security\kitpymes.core.security.tests\bin\debug\net7.0\kitpymes.core.security.tests.dll" id="7b241aa1-5fa5-40de-8829-0bd93778c76e">
      <Execution id="81d9c353-f25e-422d-837e-db6263ce5a3d" />
      <TestMethod codeBase="D:\SFERRARI\01_TRABAJO\repos\netcore\libs\template-netcore-security\Kitpymes.Core.Security.Tests\bin\Debug\net7.0\Kitpymes.Core.Security.Tests.dll" adapterTypeName="executor://mstestadapter/v2" className="Kitypmes.Core.Security.Tests.PasswordServiceTest" name="CreateRandom_WithLoadSettings_Returns_PlainPassword_Value" />
    </UnitTest>
    <UnitTest name="JsonWebTokenOptions_Passing_Enabled_Settings_Returns_ApplicationException" storage="d:\sferrari\01_trabajo\repos\netcore\libs\template-netcore-security\kitpymes.core.security.tests\bin\debug\net7.0\kitpymes.core.security.tests.dll" id="8e85b930-bdad-4e66-9f8b-ba9d92dfd5f9">
      <Execution id="03e5d4e9-3608-4fdf-9bef-da2e4c33c0c4" />
      <TestMethod codeBase="D:\SFERRARI\01_TRABAJO\repos\netcore\libs\template-netcore-security\Kitpymes.Core.Security.Tests\bin\Debug\net7.0\Kitpymes.Core.Security.Tests.dll" adapterTypeName="executor://mstestadapter/v2" className="Kitypmes.Core.Security.Tests.JsonWebTokenServiceTest" name="JsonWebTokenOptions_Passing_Enabled_Settings_Returns_ApplicationException" />
    </UnitTest>
    <UnitTest name="DefaultSettings_Passing_Valid_Value_Returns_HasErrorsAndErrors (Password)" storage="d:\sferrari\01_trabajo\repos\netcore\libs\template-netcore-security\kitpymes.core.security.tests\bin\debug\net7.0\kitpymes.core.security.tests.dll" id="897555e6-9b93-44af-835c-898ed481ddd2">
      <Execution id="d651eae3-abdb-46a6-a832-5c80b15ca7ed" />
      <TestMethod codeBase="D:\SFERRARI\01_TRABAJO\repos\netcore\libs\template-netcore-security\Kitpymes.Core.Security.Tests\bin\Debug\net7.0\Kitpymes.Core.Security.Tests.dll" adapterTypeName="executor://mstestadapter/v2" className="Kitypmes.Core.Security.Tests.PasswordServiceTest" name="DefaultSettings_Passing_Valid_Value_Returns_HasErrorsAndErrors" />
    </UnitTest>
    <UnitTest name="DefaultSettings_Passing_Invalid_Value_Returns_HasErrorsAndErrors (Passw)" storage="d:\sferrari\01_trabajo\repos\netcore\libs\template-netcore-security\kitpymes.core.security.tests\bin\debug\net7.0\kitpymes.core.security.tests.dll" id="25ca15ea-3489-4272-9abd-34f58873b816">
      <Execution id="6dbd4a29-8de2-446e-ba38-1ee7b2a288bc" />
      <TestMethod codeBase="D:\SFERRARI\01_TRABAJO\repos\netcore\libs\template-netcore-security\Kitpymes.Core.Security.Tests\bin\Debug\net7.0\Kitpymes.Core.Security.Tests.dll" adapterTypeName="executor://mstestadapter/v2" className="Kitypmes.Core.Security.Tests.PasswordServiceTest" name="DefaultSettings_Passing_Invalid_Value_Returns_HasErrorsAndErrors" />
    </UnitTest>
    <UnitTest name="EncryptorSettings_Encrypt_Passing_Value_String_Returns_Value_Encrypted" storage="d:\sferrari\01_trabajo\repos\netcore\libs\template-netcore-security\kitpymes.core.security.tests\bin\debug\net7.0\kitpymes.core.security.tests.dll" id="9ee223d6-470f-4808-b9b1-952eae36864c">
      <Execution id="5da4fb9a-e4c8-4271-998b-a4d476d85080" />
      <TestMethod codeBase="D:\SFERRARI\01_TRABAJO\repos\netcore\libs\template-netcore-security\Kitpymes.Core.Security.Tests\bin\Debug\net7.0\Kitpymes.Core.Security.Tests.dll" adapterTypeName="executor://mstestadapter/v2" className="Kitypmes.Core.Security.Tests.EncryptorServiceTest" name="EncryptorSettings_Encrypt_Passing_Value_String_Returns_Value_Encrypted" />
    </UnitTest>
    <UnitTest name="RequireEspecialCharacters_Passing_Invalid_Value_Returns_HasErrorsAndErrors (Password)" storage="d:\sferrari\01_trabajo\repos\netcore\libs\template-netcore-security\kitpymes.core.security.tests\bin\debug\net7.0\kitpymes.core.security.tests.dll" id="8c7d362b-674e-4748-9b93-a515edddf890">
      <Execution id="7cedb110-589e-4de6-9f07-ac2509b0d5bc" />
      <TestMethod codeBase="D:\SFERRARI\01_TRABAJO\repos\netcore\libs\template-netcore-security\Kitpymes.Core.Security.Tests\bin\Debug\net7.0\Kitpymes.Core.Security.Tests.dll" adapterTypeName="executor://mstestadapter/v2" className="Kitypmes.Core.Security.Tests.PasswordServiceTest" name="RequireEspecialCharacters_Passing_Invalid_Value_Returns_HasErrorsAndErrors" />
    </UnitTest>
    <UnitTest name="DefaultSettings_Passing_Invalid_Value_Returns_HasErrorsAndErrors (1a_e)" storage="d:\sferrari\01_trabajo\repos\netcore\libs\template-netcore-security\kitpymes.core.security.tests\bin\debug\net7.0\kitpymes.core.security.tests.dll" id="36efee68-c1dc-4e09-9f60-dfe91ddb03a8">
      <Execution id="16d3c8fb-8dda-45bc-8c69-32860322b75c" />
      <TestMethod codeBase="D:\SFERRARI\01_TRABAJO\repos\netcore\libs\template-netcore-security\Kitpymes.Core.Security.Tests\bin\Debug\net7.0\Kitpymes.Core.Security.Tests.dll" adapterTypeName="executor://mstestadapter/v2" className="Kitypmes.Core.Security.Tests.PasswordServiceTest" name="DefaultSettings_Passing_Invalid_Value_Returns_HasErrorsAndErrors" />
    </UnitTest>
    <UnitTest name="JsonWebTokenSettings_Passing_Empties_Settings_Returns_ApplicationException_GetAuthJsonWebToken" storage="d:\sferrari\01_trabajo\repos\netcore\libs\template-netcore-security\kitpymes.core.security.tests\bin\debug\net7.0\kitpymes.core.security.tests.dll" id="1d99c989-7a14-40df-8634-732fb335ade4">
      <Execution id="b661adec-69fa-4f73-8e27-aff0c9cee335" />
      <TestMethod codeBase="D:\SFERRARI\01_TRABAJO\repos\netcore\libs\template-netcore-security\Kitpymes.Core.Security.Tests\bin\Debug\net7.0\Kitpymes.Core.Security.Tests.dll" adapterTypeName="executor://mstestadapter/v2" className="Kitypmes.Core.Security.Tests.JsonWebTokenServiceTest" name="JsonWebTokenSettings_Passing_Empties_Settings_Returns_ApplicationException_GetAuthJsonWebToken" />
    </UnitTest>
    <UnitTest name="JsonWebTokenSettings_Passing_Claims_Returns_Values" storage="d:\sferrari\01_trabajo\repos\netcore\libs\template-netcore-security\kitpymes.core.security.tests\bin\debug\net7.0\kitpymes.core.security.tests.dll" id="1ed3f3ca-5721-4194-ac8c-7eb3317fc9ee">
      <Execution id="8d77fa97-7556-4167-83f4-b5273def381e" />
      <TestMethod codeBase="D:\SFERRARI\01_TRABAJO\repos\netcore\libs\template-netcore-security\Kitpymes.Core.Security.Tests\bin\Debug\net7.0\Kitpymes.Core.Security.Tests.dll" adapterTypeName="executor://mstestadapter/v2" className="Kitypmes.Core.Security.Tests.JsonWebTokenServiceTest" name="JsonWebTokenSettings_Passing_Claims_Returns_Values" />
    </UnitTest>
    <UnitTest name="EncryptorOptions_Encrypt_Passing_Value_String_Returns_Value_Encrypted" storage="d:\sferrari\01_trabajo\repos\netcore\libs\template-netcore-security\kitpymes.core.security.tests\bin\debug\net7.0\kitpymes.core.security.tests.dll" id="e2e21e72-2381-4fa6-b3f7-0238ace027dc">
      <Execution id="c0c540f7-0820-4d8f-8d06-dba2c013fd9b" />
      <TestMethod codeBase="D:\SFERRARI\01_TRABAJO\repos\netcore\libs\template-netcore-security\Kitpymes.Core.Security.Tests\bin\Debug\net7.0\Kitpymes.Core.Security.Tests.dll" adapterTypeName="executor://mstestadapter/v2" className="Kitypmes.Core.Security.Tests.EncryptorServiceTest" name="EncryptorOptions_Encrypt_Passing_Value_String_Returns_Value_Encrypted" />
    </UnitTest>
    <UnitTest name="CreateRandom_WithCustomSettings_Returns_PlainPassword_Value" storage="d:\sferrari\01_trabajo\repos\netcore\libs\template-netcore-security\kitpymes.core.security.tests\bin\debug\net7.0\kitpymes.core.security.tests.dll" id="b11b8306-5218-4c20-9a27-a56eff503087">
      <Execution id="1c284118-b741-424f-88ab-bdf247fa0d09" />
      <TestMethod codeBase="D:\SFERRARI\01_TRABAJO\repos\netcore\libs\template-netcore-security\Kitpymes.Core.Security.Tests\bin\Debug\net7.0\Kitpymes.Core.Security.Tests.dll" adapterTypeName="executor://mstestadapter/v2" className="Kitypmes.Core.Security.Tests.PasswordServiceTest" name="CreateRandom_WithCustomSettings_Returns_PlainPassword_Value" />
    </UnitTest>
    <UnitTest name="RequireDigit_Passing_Invalid_Value_Returns_HasErrorsAndErrors (PasswordServiceTest)" storage="d:\sferrari\01_trabajo\repos\netcore\libs\template-netcore-security\kitpymes.core.security.tests\bin\debug\net7.0\kitpymes.core.security.tests.dll" id="32a4d183-edb0-4324-818d-6eb220c464fd">
      <Execution id="9e77508d-9173-45a3-a00d-1e745d464a35" />
      <TestMethod codeBase="D:\SFERRARI\01_TRABAJO\repos\netcore\libs\template-netcore-security\Kitpymes.Core.Security.Tests\bin\Debug\net7.0\Kitpymes.Core.Security.Tests.dll" adapterTypeName="executor://mstestadapter/v2" className="Kitypmes.Core.Security.Tests.PasswordServiceTest" name="RequireDigit_Passing_Invalid_Value_Returns_HasErrorsAndErrors" />
    </UnitTest>
    <UnitTest name="JsonWebTokenOptions_Passing_All_Values_Returns_Values" storage="d:\sferrari\01_trabajo\repos\netcore\libs\template-netcore-security\kitpymes.core.security.tests\bin\debug\net7.0\kitpymes.core.security.tests.dll" id="bc251c9a-90f9-4ce4-a666-b52799b63b4e">
      <Execution id="b80b8b22-0780-4e01-8617-bd080fe4aabd" />
      <TestMethod codeBase="D:\SFERRARI\01_TRABAJO\repos\netcore\libs\template-netcore-security\Kitpymes.Core.Security.Tests\bin\Debug\net7.0\Kitpymes.Core.Security.Tests.dll" adapterTypeName="executor://mstestadapter/v2" className="Kitypmes.Core.Security.Tests.JsonWebTokenServiceTest" name="JsonWebTokenOptions_Passing_All_Values_Returns_Values" />
    </UnitTest>
    <UnitTest name="JsonWebTokenOptions_Passing_Empties_Claims_To_Service_Returns_ApplicationException" storage="d:\sferrari\01_trabajo\repos\netcore\libs\template-netcore-security\kitpymes.core.security.tests\bin\debug\net7.0\kitpymes.core.security.tests.dll" id="87296284-10d9-4c17-a7ed-785794baa464">
      <Execution id="c59c407c-1db3-4756-bfde-783a4d376cdb" />
      <TestMethod codeBase="D:\SFERRARI\01_TRABAJO\repos\netcore\libs\template-netcore-security\Kitpymes.Core.Security.Tests\bin\Debug\net7.0\Kitpymes.Core.Security.Tests.dll" adapterTypeName="executor://mstestadapter/v2" className="Kitypmes.Core.Security.Tests.JsonWebTokenServiceTest" name="JsonWebTokenOptions_Passing_Empties_Claims_To_Service_Returns_ApplicationException" />
    </UnitTest>
    <UnitTest name="JsonWebTokenSettings_Passing_Claims_And_Headers_Returns_Values" storage="d:\sferrari\01_trabajo\repos\netcore\libs\template-netcore-security\kitpymes.core.security.tests\bin\debug\net7.0\kitpymes.core.security.tests.dll" id="e7367ff7-6b2c-4123-803e-4556b849c43c">
      <Execution id="1592d71c-0480-426c-96e8-5df7a88a8cbe" />
      <TestMethod codeBase="D:\SFERRARI\01_TRABAJO\repos\netcore\libs\template-netcore-security\Kitpymes.Core.Security.Tests\bin\Debug\net7.0\Kitpymes.Core.Security.Tests.dll" adapterTypeName="executor://mstestadapter/v2" className="Kitypmes.Core.Security.Tests.JsonWebTokenServiceTest" name="JsonWebTokenSettings_Passing_Claims_And_Headers_Returns_Values" />
    </UnitTest>
    <UnitTest name="JsonWebTokenSettings_Passing_All_Values_Returns_Values" storage="d:\sferrari\01_trabajo\repos\netcore\libs\template-netcore-security\kitpymes.core.security.tests\bin\debug\net7.0\kitpymes.core.security.tests.dll" id="9c9d1e9f-ca92-4f1c-b7db-38155ecf4db6">
      <Execution id="78adde18-535c-4f7c-aebc-904119a0dec9" />
      <TestMethod codeBase="D:\SFERRARI\01_TRABAJO\repos\netcore\libs\template-netcore-security\Kitpymes.Core.Security.Tests\bin\Debug\net7.0\Kitpymes.Core.Security.Tests.dll" adapterTypeName="executor://mstestadapter/v2" className="Kitypmes.Core.Security.Tests.JsonWebTokenServiceTest" name="JsonWebTokenSettings_Passing_All_Values_Returns_Values" />
    </UnitTest>
    <UnitTest name="AppSettings_Passing_All_Values_Returns_Values" storage="d:\sferrari\01_trabajo\repos\netcore\libs\template-netcore-security\kitpymes.core.security.tests\bin\debug\net7.0\kitpymes.core.security.tests.dll" id="0093f4a4-48ea-47d7-b545-039e88cb2748">
      <Execution id="2b337b76-0c4d-4eb0-967e-51abcec73622" />
      <TestMethod codeBase="D:\SFERRARI\01_TRABAJO\repos\netcore\libs\template-netcore-security\Kitpymes.Core.Security.Tests\bin\Debug\net7.0\Kitpymes.Core.Security.Tests.dll" adapterTypeName="executor://mstestadapter/v2" className="Kitypmes.Core.Security.Tests.JsonWebTokenServiceTest" name="AppSettings_Passing_All_Values_Returns_Values" />
    </UnitTest>
    <UnitTest name="RequireUppercase_Passing_Invalid_Value_Returns_HasErrorsAndErrors (password)" storage="d:\sferrari\01_trabajo\repos\netcore\libs\template-netcore-security\kitpymes.core.security.tests\bin\debug\net7.0\kitpymes.core.security.tests.dll" id="b6b51708-d938-4853-b062-4f54ee3f9b62">
      <Execution id="bceff54e-9697-4a81-aef0-fcaf4822cb54" />
      <TestMethod codeBase="D:\SFERRARI\01_TRABAJO\repos\netcore\libs\template-netcore-security\Kitpymes.Core.Security.Tests\bin\Debug\net7.0\Kitpymes.Core.Security.Tests.dll" adapterTypeName="executor://mstestadapter/v2" className="Kitypmes.Core.Security.Tests.PasswordServiceTest" name="RequireUppercase_Passing_Invalid_Value_Returns_HasErrorsAndErrors" />
    </UnitTest>
    <UnitTest name="AppSettings_Passing_Valid_Value_Returns_HasErrorsAndErrors (Password)" storage="d:\sferrari\01_trabajo\repos\netcore\libs\template-netcore-security\kitpymes.core.security.tests\bin\debug\net7.0\kitpymes.core.security.tests.dll" id="c7435c98-577f-4b7a-b4f3-48f83e4c77b9">
      <Execution id="a12060d1-c77b-49a6-8934-feb88e22ea4a" />
      <TestMethod codeBase="D:\SFERRARI\01_TRABAJO\repos\netcore\libs\template-netcore-security\Kitpymes.Core.Security.Tests\bin\Debug\net7.0\Kitpymes.Core.Security.Tests.dll" adapterTypeName="executor://mstestadapter/v2" className="Kitypmes.Core.Security.Tests.PasswordServiceTest" name="AppSettings_Passing_Valid_Value_Returns_HasErrorsAndErrors" />
    </UnitTest>
    <UnitTest name="AppSettings_Encrypt_Passing_Value_String_Returns_Value_Encrypted" storage="d:\sferrari\01_trabajo\repos\netcore\libs\template-netcore-security\kitpymes.core.security.tests\bin\debug\net7.0\kitpymes.core.security.tests.dll" id="7a7071ac-6989-41b7-bda2-75c7a9ec732b">
      <Execution id="5b4537b0-fa34-4bf7-a869-52f4a1c3ced9" />
      <TestMethod codeBase="D:\SFERRARI\01_TRABAJO\repos\netcore\libs\template-netcore-security\Kitpymes.Core.Security.Tests\bin\Debug\net7.0\Kitpymes.Core.Security.Tests.dll" adapterTypeName="executor://mstestadapter/v2" className="Kitypmes.Core.Security.Tests.EncryptorServiceTest" name="AppSettings_Encrypt_Passing_Value_String_Returns_Value_Encrypted" />
    </UnitTest>
    <UnitTest name="JsonWebTokenSettings_Passing_Enabled_Settings_Returns_ApplicationException" storage="d:\sferrari\01_trabajo\repos\netcore\libs\template-netcore-security\kitpymes.core.security.tests\bin\debug\net7.0\kitpymes.core.security.tests.dll" id="acc81d17-b613-4f5e-b870-428e156624d2">
      <Execution id="18701621-5e99-4164-a37b-e1ad4743ba81" />
      <TestMethod codeBase="D:\SFERRARI\01_TRABAJO\repos\netcore\libs\template-netcore-security\Kitpymes.Core.Security.Tests\bin\Debug\net7.0\Kitpymes.Core.Security.Tests.dll" adapterTypeName="executor://mstestadapter/v2" className="Kitypmes.Core.Security.Tests.JsonWebTokenServiceTest" name="JsonWebTokenSettings_Passing_Enabled_Settings_Returns_ApplicationException" />
    </UnitTest>
    <UnitTest name="DefaultSettings_Passing_Valid_Value_Returns_HasErrorsAndErrors (PasswordServiceTest)" storage="d:\sferrari\01_trabajo\repos\netcore\libs\template-netcore-security\kitpymes.core.security.tests\bin\debug\net7.0\kitpymes.core.security.tests.dll" id="3886cc21-3100-4b35-900f-aa8970b7847e">
      <Execution id="8d04fa72-eb74-422f-8567-0a61f1cef197" />
      <TestMethod codeBase="D:\SFERRARI\01_TRABAJO\repos\netcore\libs\template-netcore-security\Kitpymes.Core.Security.Tests\bin\Debug\net7.0\Kitpymes.Core.Security.Tests.dll" adapterTypeName="executor://mstestadapter/v2" className="Kitypmes.Core.Security.Tests.PasswordServiceTest" name="DefaultSettings_Passing_Valid_Value_Returns_HasErrorsAndErrors" />
    </UnitTest>
    <UnitTest name="JsonWebTokenOptions_Passing_Claims_To_Service_Returns_Values" storage="d:\sferrari\01_trabajo\repos\netcore\libs\template-netcore-security\kitpymes.core.security.tests\bin\debug\net7.0\kitpymes.core.security.tests.dll" id="10e95cd4-0867-443e-8d8e-b8b42acabd3f">
      <Execution id="9b865fd1-77b3-4f38-b981-b2d074ff102a" />
      <TestMethod codeBase="D:\SFERRARI\01_TRABAJO\repos\netcore\libs\template-netcore-security\Kitpymes.Core.Security.Tests\bin\Debug\net7.0\Kitpymes.Core.Security.Tests.dll" adapterTypeName="executor://mstestadapter/v2" className="Kitypmes.Core.Security.Tests.JsonWebTokenServiceTest" name="JsonWebTokenOptions_Passing_Claims_To_Service_Returns_Values" />
    </UnitTest>
    <UnitTest name="RequireDigit_Passing_Invalid_Value_Returns_HasErrorsAndErrors (Password)" storage="d:\sferrari\01_trabajo\repos\netcore\libs\template-netcore-security\kitpymes.core.security.tests\bin\debug\net7.0\kitpymes.core.security.tests.dll" id="0817f318-ec6c-4a04-bac6-2d7d2293f9c2">
      <Execution id="cc2b1e1b-892f-419d-b7b9-5ed919dfdb2d" />
      <TestMethod codeBase="D:\SFERRARI\01_TRABAJO\repos\netcore\libs\template-netcore-security\Kitpymes.Core.Security.Tests\bin\Debug\net7.0\Kitpymes.Core.Security.Tests.dll" adapterTypeName="executor://mstestadapter/v2" className="Kitypmes.Core.Security.Tests.PasswordServiceTest" name="RequireDigit_Passing_Invalid_Value_Returns_HasErrorsAndErrors" />
    </UnitTest>
    <UnitTest name="JsonWebTokenSettings_Passing_Empties_Claims_Returns_ApplicationException" storage="d:\sferrari\01_trabajo\repos\netcore\libs\template-netcore-security\kitpymes.core.security.tests\bin\debug\net7.0\kitpymes.core.security.tests.dll" id="91058133-e47f-4274-973a-b10c942f2910">
      <Execution id="e93d4d09-ae63-4c5a-ad6a-46d0c6137d83" />
      <TestMethod codeBase="D:\SFERRARI\01_TRABAJO\repos\netcore\libs\template-netcore-security\Kitpymes.Core.Security.Tests\bin\Debug\net7.0\Kitpymes.Core.Security.Tests.dll" adapterTypeName="executor://mstestadapter/v2" className="Kitypmes.Core.Security.Tests.JsonWebTokenServiceTest" name="JsonWebTokenSettings_Passing_Empties_Claims_Returns_ApplicationException" />
    </UnitTest>
    <UnitTest name="AppSettings_Encrypt_Passing_Value_Object_Returns_Object_Encrypted" storage="d:\sferrari\01_trabajo\repos\netcore\libs\template-netcore-security\kitpymes.core.security.tests\bin\debug\net7.0\kitpymes.core.security.tests.dll" id="cd9e846c-98eb-4ae7-ba7a-ae744f678dad">
      <Execution id="a37edb1f-ef4e-4577-aa9d-06017a7ab54e" />
      <TestMethod codeBase="D:\SFERRARI\01_TRABAJO\repos\netcore\libs\template-netcore-security\Kitpymes.Core.Security.Tests\bin\Debug\net7.0\Kitpymes.Core.Security.Tests.dll" adapterTypeName="executor://mstestadapter/v2" className="Kitypmes.Core.Security.Tests.EncryptorServiceTest" name="AppSettings_Encrypt_Passing_Value_Object_Returns_Object_Encrypted" />
    </UnitTest>
    <UnitTest name="AppSettings_Passing_Valid_Value_Returns_HasErrorsAndErrors (PasswordServiceTest)" storage="d:\sferrari\01_trabajo\repos\netcore\libs\template-netcore-security\kitpymes.core.security.tests\bin\debug\net7.0\kitpymes.core.security.tests.dll" id="5fdf2c77-7083-48a8-ba6d-4eab2c4b9521">
      <Execution id="dd6ac64d-5cf6-489e-b0d9-294a5427a1f5" />
      <TestMethod codeBase="D:\SFERRARI\01_TRABAJO\repos\netcore\libs\template-netcore-security\Kitpymes.Core.Security.Tests\bin\Debug\net7.0\Kitpymes.Core.Security.Tests.dll" adapterTypeName="executor://mstestadapter/v2" className="Kitypmes.Core.Security.Tests.PasswordServiceTest" name="AppSettings_Passing_Valid_Value_Returns_HasErrorsAndErrors" />
    </UnitTest>
    <UnitTest name="RequiredUniqueChars_Passing_Invalid_Value_Returns_HasErrorsAndErrors (Password)" storage="d:\sferrari\01_trabajo\repos\netcore\libs\template-netcore-security\kitpymes.core.security.tests\bin\debug\net7.0\kitpymes.core.security.tests.dll" id="e392d1fb-7df2-4d69-85aa-bca9c63423cd">
      <Execution id="7969194a-7847-438b-a065-1b1446e297de" />
      <TestMethod codeBase="D:\SFERRARI\01_TRABAJO\repos\netcore\libs\template-netcore-security\Kitpymes.Core.Security.Tests\bin\Debug\net7.0\Kitpymes.Core.Security.Tests.dll" adapterTypeName="executor://mstestadapter/v2" className="Kitypmes.Core.Security.Tests.PasswordServiceTest" name="RequiredUniqueChars_Passing_Invalid_Value_Returns_HasErrorsAndErrors" />
    </UnitTest>
    <UnitTest name="RequireLowercase_Passing_Invalid_Value_Returns_HasErrorsAndErrors (PASSWORD)" storage="d:\sferrari\01_trabajo\repos\netcore\libs\template-netcore-security\kitpymes.core.security.tests\bin\debug\net7.0\kitpymes.core.security.tests.dll" id="6ba3c391-2c0f-4536-9043-fc29c9a70599">
      <Execution id="43d7d306-dac9-4a3b-89e5-339bf955df2a" />
      <TestMethod codeBase="D:\SFERRARI\01_TRABAJO\repos\netcore\libs\template-netcore-security\Kitpymes.Core.Security.Tests\bin\Debug\net7.0\Kitpymes.Core.Security.Tests.dll" adapterTypeName="executor://mstestadapter/v2" className="Kitypmes.Core.Security.Tests.PasswordServiceTest" name="RequireLowercase_Passing_Invalid_Value_Returns_HasErrorsAndErrors" />
    </UnitTest>
    <UnitTest name="EncryptorOptions_Encrypt_Passing_Value_String_WithLifetime_Returns_CryptographicException_Exprided" storage="d:\sferrari\01_trabajo\repos\netcore\libs\template-netcore-security\kitpymes.core.security.tests\bin\debug\net7.0\kitpymes.core.security.tests.dll" id="28f0631c-0106-4c0d-bac9-c6ddf5949073">
      <Execution id="d17bc698-37fb-4c94-9cb8-3c98aeb40299" />
      <TestMethod codeBase="D:\SFERRARI\01_TRABAJO\repos\netcore\libs\template-netcore-security\Kitpymes.Core.Security.Tests\bin\Debug\net7.0\Kitpymes.Core.Security.Tests.dll" adapterTypeName="executor://mstestadapter/v2" className="Kitypmes.Core.Security.Tests.EncryptorServiceTest" name="EncryptorOptions_Encrypt_Passing_Value_String_WithLifetime_Returns_CryptographicException_Exprided" />
    </UnitTest>
  </TestDefinitions>
  <TestEntries>
    <TestEntry testId="73fddd31-10d3-4241-8c80-2d937556db2b" executionId="6834adec-f791-47e0-9fb1-136fb807e4b6" testListId="8c84fa94-04c1-424b-9868-57a2d4851a1d" />
    <TestEntry testId="7b241aa1-5fa5-40de-8829-0bd93778c76e" executionId="81d9c353-f25e-422d-837e-db6263ce5a3d" testListId="8c84fa94-04c1-424b-9868-57a2d4851a1d" />
    <TestEntry testId="f8a0df01-340c-4e19-9ef9-e88cc7025321" executionId="c6e061cf-0025-431a-8f88-72b3891c1a78" testListId="8c84fa94-04c1-424b-9868-57a2d4851a1d" />
    <TestEntry testId="b11b8306-5218-4c20-9a27-a56eff503087" executionId="1c284118-b741-424f-88ab-bdf247fa0d09" testListId="8c84fa94-04c1-424b-9868-57a2d4851a1d" />
    <TestEntry testId="6ba3c391-2c0f-4536-9043-fc29c9a70599" executionId="43d7d306-dac9-4a3b-89e5-339bf955df2a" testListId="8c84fa94-04c1-424b-9868-57a2d4851a1d" />
    <TestEntry testId="91058133-e47f-4274-973a-b10c942f2910" executionId="e93d4d09-ae63-4c5a-ad6a-46d0c6137d83" testListId="8c84fa94-04c1-424b-9868-57a2d4851a1d" />
    <TestEntry testId="10e95cd4-0867-443e-8d8e-b8b42acabd3f" executionId="9b865fd1-77b3-4f38-b981-b2d074ff102a" testListId="8c84fa94-04c1-424b-9868-57a2d4851a1d" />
    <TestEntry testId="897555e6-9b93-44af-835c-898ed481ddd2" executionId="d651eae3-abdb-46a6-a832-5c80b15ca7ed" testListId="8c84fa94-04c1-424b-9868-57a2d4851a1d" />
    <TestEntry testId="32a4d183-edb0-4324-818d-6eb220c464fd" executionId="9e77508d-9173-45a3-a00d-1e745d464a35" testListId="8c84fa94-04c1-424b-9868-57a2d4851a1d" />
    <TestEntry testId="e7367ff7-6b2c-4123-803e-4556b849c43c" executionId="1592d71c-0480-426c-96e8-5df7a88a8cbe" testListId="8c84fa94-04c1-424b-9868-57a2d4851a1d" />
    <TestEntry testId="1d99c989-7a14-40df-8634-732fb335ade4" executionId="b661adec-69fa-4f73-8e27-aff0c9cee335" testListId="8c84fa94-04c1-424b-9868-57a2d4851a1d" />
    <TestEntry testId="9ae57e1e-7d0d-4191-a48b-15c845e46449" executionId="feaea9ee-9d70-454e-8de6-2b4742ded017" testListId="8c84fa94-04c1-424b-9868-57a2d4851a1d" />
    <TestEntry testId="1ed3f3ca-5721-4194-ac8c-7eb3317fc9ee" executionId="8d77fa97-7556-4167-83f4-b5273def381e" testListId="8c84fa94-04c1-424b-9868-57a2d4851a1d" />
    <TestEntry testId="607cc780-ea99-48df-8653-60398ba42d49" executionId="1d2c616f-1d06-4221-9c00-184d889e0865" testListId="8c84fa94-04c1-424b-9868-57a2d4851a1d" />
    <TestEntry testId="9ee223d6-470f-4808-b9b1-952eae36864c" executionId="5da4fb9a-e4c8-4271-998b-a4d476d85080" testListId="8c84fa94-04c1-424b-9868-57a2d4851a1d" />
    <TestEntry testId="e392d1fb-7df2-4d69-85aa-bca9c63423cd" executionId="7969194a-7847-438b-a065-1b1446e297de" testListId="8c84fa94-04c1-424b-9868-57a2d4851a1d" />
    <TestEntry testId="28f0631c-0106-4c0d-bac9-c6ddf5949073" executionId="d17bc698-37fb-4c94-9cb8-3c98aeb40299" testListId="8c84fa94-04c1-424b-9868-57a2d4851a1d" />
    <TestEntry testId="0093f4a4-48ea-47d7-b545-039e88cb2748" executionId="2b337b76-0c4d-4eb0-967e-51abcec73622" testListId="8c84fa94-04c1-424b-9868-57a2d4851a1d" />
    <TestEntry testId="d007381e-658d-4388-b16a-6a0ad73991e1" executionId="8dfb1731-ca29-4442-9841-1dbf2575f7fd" testListId="8c84fa94-04c1-424b-9868-57a2d4851a1d" />
    <TestEntry testId="9c9d1e9f-ca92-4f1c-b7db-38155ecf4db6" executionId="78adde18-535c-4f7c-aebc-904119a0dec9" testListId="8c84fa94-04c1-424b-9868-57a2d4851a1d" />
    <TestEntry testId="c7435c98-577f-4b7a-b4f3-48f83e4c77b9" executionId="a12060d1-c77b-49a6-8934-feb88e22ea4a" testListId="8c84fa94-04c1-424b-9868-57a2d4851a1d" />
    <TestEntry testId="36efee68-c1dc-4e09-9f60-dfe91ddb03a8" executionId="16d3c8fb-8dda-45bc-8c69-32860322b75c" testListId="8c84fa94-04c1-424b-9868-57a2d4851a1d" />
    <TestEntry testId="7a7071ac-6989-41b7-bda2-75c7a9ec732b" executionId="5b4537b0-fa34-4bf7-a869-52f4a1c3ced9" testListId="8c84fa94-04c1-424b-9868-57a2d4851a1d" />
    <TestEntry testId="3886cc21-3100-4b35-900f-aa8970b7847e" executionId="8d04fa72-eb74-422f-8567-0a61f1cef197" testListId="8c84fa94-04c1-424b-9868-57a2d4851a1d" />
    <TestEntry testId="1a7f13e2-56f4-411a-a911-e50a6ee7881a" executionId="ba281fc6-a97b-44cf-b57d-7383d606ff0b" testListId="8c84fa94-04c1-424b-9868-57a2d4851a1d" />
    <TestEntry testId="8e85b930-bdad-4e66-9f8b-ba9d92dfd5f9" executionId="03e5d4e9-3608-4fdf-9bef-da2e4c33c0c4" testListId="8c84fa94-04c1-424b-9868-57a2d4851a1d" />
    <TestEntry testId="e2e21e72-2381-4fa6-b3f7-0238ace027dc" executionId="c0c540f7-0820-4d8f-8d06-dba2c013fd9b" testListId="8c84fa94-04c1-424b-9868-57a2d4851a1d" />
    <TestEntry testId="87296284-10d9-4c17-a7ed-785794baa464" executionId="c59c407c-1db3-4756-bfde-783a4d376cdb" testListId="8c84fa94-04c1-424b-9868-57a2d4851a1d" />
    <TestEntry testId="5fdf2c77-7083-48a8-ba6d-4eab2c4b9521" executionId="dd6ac64d-5cf6-489e-b0d9-294a5427a1f5" testListId="8c84fa94-04c1-424b-9868-57a2d4851a1d" />
    <TestEntry testId="acc81d17-b613-4f5e-b870-428e156624d2" executionId="18701621-5e99-4164-a37b-e1ad4743ba81" testListId="8c84fa94-04c1-424b-9868-57a2d4851a1d" />
    <TestEntry testId="8c7d362b-674e-4748-9b93-a515edddf890" executionId="7cedb110-589e-4de6-9f07-ac2509b0d5bc" testListId="8c84fa94-04c1-424b-9868-57a2d4851a1d" />
    <TestEntry testId="0817f318-ec6c-4a04-bac6-2d7d2293f9c2" executionId="cc2b1e1b-892f-419d-b7b9-5ed919dfdb2d" testListId="8c84fa94-04c1-424b-9868-57a2d4851a1d" />
    <TestEntry testId="bc251c9a-90f9-4ce4-a666-b52799b63b4e" executionId="b80b8b22-0780-4e01-8617-bd080fe4aabd" testListId="8c84fa94-04c1-424b-9868-57a2d4851a1d" />
    <TestEntry testId="b6b51708-d938-4853-b062-4f54ee3f9b62" executionId="bceff54e-9697-4a81-aef0-fcaf4822cb54" testListId="8c84fa94-04c1-424b-9868-57a2d4851a1d" />
    <TestEntry testId="c26e5ee1-d6d0-4aa2-8e02-44bd4baf3467" executionId="d39d18f4-b3ae-4cc9-b278-aaf18584b1fe" testListId="8c84fa94-04c1-424b-9868-57a2d4851a1d" />
    <TestEntry testId="cd9e846c-98eb-4ae7-ba7a-ae744f678dad" executionId="a37edb1f-ef4e-4577-aa9d-06017a7ab54e" testListId="8c84fa94-04c1-424b-9868-57a2d4851a1d" />
    <TestEntry testId="25ca15ea-3489-4272-9abd-34f58873b816" executionId="6dbd4a29-8de2-446e-ba38-1ee7b2a288bc" testListId="8c84fa94-04c1-424b-9868-57a2d4851a1d" />
    <TestEntry testId="e6bc3449-a0c8-41ae-bfa0-5d3663b626ae" executionId="31935856-02e2-4fb7-b554-7c8e31ffc508" testListId="8c84fa94-04c1-424b-9868-57a2d4851a1d" />
  </TestEntries>
  <TestLists>
    <TestList name="Resultados sin formato de lista" id="8c84fa94-04c1-424b-9868-57a2d4851a1d" />
    <TestList name="Todos los resultados cargados" id="19431567-8539-422a-85d7-44ee4e166bda" />
  </TestLists>
  <ResultSummary outcome="Completed">
    <Counters total="38" executed="38" passed="38" failed="0" error="0" timeout="0" aborted="0" inconclusive="0" passedButRunAborted="0" notRunnable="0" notExecuted="0" disconnected="0" warning="0" completed="0" inProgress="0" pending="0" />
  </ResultSummary>
</TestRun>