<?xml version="1.0" encoding="utf-8"?>
<TestRun id="3a4bf360-e591-4580-9507-29f588cbe8ef" name="sferrari@PC-SFERRARI 2021-01-17 16:33:34" runUser="PC-SFERRARI\sferrari" xmlns="http://microsoft.com/schemas/VisualStudio/TeamTest/2010">
  <Times creation="2021-01-17T16:33:34.3943471+00:00" queuing="2021-01-17T16:33:34.3943471+00:00" start="2021-01-17T16:33:32.1899732+00:00" finish="2021-01-17T16:33:37.5398172+00:00" />
  <TestSettings name="default" id="86e97c45-83d5-4092-b05f-c00cdff12672">
    <Deployment runDeploymentRoot="sferrari_PC-SFERRARI_2021-01-17_16_33_34" />
  </TestSettings>
  <Results>
    <UnitTestResult executionId="aec4f200-1867-47a8-a795-84f1d9cd745d" testId="4b02302a-de95-bc86-3576-64c310c52eb6" testName="EncryptorOptions_Encrypt_Passing_Value_Object_Returns_Object_Encrypted" computerName="PC-SFERRARI" duration="00:00:00.0086246" startTime="2021-01-17T16:33:33.1905925+00:00" endTime="2021-01-17T16:33:33.1993407+00:00" testType="13cdc9d9-ddb5-4fa4-a97d-d965ccfc6d4b" outcome="Passed" testListId="8c84fa94-04c1-424b-9868-57a2d4851a1d" relativeResultsDirectory="aec4f200-1867-47a8-a795-84f1d9cd745d" />
    <UnitTestResult executionId="feef0dc0-aa1f-4332-b0fb-8655fbcd59b9" testId="b2cc154e-434f-78b2-d8d6-076a473c9726" testName="JsonWebTokenOptions_Passing_Claims_To_Service_Returns_Values" computerName="PC-SFERRARI" duration="00:00:00.1203627" startTime="2021-01-17T16:33:36.4784826+00:00" endTime="2021-01-17T16:33:36.5990187+00:00" testType="13cdc9d9-ddb5-4fa4-a97d-d965ccfc6d4b" outcome="Passed" testListId="8c84fa94-04c1-424b-9868-57a2d4851a1d" relativeResultsDirectory="feef0dc0-aa1f-4332-b0fb-8655fbcd59b9" />
    <UnitTestResult executionId="19013cb1-b29f-4819-a08c-51f5ff30d2d4" testId="5befba76-dc26-60e8-f56c-fc9fc02ca77c" testName="JsonWebTokenOptions_Passing_All_Values_Returns_Values" computerName="PC-SFERRARI" duration="00:00:00.0784585" startTime="2021-01-17T16:33:36.3180039+00:00" endTime="2021-01-17T16:33:36.3966095+00:00" testType="13cdc9d9-ddb5-4fa4-a97d-d965ccfc6d4b" outcome="Passed" testListId="8c84fa94-04c1-424b-9868-57a2d4851a1d" relativeResultsDirectory="19013cb1-b29f-4819-a08c-51f5ff30d2d4" />
    <UnitTestResult executionId="e742d2a1-2780-4924-92dc-8f018738b56d" testId="dd99cbaa-85f2-79e4-7640-e6ada6b333d2" testName="DefaultSettings_Passing_Invalid_Value_Returns_HasErrorsAndErrors" computerName="PC-SFERRARI" duration="00:00:00.0028836" startTime="2021-01-17T16:33:37.2255723+00:00" endTime="2021-01-17T16:33:37.2286988+00:00" testType="13cdc9d9-ddb5-4fa4-a97d-d965ccfc6d4b" outcome="Passed" testListId="8c84fa94-04c1-424b-9868-57a2d4851a1d" relativeResultsDirectory="e742d2a1-2780-4924-92dc-8f018738b56d" resultType="DataDrivenTest">
      <InnerResults>
        <UnitTestResult executionId="24e599ce-039d-44af-a6f8-9291621f48e5" parentExecutionId="e742d2a1-2780-4924-92dc-8f018738b56d" testId="dd99cbaa-85f2-79e4-7640-e6ada6b333d2" testName="DefaultSettings_Passing_Invalid_Value_Returns_HasErrorsAndErrors (Passw)" computerName="PC-SFERRARI" duration="00:00:00.0026674" startTime="2021-01-17T16:33:37.2255723+00:00" endTime="2021-01-17T16:33:37.2286988+00:00" testType="13cdc9d9-ddb5-4fa4-a97d-d965ccfc6d4b" outcome="Passed" testListId="8c84fa94-04c1-424b-9868-57a2d4851a1d" relativeResultsDirectory="24e599ce-039d-44af-a6f8-9291621f48e5" dataRowInfo="1" resultType="DataDrivenDataRow" />
        <UnitTestResult executionId="d50c9929-2225-4c39-b8a6-eda6e55a2a5a" parentExecutionId="e742d2a1-2780-4924-92dc-8f018738b56d" testId="dd99cbaa-85f2-79e4-7640-e6ada6b333d2" testName="DefaultSettings_Passing_Invalid_Value_Returns_HasErrorsAndErrors (1a_e)" computerName="PC-SFERRARI" duration="00:00:00.0000875" startTime="2021-01-17T16:33:37.2255723+00:00" endTime="2021-01-17T16:33:37.2286988+00:00" testType="13cdc9d9-ddb5-4fa4-a97d-d965ccfc6d4b" outcome="Passed" testListId="8c84fa94-04c1-424b-9868-57a2d4851a1d" relativeResultsDirectory="d50c9929-2225-4c39-b8a6-eda6e55a2a5a" dataRowInfo="2" resultType="DataDrivenDataRow" />
      </InnerResults>
    </UnitTestResult>
    <UnitTestResult executionId="becbf904-7d52-487a-ada2-349ba6fc9373" testId="c9a9a88a-aa31-d3a2-45ce-36161833d616" testName="EncryptorOptions_Encrypt_Passing_Value_String_Returns_Value_Encrypted" computerName="PC-SFERRARI" duration="00:00:00.0019939" startTime="2021-01-17T16:33:33.1993832+00:00" endTime="2021-01-17T16:33:33.2015456+00:00" testType="13cdc9d9-ddb5-4fa4-a97d-d965ccfc6d4b" outcome="Passed" testListId="8c84fa94-04c1-424b-9868-57a2d4851a1d" relativeResultsDirectory="becbf904-7d52-487a-ada2-349ba6fc9373" />
    <UnitTestResult executionId="6646ce77-0511-4625-95ca-c0c91a0cea44" testId="3db2e417-d9d0-d76c-8e4c-164fba24c540" testName="RequireUppercase_Passing_Invalid_Value_Returns_HasErrorsAndErrors" computerName="PC-SFERRARI" duration="00:00:00.0012312" startTime="2021-01-17T16:33:37.4238978+00:00" endTime="2021-01-17T16:33:37.4252160+00:00" testType="13cdc9d9-ddb5-4fa4-a97d-d965ccfc6d4b" outcome="Passed" testListId="8c84fa94-04c1-424b-9868-57a2d4851a1d" relativeResultsDirectory="6646ce77-0511-4625-95ca-c0c91a0cea44" resultType="DataDrivenTest">
      <InnerResults>
        <UnitTestResult executionId="82217b02-1d2b-4284-bfbc-c15b3820f3ad" parentExecutionId="6646ce77-0511-4625-95ca-c0c91a0cea44" testId="3db2e417-d9d0-d76c-8e4c-164fba24c540" testName="RequireUppercase_Passing_Invalid_Value_Returns_HasErrorsAndErrors (password)" computerName="PC-SFERRARI" duration="00:00:00.0011875" startTime="2021-01-17T16:33:37.4238978+00:00" endTime="2021-01-17T16:33:37.4252160+00:00" testType="13cdc9d9-ddb5-4fa4-a97d-d965ccfc6d4b" outcome="Passed" testListId="8c84fa94-04c1-424b-9868-57a2d4851a1d" relativeResultsDirectory="82217b02-1d2b-4284-bfbc-c15b3820f3ad" dataRowInfo="1" resultType="DataDrivenDataRow" />
      </InnerResults>
    </UnitTestResult>
    <UnitTestResult executionId="57c2e309-db76-4caf-8bcb-dfc136da3743" testId="a574d746-1d8c-368f-7872-73b451873d81" testName="EncryptorOptions_Encrypt_Passing_Value_String_WithLifetime_Returns_CryptographicException_Exprided" computerName="PC-SFERRARI" duration="00:00:03.0139287" startTime="2021-01-17T16:33:33.2015775+00:00" endTime="2021-01-17T16:33:36.2157148+00:00" testType="13cdc9d9-ddb5-4fa4-a97d-d965ccfc6d4b" outcome="Passed" testListId="8c84fa94-04c1-424b-9868-57a2d4851a1d" relativeResultsDirectory="57c2e309-db76-4caf-8bcb-dfc136da3743" />
    <UnitTestResult executionId="54342a3f-d555-4550-8b32-e919254e192e" testId="5609de1e-8e31-61e0-634c-2542b5577eca" testName="RequiredUniqueChars_Passing_Invalid_Value_Returns_HasErrorsAndErrors" computerName="PC-SFERRARI" duration="00:00:00.0048435" startTime="2021-01-17T16:33:37.4308965+00:00" endTime="2021-01-17T16:33:37.4359174+00:00" testType="13cdc9d9-ddb5-4fa4-a97d-d965ccfc6d4b" outcome="Passed" testListId="8c84fa94-04c1-424b-9868-57a2d4851a1d" relativeResultsDirectory="54342a3f-d555-4550-8b32-e919254e192e" resultType="DataDrivenTest">
      <InnerResults>
        <UnitTestResult executionId="700373bc-a3b6-4cfe-a5f9-88e6e194769b" parentExecutionId="54342a3f-d555-4550-8b32-e919254e192e" testId="5609de1e-8e31-61e0-634c-2542b5577eca" testName="RequiredUniqueChars_Passing_Invalid_Value_Returns_HasErrorsAndErrors (Password)" computerName="PC-SFERRARI" duration="00:00:00.0046480" startTime="2021-01-17T16:33:37.4308965+00:00" endTime="2021-01-17T16:33:37.4359174+00:00" testType="13cdc9d9-ddb5-4fa4-a97d-d965ccfc6d4b" outcome="Passed" testListId="8c84fa94-04c1-424b-9868-57a2d4851a1d" relativeResultsDirectory="700373bc-a3b6-4cfe-a5f9-88e6e194769b" dataRowInfo="1" resultType="DataDrivenDataRow" />
        <UnitTestResult executionId="ec059d92-9904-43b6-995a-7e4c80edeb14" parentExecutionId="54342a3f-d555-4550-8b32-e919254e192e" testId="5609de1e-8e31-61e0-634c-2542b5577eca" testName="RequiredUniqueChars_Passing_Invalid_Value_Returns_HasErrorsAndErrors (PasswordServiceTest)" computerName="PC-SFERRARI" duration="00:00:00.0000789" startTime="2021-01-17T16:33:37.4308965+00:00" endTime="2021-01-17T16:33:37.4359174+00:00" testType="13cdc9d9-ddb5-4fa4-a97d-d965ccfc6d4b" outcome="Passed" testListId="8c84fa94-04c1-424b-9868-57a2d4851a1d" relativeResultsDirectory="ec059d92-9904-43b6-995a-7e4c80edeb14" dataRowInfo="2" resultType="DataDrivenDataRow" />
      </InnerResults>
    </UnitTestResult>
    <UnitTestResult executionId="e4fc66a0-55ae-4f30-89ee-fcae56a6040e" testId="48f78119-0f78-d1b1-1154-23d5d25d28d8" testName="DefaultSettings_Passing_Valid_Value_Returns_HasErrorsAndErrors" computerName="PC-SFERRARI" duration="00:00:00.1824091" startTime="2021-01-17T16:33:37.2287441+00:00" endTime="2021-01-17T16:33:37.4113286+00:00" testType="13cdc9d9-ddb5-4fa4-a97d-d965ccfc6d4b" outcome="Passed" testListId="8c84fa94-04c1-424b-9868-57a2d4851a1d" relativeResultsDirectory="e4fc66a0-55ae-4f30-89ee-fcae56a6040e" resultType="DataDrivenTest">
      <InnerResults>
        <UnitTestResult executionId="8aa1f1ba-aa1f-4a80-8aff-f168369db85d" parentExecutionId="e4fc66a0-55ae-4f30-89ee-fcae56a6040e" testId="48f78119-0f78-d1b1-1154-23d5d25d28d8" testName="DefaultSettings_Passing_Valid_Value_Returns_HasErrorsAndErrors (Password)" computerName="PC-SFERRARI" duration="00:00:00.0913099" startTime="2021-01-17T16:33:37.2287441+00:00" endTime="2021-01-17T16:33:37.4113286+00:00" testType="13cdc9d9-ddb5-4fa4-a97d-d965ccfc6d4b" outcome="Passed" testListId="8c84fa94-04c1-424b-9868-57a2d4851a1d" relativeResultsDirectory="8aa1f1ba-aa1f-4a80-8aff-f168369db85d" dataRowInfo="1" resultType="DataDrivenDataRow" />
        <UnitTestResult executionId="fe25ff9f-c16a-40be-88fd-3344033d9498" parentExecutionId="e4fc66a0-55ae-4f30-89ee-fcae56a6040e" testId="48f78119-0f78-d1b1-1154-23d5d25d28d8" testName="DefaultSettings_Passing_Valid_Value_Returns_HasErrorsAndErrors (PasswordServiceTest)" computerName="PC-SFERRARI" duration="00:00:00.0908237" startTime="2021-01-17T16:33:37.2287441+00:00" endTime="2021-01-17T16:33:37.4113286+00:00" testType="13cdc9d9-ddb5-4fa4-a97d-d965ccfc6d4b" outcome="Passed" testListId="8c84fa94-04c1-424b-9868-57a2d4851a1d" relativeResultsDirectory="fe25ff9f-c16a-40be-88fd-3344033d9498" dataRowInfo="2" resultType="DataDrivenDataRow" />
      </InnerResults>
    </UnitTestResult>
    <UnitTestResult executionId="000f241b-5d9a-43b8-b7fc-a61b6aa9e71c" testId="d01d9da3-2b63-993d-f965-6dcec041a9a1" testName="JsonWebTokenSettings_Passing_All_Values_Returns_Values" computerName="PC-SFERRARI" duration="00:00:00.1078126" startTime="2021-01-17T16:33:36.6947591+00:00" endTime="2021-01-17T16:33:36.8028210+00:00" testType="13cdc9d9-ddb5-4fa4-a97d-d965ccfc6d4b" outcome="Passed" testListId="8c84fa94-04c1-424b-9868-57a2d4851a1d" relativeResultsDirectory="000f241b-5d9a-43b8-b7fc-a61b6aa9e71c" />
    <UnitTestResult executionId="921ad1ae-d2f7-40d5-92f0-39a01d37af09" testId="1bf97231-4f6a-0925-173e-e50bcb6f39bc" testName="JsonWebTokenSettings_Passing_Empties_Claims_Returns_ApplicationException" computerName="PC-SFERRARI" duration="00:00:00.0957853" startTime="2021-01-17T16:33:36.9396289+00:00" endTime="2021-01-17T16:33:37.0356155+00:00" testType="13cdc9d9-ddb5-4fa4-a97d-d965ccfc6d4b" outcome="Passed" testListId="8c84fa94-04c1-424b-9868-57a2d4851a1d" relativeResultsDirectory="921ad1ae-d2f7-40d5-92f0-39a01d37af09" />
    <UnitTestResult executionId="ce76fb3e-9eb9-4b44-a8b5-3365ed73ec21" testId="b3928bda-545b-97a4-b450-c6c5fdbdb0c6" testName="RequireEspecialCharacters_Passing_Invalid_Value_Returns_HasErrorsAndErrors" computerName="PC-SFERRARI" duration="00:00:00.0013696" startTime="2021-01-17T16:33:37.4209564+00:00" endTime="2021-01-17T16:33:37.4226561+00:00" testType="13cdc9d9-ddb5-4fa4-a97d-d965ccfc6d4b" outcome="Passed" testListId="8c84fa94-04c1-424b-9868-57a2d4851a1d" relativeResultsDirectory="ce76fb3e-9eb9-4b44-a8b5-3365ed73ec21" resultType="DataDrivenTest">
      <InnerResults>
        <UnitTestResult executionId="f7d9203a-e079-4c48-a97c-9a0af2f47413" parentExecutionId="ce76fb3e-9eb9-4b44-a8b5-3365ed73ec21" testId="b3928bda-545b-97a4-b450-c6c5fdbdb0c6" testName="RequireEspecialCharacters_Passing_Invalid_Value_Returns_HasErrorsAndErrors (Password)" computerName="PC-SFERRARI" duration="00:00:00.0012425" startTime="2021-01-17T16:33:37.4209564+00:00" endTime="2021-01-17T16:33:37.4226561+00:00" testType="13cdc9d9-ddb5-4fa4-a97d-d965ccfc6d4b" outcome="Passed" testListId="8c84fa94-04c1-424b-9868-57a2d4851a1d" relativeResultsDirectory="f7d9203a-e079-4c48-a97c-9a0af2f47413" dataRowInfo="1" resultType="DataDrivenDataRow" />
        <UnitTestResult executionId="05561506-5527-4726-8a88-7bb93b9a0bad" parentExecutionId="ce76fb3e-9eb9-4b44-a8b5-3365ed73ec21" testId="b3928bda-545b-97a4-b450-c6c5fdbdb0c6" testName="RequireEspecialCharacters_Passing_Invalid_Value_Returns_HasErrorsAndErrors (PasswordServiceTest)" computerName="PC-SFERRARI" duration="00:00:00.0000406" startTime="2021-01-17T16:33:37.4209564+00:00" endTime="2021-01-17T16:33:37.4226561+00:00" testType="13cdc9d9-ddb5-4fa4-a97d-d965ccfc6d4b" outcome="Passed" testListId="8c84fa94-04c1-424b-9868-57a2d4851a1d" relativeResultsDirectory="05561506-5527-4726-8a88-7bb93b9a0bad" dataRowInfo="2" resultType="DataDrivenDataRow" />
      </InnerResults>
    </UnitTestResult>
    <UnitTestResult executionId="747b7558-a5f6-458a-b93e-4abc9a01a5c4" testId="1503b794-64e6-402d-46db-dd6b010eca49" testName="JsonWebTokenOptions_Passing_Empties_Claims_To_Service_Returns_ApplicationException" computerName="PC-SFERRARI" duration="00:00:00.0882585" startTime="2021-01-17T16:33:36.5990526+00:00" endTime="2021-01-17T16:33:36.6874400+00:00" testType="13cdc9d9-ddb5-4fa4-a97d-d965ccfc6d4b" outcome="Passed" testListId="8c84fa94-04c1-424b-9868-57a2d4851a1d" relativeResultsDirectory="747b7558-a5f6-458a-b93e-4abc9a01a5c4" />
    <UnitTestResult executionId="f9166ee1-cd26-4d80-9722-f20cd6ed48e3" testId="025b087b-18e6-62b0-d1e3-70af28c4d509" testName="JsonWebTokenOptions_Passing_Empties_Settings_Returns_ApplicationException_GetAuthJsonWebToken" computerName="PC-SFERRARI" duration="00:00:00.0006174" startTime="2021-01-17T16:33:36.6874752+00:00" endTime="2021-01-17T16:33:36.6882045+00:00" testType="13cdc9d9-ddb5-4fa4-a97d-d965ccfc6d4b" outcome="Passed" testListId="8c84fa94-04c1-424b-9868-57a2d4851a1d" relativeResultsDirectory="f9166ee1-cd26-4d80-9722-f20cd6ed48e3" />
    <UnitTestResult executionId="b937b6a7-b2ad-4e5d-94d7-b18214d7743a" testId="68654d5c-cf48-88e4-5c1d-ed1a1c33a69d" testName="JsonWebTokenOptions_Passing_Claims_And_Headers_Returns_Values" computerName="PC-SFERRARI" duration="00:00:00.0814117" startTime="2021-01-17T16:33:36.3966905+00:00" endTime="2021-01-17T16:33:36.4784288+00:00" testType="13cdc9d9-ddb5-4fa4-a97d-d965ccfc6d4b" outcome="Passed" testListId="8c84fa94-04c1-424b-9868-57a2d4851a1d" relativeResultsDirectory="b937b6a7-b2ad-4e5d-94d7-b18214d7743a" />
    <UnitTestResult executionId="3c452e52-035b-4899-81e2-80635ca4491c" testId="de7d5bca-92ba-8b65-4edc-d154cb9f22ca" testName="AppSettings_Passing_Valid_Value_Returns_HasErrorsAndErrors" computerName="PC-SFERRARI" duration="00:00:00.1792766" startTime="2021-01-17T16:33:37.0372804+00:00" endTime="2021-01-17T16:33:37.2176286+00:00" testType="13cdc9d9-ddb5-4fa4-a97d-d965ccfc6d4b" outcome="Passed" testListId="8c84fa94-04c1-424b-9868-57a2d4851a1d" relativeResultsDirectory="3c452e52-035b-4899-81e2-80635ca4491c" resultType="DataDrivenTest">
      <InnerResults>
        <UnitTestResult executionId="af6acb96-c900-4985-b882-3881a7dc99de" parentExecutionId="3c452e52-035b-4899-81e2-80635ca4491c" testId="de7d5bca-92ba-8b65-4edc-d154cb9f22ca" testName="AppSettings_Passing_Valid_Value_Returns_HasErrorsAndErrors (Password)" computerName="PC-SFERRARI" duration="00:00:00.0953506" startTime="2021-01-17T16:33:37.0372804+00:00" endTime="2021-01-17T16:33:37.2176286+00:00" testType="13cdc9d9-ddb5-4fa4-a97d-d965ccfc6d4b" outcome="Passed" testListId="8c84fa94-04c1-424b-9868-57a2d4851a1d" relativeResultsDirectory="af6acb96-c900-4985-b882-3881a7dc99de" dataRowInfo="1" resultType="DataDrivenDataRow" />
        <UnitTestResult executionId="0af46bb6-412d-4043-9474-ae8092cd11e2" parentExecutionId="3c452e52-035b-4899-81e2-80635ca4491c" testId="de7d5bca-92ba-8b65-4edc-d154cb9f22ca" testName="AppSettings_Passing_Valid_Value_Returns_HasErrorsAndErrors (PasswordServiceTest)" computerName="PC-SFERRARI" duration="00:00:00.0818207" startTime="2021-01-17T16:33:37.0372804+00:00" endTime="2021-01-17T16:33:37.2176286+00:00" testType="13cdc9d9-ddb5-4fa4-a97d-d965ccfc6d4b" outcome="Passed" testListId="8c84fa94-04c1-424b-9868-57a2d4851a1d" relativeResultsDirectory="0af46bb6-412d-4043-9474-ae8092cd11e2" dataRowInfo="2" resultType="DataDrivenDataRow" />
      </InnerResults>
    </UnitTestResult>
    <UnitTestResult executionId="671ec98d-dd7e-4828-9e82-a6e050ac7e48" testId="32daafca-3fa2-ec6c-02fe-9d0f3796d0ed" testName="AppSettings_Encrypt_Passing_Value_String_Returns_Value_Encrypted" computerName="PC-SFERRARI" duration="00:00:00.0039944" startTime="2021-01-17T16:33:33.1863179+00:00" endTime="2021-01-17T16:33:33.1905485+00:00" testType="13cdc9d9-ddb5-4fa4-a97d-d965ccfc6d4b" outcome="Passed" testListId="8c84fa94-04c1-424b-9868-57a2d4851a1d" relativeResultsDirectory="671ec98d-dd7e-4828-9e82-a6e050ac7e48" />
    <UnitTestResult executionId="c0d01ad3-4462-42bb-89fe-d6125cc9459f" testId="21a0f49b-69bb-53c7-ceab-a85f9a39e365" testName="EncryptorSettings_Encrypt_Passing_Value_String_Returns_Value_Encrypted" computerName="PC-SFERRARI" duration="00:00:00.0017260" startTime="2021-01-17T16:33:36.2318903+00:00" endTime="2021-01-17T16:33:36.2337283+00:00" testType="13cdc9d9-ddb5-4fa4-a97d-d965ccfc6d4b" outcome="Passed" testListId="8c84fa94-04c1-424b-9868-57a2d4851a1d" relativeResultsDirectory="c0d01ad3-4462-42bb-89fe-d6125cc9459f" />
    <UnitTestResult executionId="680c5f45-78cd-41c7-987f-443d94ae75b0" testId="9e1bad79-64b3-02eb-222e-4f88e590efcf" testName="EncryptorSettings_Encrypt_Passing_Value_Object_Returns_Object_Encrypted" computerName="PC-SFERRARI" duration="00:00:00.0144169" startTime="2021-01-17T16:33:36.2170260+00:00" endTime="2021-01-17T16:33:36.2318575+00:00" testType="13cdc9d9-ddb5-4fa4-a97d-d965ccfc6d4b" outcome="Passed" testListId="8c84fa94-04c1-424b-9868-57a2d4851a1d" relativeResultsDirectory="680c5f45-78cd-41c7-987f-443d94ae75b0" />
    <UnitTestResult executionId="5265567e-51a4-4774-830c-eb1d3aaa66d0" testId="55b5e60e-bb34-165b-6d7c-2a80479d6a42" testName="JsonWebTokenSettings_Passing_Empties_Settings_Returns_ApplicationException_GetAuthJsonWebToken" computerName="PC-SFERRARI" duration="00:00:00.0005967" startTime="2021-01-17T16:33:37.0357862+00:00" endTime="2021-01-17T16:33:37.0366788+00:00" testType="13cdc9d9-ddb5-4fa4-a97d-d965ccfc6d4b" outcome="Passed" testListId="8c84fa94-04c1-424b-9868-57a2d4851a1d" relativeResultsDirectory="5265567e-51a4-4774-830c-eb1d3aaa66d0" />
    <UnitTestResult executionId="627c6cf8-57fc-4d34-a607-2fd715a5c743" testId="55a4f170-57d1-d1f6-1902-93b1e4d17c57" testName="JsonWebTokenOptions_Passing_Enabled_Settings_Returns_ApplicationException" computerName="PC-SFERRARI" duration="00:00:00.0005576" startTime="2021-01-17T16:33:36.6882366+00:00" endTime="2021-01-17T16:33:36.6888803+00:00" testType="13cdc9d9-ddb5-4fa4-a97d-d965ccfc6d4b" outcome="Passed" testListId="8c84fa94-04c1-424b-9868-57a2d4851a1d" relativeResultsDirectory="627c6cf8-57fc-4d34-a607-2fd715a5c743" />
    <UnitTestResult executionId="96b8ead2-dac7-4710-8a37-c3d6eee2ac70" testId="8f9542b8-9a86-2425-712b-f9ad565fedbe" testName="AppSettings_Passing_All_Values_Returns_Values" computerName="PC-SFERRARI" duration="00:00:00.0838559" startTime="2021-01-17T16:33:36.2337652+00:00" endTime="2021-01-17T16:33:36.3179704+00:00" testType="13cdc9d9-ddb5-4fa4-a97d-d965ccfc6d4b" outcome="Passed" testListId="8c84fa94-04c1-424b-9868-57a2d4851a1d" relativeResultsDirectory="96b8ead2-dac7-4710-8a37-c3d6eee2ac70" />
    <UnitTestResult executionId="70376e2e-8f86-419d-a710-e8ca3a1efe78" testId="ce4c1f35-d0ec-0de2-3023-5c1c77efcbcc" testName="AppSettings_Encrypt_Passing_Value_Object_Returns_Object_Encrypted" computerName="PC-SFERRARI" duration="00:00:00.1409962" startTime="2021-01-17T16:33:32.9822002+00:00" endTime="2021-01-17T16:33:33.1775027+00:00" testType="13cdc9d9-ddb5-4fa4-a97d-d965ccfc6d4b" outcome="Passed" testListId="8c84fa94-04c1-424b-9868-57a2d4851a1d" relativeResultsDirectory="70376e2e-8f86-419d-a710-e8ca3a1efe78" />
    <UnitTestResult executionId="e186c4df-df82-4375-a140-bbe538ec660a" testId="4447fb16-ab87-7db7-dcef-6d42a68558bb" testName="RequireDigit_Passing_Invalid_Value_Returns_HasErrorsAndErrors" computerName="PC-SFERRARI" duration="00:00:00.0045127" startTime="2021-01-17T16:33:37.4120075+00:00" endTime="2021-01-17T16:33:37.4178097+00:00" testType="13cdc9d9-ddb5-4fa4-a97d-d965ccfc6d4b" outcome="Passed" testListId="8c84fa94-04c1-424b-9868-57a2d4851a1d" relativeResultsDirectory="e186c4df-df82-4375-a140-bbe538ec660a" resultType="DataDrivenTest">
      <InnerResults>
        <UnitTestResult executionId="3721e9ab-4665-4c63-9116-8b96b430f1b9" parentExecutionId="e186c4df-df82-4375-a140-bbe538ec660a" testId="4447fb16-ab87-7db7-dcef-6d42a68558bb" testName="RequireDigit_Passing_Invalid_Value_Returns_HasErrorsAndErrors (Password)" computerName="PC-SFERRARI" duration="00:00:00.0037738" startTime="2021-01-17T16:33:37.4120075+00:00" endTime="2021-01-17T16:33:37.4178097+00:00" testType="13cdc9d9-ddb5-4fa4-a97d-d965ccfc6d4b" outcome="Passed" testListId="8c84fa94-04c1-424b-9868-57a2d4851a1d" relativeResultsDirectory="3721e9ab-4665-4c63-9116-8b96b430f1b9" dataRowInfo="1" resultType="DataDrivenDataRow" />
        <UnitTestResult executionId="820adbfa-111e-4817-a82f-0543f2bbbe11" parentExecutionId="e186c4df-df82-4375-a140-bbe538ec660a" testId="4447fb16-ab87-7db7-dcef-6d42a68558bb" testName="RequireDigit_Passing_Invalid_Value_Returns_HasErrorsAndErrors (PasswordServiceTest)" computerName="PC-SFERRARI" duration="00:00:00.0001907" startTime="2021-01-17T16:33:37.4120075+00:00" endTime="2021-01-17T16:33:37.4178097+00:00" testType="13cdc9d9-ddb5-4fa4-a97d-d965ccfc6d4b" outcome="Passed" testListId="8c84fa94-04c1-424b-9868-57a2d4851a1d" relativeResultsDirectory="820adbfa-111e-4817-a82f-0543f2bbbe11" dataRowInfo="2" resultType="DataDrivenDataRow" />
      </InnerResults>
    </UnitTestResult>
    <UnitTestResult executionId="8540a9d3-3ee7-4160-b0e2-bd08a582eee6" testId="90367231-7c45-c264-7213-426aba337866" testName="RequiredMinLength_Passing_Invalid_Value_Returns_HasErrorsAndErrors" computerName="PC-SFERRARI" duration="00:00:00.0015983" startTime="2021-01-17T16:33:37.4252571+00:00" endTime="2021-01-17T16:33:37.4269693+00:00" testType="13cdc9d9-ddb5-4fa4-a97d-d965ccfc6d4b" outcome="Passed" testListId="8c84fa94-04c1-424b-9868-57a2d4851a1d" relativeResultsDirectory="8540a9d3-3ee7-4160-b0e2-bd08a582eee6" resultType="DataDrivenTest">
      <InnerResults>
        <UnitTestResult executionId="cb0b42f9-977d-4808-b82b-ef1ba732c373" parentExecutionId="8540a9d3-3ee7-4160-b0e2-bd08a582eee6" testId="90367231-7c45-c264-7213-426aba337866" testName="RequiredMinLength_Passing_Invalid_Value_Returns_HasErrorsAndErrors (Password)" computerName="PC-SFERRARI" duration="00:00:00.0014703" startTime="2021-01-17T16:33:37.4252571+00:00" endTime="2021-01-17T16:33:37.4269693+00:00" testType="13cdc9d9-ddb5-4fa4-a97d-d965ccfc6d4b" outcome="Passed" testListId="8c84fa94-04c1-424b-9868-57a2d4851a1d" relativeResultsDirectory="cb0b42f9-977d-4808-b82b-ef1ba732c373" dataRowInfo="1" resultType="DataDrivenDataRow" />
        <UnitTestResult executionId="9b9ebcf0-ea02-4ebb-9758-575a5dae7527" parentExecutionId="8540a9d3-3ee7-4160-b0e2-bd08a582eee6" testId="90367231-7c45-c264-7213-426aba337866" testName="RequiredMinLength_Passing_Invalid_Value_Returns_HasErrorsAndErrors (PasswordServiceTest)" computerName="PC-SFERRARI" duration="00:00:00.0000556" startTime="2021-01-17T16:33:37.4252571+00:00" endTime="2021-01-17T16:33:37.4269693+00:00" testType="13cdc9d9-ddb5-4fa4-a97d-d965ccfc6d4b" outcome="Passed" testListId="8c84fa94-04c1-424b-9868-57a2d4851a1d" relativeResultsDirectory="9b9ebcf0-ea02-4ebb-9758-575a5dae7527" dataRowInfo="2" resultType="DataDrivenDataRow" />
      </InnerResults>
    </UnitTestResult>
    <UnitTestResult executionId="dc8ca585-50da-4fe1-8031-42a0c4e2d392" testId="6158c571-cb9e-2900-d032-289419d833e8" testName="RequireLowercase_Passing_Invalid_Value_Returns_HasErrorsAndErrors" computerName="PC-SFERRARI" duration="00:00:00.0010833" startTime="2021-01-17T16:33:37.4226945+00:00" endTime="2021-01-17T16:33:37.4238616+00:00" testType="13cdc9d9-ddb5-4fa4-a97d-d965ccfc6d4b" outcome="Passed" testListId="8c84fa94-04c1-424b-9868-57a2d4851a1d" relativeResultsDirectory="dc8ca585-50da-4fe1-8031-42a0c4e2d392" resultType="DataDrivenTest">
      <InnerResults>
        <UnitTestResult executionId="324ff0d0-28a3-4f54-9d30-407b0627f310" parentExecutionId="dc8ca585-50da-4fe1-8031-42a0c4e2d392" testId="6158c571-cb9e-2900-d032-289419d833e8" testName="RequireLowercase_Passing_Invalid_Value_Returns_HasErrorsAndErrors (PASSWORD)" computerName="PC-SFERRARI" duration="00:00:00.0010454" startTime="2021-01-17T16:33:37.4226945+00:00" endTime="2021-01-17T16:33:37.4238616+00:00" testType="13cdc9d9-ddb5-4fa4-a97d-d965ccfc6d4b" outcome="Passed" testListId="8c84fa94-04c1-424b-9868-57a2d4851a1d" relativeResultsDirectory="324ff0d0-28a3-4f54-9d30-407b0627f310" dataRowInfo="1" resultType="DataDrivenDataRow" />
      </InnerResults>
    </UnitTestResult>
    <UnitTestResult executionId="9585fe27-2981-466a-b3fb-b3fa334da106" testId="10a896e8-2c10-720e-0681-44e0a187a0b9" testName="JsonWebTokenSettings_Passing_Claims_And_Headers_Returns_Values" computerName="PC-SFERRARI" duration="00:00:00.0787172" startTime="2021-01-17T16:33:36.8028560+00:00" endTime="2021-01-17T16:33:36.8816925+00:00" testType="13cdc9d9-ddb5-4fa4-a97d-d965ccfc6d4b" outcome="Passed" testListId="8c84fa94-04c1-424b-9868-57a2d4851a1d" relativeResultsDirectory="9585fe27-2981-466a-b3fb-b3fa334da106" />
    <UnitTestResult executionId="b130d97d-7f0a-4fdb-8f7a-2dd86e2c2802" testId="d7ab8ee6-bfc1-9c70-c3d4-dd4c0dfe45a0" testName="JsonWebTokenSettings_Passing_Enabled_Settings_Returns_ApplicationException" computerName="PC-SFERRARI" duration="00:00:00.0004891" startTime="2021-01-17T16:33:37.0367008+00:00" endTime="2021-01-17T16:33:37.0372624+00:00" testType="13cdc9d9-ddb5-4fa4-a97d-d965ccfc6d4b" outcome="Passed" testListId="8c84fa94-04c1-424b-9868-57a2d4851a1d" relativeResultsDirectory="b130d97d-7f0a-4fdb-8f7a-2dd86e2c2802" />
    <UnitTestResult executionId="7599b4fb-fc8b-4181-b852-17c74cba0eba" testId="7728671e-188e-9399-f172-fe364aa77f10" testName="JsonWebTokenSettings_Passing_Claims_Returns_Values" computerName="PC-SFERRARI" duration="00:00:00.0577691" startTime="2021-01-17T16:33:36.8817237+00:00" endTime="2021-01-17T16:33:36.9395994+00:00" testType="13cdc9d9-ddb5-4fa4-a97d-d965ccfc6d4b" outcome="Passed" testListId="8c84fa94-04c1-424b-9868-57a2d4851a1d" relativeResultsDirectory="7599b4fb-fc8b-4181-b852-17c74cba0eba" />
  </Results>
  <TestDefinitions>
    <UnitTest name="RequiredMinLength_Passing_Invalid_Value_Returns_HasErrorsAndErrors" storage="d:\sferrari\01 - trabajo\repos\netcore\template-netcore-security\kitpymes.core.security.tests\bin\debug\netcoreapp3.0\kitpymes.core.security.tests.dll" id="90367231-7c45-c264-7213-426aba337866">
      <Execution id="8540a9d3-3ee7-4160-b0e2-bd08a582eee6" />
      <TestMethod codeBase="D:\SFERRARI\01 - TRABAJO\repos\netcore\template-netcore-security\Kitpymes.Core.Security.Tests\bin\Debug\netcoreapp3.0\Kitpymes.Core.Security.Tests.dll" adapterTypeName="executor://mstestadapter/v2" className="Kitypmes.Core.Security.Tests.PasswordServiceTest" name="RequiredMinLength_Passing_Invalid_Value_Returns_HasErrorsAndErrors" />
    </UnitTest>
    <UnitTest name="AppSettings_Passing_Valid_Value_Returns_HasErrorsAndErrors" storage="d:\sferrari\01 - trabajo\repos\netcore\template-netcore-security\kitpymes.core.security.tests\bin\debug\netcoreapp3.0\kitpymes.core.security.tests.dll" id="de7d5bca-92ba-8b65-4edc-d154cb9f22ca">
      <Execution id="3c452e52-035b-4899-81e2-80635ca4491c" />
      <TestMethod codeBase="D:\SFERRARI\01 - TRABAJO\repos\netcore\template-netcore-security\Kitpymes.Core.Security.Tests\bin\Debug\netcoreapp3.0\Kitpymes.Core.Security.Tests.dll" adapterTypeName="executor://mstestadapter/v2" className="Kitypmes.Core.Security.Tests.PasswordServiceTest" name="AppSettings_Passing_Valid_Value_Returns_HasErrorsAndErrors" />
    </UnitTest>
    <UnitTest name="EncryptorSettings_Encrypt_Passing_Value_String_Returns_Value_Encrypted" storage="d:\sferrari\01 - trabajo\repos\netcore\template-netcore-security\kitpymes.core.security.tests\bin\debug\netcoreapp3.0\kitpymes.core.security.tests.dll" id="21a0f49b-69bb-53c7-ceab-a85f9a39e365">
      <Execution id="c0d01ad3-4462-42bb-89fe-d6125cc9459f" />
      <TestMethod codeBase="D:\SFERRARI\01 - TRABAJO\repos\netcore\template-netcore-security\Kitpymes.Core.Security.Tests\bin\Debug\netcoreapp3.0\Kitpymes.Core.Security.Tests.dll" adapterTypeName="executor://mstestadapter/v2" className="Kitypmes.Core.Security.Tests.EncryptorServiceTest" name="EncryptorSettings_Encrypt_Passing_Value_String_Returns_Value_Encrypted" />
    </UnitTest>
    <UnitTest name="JsonWebTokenOptions_Passing_All_Values_Returns_Values" storage="d:\sferrari\01 - trabajo\repos\netcore\template-netcore-security\kitpymes.core.security.tests\bin\debug\netcoreapp3.0\kitpymes.core.security.tests.dll" id="5befba76-dc26-60e8-f56c-fc9fc02ca77c">
      <Execution id="19013cb1-b29f-4819-a08c-51f5ff30d2d4" />
      <TestMethod codeBase="D:\SFERRARI\01 - TRABAJO\repos\netcore\template-netcore-security\Kitpymes.Core.Security.Tests\bin\Debug\netcoreapp3.0\Kitpymes.Core.Security.Tests.dll" adapterTypeName="executor://mstestadapter/v2" className="Kitypmes.Core.Security.Tests.JsonWebTokenServiceTest" name="JsonWebTokenOptions_Passing_All_Values_Returns_Values" />
    </UnitTest>
    <UnitTest name="RequiredUniqueChars_Passing_Invalid_Value_Returns_HasErrorsAndErrors" storage="d:\sferrari\01 - trabajo\repos\netcore\template-netcore-security\kitpymes.core.security.tests\bin\debug\netcoreapp3.0\kitpymes.core.security.tests.dll" id="5609de1e-8e31-61e0-634c-2542b5577eca">
      <Execution id="54342a3f-d555-4550-8b32-e919254e192e" />
      <TestMethod codeBase="D:\SFERRARI\01 - TRABAJO\repos\netcore\template-netcore-security\Kitpymes.Core.Security.Tests\bin\Debug\netcoreapp3.0\Kitpymes.Core.Security.Tests.dll" adapterTypeName="executor://mstestadapter/v2" className="Kitypmes.Core.Security.Tests.PasswordServiceTest" name="RequiredUniqueChars_Passing_Invalid_Value_Returns_HasErrorsAndErrors" />
    </UnitTest>
    <UnitTest name="JsonWebTokenSettings_Passing_Claims_And_Headers_Returns_Values" storage="d:\sferrari\01 - trabajo\repos\netcore\template-netcore-security\kitpymes.core.security.tests\bin\debug\netcoreapp3.0\kitpymes.core.security.tests.dll" id="10a896e8-2c10-720e-0681-44e0a187a0b9">
      <Execution id="9585fe27-2981-466a-b3fb-b3fa334da106" />
      <TestMethod codeBase="D:\SFERRARI\01 - TRABAJO\repos\netcore\template-netcore-security\Kitpymes.Core.Security.Tests\bin\Debug\netcoreapp3.0\Kitpymes.Core.Security.Tests.dll" adapterTypeName="executor://mstestadapter/v2" className="Kitypmes.Core.Security.Tests.JsonWebTokenServiceTest" name="JsonWebTokenSettings_Passing_Claims_And_Headers_Returns_Values" />
    </UnitTest>
    <UnitTest name="EncryptorSettings_Encrypt_Passing_Value_Object_Returns_Object_Encrypted" storage="d:\sferrari\01 - trabajo\repos\netcore\template-netcore-security\kitpymes.core.security.tests\bin\debug\netcoreapp3.0\kitpymes.core.security.tests.dll" id="9e1bad79-64b3-02eb-222e-4f88e590efcf">
      <Execution id="680c5f45-78cd-41c7-987f-443d94ae75b0" />
      <TestMethod codeBase="D:\SFERRARI\01 - TRABAJO\repos\netcore\template-netcore-security\Kitpymes.Core.Security.Tests\bin\Debug\netcoreapp3.0\Kitpymes.Core.Security.Tests.dll" adapterTypeName="executor://mstestadapter/v2" className="Kitypmes.Core.Security.Tests.EncryptorServiceTest" name="EncryptorSettings_Encrypt_Passing_Value_Object_Returns_Object_Encrypted" />
    </UnitTest>
    <UnitTest name="RequireUppercase_Passing_Invalid_Value_Returns_HasErrorsAndErrors" storage="d:\sferrari\01 - trabajo\repos\netcore\template-netcore-security\kitpymes.core.security.tests\bin\debug\netcoreapp3.0\kitpymes.core.security.tests.dll" id="3db2e417-d9d0-d76c-8e4c-164fba24c540">
      <Execution id="6646ce77-0511-4625-95ca-c0c91a0cea44" />
      <TestMethod codeBase="D:\SFERRARI\01 - TRABAJO\repos\netcore\template-netcore-security\Kitpymes.Core.Security.Tests\bin\Debug\netcoreapp3.0\Kitpymes.Core.Security.Tests.dll" adapterTypeName="executor://mstestadapter/v2" className="Kitypmes.Core.Security.Tests.PasswordServiceTest" name="RequireUppercase_Passing_Invalid_Value_Returns_HasErrorsAndErrors" />
    </UnitTest>
    <UnitTest name="JsonWebTokenOptions_Passing_Empties_Settings_Returns_ApplicationException_GetAuthJsonWebToken" storage="d:\sferrari\01 - trabajo\repos\netcore\template-netcore-security\kitpymes.core.security.tests\bin\debug\netcoreapp3.0\kitpymes.core.security.tests.dll" id="025b087b-18e6-62b0-d1e3-70af28c4d509">
      <Execution id="f9166ee1-cd26-4d80-9722-f20cd6ed48e3" />
      <TestMethod codeBase="D:\SFERRARI\01 - TRABAJO\repos\netcore\template-netcore-security\Kitpymes.Core.Security.Tests\bin\Debug\netcoreapp3.0\Kitpymes.Core.Security.Tests.dll" adapterTypeName="executor://mstestadapter/v2" className="Kitypmes.Core.Security.Tests.JsonWebTokenServiceTest" name="JsonWebTokenOptions_Passing_Empties_Settings_Returns_ApplicationException_GetAuthJsonWebToken" />
    </UnitTest>
    <UnitTest name="EncryptorOptions_Encrypt_Passing_Value_String_Returns_Value_Encrypted" storage="d:\sferrari\01 - trabajo\repos\netcore\template-netcore-security\kitpymes.core.security.tests\bin\debug\netcoreapp3.0\kitpymes.core.security.tests.dll" id="c9a9a88a-aa31-d3a2-45ce-36161833d616">
      <Execution id="becbf904-7d52-487a-ada2-349ba6fc9373" />
      <TestMethod codeBase="D:\SFERRARI\01 - TRABAJO\repos\netcore\template-netcore-security\Kitpymes.Core.Security.Tests\bin\Debug\netcoreapp3.0\Kitpymes.Core.Security.Tests.dll" adapterTypeName="executor://mstestadapter/v2" className="Kitypmes.Core.Security.Tests.EncryptorServiceTest" name="EncryptorOptions_Encrypt_Passing_Value_String_Returns_Value_Encrypted" />
    </UnitTest>
    <UnitTest name="DefaultSettings_Passing_Invalid_Value_Returns_HasErrorsAndErrors" storage="d:\sferrari\01 - trabajo\repos\netcore\template-netcore-security\kitpymes.core.security.tests\bin\debug\netcoreapp3.0\kitpymes.core.security.tests.dll" id="dd99cbaa-85f2-79e4-7640-e6ada6b333d2">
      <Execution id="e742d2a1-2780-4924-92dc-8f018738b56d" />
      <TestMethod codeBase="D:\SFERRARI\01 - TRABAJO\repos\netcore\template-netcore-security\Kitpymes.Core.Security.Tests\bin\Debug\netcoreapp3.0\Kitpymes.Core.Security.Tests.dll" adapterTypeName="executor://mstestadapter/v2" className="Kitypmes.Core.Security.Tests.PasswordServiceTest" name="DefaultSettings_Passing_Invalid_Value_Returns_HasErrorsAndErrors" />
    </UnitTest>
    <UnitTest name="AppSettings_Encrypt_Passing_Value_String_Returns_Value_Encrypted" storage="d:\sferrari\01 - trabajo\repos\netcore\template-netcore-security\kitpymes.core.security.tests\bin\debug\netcoreapp3.0\kitpymes.core.security.tests.dll" id="32daafca-3fa2-ec6c-02fe-9d0f3796d0ed">
      <Execution id="671ec98d-dd7e-4828-9e82-a6e050ac7e48" />
      <TestMethod codeBase="D:\SFERRARI\01 - TRABAJO\repos\netcore\template-netcore-security\Kitpymes.Core.Security.Tests\bin\Debug\netcoreapp3.0\Kitpymes.Core.Security.Tests.dll" adapterTypeName="executor://mstestadapter/v2" className="Kitypmes.Core.Security.Tests.EncryptorServiceTest" name="AppSettings_Encrypt_Passing_Value_String_Returns_Value_Encrypted" />
    </UnitTest>
    <UnitTest name="JsonWebTokenOptions_Passing_Enabled_Settings_Returns_ApplicationException" storage="d:\sferrari\01 - trabajo\repos\netcore\template-netcore-security\kitpymes.core.security.tests\bin\debug\netcoreapp3.0\kitpymes.core.security.tests.dll" id="55a4f170-57d1-d1f6-1902-93b1e4d17c57">
      <Execution id="627c6cf8-57fc-4d34-a607-2fd715a5c743" />
      <TestMethod codeBase="D:\SFERRARI\01 - TRABAJO\repos\netcore\template-netcore-security\Kitpymes.Core.Security.Tests\bin\Debug\netcoreapp3.0\Kitpymes.Core.Security.Tests.dll" adapterTypeName="executor://mstestadapter/v2" className="Kitypmes.Core.Security.Tests.JsonWebTokenServiceTest" name="JsonWebTokenOptions_Passing_Enabled_Settings_Returns_ApplicationException" />
    </UnitTest>
    <UnitTest name="JsonWebTokenOptions_Passing_Claims_And_Headers_Returns_Values" storage="d:\sferrari\01 - trabajo\repos\netcore\template-netcore-security\kitpymes.core.security.tests\bin\debug\netcoreapp3.0\kitpymes.core.security.tests.dll" id="68654d5c-cf48-88e4-5c1d-ed1a1c33a69d">
      <Execution id="b937b6a7-b2ad-4e5d-94d7-b18214d7743a" />
      <TestMethod codeBase="D:\SFERRARI\01 - TRABAJO\repos\netcore\template-netcore-security\Kitpymes.Core.Security.Tests\bin\Debug\netcoreapp3.0\Kitpymes.Core.Security.Tests.dll" adapterTypeName="executor://mstestadapter/v2" className="Kitypmes.Core.Security.Tests.JsonWebTokenServiceTest" name="JsonWebTokenOptions_Passing_Claims_And_Headers_Returns_Values" />
    </UnitTest>
    <UnitTest name="RequireDigit_Passing_Invalid_Value_Returns_HasErrorsAndErrors" storage="d:\sferrari\01 - trabajo\repos\netcore\template-netcore-security\kitpymes.core.security.tests\bin\debug\netcoreapp3.0\kitpymes.core.security.tests.dll" id="4447fb16-ab87-7db7-dcef-6d42a68558bb">
      <Execution id="e186c4df-df82-4375-a140-bbe538ec660a" />
      <TestMethod codeBase="D:\SFERRARI\01 - TRABAJO\repos\netcore\template-netcore-security\Kitpymes.Core.Security.Tests\bin\Debug\netcoreapp3.0\Kitpymes.Core.Security.Tests.dll" adapterTypeName="executor://mstestadapter/v2" className="Kitypmes.Core.Security.Tests.PasswordServiceTest" name="RequireDigit_Passing_Invalid_Value_Returns_HasErrorsAndErrors" />
    </UnitTest>
    <UnitTest name="EncryptorOptions_Encrypt_Passing_Value_String_WithLifetime_Returns_CryptographicException_Exprided" storage="d:\sferrari\01 - trabajo\repos\netcore\template-netcore-security\kitpymes.core.security.tests\bin\debug\netcoreapp3.0\kitpymes.core.security.tests.dll" id="a574d746-1d8c-368f-7872-73b451873d81">
      <Execution id="57c2e309-db76-4caf-8bcb-dfc136da3743" />
      <TestMethod codeBase="D:\SFERRARI\01 - TRABAJO\repos\netcore\template-netcore-security\Kitpymes.Core.Security.Tests\bin\Debug\netcoreapp3.0\Kitpymes.Core.Security.Tests.dll" adapterTypeName="executor://mstestadapter/v2" className="Kitypmes.Core.Security.Tests.EncryptorServiceTest" name="EncryptorOptions_Encrypt_Passing_Value_String_WithLifetime_Returns_CryptographicException_Exprided" />
    </UnitTest>
    <UnitTest name="EncryptorOptions_Encrypt_Passing_Value_Object_Returns_Object_Encrypted" storage="d:\sferrari\01 - trabajo\repos\netcore\template-netcore-security\kitpymes.core.security.tests\bin\debug\netcoreapp3.0\kitpymes.core.security.tests.dll" id="4b02302a-de95-bc86-3576-64c310c52eb6">
      <Execution id="aec4f200-1867-47a8-a795-84f1d9cd745d" />
      <TestMethod codeBase="D:\SFERRARI\01 - TRABAJO\repos\netcore\template-netcore-security\Kitpymes.Core.Security.Tests\bin\Debug\netcoreapp3.0\Kitpymes.Core.Security.Tests.dll" adapterTypeName="executor://mstestadapter/v2" className="Kitypmes.Core.Security.Tests.EncryptorServiceTest" name="EncryptorOptions_Encrypt_Passing_Value_Object_Returns_Object_Encrypted" />
    </UnitTest>
    <UnitTest name="JsonWebTokenSettings_Passing_Enabled_Settings_Returns_ApplicationException" storage="d:\sferrari\01 - trabajo\repos\netcore\template-netcore-security\kitpymes.core.security.tests\bin\debug\netcoreapp3.0\kitpymes.core.security.tests.dll" id="d7ab8ee6-bfc1-9c70-c3d4-dd4c0dfe45a0">
      <Execution id="b130d97d-7f0a-4fdb-8f7a-2dd86e2c2802" />
      <TestMethod codeBase="D:\SFERRARI\01 - TRABAJO\repos\netcore\template-netcore-security\Kitpymes.Core.Security.Tests\bin\Debug\netcoreapp3.0\Kitpymes.Core.Security.Tests.dll" adapterTypeName="executor://mstestadapter/v2" className="Kitypmes.Core.Security.Tests.JsonWebTokenServiceTest" name="JsonWebTokenSettings_Passing_Enabled_Settings_Returns_ApplicationException" />
    </UnitTest>
    <UnitTest name="DefaultSettings_Passing_Valid_Value_Returns_HasErrorsAndErrors" storage="d:\sferrari\01 - trabajo\repos\netcore\template-netcore-security\kitpymes.core.security.tests\bin\debug\netcoreapp3.0\kitpymes.core.security.tests.dll" id="48f78119-0f78-d1b1-1154-23d5d25d28d8">
      <Execution id="e4fc66a0-55ae-4f30-89ee-fcae56a6040e" />
      <TestMethod codeBase="D:\SFERRARI\01 - TRABAJO\repos\netcore\template-netcore-security\Kitpymes.Core.Security.Tests\bin\Debug\netcoreapp3.0\Kitpymes.Core.Security.Tests.dll" adapterTypeName="executor://mstestadapter/v2" className="Kitypmes.Core.Security.Tests.PasswordServiceTest" name="DefaultSettings_Passing_Valid_Value_Returns_HasErrorsAndErrors" />
    </UnitTest>
    <UnitTest name="JsonWebTokenSettings_Passing_All_Values_Returns_Values" storage="d:\sferrari\01 - trabajo\repos\netcore\template-netcore-security\kitpymes.core.security.tests\bin\debug\netcoreapp3.0\kitpymes.core.security.tests.dll" id="d01d9da3-2b63-993d-f965-6dcec041a9a1">
      <Execution id="000f241b-5d9a-43b8-b7fc-a61b6aa9e71c" />
      <TestMethod codeBase="D:\SFERRARI\01 - TRABAJO\repos\netcore\template-netcore-security\Kitpymes.Core.Security.Tests\bin\Debug\netcoreapp3.0\Kitpymes.Core.Security.Tests.dll" adapterTypeName="executor://mstestadapter/v2" className="Kitypmes.Core.Security.Tests.JsonWebTokenServiceTest" name="JsonWebTokenSettings_Passing_All_Values_Returns_Values" />
    </UnitTest>
    <UnitTest name="RequireEspecialCharacters_Passing_Invalid_Value_Returns_HasErrorsAndErrors" storage="d:\sferrari\01 - trabajo\repos\netcore\template-netcore-security\kitpymes.core.security.tests\bin\debug\netcoreapp3.0\kitpymes.core.security.tests.dll" id="b3928bda-545b-97a4-b450-c6c5fdbdb0c6">
      <Execution id="ce76fb3e-9eb9-4b44-a8b5-3365ed73ec21" />
      <TestMethod codeBase="D:\SFERRARI\01 - TRABAJO\repos\netcore\template-netcore-security\Kitpymes.Core.Security.Tests\bin\Debug\netcoreapp3.0\Kitpymes.Core.Security.Tests.dll" adapterTypeName="executor://mstestadapter/v2" className="Kitypmes.Core.Security.Tests.PasswordServiceTest" name="RequireEspecialCharacters_Passing_Invalid_Value_Returns_HasErrorsAndErrors" />
    </UnitTest>
    <UnitTest name="JsonWebTokenSettings_Passing_Empties_Claims_Returns_ApplicationException" storage="d:\sferrari\01 - trabajo\repos\netcore\template-netcore-security\kitpymes.core.security.tests\bin\debug\netcoreapp3.0\kitpymes.core.security.tests.dll" id="1bf97231-4f6a-0925-173e-e50bcb6f39bc">
      <Execution id="921ad1ae-d2f7-40d5-92f0-39a01d37af09" />
      <TestMethod codeBase="D:\SFERRARI\01 - TRABAJO\repos\netcore\template-netcore-security\Kitpymes.Core.Security.Tests\bin\Debug\netcoreapp3.0\Kitpymes.Core.Security.Tests.dll" adapterTypeName="executor://mstestadapter/v2" className="Kitypmes.Core.Security.Tests.JsonWebTokenServiceTest" name="JsonWebTokenSettings_Passing_Empties_Claims_Returns_ApplicationException" />
    </UnitTest>
    <UnitTest name="AppSettings_Passing_All_Values_Returns_Values" storage="d:\sferrari\01 - trabajo\repos\netcore\template-netcore-security\kitpymes.core.security.tests\bin\debug\netcoreapp3.0\kitpymes.core.security.tests.dll" id="8f9542b8-9a86-2425-712b-f9ad565fedbe">
      <Execution id="96b8ead2-dac7-4710-8a37-c3d6eee2ac70" />
      <TestMethod codeBase="D:\SFERRARI\01 - TRABAJO\repos\netcore\template-netcore-security\Kitpymes.Core.Security.Tests\bin\Debug\netcoreapp3.0\Kitpymes.Core.Security.Tests.dll" adapterTypeName="executor://mstestadapter/v2" className="Kitypmes.Core.Security.Tests.JsonWebTokenServiceTest" name="AppSettings_Passing_All_Values_Returns_Values" />
    </UnitTest>
    <UnitTest name="JsonWebTokenOptions_Passing_Empties_Claims_To_Service_Returns_ApplicationException" storage="d:\sferrari\01 - trabajo\repos\netcore\template-netcore-security\kitpymes.core.security.tests\bin\debug\netcoreapp3.0\kitpymes.core.security.tests.dll" id="1503b794-64e6-402d-46db-dd6b010eca49">
      <Execution id="747b7558-a5f6-458a-b93e-4abc9a01a5c4" />
      <TestMethod codeBase="D:\SFERRARI\01 - TRABAJO\repos\netcore\template-netcore-security\Kitpymes.Core.Security.Tests\bin\Debug\netcoreapp3.0\Kitpymes.Core.Security.Tests.dll" adapterTypeName="executor://mstestadapter/v2" className="Kitypmes.Core.Security.Tests.JsonWebTokenServiceTest" name="JsonWebTokenOptions_Passing_Empties_Claims_To_Service_Returns_ApplicationException" />
    </UnitTest>
    <UnitTest name="JsonWebTokenSettings_Passing_Empties_Settings_Returns_ApplicationException_GetAuthJsonWebToken" storage="d:\sferrari\01 - trabajo\repos\netcore\template-netcore-security\kitpymes.core.security.tests\bin\debug\netcoreapp3.0\kitpymes.core.security.tests.dll" id="55b5e60e-bb34-165b-6d7c-2a80479d6a42">
      <Execution id="5265567e-51a4-4774-830c-eb1d3aaa66d0" />
      <TestMethod codeBase="D:\SFERRARI\01 - TRABAJO\repos\netcore\template-netcore-security\Kitpymes.Core.Security.Tests\bin\Debug\netcoreapp3.0\Kitpymes.Core.Security.Tests.dll" adapterTypeName="executor://mstestadapter/v2" className="Kitypmes.Core.Security.Tests.JsonWebTokenServiceTest" name="JsonWebTokenSettings_Passing_Empties_Settings_Returns_ApplicationException_GetAuthJsonWebToken" />
    </UnitTest>
    <UnitTest name="AppSettings_Encrypt_Passing_Value_Object_Returns_Object_Encrypted" storage="d:\sferrari\01 - trabajo\repos\netcore\template-netcore-security\kitpymes.core.security.tests\bin\debug\netcoreapp3.0\kitpymes.core.security.tests.dll" id="ce4c1f35-d0ec-0de2-3023-5c1c77efcbcc">
      <Execution id="70376e2e-8f86-419d-a710-e8ca3a1efe78" />
      <TestMethod codeBase="D:\SFERRARI\01 - TRABAJO\repos\netcore\template-netcore-security\Kitpymes.Core.Security.Tests\bin\Debug\netcoreapp3.0\Kitpymes.Core.Security.Tests.dll" adapterTypeName="executor://mstestadapter/v2" className="Kitypmes.Core.Security.Tests.EncryptorServiceTest" name="AppSettings_Encrypt_Passing_Value_Object_Returns_Object_Encrypted" />
    </UnitTest>
    <UnitTest name="JsonWebTokenSettings_Passing_Claims_Returns_Values" storage="d:\sferrari\01 - trabajo\repos\netcore\template-netcore-security\kitpymes.core.security.tests\bin\debug\netcoreapp3.0\kitpymes.core.security.tests.dll" id="7728671e-188e-9399-f172-fe364aa77f10">
      <Execution id="7599b4fb-fc8b-4181-b852-17c74cba0eba" />
      <TestMethod codeBase="D:\SFERRARI\01 - TRABAJO\repos\netcore\template-netcore-security\Kitpymes.Core.Security.Tests\bin\Debug\netcoreapp3.0\Kitpymes.Core.Security.Tests.dll" adapterTypeName="executor://mstestadapter/v2" className="Kitypmes.Core.Security.Tests.JsonWebTokenServiceTest" name="JsonWebTokenSettings_Passing_Claims_Returns_Values" />
    </UnitTest>
    <UnitTest name="JsonWebTokenOptions_Passing_Claims_To_Service_Returns_Values" storage="d:\sferrari\01 - trabajo\repos\netcore\template-netcore-security\kitpymes.core.security.tests\bin\debug\netcoreapp3.0\kitpymes.core.security.tests.dll" id="b2cc154e-434f-78b2-d8d6-076a473c9726">
      <Execution id="feef0dc0-aa1f-4332-b0fb-8655fbcd59b9" />
      <TestMethod codeBase="D:\SFERRARI\01 - TRABAJO\repos\netcore\template-netcore-security\Kitpymes.Core.Security.Tests\bin\Debug\netcoreapp3.0\Kitpymes.Core.Security.Tests.dll" adapterTypeName="executor://mstestadapter/v2" className="Kitypmes.Core.Security.Tests.JsonWebTokenServiceTest" name="JsonWebTokenOptions_Passing_Claims_To_Service_Returns_Values" />
    </UnitTest>
    <UnitTest name="RequireLowercase_Passing_Invalid_Value_Returns_HasErrorsAndErrors" storage="d:\sferrari\01 - trabajo\repos\netcore\template-netcore-security\kitpymes.core.security.tests\bin\debug\netcoreapp3.0\kitpymes.core.security.tests.dll" id="6158c571-cb9e-2900-d032-289419d833e8">
      <Execution id="dc8ca585-50da-4fe1-8031-42a0c4e2d392" />
      <TestMethod codeBase="D:\SFERRARI\01 - TRABAJO\repos\netcore\template-netcore-security\Kitpymes.Core.Security.Tests\bin\Debug\netcoreapp3.0\Kitpymes.Core.Security.Tests.dll" adapterTypeName="executor://mstestadapter/v2" className="Kitypmes.Core.Security.Tests.PasswordServiceTest" name="RequireLowercase_Passing_Invalid_Value_Returns_HasErrorsAndErrors" />
    </UnitTest>
  </TestDefinitions>
  <TestEntries>
    <TestEntry testId="4b02302a-de95-bc86-3576-64c310c52eb6" executionId="aec4f200-1867-47a8-a795-84f1d9cd745d" testListId="8c84fa94-04c1-424b-9868-57a2d4851a1d" />
    <TestEntry testId="b2cc154e-434f-78b2-d8d6-076a473c9726" executionId="feef0dc0-aa1f-4332-b0fb-8655fbcd59b9" testListId="8c84fa94-04c1-424b-9868-57a2d4851a1d" />
    <TestEntry testId="5befba76-dc26-60e8-f56c-fc9fc02ca77c" executionId="19013cb1-b29f-4819-a08c-51f5ff30d2d4" testListId="8c84fa94-04c1-424b-9868-57a2d4851a1d" />
    <TestEntry testId="dd99cbaa-85f2-79e4-7640-e6ada6b333d2" executionId="e742d2a1-2780-4924-92dc-8f018738b56d" testListId="8c84fa94-04c1-424b-9868-57a2d4851a1d" />
    <TestEntry testId="c9a9a88a-aa31-d3a2-45ce-36161833d616" executionId="becbf904-7d52-487a-ada2-349ba6fc9373" testListId="8c84fa94-04c1-424b-9868-57a2d4851a1d" />
    <TestEntry testId="3db2e417-d9d0-d76c-8e4c-164fba24c540" executionId="6646ce77-0511-4625-95ca-c0c91a0cea44" testListId="8c84fa94-04c1-424b-9868-57a2d4851a1d" />
    <TestEntry testId="a574d746-1d8c-368f-7872-73b451873d81" executionId="57c2e309-db76-4caf-8bcb-dfc136da3743" testListId="8c84fa94-04c1-424b-9868-57a2d4851a1d" />
    <TestEntry testId="5609de1e-8e31-61e0-634c-2542b5577eca" executionId="54342a3f-d555-4550-8b32-e919254e192e" testListId="8c84fa94-04c1-424b-9868-57a2d4851a1d" />
    <TestEntry testId="48f78119-0f78-d1b1-1154-23d5d25d28d8" executionId="e4fc66a0-55ae-4f30-89ee-fcae56a6040e" testListId="8c84fa94-04c1-424b-9868-57a2d4851a1d" />
    <TestEntry testId="d01d9da3-2b63-993d-f965-6dcec041a9a1" executionId="000f241b-5d9a-43b8-b7fc-a61b6aa9e71c" testListId="8c84fa94-04c1-424b-9868-57a2d4851a1d" />
    <TestEntry testId="1bf97231-4f6a-0925-173e-e50bcb6f39bc" executionId="921ad1ae-d2f7-40d5-92f0-39a01d37af09" testListId="8c84fa94-04c1-424b-9868-57a2d4851a1d" />
    <TestEntry testId="b3928bda-545b-97a4-b450-c6c5fdbdb0c6" executionId="ce76fb3e-9eb9-4b44-a8b5-3365ed73ec21" testListId="8c84fa94-04c1-424b-9868-57a2d4851a1d" />
    <TestEntry testId="1503b794-64e6-402d-46db-dd6b010eca49" executionId="747b7558-a5f6-458a-b93e-4abc9a01a5c4" testListId="8c84fa94-04c1-424b-9868-57a2d4851a1d" />
    <TestEntry testId="025b087b-18e6-62b0-d1e3-70af28c4d509" executionId="f9166ee1-cd26-4d80-9722-f20cd6ed48e3" testListId="8c84fa94-04c1-424b-9868-57a2d4851a1d" />
    <TestEntry testId="68654d5c-cf48-88e4-5c1d-ed1a1c33a69d" executionId="b937b6a7-b2ad-4e5d-94d7-b18214d7743a" testListId="8c84fa94-04c1-424b-9868-57a2d4851a1d" />
    <TestEntry testId="de7d5bca-92ba-8b65-4edc-d154cb9f22ca" executionId="3c452e52-035b-4899-81e2-80635ca4491c" testListId="8c84fa94-04c1-424b-9868-57a2d4851a1d" />
    <TestEntry testId="32daafca-3fa2-ec6c-02fe-9d0f3796d0ed" executionId="671ec98d-dd7e-4828-9e82-a6e050ac7e48" testListId="8c84fa94-04c1-424b-9868-57a2d4851a1d" />
    <TestEntry testId="21a0f49b-69bb-53c7-ceab-a85f9a39e365" executionId="c0d01ad3-4462-42bb-89fe-d6125cc9459f" testListId="8c84fa94-04c1-424b-9868-57a2d4851a1d" />
    <TestEntry testId="9e1bad79-64b3-02eb-222e-4f88e590efcf" executionId="680c5f45-78cd-41c7-987f-443d94ae75b0" testListId="8c84fa94-04c1-424b-9868-57a2d4851a1d" />
    <TestEntry testId="55b5e60e-bb34-165b-6d7c-2a80479d6a42" executionId="5265567e-51a4-4774-830c-eb1d3aaa66d0" testListId="8c84fa94-04c1-424b-9868-57a2d4851a1d" />
    <TestEntry testId="55a4f170-57d1-d1f6-1902-93b1e4d17c57" executionId="627c6cf8-57fc-4d34-a607-2fd715a5c743" testListId="8c84fa94-04c1-424b-9868-57a2d4851a1d" />
    <TestEntry testId="8f9542b8-9a86-2425-712b-f9ad565fedbe" executionId="96b8ead2-dac7-4710-8a37-c3d6eee2ac70" testListId="8c84fa94-04c1-424b-9868-57a2d4851a1d" />
    <TestEntry testId="ce4c1f35-d0ec-0de2-3023-5c1c77efcbcc" executionId="70376e2e-8f86-419d-a710-e8ca3a1efe78" testListId="8c84fa94-04c1-424b-9868-57a2d4851a1d" />
    <TestEntry testId="4447fb16-ab87-7db7-dcef-6d42a68558bb" executionId="e186c4df-df82-4375-a140-bbe538ec660a" testListId="8c84fa94-04c1-424b-9868-57a2d4851a1d" />
    <TestEntry testId="90367231-7c45-c264-7213-426aba337866" executionId="8540a9d3-3ee7-4160-b0e2-bd08a582eee6" testListId="8c84fa94-04c1-424b-9868-57a2d4851a1d" />
    <TestEntry testId="6158c571-cb9e-2900-d032-289419d833e8" executionId="dc8ca585-50da-4fe1-8031-42a0c4e2d392" testListId="8c84fa94-04c1-424b-9868-57a2d4851a1d" />
    <TestEntry testId="10a896e8-2c10-720e-0681-44e0a187a0b9" executionId="9585fe27-2981-466a-b3fb-b3fa334da106" testListId="8c84fa94-04c1-424b-9868-57a2d4851a1d" />
    <TestEntry testId="d7ab8ee6-bfc1-9c70-c3d4-dd4c0dfe45a0" executionId="b130d97d-7f0a-4fdb-8f7a-2dd86e2c2802" testListId="8c84fa94-04c1-424b-9868-57a2d4851a1d" />
    <TestEntry testId="7728671e-188e-9399-f172-fe364aa77f10" executionId="7599b4fb-fc8b-4181-b852-17c74cba0eba" testListId="8c84fa94-04c1-424b-9868-57a2d4851a1d" />
  </TestEntries>
  <TestLists>
    <TestList name="Resultados sin formato de lista" id="8c84fa94-04c1-424b-9868-57a2d4851a1d" />
    <TestList name="Todos los resultados cargados" id="19431567-8539-422a-85d7-44ee4e166bda" />
  </TestLists>
  <ResultSummary outcome="Completed">
    <Counters total="45" executed="45" passed="45" failed="0" error="0" timeout="0" aborted="0" inconclusive="0" passedButRunAborted="0" notRunnable="0" notExecuted="0" disconnected="0" warning="0" completed="0" inProgress="0" pending="0" />
  </ResultSummary>
</TestRun>