<?xml version="1.0" encoding="utf-8"?>
<TestRun id="1d5ace8d-dac1-405b-85f2-2c1c1fc61dc2" name="sferrari@PC-SFERRARI 2021-01-17 16:52:27" runUser="PC-SFERRARI\sferrari" xmlns="http://microsoft.com/schemas/VisualStudio/TeamTest/2010">
  <Times creation="2021-01-17T16:52:27.3590413+00:00" queuing="2021-01-17T16:52:27.3590413+00:00" start="2021-01-17T16:52:24.7859223+00:00" finish="2021-01-17T16:52:30.6349132+00:00" />
  <TestSettings name="default" id="8bc06858-6ff5-4484-b906-0e7b43529a28">
    <Deployment runDeploymentRoot="sferrari_PC-SFERRARI_2021-01-17_16_52_27" />
  </TestSettings>
  <Results>
    <UnitTestResult executionId="6bed1ab1-8f6b-464b-986e-c216de69d79d" testId="dd99cbaa-85f2-79e4-7640-e6ada6b333d2" testName="DefaultSettings_Passing_Invalid_Value_Returns_HasErrorsAndErrors" computerName="PC-SFERRARI" duration="00:00:00.0039519" startTime="2021-01-17T16:52:30.3513028+00:00" endTime="2021-01-17T16:52:30.3553816+00:00" testType="13cdc9d9-ddb5-4fa4-a97d-d965ccfc6d4b" outcome="Passed" testListId="8c84fa94-04c1-424b-9868-57a2d4851a1d" relativeResultsDirectory="6bed1ab1-8f6b-464b-986e-c216de69d79d" resultType="DataDrivenTest">
      <InnerResults>
        <UnitTestResult executionId="37b55518-b726-4caa-892d-3962206f3bc1" parentExecutionId="6bed1ab1-8f6b-464b-986e-c216de69d79d" testId="dd99cbaa-85f2-79e4-7640-e6ada6b333d2" testName="DefaultSettings_Passing_Invalid_Value_Returns_HasErrorsAndErrors (Passw)" computerName="PC-SFERRARI" duration="00:00:00.0013299" startTime="2021-01-17T16:52:30.3513028+00:00" endTime="2021-01-17T16:52:30.3553816+00:00" testType="13cdc9d9-ddb5-4fa4-a97d-d965ccfc6d4b" outcome="Passed" testListId="8c84fa94-04c1-424b-9868-57a2d4851a1d" relativeResultsDirectory="37b55518-b726-4caa-892d-3962206f3bc1" dataRowInfo="1" resultType="DataDrivenDataRow" />
        <UnitTestResult executionId="22ef040e-5527-4278-9eb2-07100311c22b" parentExecutionId="6bed1ab1-8f6b-464b-986e-c216de69d79d" testId="dd99cbaa-85f2-79e4-7640-e6ada6b333d2" testName="DefaultSettings_Passing_Invalid_Value_Returns_HasErrorsAndErrors (1a_e)" computerName="PC-SFERRARI" duration="00:00:00.0025241" startTime="2021-01-17T16:52:30.3513028+00:00" endTime="2021-01-17T16:52:30.3553816+00:00" testType="13cdc9d9-ddb5-4fa4-a97d-d965ccfc6d4b" outcome="Passed" testListId="8c84fa94-04c1-424b-9868-57a2d4851a1d" relativeResultsDirectory="22ef040e-5527-4278-9eb2-07100311c22b" dataRowInfo="2" resultType="DataDrivenDataRow" />
      </InnerResults>
    </UnitTestResult>
    <UnitTestResult executionId="634d1385-1bc2-40f8-adea-2fd19456f365" testId="8f9542b8-9a86-2425-712b-f9ad565fedbe" testName="AppSettings_Passing_All_Values_Returns_Values" computerName="PC-SFERRARI" duration="00:00:00.0837778" startTime="2021-01-17T16:52:29.3990044+00:00" endTime="2021-01-17T16:52:29.4831322+00:00" testType="13cdc9d9-ddb5-4fa4-a97d-d965ccfc6d4b" outcome="Passed" testListId="8c84fa94-04c1-424b-9868-57a2d4851a1d" relativeResultsDirectory="634d1385-1bc2-40f8-adea-2fd19456f365" />
    <UnitTestResult executionId="2c3142ea-b7b4-484c-a47e-50cb3e77b8be" testId="9e1bad79-64b3-02eb-222e-4f88e590efcf" testName="EncryptorSettings_Encrypt_Passing_Value_Object_Returns_Object_Encrypted" computerName="PC-SFERRARI" duration="00:00:00.0117661" startTime="2021-01-17T16:52:29.3850039+00:00" endTime="2021-01-17T16:52:29.3971762+00:00" testType="13cdc9d9-ddb5-4fa4-a97d-d965ccfc6d4b" outcome="Passed" testListId="8c84fa94-04c1-424b-9868-57a2d4851a1d" relativeResultsDirectory="2c3142ea-b7b4-484c-a47e-50cb3e77b8be" />
    <UnitTestResult executionId="96470ad1-938b-4dfd-a8bc-73813f0ede9b" testId="1bf97231-4f6a-0925-173e-e50bcb6f39bc" testName="JsonWebTokenSettings_Passing_Empties_Claims_Returns_ApplicationException" computerName="PC-SFERRARI" duration="00:00:00.0642531" startTime="2021-01-17T16:52:30.1034216+00:00" endTime="2021-01-17T16:52:30.1678705+00:00" testType="13cdc9d9-ddb5-4fa4-a97d-d965ccfc6d4b" outcome="Passed" testListId="8c84fa94-04c1-424b-9868-57a2d4851a1d" relativeResultsDirectory="96470ad1-938b-4dfd-a8bc-73813f0ede9b" />
    <UnitTestResult executionId="9bd281b8-73d3-4743-8f9d-b23d0154fd94" testId="68654d5c-cf48-88e4-5c1d-ed1a1c33a69d" testName="JsonWebTokenOptions_Passing_Claims_And_Headers_Returns_Values" computerName="PC-SFERRARI" duration="00:00:00.0974360" startTime="2021-01-17T16:52:29.5669118+00:00" endTime="2021-01-17T16:52:29.6644570+00:00" testType="13cdc9d9-ddb5-4fa4-a97d-d965ccfc6d4b" outcome="Passed" testListId="8c84fa94-04c1-424b-9868-57a2d4851a1d" relativeResultsDirectory="9bd281b8-73d3-4743-8f9d-b23d0154fd94" />
    <UnitTestResult executionId="ec3144eb-053c-4376-b0e2-b25164e51274" testId="5609de1e-8e31-61e0-634c-2542b5577eca" testName="RequiredUniqueChars_Passing_Invalid_Value_Returns_HasErrorsAndErrors" computerName="PC-SFERRARI" duration="00:00:00.0040644" startTime="2021-01-17T16:52:30.5432114+00:00" endTime="2021-01-17T16:52:30.5474772+00:00" testType="13cdc9d9-ddb5-4fa4-a97d-d965ccfc6d4b" outcome="Passed" testListId="8c84fa94-04c1-424b-9868-57a2d4851a1d" relativeResultsDirectory="ec3144eb-053c-4376-b0e2-b25164e51274" resultType="DataDrivenTest">
      <InnerResults>
        <UnitTestResult executionId="854547bf-183a-4304-ad82-6fb66859f6ba" parentExecutionId="ec3144eb-053c-4376-b0e2-b25164e51274" testId="5609de1e-8e31-61e0-634c-2542b5577eca" testName="RequiredUniqueChars_Passing_Invalid_Value_Returns_HasErrorsAndErrors (Password)" computerName="PC-SFERRARI" duration="00:00:00.0039061" startTime="2021-01-17T16:52:30.5432114+00:00" endTime="2021-01-17T16:52:30.5474772+00:00" testType="13cdc9d9-ddb5-4fa4-a97d-d965ccfc6d4b" outcome="Passed" testListId="8c84fa94-04c1-424b-9868-57a2d4851a1d" relativeResultsDirectory="854547bf-183a-4304-ad82-6fb66859f6ba" dataRowInfo="1" resultType="DataDrivenDataRow" />
        <UnitTestResult executionId="2fef1925-cfeb-4221-98fa-e6fdccc26e68" parentExecutionId="ec3144eb-053c-4376-b0e2-b25164e51274" testId="5609de1e-8e31-61e0-634c-2542b5577eca" testName="RequiredUniqueChars_Passing_Invalid_Value_Returns_HasErrorsAndErrors (PasswordServiceTest)" computerName="PC-SFERRARI" duration="00:00:00.0000549" startTime="2021-01-17T16:52:30.5432114+00:00" endTime="2021-01-17T16:52:30.5474772+00:00" testType="13cdc9d9-ddb5-4fa4-a97d-d965ccfc6d4b" outcome="Passed" testListId="8c84fa94-04c1-424b-9868-57a2d4851a1d" relativeResultsDirectory="2fef1925-cfeb-4221-98fa-e6fdccc26e68" dataRowInfo="2" resultType="DataDrivenDataRow" />
      </InnerResults>
    </UnitTestResult>
    <UnitTestResult executionId="d21df15e-fa3c-4e6f-b566-0091efb59be0" testId="55b5e60e-bb34-165b-6d7c-2a80479d6a42" testName="JsonWebTokenSettings_Passing_Empties_Settings_Returns_ApplicationException_GetAuthJsonWebToken" computerName="PC-SFERRARI" duration="00:00:00.0004303" startTime="2021-01-17T16:52:30.1679035+00:00" endTime="2021-01-17T16:52:30.1684338+00:00" testType="13cdc9d9-ddb5-4fa4-a97d-d965ccfc6d4b" outcome="Passed" testListId="8c84fa94-04c1-424b-9868-57a2d4851a1d" relativeResultsDirectory="d21df15e-fa3c-4e6f-b566-0091efb59be0" />
    <UnitTestResult executionId="8d64ba05-9d1b-4ab4-b8c3-42eca8f6e521" testId="4b02302a-de95-bc86-3576-64c310c52eb6" testName="EncryptorOptions_Encrypt_Passing_Value_Object_Returns_Object_Encrypted" computerName="PC-SFERRARI" duration="00:00:00.0081657" startTime="2021-01-17T16:52:26.3593362+00:00" endTime="2021-01-17T16:52:26.3676436+00:00" testType="13cdc9d9-ddb5-4fa4-a97d-d965ccfc6d4b" outcome="Passed" testListId="8c84fa94-04c1-424b-9868-57a2d4851a1d" relativeResultsDirectory="8d64ba05-9d1b-4ab4-b8c3-42eca8f6e521" />
    <UnitTestResult executionId="085c21f2-6430-4c6e-a12f-824609d1242a" testId="6158c571-cb9e-2900-d032-289419d833e8" testName="RequireLowercase_Passing_Invalid_Value_Returns_HasErrorsAndErrors" computerName="PC-SFERRARI" duration="00:00:00.0008866" startTime="2021-01-17T16:52:30.5339795+00:00" endTime="2021-01-17T16:52:30.5349409+00:00" testType="13cdc9d9-ddb5-4fa4-a97d-d965ccfc6d4b" outcome="Passed" testListId="8c84fa94-04c1-424b-9868-57a2d4851a1d" relativeResultsDirectory="085c21f2-6430-4c6e-a12f-824609d1242a" resultType="DataDrivenTest">
      <InnerResults>
        <UnitTestResult executionId="80c98afa-5c71-4043-90e7-0196ee09859e" parentExecutionId="085c21f2-6430-4c6e-a12f-824609d1242a" testId="6158c571-cb9e-2900-d032-289419d833e8" testName="RequireLowercase_Passing_Invalid_Value_Returns_HasErrorsAndErrors (PASSWORD)" computerName="PC-SFERRARI" duration="00:00:00.0008561" startTime="2021-01-17T16:52:30.5339795+00:00" endTime="2021-01-17T16:52:30.5349409+00:00" testType="13cdc9d9-ddb5-4fa4-a97d-d965ccfc6d4b" outcome="Passed" testListId="8c84fa94-04c1-424b-9868-57a2d4851a1d" relativeResultsDirectory="80c98afa-5c71-4043-90e7-0196ee09859e" dataRowInfo="1" resultType="DataDrivenDataRow" />
      </InnerResults>
    </UnitTestResult>
    <UnitTestResult executionId="67934672-19aa-4fed-995c-585df2724034" testId="3db2e417-d9d0-d76c-8e4c-164fba24c540" testName="RequireUppercase_Passing_Invalid_Value_Returns_HasErrorsAndErrors" computerName="PC-SFERRARI" duration="00:00:00.0009100" startTime="2021-01-17T16:52:30.5349669+00:00" endTime="2021-01-17T16:52:30.5359441+00:00" testType="13cdc9d9-ddb5-4fa4-a97d-d965ccfc6d4b" outcome="Passed" testListId="8c84fa94-04c1-424b-9868-57a2d4851a1d" relativeResultsDirectory="67934672-19aa-4fed-995c-585df2724034" resultType="DataDrivenTest">
      <InnerResults>
        <UnitTestResult executionId="f48d2d82-a2db-4ca3-9382-5f7e177a8cc4" parentExecutionId="67934672-19aa-4fed-995c-585df2724034" testId="3db2e417-d9d0-d76c-8e4c-164fba24c540" testName="RequireUppercase_Passing_Invalid_Value_Returns_HasErrorsAndErrors (password)" computerName="PC-SFERRARI" duration="00:00:00.0008759" startTime="2021-01-17T16:52:30.5349669+00:00" endTime="2021-01-17T16:52:30.5359441+00:00" testType="13cdc9d9-ddb5-4fa4-a97d-d965ccfc6d4b" outcome="Passed" testListId="8c84fa94-04c1-424b-9868-57a2d4851a1d" relativeResultsDirectory="f48d2d82-a2db-4ca3-9382-5f7e177a8cc4" dataRowInfo="1" resultType="DataDrivenDataRow" />
      </InnerResults>
    </UnitTestResult>
    <UnitTestResult executionId="d39d527e-c2b7-4ce7-97ce-654b5b2e098b" testId="7728671e-188e-9399-f172-fe364aa77f10" testName="JsonWebTokenSettings_Passing_Claims_Returns_Values" computerName="PC-SFERRARI" duration="00:00:00.0870897" startTime="2021-01-17T16:52:30.0161279+00:00" endTime="2021-01-17T16:52:30.1033535+00:00" testType="13cdc9d9-ddb5-4fa4-a97d-d965ccfc6d4b" outcome="Passed" testListId="8c84fa94-04c1-424b-9868-57a2d4851a1d" relativeResultsDirectory="d39d527e-c2b7-4ce7-97ce-654b5b2e098b" />
    <UnitTestResult executionId="1b7d7d4c-5b12-45cd-ba14-7fe5474de0fa" testId="5befba76-dc26-60e8-f56c-fc9fc02ca77c" testName="JsonWebTokenOptions_Passing_All_Values_Returns_Values" computerName="PC-SFERRARI" duration="00:00:00.0835461" startTime="2021-01-17T16:52:29.4831680+00:00" endTime="2021-01-17T16:52:29.5668745+00:00" testType="13cdc9d9-ddb5-4fa4-a97d-d965ccfc6d4b" outcome="Passed" testListId="8c84fa94-04c1-424b-9868-57a2d4851a1d" relativeResultsDirectory="1b7d7d4c-5b12-45cd-ba14-7fe5474de0fa" />
    <UnitTestResult executionId="0cbf5431-d0c1-487f-beba-1dbfea9f90dc" testId="d01d9da3-2b63-993d-f965-6dcec041a9a1" testName="JsonWebTokenSettings_Passing_All_Values_Returns_Values" computerName="PC-SFERRARI" duration="00:00:00.1337359" startTime="2021-01-17T16:52:29.7989931+00:00" endTime="2021-01-17T16:52:29.9328683+00:00" testType="13cdc9d9-ddb5-4fa4-a97d-d965ccfc6d4b" outcome="Passed" testListId="8c84fa94-04c1-424b-9868-57a2d4851a1d" relativeResultsDirectory="0cbf5431-d0c1-487f-beba-1dbfea9f90dc" />
    <UnitTestResult executionId="b197caee-fe48-4905-9610-c02a84c96580" testId="a574d746-1d8c-368f-7872-73b451873d81" testName="EncryptorOptions_Encrypt_Passing_Value_String_WithLifetime_Returns_CryptographicException_Exprided" computerName="PC-SFERRARI" duration="00:00:03.0128298" startTime="2021-01-17T16:52:26.3707040+00:00" endTime="2021-01-17T16:52:29.3837794+00:00" testType="13cdc9d9-ddb5-4fa4-a97d-d965ccfc6d4b" outcome="Passed" testListId="8c84fa94-04c1-424b-9868-57a2d4851a1d" relativeResultsDirectory="b197caee-fe48-4905-9610-c02a84c96580" />
    <UnitTestResult executionId="8e7ef414-cb9b-466b-aab2-6dec118655b6" testId="de7d5bca-92ba-8b65-4edc-d154cb9f22ca" testName="AppSettings_Passing_Valid_Value_Returns_HasErrorsAndErrors" computerName="PC-SFERRARI" duration="00:00:00.1785600" startTime="2021-01-17T16:52:30.1689380+00:00" endTime="2021-01-17T16:52:30.3485024+00:00" testType="13cdc9d9-ddb5-4fa4-a97d-d965ccfc6d4b" outcome="Passed" testListId="8c84fa94-04c1-424b-9868-57a2d4851a1d" relativeResultsDirectory="8e7ef414-cb9b-466b-aab2-6dec118655b6" resultType="DataDrivenTest">
      <InnerResults>
        <UnitTestResult executionId="9ef0c2e1-80c2-478c-b849-d61a992b36ea" parentExecutionId="8e7ef414-cb9b-466b-aab2-6dec118655b6" testId="de7d5bca-92ba-8b65-4edc-d154cb9f22ca" testName="AppSettings_Passing_Valid_Value_Returns_HasErrorsAndErrors (Password)" computerName="PC-SFERRARI" duration="00:00:00.0930487" startTime="2021-01-17T16:52:30.1689380+00:00" endTime="2021-01-17T16:52:30.3485024+00:00" testType="13cdc9d9-ddb5-4fa4-a97d-d965ccfc6d4b" outcome="Passed" testListId="8c84fa94-04c1-424b-9868-57a2d4851a1d" relativeResultsDirectory="9ef0c2e1-80c2-478c-b849-d61a992b36ea" dataRowInfo="1" resultType="DataDrivenDataRow" />
        <UnitTestResult executionId="c5e68de1-6556-4b0e-8345-98bdc9350f2d" parentExecutionId="8e7ef414-cb9b-466b-aab2-6dec118655b6" testId="de7d5bca-92ba-8b65-4edc-d154cb9f22ca" testName="AppSettings_Passing_Valid_Value_Returns_HasErrorsAndErrors (PasswordServiceTest)" computerName="PC-SFERRARI" duration="00:00:00.0826648" startTime="2021-01-17T16:52:30.1689380+00:00" endTime="2021-01-17T16:52:30.3485024+00:00" testType="13cdc9d9-ddb5-4fa4-a97d-d965ccfc6d4b" outcome="Passed" testListId="8c84fa94-04c1-424b-9868-57a2d4851a1d" relativeResultsDirectory="c5e68de1-6556-4b0e-8345-98bdc9350f2d" dataRowInfo="2" resultType="DataDrivenDataRow" />
      </InnerResults>
    </UnitTestResult>
    <UnitTestResult executionId="826a96fe-a52c-47af-ac01-d67363e85714" testId="4447fb16-ab87-7db7-dcef-6d42a68558bb" testName="RequireDigit_Passing_Invalid_Value_Returns_HasErrorsAndErrors" computerName="PC-SFERRARI" duration="00:00:00.0027778" startTime="2021-01-17T16:52:30.5254252+00:00" endTime="2021-01-17T16:52:30.5290776+00:00" testType="13cdc9d9-ddb5-4fa4-a97d-d965ccfc6d4b" outcome="Passed" testListId="8c84fa94-04c1-424b-9868-57a2d4851a1d" relativeResultsDirectory="826a96fe-a52c-47af-ac01-d67363e85714" resultType="DataDrivenTest">
      <InnerResults>
        <UnitTestResult executionId="9aff02b3-e0f9-443c-886f-a63e8b55484c" parentExecutionId="826a96fe-a52c-47af-ac01-d67363e85714" testId="4447fb16-ab87-7db7-dcef-6d42a68558bb" testName="RequireDigit_Passing_Invalid_Value_Returns_HasErrorsAndErrors (Password)" computerName="PC-SFERRARI" duration="00:00:00.0023075" startTime="2021-01-17T16:52:30.5254252+00:00" endTime="2021-01-17T16:52:30.5290776+00:00" testType="13cdc9d9-ddb5-4fa4-a97d-d965ccfc6d4b" outcome="Passed" testListId="8c84fa94-04c1-424b-9868-57a2d4851a1d" relativeResultsDirectory="9aff02b3-e0f9-443c-886f-a63e8b55484c" dataRowInfo="1" resultType="DataDrivenDataRow" />
        <UnitTestResult executionId="b5bfbe0d-c50e-443a-ad5b-b928b69eea76" parentExecutionId="826a96fe-a52c-47af-ac01-d67363e85714" testId="4447fb16-ab87-7db7-dcef-6d42a68558bb" testName="RequireDigit_Passing_Invalid_Value_Returns_HasErrorsAndErrors (PasswordServiceTest)" computerName="PC-SFERRARI" duration="00:00:00.0000633" startTime="2021-01-17T16:52:30.5254252+00:00" endTime="2021-01-17T16:52:30.5290776+00:00" testType="13cdc9d9-ddb5-4fa4-a97d-d965ccfc6d4b" outcome="Passed" testListId="8c84fa94-04c1-424b-9868-57a2d4851a1d" relativeResultsDirectory="b5bfbe0d-c50e-443a-ad5b-b928b69eea76" dataRowInfo="2" resultType="DataDrivenDataRow" />
      </InnerResults>
    </UnitTestResult>
    <UnitTestResult executionId="0a60c648-88d8-42a7-b87f-c51e8b9a9068" testId="c9a9a88a-aa31-d3a2-45ce-36161833d616" testName="EncryptorOptions_Encrypt_Passing_Value_String_Returns_Value_Encrypted" computerName="PC-SFERRARI" duration="00:00:00.0027988" startTime="2021-01-17T16:52:26.3676865+00:00" endTime="2021-01-17T16:52:26.3706562+00:00" testType="13cdc9d9-ddb5-4fa4-a97d-d965ccfc6d4b" outcome="Passed" testListId="8c84fa94-04c1-424b-9868-57a2d4851a1d" relativeResultsDirectory="0a60c648-88d8-42a7-b87f-c51e8b9a9068" />
    <UnitTestResult executionId="a49bf5f7-541f-4ad1-ab5b-4ca2d6ce03df" testId="32daafca-3fa2-ec6c-02fe-9d0f3796d0ed" testName="AppSettings_Encrypt_Passing_Value_String_Returns_Value_Encrypted" computerName="PC-SFERRARI" duration="00:00:00.0039386" startTime="2021-01-17T16:52:26.3550410+00:00" endTime="2021-01-17T16:52:26.3592804+00:00" testType="13cdc9d9-ddb5-4fa4-a97d-d965ccfc6d4b" outcome="Passed" testListId="8c84fa94-04c1-424b-9868-57a2d4851a1d" relativeResultsDirectory="a49bf5f7-541f-4ad1-ab5b-4ca2d6ce03df" />
    <UnitTestResult executionId="6d8b3aec-91fd-48a1-80a7-b0d81fc8af63" testId="1503b794-64e6-402d-46db-dd6b010eca49" testName="JsonWebTokenOptions_Passing_Empties_Claims_To_Service_Returns_ApplicationException" computerName="PC-SFERRARI" duration="00:00:00.0538649" startTime="2021-01-17T16:52:29.7368115+00:00" endTime="2021-01-17T16:52:29.7908231+00:00" testType="13cdc9d9-ddb5-4fa4-a97d-d965ccfc6d4b" outcome="Passed" testListId="8c84fa94-04c1-424b-9868-57a2d4851a1d" relativeResultsDirectory="6d8b3aec-91fd-48a1-80a7-b0d81fc8af63" />
    <UnitTestResult executionId="af388c54-4c48-4747-b73d-590ccff7f400" testId="d7ab8ee6-bfc1-9c70-c3d4-dd4c0dfe45a0" testName="JsonWebTokenSettings_Passing_Enabled_Settings_Returns_ApplicationException" computerName="PC-SFERRARI" duration="00:00:00.0003996" startTime="2021-01-17T16:52:30.1684534+00:00" endTime="2021-01-17T16:52:30.1689204+00:00" testType="13cdc9d9-ddb5-4fa4-a97d-d965ccfc6d4b" outcome="Passed" testListId="8c84fa94-04c1-424b-9868-57a2d4851a1d" relativeResultsDirectory="af388c54-4c48-4747-b73d-590ccff7f400" />
    <UnitTestResult executionId="f19d3cd4-6d4e-4235-8473-d2ed389faac4" testId="b3928bda-545b-97a4-b450-c6c5fdbdb0c6" testName="RequireEspecialCharacters_Passing_Invalid_Value_Returns_HasErrorsAndErrors" computerName="PC-SFERRARI" duration="00:00:00.0012175" startTime="2021-01-17T16:52:30.5324511+00:00" endTime="2021-01-17T16:52:30.5339421+00:00" testType="13cdc9d9-ddb5-4fa4-a97d-d965ccfc6d4b" outcome="Passed" testListId="8c84fa94-04c1-424b-9868-57a2d4851a1d" relativeResultsDirectory="f19d3cd4-6d4e-4235-8473-d2ed389faac4" resultType="DataDrivenTest">
      <InnerResults>
        <UnitTestResult executionId="2728d524-db1d-47a4-8f79-488721fc3f16" parentExecutionId="f19d3cd4-6d4e-4235-8473-d2ed389faac4" testId="b3928bda-545b-97a4-b450-c6c5fdbdb0c6" testName="RequireEspecialCharacters_Passing_Invalid_Value_Returns_HasErrorsAndErrors (Password)" computerName="PC-SFERRARI" duration="00:00:00.0010902" startTime="2021-01-17T16:52:30.5324511+00:00" endTime="2021-01-17T16:52:30.5339421+00:00" testType="13cdc9d9-ddb5-4fa4-a97d-d965ccfc6d4b" outcome="Passed" testListId="8c84fa94-04c1-424b-9868-57a2d4851a1d" relativeResultsDirectory="2728d524-db1d-47a4-8f79-488721fc3f16" dataRowInfo="1" resultType="DataDrivenDataRow" />
        <UnitTestResult executionId="fef4fe1c-65a6-4540-9cf2-51c2c0e3ba14" parentExecutionId="f19d3cd4-6d4e-4235-8473-d2ed389faac4" testId="b3928bda-545b-97a4-b450-c6c5fdbdb0c6" testName="RequireEspecialCharacters_Passing_Invalid_Value_Returns_HasErrorsAndErrors (PasswordServiceTest)" computerName="PC-SFERRARI" duration="00:00:00.0000398" startTime="2021-01-17T16:52:30.5324511+00:00" endTime="2021-01-17T16:52:30.5339421+00:00" testType="13cdc9d9-ddb5-4fa4-a97d-d965ccfc6d4b" outcome="Passed" testListId="8c84fa94-04c1-424b-9868-57a2d4851a1d" relativeResultsDirectory="fef4fe1c-65a6-4540-9cf2-51c2c0e3ba14" dataRowInfo="2" resultType="DataDrivenDataRow" />
      </InnerResults>
    </UnitTestResult>
    <UnitTestResult executionId="482b0ece-77e4-430a-9a62-625b65b4ae52" testId="ce4c1f35-d0ec-0de2-3023-5c1c77efcbcc" testName="AppSettings_Encrypt_Passing_Value_Object_Returns_Object_Encrypted" computerName="PC-SFERRARI" duration="00:00:00.3071769" startTime="2021-01-17T16:52:25.9210837+00:00" endTime="2021-01-17T16:52:26.3359396+00:00" testType="13cdc9d9-ddb5-4fa4-a97d-d965ccfc6d4b" outcome="Passed" testListId="8c84fa94-04c1-424b-9868-57a2d4851a1d" relativeResultsDirectory="482b0ece-77e4-430a-9a62-625b65b4ae52" />
    <UnitTestResult executionId="4050d415-d1ed-4416-9efb-9e033e736812" testId="90367231-7c45-c264-7213-426aba337866" testName="RequiredMinLength_Passing_Invalid_Value_Returns_HasErrorsAndErrors" computerName="PC-SFERRARI" duration="00:00:00.0025936" startTime="2021-01-17T16:52:30.5359780+00:00" endTime="2021-01-17T16:52:30.5386742+00:00" testType="13cdc9d9-ddb5-4fa4-a97d-d965ccfc6d4b" outcome="Passed" testListId="8c84fa94-04c1-424b-9868-57a2d4851a1d" relativeResultsDirectory="4050d415-d1ed-4416-9efb-9e033e736812" resultType="DataDrivenTest">
      <InnerResults>
        <UnitTestResult executionId="e53884ec-1442-40f4-961a-9777e7210d8d" parentExecutionId="4050d415-d1ed-4416-9efb-9e033e736812" testId="90367231-7c45-c264-7213-426aba337866" testName="RequiredMinLength_Passing_Invalid_Value_Returns_HasErrorsAndErrors (Password)" computerName="PC-SFERRARI" duration="00:00:00.0024730" startTime="2021-01-17T16:52:30.5359780+00:00" endTime="2021-01-17T16:52:30.5386742+00:00" testType="13cdc9d9-ddb5-4fa4-a97d-d965ccfc6d4b" outcome="Passed" testListId="8c84fa94-04c1-424b-9868-57a2d4851a1d" relativeResultsDirectory="e53884ec-1442-40f4-961a-9777e7210d8d" dataRowInfo="1" resultType="DataDrivenDataRow" />
        <UnitTestResult executionId="7f236e9c-4eae-4822-b357-df668cf0e948" parentExecutionId="4050d415-d1ed-4416-9efb-9e033e736812" testId="90367231-7c45-c264-7213-426aba337866" testName="RequiredMinLength_Passing_Invalid_Value_Returns_HasErrorsAndErrors (PasswordServiceTest)" computerName="PC-SFERRARI" duration="00:00:00.0000387" startTime="2021-01-17T16:52:30.5359780+00:00" endTime="2021-01-17T16:52:30.5386742+00:00" testType="13cdc9d9-ddb5-4fa4-a97d-d965ccfc6d4b" outcome="Passed" testListId="8c84fa94-04c1-424b-9868-57a2d4851a1d" relativeResultsDirectory="7f236e9c-4eae-4822-b357-df668cf0e948" dataRowInfo="2" resultType="DataDrivenDataRow" />
      </InnerResults>
    </UnitTestResult>
    <UnitTestResult executionId="1f0c607e-37b4-4eaf-9cdf-c29cf911a8b0" testId="21a0f49b-69bb-53c7-ceab-a85f9a39e365" testName="EncryptorSettings_Encrypt_Passing_Value_String_Returns_Value_Encrypted" computerName="PC-SFERRARI" duration="00:00:00.0016497" startTime="2021-01-17T16:52:29.3972088+00:00" endTime="2021-01-17T16:52:29.3989678+00:00" testType="13cdc9d9-ddb5-4fa4-a97d-d965ccfc6d4b" outcome="Passed" testListId="8c84fa94-04c1-424b-9868-57a2d4851a1d" relativeResultsDirectory="1f0c607e-37b4-4eaf-9cdf-c29cf911a8b0" />
    <UnitTestResult executionId="b191dbd3-fc1a-46e7-bec6-8c2f36f18744" testId="10a896e8-2c10-720e-0681-44e0a187a0b9" testName="JsonWebTokenSettings_Passing_Claims_And_Headers_Returns_Values" computerName="PC-SFERRARI" duration="00:00:00.0830840" startTime="2021-01-17T16:52:29.9329015+00:00" endTime="2021-01-17T16:52:30.0160959+00:00" testType="13cdc9d9-ddb5-4fa4-a97d-d965ccfc6d4b" outcome="Passed" testListId="8c84fa94-04c1-424b-9868-57a2d4851a1d" relativeResultsDirectory="b191dbd3-fc1a-46e7-bec6-8c2f36f18744" />
    <UnitTestResult executionId="da47295d-7d98-49fb-a7de-483b3acc1553" testId="025b087b-18e6-62b0-d1e3-70af28c4d509" testName="JsonWebTokenOptions_Passing_Empties_Settings_Returns_ApplicationException_GetAuthJsonWebToken" computerName="PC-SFERRARI" duration="00:00:00.0005133" startTime="2021-01-17T16:52:29.7908652+00:00" endTime="2021-01-17T16:52:29.7914947+00:00" testType="13cdc9d9-ddb5-4fa4-a97d-d965ccfc6d4b" outcome="Passed" testListId="8c84fa94-04c1-424b-9868-57a2d4851a1d" relativeResultsDirectory="da47295d-7d98-49fb-a7de-483b3acc1553" />
    <UnitTestResult executionId="b91d80a6-63da-459c-957e-295728e5e4d1" testId="b2cc154e-434f-78b2-d8d6-076a473c9726" testName="JsonWebTokenOptions_Passing_Claims_To_Service_Returns_Values" computerName="PC-SFERRARI" duration="00:00:00.0721244" startTime="2021-01-17T16:52:29.6644935+00:00" endTime="2021-01-17T16:52:29.7367726+00:00" testType="13cdc9d9-ddb5-4fa4-a97d-d965ccfc6d4b" outcome="Passed" testListId="8c84fa94-04c1-424b-9868-57a2d4851a1d" relativeResultsDirectory="b91d80a6-63da-459c-957e-295728e5e4d1" />
    <UnitTestResult executionId="8bda5c10-593e-4e00-b61f-f696c451623a" testId="55a4f170-57d1-d1f6-1902-93b1e4d17c57" testName="JsonWebTokenOptions_Passing_Enabled_Settings_Returns_ApplicationException" computerName="PC-SFERRARI" duration="00:00:00.0004455" startTime="2021-01-17T16:52:29.7915146+00:00" endTime="2021-01-17T16:52:29.7920283+00:00" testType="13cdc9d9-ddb5-4fa4-a97d-d965ccfc6d4b" outcome="Passed" testListId="8c84fa94-04c1-424b-9868-57a2d4851a1d" relativeResultsDirectory="8bda5c10-593e-4e00-b61f-f696c451623a" />
    <UnitTestResult executionId="eedec6ee-e9be-4be3-a36a-95d13cfa9704" testId="48f78119-0f78-d1b1-1154-23d5d25d28d8" testName="DefaultSettings_Passing_Valid_Value_Returns_HasErrorsAndErrors" computerName="PC-SFERRARI" duration="00:00:00.1691533" startTime="2021-01-17T16:52:30.3554631+00:00" endTime="2021-01-17T16:52:30.5248827+00:00" testType="13cdc9d9-ddb5-4fa4-a97d-d965ccfc6d4b" outcome="Passed" testListId="8c84fa94-04c1-424b-9868-57a2d4851a1d" relativeResultsDirectory="eedec6ee-e9be-4be3-a36a-95d13cfa9704" resultType="DataDrivenTest">
      <InnerResults>
        <UnitTestResult executionId="27cf6709-6380-40e1-8b58-c06f84948efb" parentExecutionId="eedec6ee-e9be-4be3-a36a-95d13cfa9704" testId="48f78119-0f78-d1b1-1154-23d5d25d28d8" testName="DefaultSettings_Passing_Valid_Value_Returns_HasErrorsAndErrors (Password)" computerName="PC-SFERRARI" duration="00:00:00.0855520" startTime="2021-01-17T16:52:30.3554631+00:00" endTime="2021-01-17T16:52:30.5248827+00:00" testType="13cdc9d9-ddb5-4fa4-a97d-d965ccfc6d4b" outcome="Passed" testListId="8c84fa94-04c1-424b-9868-57a2d4851a1d" relativeResultsDirectory="27cf6709-6380-40e1-8b58-c06f84948efb" dataRowInfo="1" resultType="DataDrivenDataRow" />
        <UnitTestResult executionId="7c6efcf1-f80f-471b-8f10-0048841cfd25" parentExecutionId="eedec6ee-e9be-4be3-a36a-95d13cfa9704" testId="48f78119-0f78-d1b1-1154-23d5d25d28d8" testName="DefaultSettings_Passing_Valid_Value_Returns_HasErrorsAndErrors (PasswordServiceTest)" computerName="PC-SFERRARI" duration="00:00:00.0833748" startTime="2021-01-17T16:52:30.3554631+00:00" endTime="2021-01-17T16:52:30.5248827+00:00" testType="13cdc9d9-ddb5-4fa4-a97d-d965ccfc6d4b" outcome="Passed" testListId="8c84fa94-04c1-424b-9868-57a2d4851a1d" relativeResultsDirectory="7c6efcf1-f80f-471b-8f10-0048841cfd25" dataRowInfo="2" resultType="DataDrivenDataRow" />
      </InnerResults>
    </UnitTestResult>
  </Results>
  <TestDefinitions>
    <UnitTest name="RequiredMinLength_Passing_Invalid_Value_Returns_HasErrorsAndErrors" storage="d:\sferrari\01 - trabajo\repos\netcore\template-netcore-security\kitpymes.core.security.tests\bin\release\netcoreapp3.0\kitpymes.core.security.tests.dll" id="90367231-7c45-c264-7213-426aba337866">
      <Execution id="4050d415-d1ed-4416-9efb-9e033e736812" />
      <TestMethod codeBase="D:\SFERRARI\01 - TRABAJO\repos\netcore\template-netcore-security\Kitpymes.Core.Security.Tests\bin\Release\netcoreapp3.0\Kitpymes.Core.Security.Tests.dll" adapterTypeName="executor://mstestadapter/v2" className="Kitypmes.Core.Security.Tests.PasswordServiceTest" name="RequiredMinLength_Passing_Invalid_Value_Returns_HasErrorsAndErrors" />
    </UnitTest>
    <UnitTest name="AppSettings_Passing_Valid_Value_Returns_HasErrorsAndErrors" storage="d:\sferrari\01 - trabajo\repos\netcore\template-netcore-security\kitpymes.core.security.tests\bin\release\netcoreapp3.0\kitpymes.core.security.tests.dll" id="de7d5bca-92ba-8b65-4edc-d154cb9f22ca">
      <Execution id="8e7ef414-cb9b-466b-aab2-6dec118655b6" />
      <TestMethod codeBase="D:\SFERRARI\01 - TRABAJO\repos\netcore\template-netcore-security\Kitpymes.Core.Security.Tests\bin\Release\netcoreapp3.0\Kitpymes.Core.Security.Tests.dll" adapterTypeName="executor://mstestadapter/v2" className="Kitypmes.Core.Security.Tests.PasswordServiceTest" name="AppSettings_Passing_Valid_Value_Returns_HasErrorsAndErrors" />
    </UnitTest>
    <UnitTest name="EncryptorSettings_Encrypt_Passing_Value_String_Returns_Value_Encrypted" storage="d:\sferrari\01 - trabajo\repos\netcore\template-netcore-security\kitpymes.core.security.tests\bin\release\netcoreapp3.0\kitpymes.core.security.tests.dll" id="21a0f49b-69bb-53c7-ceab-a85f9a39e365">
      <Execution id="1f0c607e-37b4-4eaf-9cdf-c29cf911a8b0" />
      <TestMethod codeBase="D:\SFERRARI\01 - TRABAJO\repos\netcore\template-netcore-security\Kitpymes.Core.Security.Tests\bin\Release\netcoreapp3.0\Kitpymes.Core.Security.Tests.dll" adapterTypeName="executor://mstestadapter/v2" className="Kitypmes.Core.Security.Tests.EncryptorServiceTest" name="EncryptorSettings_Encrypt_Passing_Value_String_Returns_Value_Encrypted" />
    </UnitTest>
    <UnitTest name="JsonWebTokenOptions_Passing_All_Values_Returns_Values" storage="d:\sferrari\01 - trabajo\repos\netcore\template-netcore-security\kitpymes.core.security.tests\bin\release\netcoreapp3.0\kitpymes.core.security.tests.dll" id="5befba76-dc26-60e8-f56c-fc9fc02ca77c">
      <Execution id="1b7d7d4c-5b12-45cd-ba14-7fe5474de0fa" />
      <TestMethod codeBase="D:\SFERRARI\01 - TRABAJO\repos\netcore\template-netcore-security\Kitpymes.Core.Security.Tests\bin\Release\netcoreapp3.0\Kitpymes.Core.Security.Tests.dll" adapterTypeName="executor://mstestadapter/v2" className="Kitypmes.Core.Security.Tests.JsonWebTokenServiceTest" name="JsonWebTokenOptions_Passing_All_Values_Returns_Values" />
    </UnitTest>
    <UnitTest name="RequiredUniqueChars_Passing_Invalid_Value_Returns_HasErrorsAndErrors" storage="d:\sferrari\01 - trabajo\repos\netcore\template-netcore-security\kitpymes.core.security.tests\bin\release\netcoreapp3.0\kitpymes.core.security.tests.dll" id="5609de1e-8e31-61e0-634c-2542b5577eca">
      <Execution id="ec3144eb-053c-4376-b0e2-b25164e51274" />
      <TestMethod codeBase="D:\SFERRARI\01 - TRABAJO\repos\netcore\template-netcore-security\Kitpymes.Core.Security.Tests\bin\Release\netcoreapp3.0\Kitpymes.Core.Security.Tests.dll" adapterTypeName="executor://mstestadapter/v2" className="Kitypmes.Core.Security.Tests.PasswordServiceTest" name="RequiredUniqueChars_Passing_Invalid_Value_Returns_HasErrorsAndErrors" />
    </UnitTest>
    <UnitTest name="JsonWebTokenSettings_Passing_Claims_And_Headers_Returns_Values" storage="d:\sferrari\01 - trabajo\repos\netcore\template-netcore-security\kitpymes.core.security.tests\bin\release\netcoreapp3.0\kitpymes.core.security.tests.dll" id="10a896e8-2c10-720e-0681-44e0a187a0b9">
      <Execution id="b191dbd3-fc1a-46e7-bec6-8c2f36f18744" />
      <TestMethod codeBase="D:\SFERRARI\01 - TRABAJO\repos\netcore\template-netcore-security\Kitpymes.Core.Security.Tests\bin\Release\netcoreapp3.0\Kitpymes.Core.Security.Tests.dll" adapterTypeName="executor://mstestadapter/v2" className="Kitypmes.Core.Security.Tests.JsonWebTokenServiceTest" name="JsonWebTokenSettings_Passing_Claims_And_Headers_Returns_Values" />
    </UnitTest>
    <UnitTest name="EncryptorSettings_Encrypt_Passing_Value_Object_Returns_Object_Encrypted" storage="d:\sferrari\01 - trabajo\repos\netcore\template-netcore-security\kitpymes.core.security.tests\bin\release\netcoreapp3.0\kitpymes.core.security.tests.dll" id="9e1bad79-64b3-02eb-222e-4f88e590efcf">
      <Execution id="2c3142ea-b7b4-484c-a47e-50cb3e77b8be" />
      <TestMethod codeBase="D:\SFERRARI\01 - TRABAJO\repos\netcore\template-netcore-security\Kitpymes.Core.Security.Tests\bin\Release\netcoreapp3.0\Kitpymes.Core.Security.Tests.dll" adapterTypeName="executor://mstestadapter/v2" className="Kitypmes.Core.Security.Tests.EncryptorServiceTest" name="EncryptorSettings_Encrypt_Passing_Value_Object_Returns_Object_Encrypted" />
    </UnitTest>
    <UnitTest name="RequireUppercase_Passing_Invalid_Value_Returns_HasErrorsAndErrors" storage="d:\sferrari\01 - trabajo\repos\netcore\template-netcore-security\kitpymes.core.security.tests\bin\release\netcoreapp3.0\kitpymes.core.security.tests.dll" id="3db2e417-d9d0-d76c-8e4c-164fba24c540">
      <Execution id="67934672-19aa-4fed-995c-585df2724034" />
      <TestMethod codeBase="D:\SFERRARI\01 - TRABAJO\repos\netcore\template-netcore-security\Kitpymes.Core.Security.Tests\bin\Release\netcoreapp3.0\Kitpymes.Core.Security.Tests.dll" adapterTypeName="executor://mstestadapter/v2" className="Kitypmes.Core.Security.Tests.PasswordServiceTest" name="RequireUppercase_Passing_Invalid_Value_Returns_HasErrorsAndErrors" />
    </UnitTest>
    <UnitTest name="JsonWebTokenOptions_Passing_Empties_Settings_Returns_ApplicationException_GetAuthJsonWebToken" storage="d:\sferrari\01 - trabajo\repos\netcore\template-netcore-security\kitpymes.core.security.tests\bin\release\netcoreapp3.0\kitpymes.core.security.tests.dll" id="025b087b-18e6-62b0-d1e3-70af28c4d509">
      <Execution id="da47295d-7d98-49fb-a7de-483b3acc1553" />
      <TestMethod codeBase="D:\SFERRARI\01 - TRABAJO\repos\netcore\template-netcore-security\Kitpymes.Core.Security.Tests\bin\Release\netcoreapp3.0\Kitpymes.Core.Security.Tests.dll" adapterTypeName="executor://mstestadapter/v2" className="Kitypmes.Core.Security.Tests.JsonWebTokenServiceTest" name="JsonWebTokenOptions_Passing_Empties_Settings_Returns_ApplicationException_GetAuthJsonWebToken" />
    </UnitTest>
    <UnitTest name="EncryptorOptions_Encrypt_Passing_Value_String_Returns_Value_Encrypted" storage="d:\sferrari\01 - trabajo\repos\netcore\template-netcore-security\kitpymes.core.security.tests\bin\release\netcoreapp3.0\kitpymes.core.security.tests.dll" id="c9a9a88a-aa31-d3a2-45ce-36161833d616">
      <Execution id="0a60c648-88d8-42a7-b87f-c51e8b9a9068" />
      <TestMethod codeBase="D:\SFERRARI\01 - TRABAJO\repos\netcore\template-netcore-security\Kitpymes.Core.Security.Tests\bin\Release\netcoreapp3.0\Kitpymes.Core.Security.Tests.dll" adapterTypeName="executor://mstestadapter/v2" className="Kitypmes.Core.Security.Tests.EncryptorServiceTest" name="EncryptorOptions_Encrypt_Passing_Value_String_Returns_Value_Encrypted" />
    </UnitTest>
    <UnitTest name="DefaultSettings_Passing_Invalid_Value_Returns_HasErrorsAndErrors" storage="d:\sferrari\01 - trabajo\repos\netcore\template-netcore-security\kitpymes.core.security.tests\bin\release\netcoreapp3.0\kitpymes.core.security.tests.dll" id="dd99cbaa-85f2-79e4-7640-e6ada6b333d2">
      <Execution id="6bed1ab1-8f6b-464b-986e-c216de69d79d" />
      <TestMethod codeBase="D:\SFERRARI\01 - TRABAJO\repos\netcore\template-netcore-security\Kitpymes.Core.Security.Tests\bin\Release\netcoreapp3.0\Kitpymes.Core.Security.Tests.dll" adapterTypeName="executor://mstestadapter/v2" className="Kitypmes.Core.Security.Tests.PasswordServiceTest" name="DefaultSettings_Passing_Invalid_Value_Returns_HasErrorsAndErrors" />
    </UnitTest>
    <UnitTest name="AppSettings_Encrypt_Passing_Value_String_Returns_Value_Encrypted" storage="d:\sferrari\01 - trabajo\repos\netcore\template-netcore-security\kitpymes.core.security.tests\bin\release\netcoreapp3.0\kitpymes.core.security.tests.dll" id="32daafca-3fa2-ec6c-02fe-9d0f3796d0ed">
      <Execution id="a49bf5f7-541f-4ad1-ab5b-4ca2d6ce03df" />
      <TestMethod codeBase="D:\SFERRARI\01 - TRABAJO\repos\netcore\template-netcore-security\Kitpymes.Core.Security.Tests\bin\Release\netcoreapp3.0\Kitpymes.Core.Security.Tests.dll" adapterTypeName="executor://mstestadapter/v2" className="Kitypmes.Core.Security.Tests.EncryptorServiceTest" name="AppSettings_Encrypt_Passing_Value_String_Returns_Value_Encrypted" />
    </UnitTest>
    <UnitTest name="JsonWebTokenOptions_Passing_Enabled_Settings_Returns_ApplicationException" storage="d:\sferrari\01 - trabajo\repos\netcore\template-netcore-security\kitpymes.core.security.tests\bin\release\netcoreapp3.0\kitpymes.core.security.tests.dll" id="55a4f170-57d1-d1f6-1902-93b1e4d17c57">
      <Execution id="8bda5c10-593e-4e00-b61f-f696c451623a" />
      <TestMethod codeBase="D:\SFERRARI\01 - TRABAJO\repos\netcore\template-netcore-security\Kitpymes.Core.Security.Tests\bin\Release\netcoreapp3.0\Kitpymes.Core.Security.Tests.dll" adapterTypeName="executor://mstestadapter/v2" className="Kitypmes.Core.Security.Tests.JsonWebTokenServiceTest" name="JsonWebTokenOptions_Passing_Enabled_Settings_Returns_ApplicationException" />
    </UnitTest>
    <UnitTest name="JsonWebTokenOptions_Passing_Claims_And_Headers_Returns_Values" storage="d:\sferrari\01 - trabajo\repos\netcore\template-netcore-security\kitpymes.core.security.tests\bin\release\netcoreapp3.0\kitpymes.core.security.tests.dll" id="68654d5c-cf48-88e4-5c1d-ed1a1c33a69d">
      <Execution id="9bd281b8-73d3-4743-8f9d-b23d0154fd94" />
      <TestMethod codeBase="D:\SFERRARI\01 - TRABAJO\repos\netcore\template-netcore-security\Kitpymes.Core.Security.Tests\bin\Release\netcoreapp3.0\Kitpymes.Core.Security.Tests.dll" adapterTypeName="executor://mstestadapter/v2" className="Kitypmes.Core.Security.Tests.JsonWebTokenServiceTest" name="JsonWebTokenOptions_Passing_Claims_And_Headers_Returns_Values" />
    </UnitTest>
    <UnitTest name="RequireDigit_Passing_Invalid_Value_Returns_HasErrorsAndErrors" storage="d:\sferrari\01 - trabajo\repos\netcore\template-netcore-security\kitpymes.core.security.tests\bin\release\netcoreapp3.0\kitpymes.core.security.tests.dll" id="4447fb16-ab87-7db7-dcef-6d42a68558bb">
      <Execution id="826a96fe-a52c-47af-ac01-d67363e85714" />
      <TestMethod codeBase="D:\SFERRARI\01 - TRABAJO\repos\netcore\template-netcore-security\Kitpymes.Core.Security.Tests\bin\Release\netcoreapp3.0\Kitpymes.Core.Security.Tests.dll" adapterTypeName="executor://mstestadapter/v2" className="Kitypmes.Core.Security.Tests.PasswordServiceTest" name="RequireDigit_Passing_Invalid_Value_Returns_HasErrorsAndErrors" />
    </UnitTest>
    <UnitTest name="EncryptorOptions_Encrypt_Passing_Value_String_WithLifetime_Returns_CryptographicException_Exprided" storage="d:\sferrari\01 - trabajo\repos\netcore\template-netcore-security\kitpymes.core.security.tests\bin\release\netcoreapp3.0\kitpymes.core.security.tests.dll" id="a574d746-1d8c-368f-7872-73b451873d81">
      <Execution id="b197caee-fe48-4905-9610-c02a84c96580" />
      <TestMethod codeBase="D:\SFERRARI\01 - TRABAJO\repos\netcore\template-netcore-security\Kitpymes.Core.Security.Tests\bin\Release\netcoreapp3.0\Kitpymes.Core.Security.Tests.dll" adapterTypeName="executor://mstestadapter/v2" className="Kitypmes.Core.Security.Tests.EncryptorServiceTest" name="EncryptorOptions_Encrypt_Passing_Value_String_WithLifetime_Returns_CryptographicException_Exprided" />
    </UnitTest>
    <UnitTest name="EncryptorOptions_Encrypt_Passing_Value_Object_Returns_Object_Encrypted" storage="d:\sferrari\01 - trabajo\repos\netcore\template-netcore-security\kitpymes.core.security.tests\bin\release\netcoreapp3.0\kitpymes.core.security.tests.dll" id="4b02302a-de95-bc86-3576-64c310c52eb6">
      <Execution id="8d64ba05-9d1b-4ab4-b8c3-42eca8f6e521" />
      <TestMethod codeBase="D:\SFERRARI\01 - TRABAJO\repos\netcore\template-netcore-security\Kitpymes.Core.Security.Tests\bin\Release\netcoreapp3.0\Kitpymes.Core.Security.Tests.dll" adapterTypeName="executor://mstestadapter/v2" className="Kitypmes.Core.Security.Tests.EncryptorServiceTest" name="EncryptorOptions_Encrypt_Passing_Value_Object_Returns_Object_Encrypted" />
    </UnitTest>
    <UnitTest name="JsonWebTokenSettings_Passing_Enabled_Settings_Returns_ApplicationException" storage="d:\sferrari\01 - trabajo\repos\netcore\template-netcore-security\kitpymes.core.security.tests\bin\release\netcoreapp3.0\kitpymes.core.security.tests.dll" id="d7ab8ee6-bfc1-9c70-c3d4-dd4c0dfe45a0">
      <Execution id="af388c54-4c48-4747-b73d-590ccff7f400" />
      <TestMethod codeBase="D:\SFERRARI\01 - TRABAJO\repos\netcore\template-netcore-security\Kitpymes.Core.Security.Tests\bin\Release\netcoreapp3.0\Kitpymes.Core.Security.Tests.dll" adapterTypeName="executor://mstestadapter/v2" className="Kitypmes.Core.Security.Tests.JsonWebTokenServiceTest" name="JsonWebTokenSettings_Passing_Enabled_Settings_Returns_ApplicationException" />
    </UnitTest>
    <UnitTest name="DefaultSettings_Passing_Valid_Value_Returns_HasErrorsAndErrors" storage="d:\sferrari\01 - trabajo\repos\netcore\template-netcore-security\kitpymes.core.security.tests\bin\release\netcoreapp3.0\kitpymes.core.security.tests.dll" id="48f78119-0f78-d1b1-1154-23d5d25d28d8">
      <Execution id="eedec6ee-e9be-4be3-a36a-95d13cfa9704" />
      <TestMethod codeBase="D:\SFERRARI\01 - TRABAJO\repos\netcore\template-netcore-security\Kitpymes.Core.Security.Tests\bin\Release\netcoreapp3.0\Kitpymes.Core.Security.Tests.dll" adapterTypeName="executor://mstestadapter/v2" className="Kitypmes.Core.Security.Tests.PasswordServiceTest" name="DefaultSettings_Passing_Valid_Value_Returns_HasErrorsAndErrors" />
    </UnitTest>
    <UnitTest name="JsonWebTokenSettings_Passing_All_Values_Returns_Values" storage="d:\sferrari\01 - trabajo\repos\netcore\template-netcore-security\kitpymes.core.security.tests\bin\release\netcoreapp3.0\kitpymes.core.security.tests.dll" id="d01d9da3-2b63-993d-f965-6dcec041a9a1">
      <Execution id="0cbf5431-d0c1-487f-beba-1dbfea9f90dc" />
      <TestMethod codeBase="D:\SFERRARI\01 - TRABAJO\repos\netcore\template-netcore-security\Kitpymes.Core.Security.Tests\bin\Release\netcoreapp3.0\Kitpymes.Core.Security.Tests.dll" adapterTypeName="executor://mstestadapter/v2" className="Kitypmes.Core.Security.Tests.JsonWebTokenServiceTest" name="JsonWebTokenSettings_Passing_All_Values_Returns_Values" />
    </UnitTest>
    <UnitTest name="RequireEspecialCharacters_Passing_Invalid_Value_Returns_HasErrorsAndErrors" storage="d:\sferrari\01 - trabajo\repos\netcore\template-netcore-security\kitpymes.core.security.tests\bin\release\netcoreapp3.0\kitpymes.core.security.tests.dll" id="b3928bda-545b-97a4-b450-c6c5fdbdb0c6">
      <Execution id="f19d3cd4-6d4e-4235-8473-d2ed389faac4" />
      <TestMethod codeBase="D:\SFERRARI\01 - TRABAJO\repos\netcore\template-netcore-security\Kitpymes.Core.Security.Tests\bin\Release\netcoreapp3.0\Kitpymes.Core.Security.Tests.dll" adapterTypeName="executor://mstestadapter/v2" className="Kitypmes.Core.Security.Tests.PasswordServiceTest" name="RequireEspecialCharacters_Passing_Invalid_Value_Returns_HasErrorsAndErrors" />
    </UnitTest>
    <UnitTest name="JsonWebTokenSettings_Passing_Empties_Claims_Returns_ApplicationException" storage="d:\sferrari\01 - trabajo\repos\netcore\template-netcore-security\kitpymes.core.security.tests\bin\release\netcoreapp3.0\kitpymes.core.security.tests.dll" id="1bf97231-4f6a-0925-173e-e50bcb6f39bc">
      <Execution id="96470ad1-938b-4dfd-a8bc-73813f0ede9b" />
      <TestMethod codeBase="D:\SFERRARI\01 - TRABAJO\repos\netcore\template-netcore-security\Kitpymes.Core.Security.Tests\bin\Release\netcoreapp3.0\Kitpymes.Core.Security.Tests.dll" adapterTypeName="executor://mstestadapter/v2" className="Kitypmes.Core.Security.Tests.JsonWebTokenServiceTest" name="JsonWebTokenSettings_Passing_Empties_Claims_Returns_ApplicationException" />
    </UnitTest>
    <UnitTest name="AppSettings_Passing_All_Values_Returns_Values" storage="d:\sferrari\01 - trabajo\repos\netcore\template-netcore-security\kitpymes.core.security.tests\bin\release\netcoreapp3.0\kitpymes.core.security.tests.dll" id="8f9542b8-9a86-2425-712b-f9ad565fedbe">
      <Execution id="634d1385-1bc2-40f8-adea-2fd19456f365" />
      <TestMethod codeBase="D:\SFERRARI\01 - TRABAJO\repos\netcore\template-netcore-security\Kitpymes.Core.Security.Tests\bin\Release\netcoreapp3.0\Kitpymes.Core.Security.Tests.dll" adapterTypeName="executor://mstestadapter/v2" className="Kitypmes.Core.Security.Tests.JsonWebTokenServiceTest" name="AppSettings_Passing_All_Values_Returns_Values" />
    </UnitTest>
    <UnitTest name="JsonWebTokenOptions_Passing_Empties_Claims_To_Service_Returns_ApplicationException" storage="d:\sferrari\01 - trabajo\repos\netcore\template-netcore-security\kitpymes.core.security.tests\bin\release\netcoreapp3.0\kitpymes.core.security.tests.dll" id="1503b794-64e6-402d-46db-dd6b010eca49">
      <Execution id="6d8b3aec-91fd-48a1-80a7-b0d81fc8af63" />
      <TestMethod codeBase="D:\SFERRARI\01 - TRABAJO\repos\netcore\template-netcore-security\Kitpymes.Core.Security.Tests\bin\Release\netcoreapp3.0\Kitpymes.Core.Security.Tests.dll" adapterTypeName="executor://mstestadapter/v2" className="Kitypmes.Core.Security.Tests.JsonWebTokenServiceTest" name="JsonWebTokenOptions_Passing_Empties_Claims_To_Service_Returns_ApplicationException" />
    </UnitTest>
    <UnitTest name="JsonWebTokenSettings_Passing_Empties_Settings_Returns_ApplicationException_GetAuthJsonWebToken" storage="d:\sferrari\01 - trabajo\repos\netcore\template-netcore-security\kitpymes.core.security.tests\bin\release\netcoreapp3.0\kitpymes.core.security.tests.dll" id="55b5e60e-bb34-165b-6d7c-2a80479d6a42">
      <Execution id="d21df15e-fa3c-4e6f-b566-0091efb59be0" />
      <TestMethod codeBase="D:\SFERRARI\01 - TRABAJO\repos\netcore\template-netcore-security\Kitpymes.Core.Security.Tests\bin\Release\netcoreapp3.0\Kitpymes.Core.Security.Tests.dll" adapterTypeName="executor://mstestadapter/v2" className="Kitypmes.Core.Security.Tests.JsonWebTokenServiceTest" name="JsonWebTokenSettings_Passing_Empties_Settings_Returns_ApplicationException_GetAuthJsonWebToken" />
    </UnitTest>
    <UnitTest name="AppSettings_Encrypt_Passing_Value_Object_Returns_Object_Encrypted" storage="d:\sferrari\01 - trabajo\repos\netcore\template-netcore-security\kitpymes.core.security.tests\bin\release\netcoreapp3.0\kitpymes.core.security.tests.dll" id="ce4c1f35-d0ec-0de2-3023-5c1c77efcbcc">
      <Execution id="482b0ece-77e4-430a-9a62-625b65b4ae52" />
      <TestMethod codeBase="D:\SFERRARI\01 - TRABAJO\repos\netcore\template-netcore-security\Kitpymes.Core.Security.Tests\bin\Release\netcoreapp3.0\Kitpymes.Core.Security.Tests.dll" adapterTypeName="executor://mstestadapter/v2" className="Kitypmes.Core.Security.Tests.EncryptorServiceTest" name="AppSettings_Encrypt_Passing_Value_Object_Returns_Object_Encrypted" />
    </UnitTest>
    <UnitTest name="JsonWebTokenSettings_Passing_Claims_Returns_Values" storage="d:\sferrari\01 - trabajo\repos\netcore\template-netcore-security\kitpymes.core.security.tests\bin\release\netcoreapp3.0\kitpymes.core.security.tests.dll" id="7728671e-188e-9399-f172-fe364aa77f10">
      <Execution id="d39d527e-c2b7-4ce7-97ce-654b5b2e098b" />
      <TestMethod codeBase="D:\SFERRARI\01 - TRABAJO\repos\netcore\template-netcore-security\Kitpymes.Core.Security.Tests\bin\Release\netcoreapp3.0\Kitpymes.Core.Security.Tests.dll" adapterTypeName="executor://mstestadapter/v2" className="Kitypmes.Core.Security.Tests.JsonWebTokenServiceTest" name="JsonWebTokenSettings_Passing_Claims_Returns_Values" />
    </UnitTest>
    <UnitTest name="JsonWebTokenOptions_Passing_Claims_To_Service_Returns_Values" storage="d:\sferrari\01 - trabajo\repos\netcore\template-netcore-security\kitpymes.core.security.tests\bin\release\netcoreapp3.0\kitpymes.core.security.tests.dll" id="b2cc154e-434f-78b2-d8d6-076a473c9726">
      <Execution id="b91d80a6-63da-459c-957e-295728e5e4d1" />
      <TestMethod codeBase="D:\SFERRARI\01 - TRABAJO\repos\netcore\template-netcore-security\Kitpymes.Core.Security.Tests\bin\Release\netcoreapp3.0\Kitpymes.Core.Security.Tests.dll" adapterTypeName="executor://mstestadapter/v2" className="Kitypmes.Core.Security.Tests.JsonWebTokenServiceTest" name="JsonWebTokenOptions_Passing_Claims_To_Service_Returns_Values" />
    </UnitTest>
    <UnitTest name="RequireLowercase_Passing_Invalid_Value_Returns_HasErrorsAndErrors" storage="d:\sferrari\01 - trabajo\repos\netcore\template-netcore-security\kitpymes.core.security.tests\bin\release\netcoreapp3.0\kitpymes.core.security.tests.dll" id="6158c571-cb9e-2900-d032-289419d833e8">
      <Execution id="085c21f2-6430-4c6e-a12f-824609d1242a" />
      <TestMethod codeBase="D:\SFERRARI\01 - TRABAJO\repos\netcore\template-netcore-security\Kitpymes.Core.Security.Tests\bin\Release\netcoreapp3.0\Kitpymes.Core.Security.Tests.dll" adapterTypeName="executor://mstestadapter/v2" className="Kitypmes.Core.Security.Tests.PasswordServiceTest" name="RequireLowercase_Passing_Invalid_Value_Returns_HasErrorsAndErrors" />
    </UnitTest>
  </TestDefinitions>
  <TestEntries>
    <TestEntry testId="dd99cbaa-85f2-79e4-7640-e6ada6b333d2" executionId="6bed1ab1-8f6b-464b-986e-c216de69d79d" testListId="8c84fa94-04c1-424b-9868-57a2d4851a1d" />
    <TestEntry testId="8f9542b8-9a86-2425-712b-f9ad565fedbe" executionId="634d1385-1bc2-40f8-adea-2fd19456f365" testListId="8c84fa94-04c1-424b-9868-57a2d4851a1d" />
    <TestEntry testId="9e1bad79-64b3-02eb-222e-4f88e590efcf" executionId="2c3142ea-b7b4-484c-a47e-50cb3e77b8be" testListId="8c84fa94-04c1-424b-9868-57a2d4851a1d" />
    <TestEntry testId="1bf97231-4f6a-0925-173e-e50bcb6f39bc" executionId="96470ad1-938b-4dfd-a8bc-73813f0ede9b" testListId="8c84fa94-04c1-424b-9868-57a2d4851a1d" />
    <TestEntry testId="68654d5c-cf48-88e4-5c1d-ed1a1c33a69d" executionId="9bd281b8-73d3-4743-8f9d-b23d0154fd94" testListId="8c84fa94-04c1-424b-9868-57a2d4851a1d" />
    <TestEntry testId="5609de1e-8e31-61e0-634c-2542b5577eca" executionId="ec3144eb-053c-4376-b0e2-b25164e51274" testListId="8c84fa94-04c1-424b-9868-57a2d4851a1d" />
    <TestEntry testId="55b5e60e-bb34-165b-6d7c-2a80479d6a42" executionId="d21df15e-fa3c-4e6f-b566-0091efb59be0" testListId="8c84fa94-04c1-424b-9868-57a2d4851a1d" />
    <TestEntry testId="4b02302a-de95-bc86-3576-64c310c52eb6" executionId="8d64ba05-9d1b-4ab4-b8c3-42eca8f6e521" testListId="8c84fa94-04c1-424b-9868-57a2d4851a1d" />
    <TestEntry testId="6158c571-cb9e-2900-d032-289419d833e8" executionId="085c21f2-6430-4c6e-a12f-824609d1242a" testListId="8c84fa94-04c1-424b-9868-57a2d4851a1d" />
    <TestEntry testId="3db2e417-d9d0-d76c-8e4c-164fba24c540" executionId="67934672-19aa-4fed-995c-585df2724034" testListId="8c84fa94-04c1-424b-9868-57a2d4851a1d" />
    <TestEntry testId="7728671e-188e-9399-f172-fe364aa77f10" executionId="d39d527e-c2b7-4ce7-97ce-654b5b2e098b" testListId="8c84fa94-04c1-424b-9868-57a2d4851a1d" />
    <TestEntry testId="5befba76-dc26-60e8-f56c-fc9fc02ca77c" executionId="1b7d7d4c-5b12-45cd-ba14-7fe5474de0fa" testListId="8c84fa94-04c1-424b-9868-57a2d4851a1d" />
    <TestEntry testId="d01d9da3-2b63-993d-f965-6dcec041a9a1" executionId="0cbf5431-d0c1-487f-beba-1dbfea9f90dc" testListId="8c84fa94-04c1-424b-9868-57a2d4851a1d" />
    <TestEntry testId="a574d746-1d8c-368f-7872-73b451873d81" executionId="b197caee-fe48-4905-9610-c02a84c96580" testListId="8c84fa94-04c1-424b-9868-57a2d4851a1d" />
    <TestEntry testId="de7d5bca-92ba-8b65-4edc-d154cb9f22ca" executionId="8e7ef414-cb9b-466b-aab2-6dec118655b6" testListId="8c84fa94-04c1-424b-9868-57a2d4851a1d" />
    <TestEntry testId="4447fb16-ab87-7db7-dcef-6d42a68558bb" executionId="826a96fe-a52c-47af-ac01-d67363e85714" testListId="8c84fa94-04c1-424b-9868-57a2d4851a1d" />
    <TestEntry testId="c9a9a88a-aa31-d3a2-45ce-36161833d616" executionId="0a60c648-88d8-42a7-b87f-c51e8b9a9068" testListId="8c84fa94-04c1-424b-9868-57a2d4851a1d" />
    <TestEntry testId="32daafca-3fa2-ec6c-02fe-9d0f3796d0ed" executionId="a49bf5f7-541f-4ad1-ab5b-4ca2d6ce03df" testListId="8c84fa94-04c1-424b-9868-57a2d4851a1d" />
    <TestEntry testId="1503b794-64e6-402d-46db-dd6b010eca49" executionId="6d8b3aec-91fd-48a1-80a7-b0d81fc8af63" testListId="8c84fa94-04c1-424b-9868-57a2d4851a1d" />
    <TestEntry testId="d7ab8ee6-bfc1-9c70-c3d4-dd4c0dfe45a0" executionId="af388c54-4c48-4747-b73d-590ccff7f400" testListId="8c84fa94-04c1-424b-9868-57a2d4851a1d" />
    <TestEntry testId="b3928bda-545b-97a4-b450-c6c5fdbdb0c6" executionId="f19d3cd4-6d4e-4235-8473-d2ed389faac4" testListId="8c84fa94-04c1-424b-9868-57a2d4851a1d" />
    <TestEntry testId="ce4c1f35-d0ec-0de2-3023-5c1c77efcbcc" executionId="482b0ece-77e4-430a-9a62-625b65b4ae52" testListId="8c84fa94-04c1-424b-9868-57a2d4851a1d" />
    <TestEntry testId="90367231-7c45-c264-7213-426aba337866" executionId="4050d415-d1ed-4416-9efb-9e033e736812" testListId="8c84fa94-04c1-424b-9868-57a2d4851a1d" />
    <TestEntry testId="21a0f49b-69bb-53c7-ceab-a85f9a39e365" executionId="1f0c607e-37b4-4eaf-9cdf-c29cf911a8b0" testListId="8c84fa94-04c1-424b-9868-57a2d4851a1d" />
    <TestEntry testId="10a896e8-2c10-720e-0681-44e0a187a0b9" executionId="b191dbd3-fc1a-46e7-bec6-8c2f36f18744" testListId="8c84fa94-04c1-424b-9868-57a2d4851a1d" />
    <TestEntry testId="025b087b-18e6-62b0-d1e3-70af28c4d509" executionId="da47295d-7d98-49fb-a7de-483b3acc1553" testListId="8c84fa94-04c1-424b-9868-57a2d4851a1d" />
    <TestEntry testId="b2cc154e-434f-78b2-d8d6-076a473c9726" executionId="b91d80a6-63da-459c-957e-295728e5e4d1" testListId="8c84fa94-04c1-424b-9868-57a2d4851a1d" />
    <TestEntry testId="55a4f170-57d1-d1f6-1902-93b1e4d17c57" executionId="8bda5c10-593e-4e00-b61f-f696c451623a" testListId="8c84fa94-04c1-424b-9868-57a2d4851a1d" />
    <TestEntry testId="48f78119-0f78-d1b1-1154-23d5d25d28d8" executionId="eedec6ee-e9be-4be3-a36a-95d13cfa9704" testListId="8c84fa94-04c1-424b-9868-57a2d4851a1d" />
  </TestEntries>
  <TestLists>
    <TestList name="Resultados sin formato de lista" id="8c84fa94-04c1-424b-9868-57a2d4851a1d" />
    <TestList name="Todos los resultados cargados" id="19431567-8539-422a-85d7-44ee4e166bda" />
  </TestLists>
  <ResultSummary outcome="Completed">
    <Counters total="45" executed="45" passed="45" failed="0" error="0" timeout="0" aborted="0" inconclusive="0" passedButRunAborted="0" notRunnable="0" notExecuted="0" disconnected="0" warning="0" completed="0" inProgress="0" pending="0" />
  </ResultSummary>
</TestRun>