<?xml version="1.0" encoding="utf-8"?>
<TestRun id="7d42cacb-bff9-4dd3-9320-0f5dcaa4fed6" name="sferrari@PC-SFERRARI 2021-06-22 16:56:03" runUser="PC-SFERRARI\sferrari" xmlns="http://microsoft.com/schemas/VisualStudio/TeamTest/2010">
  <Times creation="2021-06-22T16:56:03.3050903+02:00" queuing="2021-06-22T16:56:03.3050918+02:00" start="2021-06-22T16:56:01.5165691+02:00" finish="2021-06-22T16:56:07.1370597+02:00" />
  <TestSettings name="default" id="64235637-3874-4943-b387-931b35eb2a8f">
    <Deployment runDeploymentRoot="sferrari_PC-SFERRARI_2021-06-22_16_56_03" />
  </TestSettings>
  <Results>
    <UnitTestResult executionId="cf80eca6-de79-43c1-88bd-122f9f0b63df" testId="193fc43f-6f34-4c93-9247-bdc56f8d7272" testName="EncryptorSettings_Encrypt_Passing_Value_Object_Returns_Object_Encrypted" computerName="PC-SFERRARI" duration="00:00:00.0052860" startTime="2021-06-22T16:56:06.5888579+02:00" endTime="2021-06-22T16:56:06.5942550+02:00" testType="13cdc9d9-ddb5-4fa4-a97d-d965ccfc6d4b" outcome="Passed" testListId="8c84fa94-04c1-424b-9868-57a2d4851a1d" relativeResultsDirectory="cf80eca6-de79-43c1-88bd-122f9f0b63df" />
    <UnitTestResult executionId="a85ee93c-27e5-4063-b1a0-0c8bb15200d7" testId="cb23ade4-5dee-4628-bbf7-afca27939364" testName="EncryptorOptions_Encrypt_Passing_Value_Object_Returns_Object_Encrypted" computerName="PC-SFERRARI" duration="00:00:00.0061550" startTime="2021-06-22T16:56:06.5803230+02:00" endTime="2021-06-22T16:56:06.5866281+02:00" testType="13cdc9d9-ddb5-4fa4-a97d-d965ccfc6d4b" outcome="Passed" testListId="8c84fa94-04c1-424b-9868-57a2d4851a1d" relativeResultsDirectory="a85ee93c-27e5-4063-b1a0-0c8bb15200d7" />
    <UnitTestResult executionId="be4e5a5c-224a-4b12-a926-b841cf08cd84" testId="e300331b-9f56-47b8-ab58-c61518b28abe" testName="RequiredUniqueChars_Passing_Invalid_Value_Returns_HasErrorsAndErrors (Password)" computerName="PC-SFERRARI" duration="00:00:00.0028736" startTime="2021-06-22T16:56:06.9750012+02:00" endTime="2021-06-22T16:56:06.9779282+02:00" testType="13cdc9d9-ddb5-4fa4-a97d-d965ccfc6d4b" outcome="Passed" testListId="8c84fa94-04c1-424b-9868-57a2d4851a1d" relativeResultsDirectory="be4e5a5c-224a-4b12-a926-b841cf08cd84" />
    <UnitTestResult executionId="1cf45644-a596-415a-9499-4026dfd7d55d" testId="ab442224-bc3c-4194-8641-225fc9933350" testName="RequiredMinLength_Passing_Invalid_Value_Returns_HasErrorsAndErrors (PasswordServiceTest)" computerName="PC-SFERRARI" duration="00:00:00.0000348" startTime="2021-06-22T16:56:06.9748424+02:00" endTime="2021-06-22T16:56:06.9749602+02:00" testType="13cdc9d9-ddb5-4fa4-a97d-d965ccfc6d4b" outcome="Passed" testListId="8c84fa94-04c1-424b-9868-57a2d4851a1d" relativeResultsDirectory="1cf45644-a596-415a-9499-4026dfd7d55d" />
    <UnitTestResult executionId="9fcaca05-621d-4231-b4b6-a4f53e02b9c9" testId="6a3e41b7-0028-44c3-9a11-031a3fad7591" testName="RequireDigit_Passing_Invalid_Value_Returns_HasErrorsAndErrors (Password)" computerName="PC-SFERRARI" duration="00:00:00.0039156" startTime="2021-06-22T16:56:06.9692294+02:00" endTime="2021-06-22T16:56:06.9732838+02:00" testType="13cdc9d9-ddb5-4fa4-a97d-d965ccfc6d4b" outcome="Passed" testListId="8c84fa94-04c1-424b-9868-57a2d4851a1d" relativeResultsDirectory="9fcaca05-621d-4231-b4b6-a4f53e02b9c9" />
    <UnitTestResult executionId="acc9fc6f-f73c-47c8-9ca4-64f8f267e2a4" testId="b21859e0-3b50-43f4-84ec-6992bc7355d4" testName="JsonWebTokenOptions_Passing_Empties_Claims_To_Service_Returns_ApplicationException" computerName="PC-SFERRARI" duration="00:00:00.1770177" startTime="2021-06-22T16:56:02.5086555+02:00" endTime="2021-06-22T16:56:02.6857933+02:00" testType="13cdc9d9-ddb5-4fa4-a97d-d965ccfc6d4b" outcome="Passed" testListId="8c84fa94-04c1-424b-9868-57a2d4851a1d" relativeResultsDirectory="acc9fc6f-f73c-47c8-9ca4-64f8f267e2a4" />
    <UnitTestResult executionId="80b28e8e-6568-45a9-9954-40500af23fc8" testId="04414d92-2e9a-4f01-ba08-f8aad76d3040" testName="AppSettings_Passing_All_Values_Returns_Values" computerName="PC-SFERRARI" duration="00:00:00.0512756" startTime="2021-06-22T16:56:03.4183009+02:00" endTime="2021-06-22T16:56:03.4696681+02:00" testType="13cdc9d9-ddb5-4fa4-a97d-d965ccfc6d4b" outcome="Passed" testListId="8c84fa94-04c1-424b-9868-57a2d4851a1d" relativeResultsDirectory="80b28e8e-6568-45a9-9954-40500af23fc8" />
    <UnitTestResult executionId="daec6c20-c55c-4e56-8b06-cc0d365dbaaf" testId="f22490dd-5746-435e-ba5c-63975df77954" testName="EncryptorSettings_Encrypt_Passing_Value_String_Returns_Value_Encrypted" computerName="PC-SFERRARI" duration="00:00:00.0019592" startTime="2021-06-22T16:56:06.5866968+02:00" endTime="2021-06-22T16:56:06.5887800+02:00" testType="13cdc9d9-ddb5-4fa4-a97d-d965ccfc6d4b" outcome="Passed" testListId="8c84fa94-04c1-424b-9868-57a2d4851a1d" relativeResultsDirectory="daec6c20-c55c-4e56-8b06-cc0d365dbaaf" />
    <UnitTestResult executionId="0475c86f-0d61-45a2-9ca6-6a6aac0d0e7d" testId="48d6f7fd-a73b-45f0-afc7-4739b270ddd8" testName="RequireEspecialCharacters_Passing_Invalid_Value_Returns_HasErrorsAndErrors (Password)" computerName="PC-SFERRARI" duration="00:00:00.0009699" startTime="2021-06-22T16:56:06.9781378+02:00" endTime="2021-06-22T16:56:06.9791551+02:00" testType="13cdc9d9-ddb5-4fa4-a97d-d965ccfc6d4b" outcome="Passed" testListId="8c84fa94-04c1-424b-9868-57a2d4851a1d" relativeResultsDirectory="0475c86f-0d61-45a2-9ca6-6a6aac0d0e7d" />
    <UnitTestResult executionId="bd6138b5-37f6-496b-b4c9-40625c6626f9" testId="fc1ee8b8-9d83-4c19-8b9a-55c50fd44964" testName="JsonWebTokenSettings_Passing_Enabled_Settings_Returns_ApplicationException" computerName="PC-SFERRARI" duration="00:00:00.0004067" startTime="2021-06-22T16:56:03.0801536+02:00" endTime="2021-06-22T16:56:03.0806212+02:00" testType="13cdc9d9-ddb5-4fa4-a97d-d965ccfc6d4b" outcome="Passed" testListId="8c84fa94-04c1-424b-9868-57a2d4851a1d" relativeResultsDirectory="bd6138b5-37f6-496b-b4c9-40625c6626f9" />
    <UnitTestResult executionId="d8b989bf-e229-4c16-88a4-e65e1a313e65" testId="8adc545a-b307-4355-bd92-79674f8b8278" testName="CreateRandom_WithCustomSettings_Returns_PlainPassword_Value" computerName="PC-SFERRARI" duration="00:00:00.0009891" startTime="2021-06-22T16:56:06.9914418+02:00" endTime="2021-06-22T16:56:06.9925290+02:00" testType="13cdc9d9-ddb5-4fa4-a97d-d965ccfc6d4b" outcome="Passed" testListId="8c84fa94-04c1-424b-9868-57a2d4851a1d" relativeResultsDirectory="d8b989bf-e229-4c16-88a4-e65e1a313e65" />
    <UnitTestResult executionId="ca303575-73d4-4821-aaf5-563964953ce1" testId="d222295e-51e2-4814-bfbe-2fe8549a1cd7" testName="RequiredUniqueChars_Passing_Invalid_Value_Returns_HasErrorsAndErrors (PasswordServiceTest)" computerName="PC-SFERRARI" duration="00:00:00.0000366" startTime="2021-06-22T16:56:06.9779945+02:00" endTime="2021-06-22T16:56:06.9780980+02:00" testType="13cdc9d9-ddb5-4fa4-a97d-d965ccfc6d4b" outcome="Passed" testListId="8c84fa94-04c1-424b-9868-57a2d4851a1d" relativeResultsDirectory="ca303575-73d4-4821-aaf5-563964953ce1" />
    <UnitTestResult executionId="4056982f-a735-4ff2-9104-b27ec7b6bd7f" testId="6c0571c6-121e-400d-a61b-1b02d13c44e5" testName="AppSettings_Passing_Valid_Value_Returns_HasErrorsAndErrors (PasswordServiceTest)" computerName="PC-SFERRARI" duration="00:00:00.0946566" startTime="2021-06-22T16:56:06.8743293+02:00" endTime="2021-06-22T16:56:06.9691124+02:00" testType="13cdc9d9-ddb5-4fa4-a97d-d965ccfc6d4b" outcome="Passed" testListId="8c84fa94-04c1-424b-9868-57a2d4851a1d" relativeResultsDirectory="4056982f-a735-4ff2-9104-b27ec7b6bd7f" />
    <UnitTestResult executionId="cc969287-1ac5-4607-8c33-493c4641cd76" testId="1e2e5a21-dcdc-4e6e-81fa-a9fe5a6f6b4e" testName="JsonWebTokenSettings_Passing_Claims_Returns_Values" computerName="PC-SFERRARI" duration="00:00:00.1132013" startTime="2021-06-22T16:56:03.1891871+02:00" endTime="2021-06-22T16:56:03.3025378+02:00" testType="13cdc9d9-ddb5-4fa4-a97d-d965ccfc6d4b" outcome="Passed" testListId="8c84fa94-04c1-424b-9868-57a2d4851a1d" relativeResultsDirectory="cc969287-1ac5-4607-8c33-493c4641cd76" />
    <UnitTestResult executionId="7f0e8b01-48b5-4975-b13b-e6fddd2a10e8" testId="3eb0b0b9-a5ad-4f61-972d-40d6512a38c0" testName="RequireUppercase_Passing_Invalid_Value_Returns_HasErrorsAndErrors (password)" computerName="PC-SFERRARI" duration="00:00:00.0008349" startTime="2021-06-22T16:56:06.9814270+02:00" endTime="2021-06-22T16:56:06.9823316+02:00" testType="13cdc9d9-ddb5-4fa4-a97d-d965ccfc6d4b" outcome="Passed" testListId="8c84fa94-04c1-424b-9868-57a2d4851a1d" relativeResultsDirectory="7f0e8b01-48b5-4975-b13b-e6fddd2a10e8" />
    <UnitTestResult executionId="2f98ea02-b573-4342-8479-831b7e40860d" testId="095c1ad4-a445-4c1f-8841-c94516e92e77" testName="JsonWebTokenOptions_Passing_Claims_To_Service_Returns_Values" computerName="PC-SFERRARI" duration="00:00:00.2528865" startTime="2021-06-22T16:56:02.6858556+02:00" endTime="2021-06-22T16:56:02.9388611+02:00" testType="13cdc9d9-ddb5-4fa4-a97d-d965ccfc6d4b" outcome="Passed" testListId="8c84fa94-04c1-424b-9868-57a2d4851a1d" relativeResultsDirectory="2f98ea02-b573-4342-8479-831b7e40860d" />
    <UnitTestResult executionId="eca615ae-6c00-4111-96cf-edd61f3d447d" testId="301c6518-8e58-4961-94c8-6c90a2b95f65" testName="AppSettings_Encrypt_Passing_Value_String_Returns_Value_Encrypted" computerName="PC-SFERRARI" duration="00:00:00.0035407" startTime="2021-06-22T16:56:06.5943228+02:00" endTime="2021-06-22T16:56:06.5979712+02:00" testType="13cdc9d9-ddb5-4fa4-a97d-d965ccfc6d4b" outcome="Passed" testListId="8c84fa94-04c1-424b-9868-57a2d4851a1d" relativeResultsDirectory="eca615ae-6c00-4111-96cf-edd61f3d447d" />
    <UnitTestResult executionId="374b9a65-9bf9-488d-a86b-be777c54a10f" testId="aa40fc27-7785-43d4-882f-a93e5f67f0bf" testName="JsonWebTokenSettings_Passing_Empties_Claims_Returns_ApplicationException" computerName="PC-SFERRARI" duration="00:00:00.0567020" startTime="2021-06-22T16:56:03.0806963+02:00" endTime="2021-06-22T16:56:03.1374655+02:00" testType="13cdc9d9-ddb5-4fa4-a97d-d965ccfc6d4b" outcome="Passed" testListId="8c84fa94-04c1-424b-9868-57a2d4851a1d" relativeResultsDirectory="374b9a65-9bf9-488d-a86b-be777c54a10f" />
    <UnitTestResult executionId="20e9111f-552c-4122-9221-34329aba0489" testId="9ff25cd1-8f2c-45c4-aa80-ba30b8375ebc" testName="RequireLowercase_Passing_Invalid_Value_Returns_HasErrorsAndErrors (PASSWORD)" computerName="PC-SFERRARI" duration="00:00:00.0009111" startTime="2021-06-22T16:56:06.9803995+02:00" endTime="2021-06-22T16:56:06.9813624+02:00" testType="13cdc9d9-ddb5-4fa4-a97d-d965ccfc6d4b" outcome="Passed" testListId="8c84fa94-04c1-424b-9868-57a2d4851a1d" relativeResultsDirectory="20e9111f-552c-4122-9221-34329aba0489" />
    <UnitTestResult executionId="a9fdd30e-b786-42f6-a9d5-cec40a18bda2" testId="893246c8-7e24-42c6-8143-b78d21c29212" testName="DefaultSettings_Passing_Invalid_Value_Returns_HasErrorsAndErrors (1a_e)" computerName="PC-SFERRARI" duration="00:00:00.0000254" startTime="2021-06-22T16:56:06.7906825+02:00" endTime="2021-06-22T16:56:06.7907775+02:00" testType="13cdc9d9-ddb5-4fa4-a97d-d965ccfc6d4b" outcome="Passed" testListId="8c84fa94-04c1-424b-9868-57a2d4851a1d" relativeResultsDirectory="a9fdd30e-b786-42f6-a9d5-cec40a18bda2" />
    <UnitTestResult executionId="9eaba82f-3db4-4e40-afaf-56c6f8917afb" testId="18bcd0fd-06e0-439e-baa7-87087284f3cb" testName="JsonWebTokenOptions_Passing_Enabled_Settings_Returns_ApplicationException" computerName="PC-SFERRARI" duration="00:00:00.0060297" startTime="2021-06-22T16:56:02.5023326+02:00" endTime="2021-06-22T16:56:02.5085324+02:00" testType="13cdc9d9-ddb5-4fa4-a97d-d965ccfc6d4b" outcome="Passed" testListId="8c84fa94-04c1-424b-9868-57a2d4851a1d" relativeResultsDirectory="9eaba82f-3db4-4e40-afaf-56c6f8917afb" />
    <UnitTestResult executionId="41254405-fdf6-4073-8c04-e935daf225b2" testId="d8ec4515-e04a-4aab-aba2-e5cfa40b177c" testName="EncryptorOptions_Encrypt_Passing_Value_String_Returns_Value_Encrypted" computerName="PC-SFERRARI" duration="00:00:00.0991917" startTime="2021-06-22T16:56:03.4697232+02:00" endTime="2021-06-22T16:56:03.5690985+02:00" testType="13cdc9d9-ddb5-4fa4-a97d-d965ccfc6d4b" outcome="Passed" testListId="8c84fa94-04c1-424b-9868-57a2d4851a1d" relativeResultsDirectory="41254405-fdf6-4073-8c04-e935daf225b2" />
    <UnitTestResult executionId="774ac058-0dca-4d52-b4bb-03304a108f6d" testId="1f635ee2-eec6-42f8-a56f-840bc9aa9af9" testName="JsonWebTokenSettings_Passing_Claims_And_Headers_Returns_Values" computerName="PC-SFERRARI" duration="00:00:00.0591109" startTime="2021-06-22T16:56:03.3026271+02:00" endTime="2021-06-22T16:56:03.3618715+02:00" testType="13cdc9d9-ddb5-4fa4-a97d-d965ccfc6d4b" outcome="Passed" testListId="8c84fa94-04c1-424b-9868-57a2d4851a1d" relativeResultsDirectory="774ac058-0dca-4d52-b4bb-03304a108f6d" />
    <UnitTestResult executionId="d10ba822-8bf1-43f5-9711-c3ea8ddea9f4" testId="c56e8743-f005-400d-9b37-b7b623057e9a" testName="CreateRandom_WithLoadSettings_Returns_PlainPassword_Value" computerName="PC-SFERRARI" duration="00:00:00.0089252" startTime="2021-06-22T16:56:06.9823682+02:00" endTime="2021-06-22T16:56:06.9913808+02:00" testType="13cdc9d9-ddb5-4fa4-a97d-d965ccfc6d4b" outcome="Passed" testListId="8c84fa94-04c1-424b-9868-57a2d4851a1d" relativeResultsDirectory="d10ba822-8bf1-43f5-9711-c3ea8ddea9f4" />
    <UnitTestResult executionId="df406e1e-fe83-462c-90fc-1ac790ad5ca4" testId="df7aee88-f786-46ae-aea4-4ace61f1eab3" testName="JsonWebTokenOptions_Passing_Claims_And_Headers_Returns_Values" computerName="PC-SFERRARI" duration="00:00:00.0635045" startTime="2021-06-22T16:56:02.9389191+02:00" endTime="2021-06-22T16:56:03.0025222+02:00" testType="13cdc9d9-ddb5-4fa4-a97d-d965ccfc6d4b" outcome="Passed" testListId="8c84fa94-04c1-424b-9868-57a2d4851a1d" relativeResultsDirectory="df406e1e-fe83-462c-90fc-1ac790ad5ca4" />
    <UnitTestResult executionId="b799a5a2-d2a7-4d7e-8c4b-1ab8201dc309" testId="c3c195c0-63b5-4d36-b49c-ea42c0dda3dc" testName="JsonWebTokenOptions_Passing_All_Values_Returns_Values" computerName="PC-SFERRARI" duration="00:00:00.0767863" startTime="2021-06-22T16:56:03.0025845+02:00" endTime="2021-06-22T16:56:03.0794647+02:00" testType="13cdc9d9-ddb5-4fa4-a97d-d965ccfc6d4b" outcome="Passed" testListId="8c84fa94-04c1-424b-9868-57a2d4851a1d" relativeResultsDirectory="b799a5a2-d2a7-4d7e-8c4b-1ab8201dc309" />
    <UnitTestResult executionId="476de020-ebb2-46cd-b118-71bbc538cee4" testId="89e1f60a-d525-4e37-99fe-beac567d107e" testName="JsonWebTokenSettings_Passing_All_Values_Returns_Values" computerName="PC-SFERRARI" duration="00:00:00.0561668" startTime="2021-06-22T16:56:03.3619781+02:00" endTime="2021-06-22T16:56:03.4182433+02:00" testType="13cdc9d9-ddb5-4fa4-a97d-d965ccfc6d4b" outcome="Passed" testListId="8c84fa94-04c1-424b-9868-57a2d4851a1d" relativeResultsDirectory="476de020-ebb2-46cd-b118-71bbc538cee4" />
    <UnitTestResult executionId="2ac41153-1c64-4223-9bed-bf6ca5c0fac8" testId="c71fa0ee-9aff-4cb0-84a5-56b4de4bdcb7" testName="EncryptorOptions_Encrypt_Passing_Value_String_WithLifetime_Returns_CryptographicException_Exprided" computerName="PC-SFERRARI" duration="00:00:03.0104633" startTime="2021-06-22T16:56:03.5691617+02:00" endTime="2021-06-22T16:56:06.5797586+02:00" testType="13cdc9d9-ddb5-4fa4-a97d-d965ccfc6d4b" outcome="Passed" testListId="8c84fa94-04c1-424b-9868-57a2d4851a1d" relativeResultsDirectory="2ac41153-1c64-4223-9bed-bf6ca5c0fac8" />
    <UnitTestResult executionId="b8f45b43-8837-4556-b908-1397e1fba8fc" testId="a63a8e1e-6596-4e01-932e-66e40f23bc59" testName="AppSettings_Encrypt_Passing_Value_Object_Returns_Object_Encrypted" computerName="PC-SFERRARI" duration="00:00:00.0070389" startTime="2021-06-22T16:56:06.5999525+02:00" endTime="2021-06-22T16:56:06.6071238+02:00" testType="13cdc9d9-ddb5-4fa4-a97d-d965ccfc6d4b" outcome="Passed" testListId="8c84fa94-04c1-424b-9868-57a2d4851a1d" relativeResultsDirectory="b8f45b43-8837-4556-b908-1397e1fba8fc" />
    <UnitTestResult executionId="3c873c30-89cc-48fd-8c36-57903a294a02" testId="4eb7c823-d65d-4928-a509-6e64ac0c9e45" testName="AppSettings_Passing_Valid_Value_Returns_HasErrorsAndErrors (Password)" computerName="PC-SFERRARI" duration="00:00:00.0822879" startTime="2021-06-22T16:56:06.7918031+02:00" endTime="2021-06-22T16:56:06.8742137+02:00" testType="13cdc9d9-ddb5-4fa4-a97d-d965ccfc6d4b" outcome="Passed" testListId="8c84fa94-04c1-424b-9868-57a2d4851a1d" relativeResultsDirectory="3c873c30-89cc-48fd-8c36-57903a294a02" />
    <UnitTestResult executionId="4774b3cd-3679-45f0-b42d-dbdc11276d18" testId="225b808d-6064-4d20-9b65-835b4fb837ba" testName="RequiredMinLength_Passing_Invalid_Value_Returns_HasErrorsAndErrors (Password)" computerName="PC-SFERRARI" duration="00:00:00.0011291" startTime="2021-06-22T16:56:06.9735729+02:00" endTime="2021-06-22T16:56:06.9747516+02:00" testType="13cdc9d9-ddb5-4fa4-a97d-d965ccfc6d4b" outcome="Passed" testListId="8c84fa94-04c1-424b-9868-57a2d4851a1d" relativeResultsDirectory="4774b3cd-3679-45f0-b42d-dbdc11276d18" />
    <UnitTestResult executionId="54a5cfd2-9ae2-46f3-9a0b-9ed3b43cea41" testId="53201aea-f699-43be-8796-a5a5dd92c0e3" testName="DefaultSettings_Passing_Valid_Value_Returns_HasErrorsAndErrors (Password)" computerName="PC-SFERRARI" duration="00:00:00.0920626" startTime="2021-06-22T16:56:06.6094275+02:00" endTime="2021-06-22T16:56:06.7041909+02:00" testType="13cdc9d9-ddb5-4fa4-a97d-d965ccfc6d4b" outcome="Passed" testListId="8c84fa94-04c1-424b-9868-57a2d4851a1d" relativeResultsDirectory="54a5cfd2-9ae2-46f3-9a0b-9ed3b43cea41" />
    <UnitTestResult executionId="87d1f46d-0228-4ba0-98e1-cfd9998a6333" testId="536de37a-7cbb-4724-a242-88342432c67a" testName="RequireEspecialCharacters_Passing_Invalid_Value_Returns_HasErrorsAndErrors (PasswordServiceTest)" computerName="PC-SFERRARI" duration="00:00:00.0000361" startTime="2021-06-22T16:56:06.9802384+02:00" endTime="2021-06-22T16:56:06.9803444+02:00" testType="13cdc9d9-ddb5-4fa4-a97d-d965ccfc6d4b" outcome="Passed" testListId="8c84fa94-04c1-424b-9868-57a2d4851a1d" relativeResultsDirectory="87d1f46d-0228-4ba0-98e1-cfd9998a6333" />
    <UnitTestResult executionId="b88e54b3-5401-4572-8f56-7a4da7ae4705" testId="1991c8ad-b237-4b60-a8a6-84c7909fbdc5" testName="DefaultSettings_Passing_Valid_Value_Returns_HasErrorsAndErrors (PasswordServiceTest)" computerName="PC-SFERRARI" duration="00:00:00.0848849" startTime="2021-06-22T16:56:06.7043258+02:00" endTime="2021-06-22T16:56:06.7893750+02:00" testType="13cdc9d9-ddb5-4fa4-a97d-d965ccfc6d4b" outcome="Passed" testListId="8c84fa94-04c1-424b-9868-57a2d4851a1d" relativeResultsDirectory="b88e54b3-5401-4572-8f56-7a4da7ae4705" />
    <UnitTestResult executionId="ac6b983c-d329-48b1-9cd4-37c557908f5b" testId="206719fb-6e69-4cb2-86df-17ba90af3434" testName="RequireDigit_Passing_Invalid_Value_Returns_HasErrorsAndErrors (PasswordServiceTest)" computerName="PC-SFERRARI" duration="00:00:00.0000491" startTime="2021-06-22T16:56:06.9733867+02:00" endTime="2021-06-22T16:56:06.9735296+02:00" testType="13cdc9d9-ddb5-4fa4-a97d-d965ccfc6d4b" outcome="Passed" testListId="8c84fa94-04c1-424b-9868-57a2d4851a1d" relativeResultsDirectory="ac6b983c-d329-48b1-9cd4-37c557908f5b" />
    <UnitTestResult executionId="d305a910-31a5-410c-bb69-7112c2f033a8" testId="91390e62-9c63-4b65-af80-059e24661e9c" testName="JsonWebTokenSettings_Passing_Empties_Settings_Returns_ApplicationException_GetAuthJsonWebToken" computerName="PC-SFERRARI" duration="00:00:00.0005201" startTime="2021-06-22T16:56:03.0795199+02:00" endTime="2021-06-22T16:56:03.0801213+02:00" testType="13cdc9d9-ddb5-4fa4-a97d-d965ccfc6d4b" outcome="Passed" testListId="8c84fa94-04c1-424b-9868-57a2d4851a1d" relativeResultsDirectory="d305a910-31a5-410c-bb69-7112c2f033a8" />
    <UnitTestResult executionId="88e57290-33c9-4a9c-af12-5620f5f30633" testId="8a38f06b-5fda-480b-9765-3da481f2f427" testName="JsonWebTokenOptions_Passing_Empties_Settings_Returns_ApplicationException_GetAuthJsonWebToken" computerName="PC-SFERRARI" duration="00:00:00.0599548" startTime="2021-06-22T16:56:02.3966794+02:00" endTime="2021-06-22T16:56:02.4932216+02:00" testType="13cdc9d9-ddb5-4fa4-a97d-d965ccfc6d4b" outcome="Passed" testListId="8c84fa94-04c1-424b-9868-57a2d4851a1d" relativeResultsDirectory="88e57290-33c9-4a9c-af12-5620f5f30633" />
    <UnitTestResult executionId="fb9ae0b8-68af-4129-817a-2ddc38695496" testId="24650dca-cf69-4d65-8a90-caf26808012c" testName="DefaultSettings_Passing_Invalid_Value_Returns_HasErrorsAndErrors (Passw)" computerName="PC-SFERRARI" duration="00:00:00.0010006" startTime="2021-06-22T16:56:06.7895080+02:00" endTime="2021-06-22T16:56:06.7906221+02:00" testType="13cdc9d9-ddb5-4fa4-a97d-d965ccfc6d4b" outcome="Passed" testListId="8c84fa94-04c1-424b-9868-57a2d4851a1d" relativeResultsDirectory="fb9ae0b8-68af-4129-817a-2ddc38695496" />
  </Results>
  <TestDefinitions>
    <UnitTest name="JsonWebTokenOptions_Passing_Empties_Claims_To_Service_Returns_ApplicationException" storage="d:\sferrari\01 - trabajo\repos\netcore\libs\template-netcore-security\kitpymes.core.security.tests\bin\release\net5.0\kitpymes.core.security.tests.dll" id="b21859e0-3b50-43f4-84ec-6992bc7355d4">
      <Execution id="acc9fc6f-f73c-47c8-9ca4-64f8f267e2a4" />
      <TestMethod codeBase="D:\SFERRARI\01 - TRABAJO\repos\netcore\libs\template-netcore-security\Kitpymes.Core.Security.Tests\bin\Release\net5.0\Kitpymes.Core.Security.Tests.dll" adapterTypeName="executor://mstestadapter/v2" className="Kitypmes.Core.Security.Tests.JsonWebTokenServiceTest" name="JsonWebTokenOptions_Passing_Empties_Claims_To_Service_Returns_ApplicationException" />
    </UnitTest>
    <UnitTest name="JsonWebTokenSettings_Passing_Empties_Settings_Returns_ApplicationException_GetAuthJsonWebToken" storage="d:\sferrari\01 - trabajo\repos\netcore\libs\template-netcore-security\kitpymes.core.security.tests\bin\release\net5.0\kitpymes.core.security.tests.dll" id="91390e62-9c63-4b65-af80-059e24661e9c">
      <Execution id="d305a910-31a5-410c-bb69-7112c2f033a8" />
      <TestMethod codeBase="D:\SFERRARI\01 - TRABAJO\repos\netcore\libs\template-netcore-security\Kitpymes.Core.Security.Tests\bin\Release\net5.0\Kitpymes.Core.Security.Tests.dll" adapterTypeName="executor://mstestadapter/v2" className="Kitypmes.Core.Security.Tests.JsonWebTokenServiceTest" name="JsonWebTokenSettings_Passing_Empties_Settings_Returns_ApplicationException_GetAuthJsonWebToken" />
    </UnitTest>
    <UnitTest name="RequiredUniqueChars_Passing_Invalid_Value_Returns_HasErrorsAndErrors (PasswordServiceTest)" storage="d:\sferrari\01 - trabajo\repos\netcore\libs\template-netcore-security\kitpymes.core.security.tests\bin\release\net5.0\kitpymes.core.security.tests.dll" id="d222295e-51e2-4814-bfbe-2fe8549a1cd7">
      <Execution id="ca303575-73d4-4821-aaf5-563964953ce1" />
      <TestMethod codeBase="D:\SFERRARI\01 - TRABAJO\repos\netcore\libs\template-netcore-security\Kitpymes.Core.Security.Tests\bin\Release\net5.0\Kitpymes.Core.Security.Tests.dll" adapterTypeName="executor://mstestadapter/v2" className="Kitypmes.Core.Security.Tests.PasswordServiceTest" name="RequiredUniqueChars_Passing_Invalid_Value_Returns_HasErrorsAndErrors" />
    </UnitTest>
    <UnitTest name="AppSettings_Encrypt_Passing_Value_String_Returns_Value_Encrypted" storage="d:\sferrari\01 - trabajo\repos\netcore\libs\template-netcore-security\kitpymes.core.security.tests\bin\release\net5.0\kitpymes.core.security.tests.dll" id="301c6518-8e58-4961-94c8-6c90a2b95f65">
      <Execution id="eca615ae-6c00-4111-96cf-edd61f3d447d" />
      <TestMethod codeBase="D:\SFERRARI\01 - TRABAJO\repos\netcore\libs\template-netcore-security\Kitpymes.Core.Security.Tests\bin\Release\net5.0\Kitpymes.Core.Security.Tests.dll" adapterTypeName="executor://mstestadapter/v2" className="Kitypmes.Core.Security.Tests.EncryptorServiceTest" name="AppSettings_Encrypt_Passing_Value_String_Returns_Value_Encrypted" />
    </UnitTest>
    <UnitTest name="EncryptorOptions_Encrypt_Passing_Value_String_WithLifetime_Returns_CryptographicException_Exprided" storage="d:\sferrari\01 - trabajo\repos\netcore\libs\template-netcore-security\kitpymes.core.security.tests\bin\release\net5.0\kitpymes.core.security.tests.dll" id="c71fa0ee-9aff-4cb0-84a5-56b4de4bdcb7">
      <Execution id="2ac41153-1c64-4223-9bed-bf6ca5c0fac8" />
      <TestMethod codeBase="D:\SFERRARI\01 - TRABAJO\repos\netcore\libs\template-netcore-security\Kitpymes.Core.Security.Tests\bin\Release\net5.0\Kitpymes.Core.Security.Tests.dll" adapterTypeName="executor://mstestadapter/v2" className="Kitypmes.Core.Security.Tests.EncryptorServiceTest" name="EncryptorOptions_Encrypt_Passing_Value_String_WithLifetime_Returns_CryptographicException_Exprided" />
    </UnitTest>
    <UnitTest name="RequireEspecialCharacters_Passing_Invalid_Value_Returns_HasErrorsAndErrors (PasswordServiceTest)" storage="d:\sferrari\01 - trabajo\repos\netcore\libs\template-netcore-security\kitpymes.core.security.tests\bin\release\net5.0\kitpymes.core.security.tests.dll" id="536de37a-7cbb-4724-a242-88342432c67a">
      <Execution id="87d1f46d-0228-4ba0-98e1-cfd9998a6333" />
      <TestMethod codeBase="D:\SFERRARI\01 - TRABAJO\repos\netcore\libs\template-netcore-security\Kitpymes.Core.Security.Tests\bin\Release\net5.0\Kitpymes.Core.Security.Tests.dll" adapterTypeName="executor://mstestadapter/v2" className="Kitypmes.Core.Security.Tests.PasswordServiceTest" name="RequireEspecialCharacters_Passing_Invalid_Value_Returns_HasErrorsAndErrors" />
    </UnitTest>
    <UnitTest name="CreateRandom_WithLoadSettings_Returns_PlainPassword_Value" storage="d:\sferrari\01 - trabajo\repos\netcore\libs\template-netcore-security\kitpymes.core.security.tests\bin\release\net5.0\kitpymes.core.security.tests.dll" id="c56e8743-f005-400d-9b37-b7b623057e9a">
      <Execution id="d10ba822-8bf1-43f5-9711-c3ea8ddea9f4" />
      <TestMethod codeBase="D:\SFERRARI\01 - TRABAJO\repos\netcore\libs\template-netcore-security\Kitpymes.Core.Security.Tests\bin\Release\net5.0\Kitpymes.Core.Security.Tests.dll" adapterTypeName="executor://mstestadapter/v2" className="Kitypmes.Core.Security.Tests.PasswordServiceTest" name="CreateRandom_WithLoadSettings_Returns_PlainPassword_Value" />
    </UnitTest>
    <UnitTest name="JsonWebTokenSettings_Passing_Empties_Claims_Returns_ApplicationException" storage="d:\sferrari\01 - trabajo\repos\netcore\libs\template-netcore-security\kitpymes.core.security.tests\bin\release\net5.0\kitpymes.core.security.tests.dll" id="aa40fc27-7785-43d4-882f-a93e5f67f0bf">
      <Execution id="374b9a65-9bf9-488d-a86b-be777c54a10f" />
      <TestMethod codeBase="D:\SFERRARI\01 - TRABAJO\repos\netcore\libs\template-netcore-security\Kitpymes.Core.Security.Tests\bin\Release\net5.0\Kitpymes.Core.Security.Tests.dll" adapterTypeName="executor://mstestadapter/v2" className="Kitypmes.Core.Security.Tests.JsonWebTokenServiceTest" name="JsonWebTokenSettings_Passing_Empties_Claims_Returns_ApplicationException" />
    </UnitTest>
    <UnitTest name="JsonWebTokenOptions_Passing_Claims_And_Headers_Returns_Values" storage="d:\sferrari\01 - trabajo\repos\netcore\libs\template-netcore-security\kitpymes.core.security.tests\bin\release\net5.0\kitpymes.core.security.tests.dll" id="df7aee88-f786-46ae-aea4-4ace61f1eab3">
      <Execution id="df406e1e-fe83-462c-90fc-1ac790ad5ca4" />
      <TestMethod codeBase="D:\SFERRARI\01 - TRABAJO\repos\netcore\libs\template-netcore-security\Kitpymes.Core.Security.Tests\bin\Release\net5.0\Kitpymes.Core.Security.Tests.dll" adapterTypeName="executor://mstestadapter/v2" className="Kitypmes.Core.Security.Tests.JsonWebTokenServiceTest" name="JsonWebTokenOptions_Passing_Claims_And_Headers_Returns_Values" />
    </UnitTest>
    <UnitTest name="EncryptorOptions_Encrypt_Passing_Value_Object_Returns_Object_Encrypted" storage="d:\sferrari\01 - trabajo\repos\netcore\libs\template-netcore-security\kitpymes.core.security.tests\bin\release\net5.0\kitpymes.core.security.tests.dll" id="cb23ade4-5dee-4628-bbf7-afca27939364">
      <Execution id="a85ee93c-27e5-4063-b1a0-0c8bb15200d7" />
      <TestMethod codeBase="D:\SFERRARI\01 - TRABAJO\repos\netcore\libs\template-netcore-security\Kitpymes.Core.Security.Tests\bin\Release\net5.0\Kitpymes.Core.Security.Tests.dll" adapterTypeName="executor://mstestadapter/v2" className="Kitypmes.Core.Security.Tests.EncryptorServiceTest" name="EncryptorOptions_Encrypt_Passing_Value_Object_Returns_Object_Encrypted" />
    </UnitTest>
    <UnitTest name="RequireEspecialCharacters_Passing_Invalid_Value_Returns_HasErrorsAndErrors (Password)" storage="d:\sferrari\01 - trabajo\repos\netcore\libs\template-netcore-security\kitpymes.core.security.tests\bin\release\net5.0\kitpymes.core.security.tests.dll" id="48d6f7fd-a73b-45f0-afc7-4739b270ddd8">
      <Execution id="0475c86f-0d61-45a2-9ca6-6a6aac0d0e7d" />
      <TestMethod codeBase="D:\SFERRARI\01 - TRABAJO\repos\netcore\libs\template-netcore-security\Kitpymes.Core.Security.Tests\bin\Release\net5.0\Kitpymes.Core.Security.Tests.dll" adapterTypeName="executor://mstestadapter/v2" className="Kitypmes.Core.Security.Tests.PasswordServiceTest" name="RequireEspecialCharacters_Passing_Invalid_Value_Returns_HasErrorsAndErrors" />
    </UnitTest>
    <UnitTest name="EncryptorSettings_Encrypt_Passing_Value_Object_Returns_Object_Encrypted" storage="d:\sferrari\01 - trabajo\repos\netcore\libs\template-netcore-security\kitpymes.core.security.tests\bin\release\net5.0\kitpymes.core.security.tests.dll" id="193fc43f-6f34-4c93-9247-bdc56f8d7272">
      <Execution id="cf80eca6-de79-43c1-88bd-122f9f0b63df" />
      <TestMethod codeBase="D:\SFERRARI\01 - TRABAJO\repos\netcore\libs\template-netcore-security\Kitpymes.Core.Security.Tests\bin\Release\net5.0\Kitpymes.Core.Security.Tests.dll" adapterTypeName="executor://mstestadapter/v2" className="Kitypmes.Core.Security.Tests.EncryptorServiceTest" name="EncryptorSettings_Encrypt_Passing_Value_Object_Returns_Object_Encrypted" />
    </UnitTest>
    <UnitTest name="RequiredMinLength_Passing_Invalid_Value_Returns_HasErrorsAndErrors (PasswordServiceTest)" storage="d:\sferrari\01 - trabajo\repos\netcore\libs\template-netcore-security\kitpymes.core.security.tests\bin\release\net5.0\kitpymes.core.security.tests.dll" id="ab442224-bc3c-4194-8641-225fc9933350">
      <Execution id="1cf45644-a596-415a-9499-4026dfd7d55d" />
      <TestMethod codeBase="D:\SFERRARI\01 - TRABAJO\repos\netcore\libs\template-netcore-security\Kitpymes.Core.Security.Tests\bin\Release\net5.0\Kitpymes.Core.Security.Tests.dll" adapterTypeName="executor://mstestadapter/v2" className="Kitypmes.Core.Security.Tests.PasswordServiceTest" name="RequiredMinLength_Passing_Invalid_Value_Returns_HasErrorsAndErrors" />
    </UnitTest>
    <UnitTest name="JsonWebTokenOptions_Passing_Empties_Settings_Returns_ApplicationException_GetAuthJsonWebToken" storage="d:\sferrari\01 - trabajo\repos\netcore\libs\template-netcore-security\kitpymes.core.security.tests\bin\release\net5.0\kitpymes.core.security.tests.dll" id="8a38f06b-5fda-480b-9765-3da481f2f427">
      <Execution id="88e57290-33c9-4a9c-af12-5620f5f30633" />
      <TestMethod codeBase="D:\SFERRARI\01 - TRABAJO\repos\netcore\libs\template-netcore-security\Kitpymes.Core.Security.Tests\bin\Release\net5.0\Kitpymes.Core.Security.Tests.dll" adapterTypeName="executor://mstestadapter/v2" className="Kitypmes.Core.Security.Tests.JsonWebTokenServiceTest" name="JsonWebTokenOptions_Passing_Empties_Settings_Returns_ApplicationException_GetAuthJsonWebToken" />
    </UnitTest>
    <UnitTest name="AppSettings_Passing_All_Values_Returns_Values" storage="d:\sferrari\01 - trabajo\repos\netcore\libs\template-netcore-security\kitpymes.core.security.tests\bin\release\net5.0\kitpymes.core.security.tests.dll" id="04414d92-2e9a-4f01-ba08-f8aad76d3040">
      <Execution id="80b28e8e-6568-45a9-9954-40500af23fc8" />
      <TestMethod codeBase="D:\SFERRARI\01 - TRABAJO\repos\netcore\libs\template-netcore-security\Kitpymes.Core.Security.Tests\bin\Release\net5.0\Kitpymes.Core.Security.Tests.dll" adapterTypeName="executor://mstestadapter/v2" className="Kitypmes.Core.Security.Tests.JsonWebTokenServiceTest" name="AppSettings_Passing_All_Values_Returns_Values" />
    </UnitTest>
    <UnitTest name="JsonWebTokenSettings_Passing_Claims_Returns_Values" storage="d:\sferrari\01 - trabajo\repos\netcore\libs\template-netcore-security\kitpymes.core.security.tests\bin\release\net5.0\kitpymes.core.security.tests.dll" id="1e2e5a21-dcdc-4e6e-81fa-a9fe5a6f6b4e">
      <Execution id="cc969287-1ac5-4607-8c33-493c4641cd76" />
      <TestMethod codeBase="D:\SFERRARI\01 - TRABAJO\repos\netcore\libs\template-netcore-security\Kitpymes.Core.Security.Tests\bin\Release\net5.0\Kitpymes.Core.Security.Tests.dll" adapterTypeName="executor://mstestadapter/v2" className="Kitypmes.Core.Security.Tests.JsonWebTokenServiceTest" name="JsonWebTokenSettings_Passing_Claims_Returns_Values" />
    </UnitTest>
    <UnitTest name="DefaultSettings_Passing_Invalid_Value_Returns_HasErrorsAndErrors (Passw)" storage="d:\sferrari\01 - trabajo\repos\netcore\libs\template-netcore-security\kitpymes.core.security.tests\bin\release\net5.0\kitpymes.core.security.tests.dll" id="24650dca-cf69-4d65-8a90-caf26808012c">
      <Execution id="fb9ae0b8-68af-4129-817a-2ddc38695496" />
      <TestMethod codeBase="D:\SFERRARI\01 - TRABAJO\repos\netcore\libs\template-netcore-security\Kitpymes.Core.Security.Tests\bin\Release\net5.0\Kitpymes.Core.Security.Tests.dll" adapterTypeName="executor://mstestadapter/v2" className="Kitypmes.Core.Security.Tests.PasswordServiceTest" name="DefaultSettings_Passing_Invalid_Value_Returns_HasErrorsAndErrors" />
    </UnitTest>
    <UnitTest name="AppSettings_Passing_Valid_Value_Returns_HasErrorsAndErrors (Password)" storage="d:\sferrari\01 - trabajo\repos\netcore\libs\template-netcore-security\kitpymes.core.security.tests\bin\release\net5.0\kitpymes.core.security.tests.dll" id="4eb7c823-d65d-4928-a509-6e64ac0c9e45">
      <Execution id="3c873c30-89cc-48fd-8c36-57903a294a02" />
      <TestMethod codeBase="D:\SFERRARI\01 - TRABAJO\repos\netcore\libs\template-netcore-security\Kitpymes.Core.Security.Tests\bin\Release\net5.0\Kitpymes.Core.Security.Tests.dll" adapterTypeName="executor://mstestadapter/v2" className="Kitypmes.Core.Security.Tests.PasswordServiceTest" name="AppSettings_Passing_Valid_Value_Returns_HasErrorsAndErrors" />
    </UnitTest>
    <UnitTest name="AppSettings_Encrypt_Passing_Value_Object_Returns_Object_Encrypted" storage="d:\sferrari\01 - trabajo\repos\netcore\libs\template-netcore-security\kitpymes.core.security.tests\bin\release\net5.0\kitpymes.core.security.tests.dll" id="a63a8e1e-6596-4e01-932e-66e40f23bc59">
      <Execution id="b8f45b43-8837-4556-b908-1397e1fba8fc" />
      <TestMethod codeBase="D:\SFERRARI\01 - TRABAJO\repos\netcore\libs\template-netcore-security\Kitpymes.Core.Security.Tests\bin\Release\net5.0\Kitpymes.Core.Security.Tests.dll" adapterTypeName="executor://mstestadapter/v2" className="Kitypmes.Core.Security.Tests.EncryptorServiceTest" name="AppSettings_Encrypt_Passing_Value_Object_Returns_Object_Encrypted" />
    </UnitTest>
    <UnitTest name="DefaultSettings_Passing_Valid_Value_Returns_HasErrorsAndErrors (Password)" storage="d:\sferrari\01 - trabajo\repos\netcore\libs\template-netcore-security\kitpymes.core.security.tests\bin\release\net5.0\kitpymes.core.security.tests.dll" id="53201aea-f699-43be-8796-a5a5dd92c0e3">
      <Execution id="54a5cfd2-9ae2-46f3-9a0b-9ed3b43cea41" />
      <TestMethod codeBase="D:\SFERRARI\01 - TRABAJO\repos\netcore\libs\template-netcore-security\Kitpymes.Core.Security.Tests\bin\Release\net5.0\Kitpymes.Core.Security.Tests.dll" adapterTypeName="executor://mstestadapter/v2" className="Kitypmes.Core.Security.Tests.PasswordServiceTest" name="DefaultSettings_Passing_Valid_Value_Returns_HasErrorsAndErrors" />
    </UnitTest>
    <UnitTest name="JsonWebTokenSettings_Passing_Claims_And_Headers_Returns_Values" storage="d:\sferrari\01 - trabajo\repos\netcore\libs\template-netcore-security\kitpymes.core.security.tests\bin\release\net5.0\kitpymes.core.security.tests.dll" id="1f635ee2-eec6-42f8-a56f-840bc9aa9af9">
      <Execution id="774ac058-0dca-4d52-b4bb-03304a108f6d" />
      <TestMethod codeBase="D:\SFERRARI\01 - TRABAJO\repos\netcore\libs\template-netcore-security\Kitpymes.Core.Security.Tests\bin\Release\net5.0\Kitpymes.Core.Security.Tests.dll" adapterTypeName="executor://mstestadapter/v2" className="Kitypmes.Core.Security.Tests.JsonWebTokenServiceTest" name="JsonWebTokenSettings_Passing_Claims_And_Headers_Returns_Values" />
    </UnitTest>
    <UnitTest name="RequiredMinLength_Passing_Invalid_Value_Returns_HasErrorsAndErrors (Password)" storage="d:\sferrari\01 - trabajo\repos\netcore\libs\template-netcore-security\kitpymes.core.security.tests\bin\release\net5.0\kitpymes.core.security.tests.dll" id="225b808d-6064-4d20-9b65-835b4fb837ba">
      <Execution id="4774b3cd-3679-45f0-b42d-dbdc11276d18" />
      <TestMethod codeBase="D:\SFERRARI\01 - TRABAJO\repos\netcore\libs\template-netcore-security\Kitpymes.Core.Security.Tests\bin\Release\net5.0\Kitpymes.Core.Security.Tests.dll" adapterTypeName="executor://mstestadapter/v2" className="Kitypmes.Core.Security.Tests.PasswordServiceTest" name="RequiredMinLength_Passing_Invalid_Value_Returns_HasErrorsAndErrors" />
    </UnitTest>
    <UnitTest name="JsonWebTokenOptions_Passing_Claims_To_Service_Returns_Values" storage="d:\sferrari\01 - trabajo\repos\netcore\libs\template-netcore-security\kitpymes.core.security.tests\bin\release\net5.0\kitpymes.core.security.tests.dll" id="095c1ad4-a445-4c1f-8841-c94516e92e77">
      <Execution id="2f98ea02-b573-4342-8479-831b7e40860d" />
      <TestMethod codeBase="D:\SFERRARI\01 - TRABAJO\repos\netcore\libs\template-netcore-security\Kitpymes.Core.Security.Tests\bin\Release\net5.0\Kitpymes.Core.Security.Tests.dll" adapterTypeName="executor://mstestadapter/v2" className="Kitypmes.Core.Security.Tests.JsonWebTokenServiceTest" name="JsonWebTokenOptions_Passing_Claims_To_Service_Returns_Values" />
    </UnitTest>
    <UnitTest name="RequireUppercase_Passing_Invalid_Value_Returns_HasErrorsAndErrors (password)" storage="d:\sferrari\01 - trabajo\repos\netcore\libs\template-netcore-security\kitpymes.core.security.tests\bin\release\net5.0\kitpymes.core.security.tests.dll" id="3eb0b0b9-a5ad-4f61-972d-40d6512a38c0">
      <Execution id="7f0e8b01-48b5-4975-b13b-e6fddd2a10e8" />
      <TestMethod codeBase="D:\SFERRARI\01 - TRABAJO\repos\netcore\libs\template-netcore-security\Kitpymes.Core.Security.Tests\bin\Release\net5.0\Kitpymes.Core.Security.Tests.dll" adapterTypeName="executor://mstestadapter/v2" className="Kitypmes.Core.Security.Tests.PasswordServiceTest" name="RequireUppercase_Passing_Invalid_Value_Returns_HasErrorsAndErrors" />
    </UnitTest>
    <UnitTest name="RequireDigit_Passing_Invalid_Value_Returns_HasErrorsAndErrors (PasswordServiceTest)" storage="d:\sferrari\01 - trabajo\repos\netcore\libs\template-netcore-security\kitpymes.core.security.tests\bin\release\net5.0\kitpymes.core.security.tests.dll" id="206719fb-6e69-4cb2-86df-17ba90af3434">
      <Execution id="ac6b983c-d329-48b1-9cd4-37c557908f5b" />
      <TestMethod codeBase="D:\SFERRARI\01 - TRABAJO\repos\netcore\libs\template-netcore-security\Kitpymes.Core.Security.Tests\bin\Release\net5.0\Kitpymes.Core.Security.Tests.dll" adapterTypeName="executor://mstestadapter/v2" className="Kitypmes.Core.Security.Tests.PasswordServiceTest" name="RequireDigit_Passing_Invalid_Value_Returns_HasErrorsAndErrors" />
    </UnitTest>
    <UnitTest name="EncryptorSettings_Encrypt_Passing_Value_String_Returns_Value_Encrypted" storage="d:\sferrari\01 - trabajo\repos\netcore\libs\template-netcore-security\kitpymes.core.security.tests\bin\release\net5.0\kitpymes.core.security.tests.dll" id="f22490dd-5746-435e-ba5c-63975df77954">
      <Execution id="daec6c20-c55c-4e56-8b06-cc0d365dbaaf" />
      <TestMethod codeBase="D:\SFERRARI\01 - TRABAJO\repos\netcore\libs\template-netcore-security\Kitpymes.Core.Security.Tests\bin\Release\net5.0\Kitpymes.Core.Security.Tests.dll" adapterTypeName="executor://mstestadapter/v2" className="Kitypmes.Core.Security.Tests.EncryptorServiceTest" name="EncryptorSettings_Encrypt_Passing_Value_String_Returns_Value_Encrypted" />
    </UnitTest>
    <UnitTest name="DefaultSettings_Passing_Invalid_Value_Returns_HasErrorsAndErrors (1a_e)" storage="d:\sferrari\01 - trabajo\repos\netcore\libs\template-netcore-security\kitpymes.core.security.tests\bin\release\net5.0\kitpymes.core.security.tests.dll" id="893246c8-7e24-42c6-8143-b78d21c29212">
      <Execution id="a9fdd30e-b786-42f6-a9d5-cec40a18bda2" />
      <TestMethod codeBase="D:\SFERRARI\01 - TRABAJO\repos\netcore\libs\template-netcore-security\Kitpymes.Core.Security.Tests\bin\Release\net5.0\Kitpymes.Core.Security.Tests.dll" adapterTypeName="executor://mstestadapter/v2" className="Kitypmes.Core.Security.Tests.PasswordServiceTest" name="DefaultSettings_Passing_Invalid_Value_Returns_HasErrorsAndErrors" />
    </UnitTest>
    <UnitTest name="RequireDigit_Passing_Invalid_Value_Returns_HasErrorsAndErrors (Password)" storage="d:\sferrari\01 - trabajo\repos\netcore\libs\template-netcore-security\kitpymes.core.security.tests\bin\release\net5.0\kitpymes.core.security.tests.dll" id="6a3e41b7-0028-44c3-9a11-031a3fad7591">
      <Execution id="9fcaca05-621d-4231-b4b6-a4f53e02b9c9" />
      <TestMethod codeBase="D:\SFERRARI\01 - TRABAJO\repos\netcore\libs\template-netcore-security\Kitpymes.Core.Security.Tests\bin\Release\net5.0\Kitpymes.Core.Security.Tests.dll" adapterTypeName="executor://mstestadapter/v2" className="Kitypmes.Core.Security.Tests.PasswordServiceTest" name="RequireDigit_Passing_Invalid_Value_Returns_HasErrorsAndErrors" />
    </UnitTest>
    <UnitTest name="RequiredUniqueChars_Passing_Invalid_Value_Returns_HasErrorsAndErrors (Password)" storage="d:\sferrari\01 - trabajo\repos\netcore\libs\template-netcore-security\kitpymes.core.security.tests\bin\release\net5.0\kitpymes.core.security.tests.dll" id="e300331b-9f56-47b8-ab58-c61518b28abe">
      <Execution id="be4e5a5c-224a-4b12-a926-b841cf08cd84" />
      <TestMethod codeBase="D:\SFERRARI\01 - TRABAJO\repos\netcore\libs\template-netcore-security\Kitpymes.Core.Security.Tests\bin\Release\net5.0\Kitpymes.Core.Security.Tests.dll" adapterTypeName="executor://mstestadapter/v2" className="Kitypmes.Core.Security.Tests.PasswordServiceTest" name="RequiredUniqueChars_Passing_Invalid_Value_Returns_HasErrorsAndErrors" />
    </UnitTest>
    <UnitTest name="AppSettings_Passing_Valid_Value_Returns_HasErrorsAndErrors (PasswordServiceTest)" storage="d:\sferrari\01 - trabajo\repos\netcore\libs\template-netcore-security\kitpymes.core.security.tests\bin\release\net5.0\kitpymes.core.security.tests.dll" id="6c0571c6-121e-400d-a61b-1b02d13c44e5">
      <Execution id="4056982f-a735-4ff2-9104-b27ec7b6bd7f" />
      <TestMethod codeBase="D:\SFERRARI\01 - TRABAJO\repos\netcore\libs\template-netcore-security\Kitpymes.Core.Security.Tests\bin\Release\net5.0\Kitpymes.Core.Security.Tests.dll" adapterTypeName="executor://mstestadapter/v2" className="Kitypmes.Core.Security.Tests.PasswordServiceTest" name="AppSettings_Passing_Valid_Value_Returns_HasErrorsAndErrors" />
    </UnitTest>
    <UnitTest name="CreateRandom_WithCustomSettings_Returns_PlainPassword_Value" storage="d:\sferrari\01 - trabajo\repos\netcore\libs\template-netcore-security\kitpymes.core.security.tests\bin\release\net5.0\kitpymes.core.security.tests.dll" id="8adc545a-b307-4355-bd92-79674f8b8278">
      <Execution id="d8b989bf-e229-4c16-88a4-e65e1a313e65" />
      <TestMethod codeBase="D:\SFERRARI\01 - TRABAJO\repos\netcore\libs\template-netcore-security\Kitpymes.Core.Security.Tests\bin\Release\net5.0\Kitpymes.Core.Security.Tests.dll" adapterTypeName="executor://mstestadapter/v2" className="Kitypmes.Core.Security.Tests.PasswordServiceTest" name="CreateRandom_WithCustomSettings_Returns_PlainPassword_Value" />
    </UnitTest>
    <UnitTest name="JsonWebTokenSettings_Passing_Enabled_Settings_Returns_ApplicationException" storage="d:\sferrari\01 - trabajo\repos\netcore\libs\template-netcore-security\kitpymes.core.security.tests\bin\release\net5.0\kitpymes.core.security.tests.dll" id="fc1ee8b8-9d83-4c19-8b9a-55c50fd44964">
      <Execution id="bd6138b5-37f6-496b-b4c9-40625c6626f9" />
      <TestMethod codeBase="D:\SFERRARI\01 - TRABAJO\repos\netcore\libs\template-netcore-security\Kitpymes.Core.Security.Tests\bin\Release\net5.0\Kitpymes.Core.Security.Tests.dll" adapterTypeName="executor://mstestadapter/v2" className="Kitypmes.Core.Security.Tests.JsonWebTokenServiceTest" name="JsonWebTokenSettings_Passing_Enabled_Settings_Returns_ApplicationException" />
    </UnitTest>
    <UnitTest name="JsonWebTokenOptions_Passing_Enabled_Settings_Returns_ApplicationException" storage="d:\sferrari\01 - trabajo\repos\netcore\libs\template-netcore-security\kitpymes.core.security.tests\bin\release\net5.0\kitpymes.core.security.tests.dll" id="18bcd0fd-06e0-439e-baa7-87087284f3cb">
      <Execution id="9eaba82f-3db4-4e40-afaf-56c6f8917afb" />
      <TestMethod codeBase="D:\SFERRARI\01 - TRABAJO\repos\netcore\libs\template-netcore-security\Kitpymes.Core.Security.Tests\bin\Release\net5.0\Kitpymes.Core.Security.Tests.dll" adapterTypeName="executor://mstestadapter/v2" className="Kitypmes.Core.Security.Tests.JsonWebTokenServiceTest" name="JsonWebTokenOptions_Passing_Enabled_Settings_Returns_ApplicationException" />
    </UnitTest>
    <UnitTest name="JsonWebTokenOptions_Passing_All_Values_Returns_Values" storage="d:\sferrari\01 - trabajo\repos\netcore\libs\template-netcore-security\kitpymes.core.security.tests\bin\release\net5.0\kitpymes.core.security.tests.dll" id="c3c195c0-63b5-4d36-b49c-ea42c0dda3dc">
      <Execution id="b799a5a2-d2a7-4d7e-8c4b-1ab8201dc309" />
      <TestMethod codeBase="D:\SFERRARI\01 - TRABAJO\repos\netcore\libs\template-netcore-security\Kitpymes.Core.Security.Tests\bin\Release\net5.0\Kitpymes.Core.Security.Tests.dll" adapterTypeName="executor://mstestadapter/v2" className="Kitypmes.Core.Security.Tests.JsonWebTokenServiceTest" name="JsonWebTokenOptions_Passing_All_Values_Returns_Values" />
    </UnitTest>
    <UnitTest name="EncryptorOptions_Encrypt_Passing_Value_String_Returns_Value_Encrypted" storage="d:\sferrari\01 - trabajo\repos\netcore\libs\template-netcore-security\kitpymes.core.security.tests\bin\release\net5.0\kitpymes.core.security.tests.dll" id="d8ec4515-e04a-4aab-aba2-e5cfa40b177c">
      <Execution id="41254405-fdf6-4073-8c04-e935daf225b2" />
      <TestMethod codeBase="D:\SFERRARI\01 - TRABAJO\repos\netcore\libs\template-netcore-security\Kitpymes.Core.Security.Tests\bin\Release\net5.0\Kitpymes.Core.Security.Tests.dll" adapterTypeName="executor://mstestadapter/v2" className="Kitypmes.Core.Security.Tests.EncryptorServiceTest" name="EncryptorOptions_Encrypt_Passing_Value_String_Returns_Value_Encrypted" />
    </UnitTest>
    <UnitTest name="RequireLowercase_Passing_Invalid_Value_Returns_HasErrorsAndErrors (PASSWORD)" storage="d:\sferrari\01 - trabajo\repos\netcore\libs\template-netcore-security\kitpymes.core.security.tests\bin\release\net5.0\kitpymes.core.security.tests.dll" id="9ff25cd1-8f2c-45c4-aa80-ba30b8375ebc">
      <Execution id="20e9111f-552c-4122-9221-34329aba0489" />
      <TestMethod codeBase="D:\SFERRARI\01 - TRABAJO\repos\netcore\libs\template-netcore-security\Kitpymes.Core.Security.Tests\bin\Release\net5.0\Kitpymes.Core.Security.Tests.dll" adapterTypeName="executor://mstestadapter/v2" className="Kitypmes.Core.Security.Tests.PasswordServiceTest" name="RequireLowercase_Passing_Invalid_Value_Returns_HasErrorsAndErrors" />
    </UnitTest>
    <UnitTest name="DefaultSettings_Passing_Valid_Value_Returns_HasErrorsAndErrors (PasswordServiceTest)" storage="d:\sferrari\01 - trabajo\repos\netcore\libs\template-netcore-security\kitpymes.core.security.tests\bin\release\net5.0\kitpymes.core.security.tests.dll" id="1991c8ad-b237-4b60-a8a6-84c7909fbdc5">
      <Execution id="b88e54b3-5401-4572-8f56-7a4da7ae4705" />
      <TestMethod codeBase="D:\SFERRARI\01 - TRABAJO\repos\netcore\libs\template-netcore-security\Kitpymes.Core.Security.Tests\bin\Release\net5.0\Kitpymes.Core.Security.Tests.dll" adapterTypeName="executor://mstestadapter/v2" className="Kitypmes.Core.Security.Tests.PasswordServiceTest" name="DefaultSettings_Passing_Valid_Value_Returns_HasErrorsAndErrors" />
    </UnitTest>
    <UnitTest name="JsonWebTokenSettings_Passing_All_Values_Returns_Values" storage="d:\sferrari\01 - trabajo\repos\netcore\libs\template-netcore-security\kitpymes.core.security.tests\bin\release\net5.0\kitpymes.core.security.tests.dll" id="89e1f60a-d525-4e37-99fe-beac567d107e">
      <Execution id="476de020-ebb2-46cd-b118-71bbc538cee4" />
      <TestMethod codeBase="D:\SFERRARI\01 - TRABAJO\repos\netcore\libs\template-netcore-security\Kitpymes.Core.Security.Tests\bin\Release\net5.0\Kitpymes.Core.Security.Tests.dll" adapterTypeName="executor://mstestadapter/v2" className="Kitypmes.Core.Security.Tests.JsonWebTokenServiceTest" name="JsonWebTokenSettings_Passing_All_Values_Returns_Values" />
    </UnitTest>
  </TestDefinitions>
  <TestEntries>
    <TestEntry testId="193fc43f-6f34-4c93-9247-bdc56f8d7272" executionId="cf80eca6-de79-43c1-88bd-122f9f0b63df" testListId="8c84fa94-04c1-424b-9868-57a2d4851a1d" />
    <TestEntry testId="cb23ade4-5dee-4628-bbf7-afca27939364" executionId="a85ee93c-27e5-4063-b1a0-0c8bb15200d7" testListId="8c84fa94-04c1-424b-9868-57a2d4851a1d" />
    <TestEntry testId="e300331b-9f56-47b8-ab58-c61518b28abe" executionId="be4e5a5c-224a-4b12-a926-b841cf08cd84" testListId="8c84fa94-04c1-424b-9868-57a2d4851a1d" />
    <TestEntry testId="ab442224-bc3c-4194-8641-225fc9933350" executionId="1cf45644-a596-415a-9499-4026dfd7d55d" testListId="8c84fa94-04c1-424b-9868-57a2d4851a1d" />
    <TestEntry testId="6a3e41b7-0028-44c3-9a11-031a3fad7591" executionId="9fcaca05-621d-4231-b4b6-a4f53e02b9c9" testListId="8c84fa94-04c1-424b-9868-57a2d4851a1d" />
    <TestEntry testId="b21859e0-3b50-43f4-84ec-6992bc7355d4" executionId="acc9fc6f-f73c-47c8-9ca4-64f8f267e2a4" testListId="8c84fa94-04c1-424b-9868-57a2d4851a1d" />
    <TestEntry testId="04414d92-2e9a-4f01-ba08-f8aad76d3040" executionId="80b28e8e-6568-45a9-9954-40500af23fc8" testListId="8c84fa94-04c1-424b-9868-57a2d4851a1d" />
    <TestEntry testId="f22490dd-5746-435e-ba5c-63975df77954" executionId="daec6c20-c55c-4e56-8b06-cc0d365dbaaf" testListId="8c84fa94-04c1-424b-9868-57a2d4851a1d" />
    <TestEntry testId="48d6f7fd-a73b-45f0-afc7-4739b270ddd8" executionId="0475c86f-0d61-45a2-9ca6-6a6aac0d0e7d" testListId="8c84fa94-04c1-424b-9868-57a2d4851a1d" />
    <TestEntry testId="fc1ee8b8-9d83-4c19-8b9a-55c50fd44964" executionId="bd6138b5-37f6-496b-b4c9-40625c6626f9" testListId="8c84fa94-04c1-424b-9868-57a2d4851a1d" />
    <TestEntry testId="8adc545a-b307-4355-bd92-79674f8b8278" executionId="d8b989bf-e229-4c16-88a4-e65e1a313e65" testListId="8c84fa94-04c1-424b-9868-57a2d4851a1d" />
    <TestEntry testId="d222295e-51e2-4814-bfbe-2fe8549a1cd7" executionId="ca303575-73d4-4821-aaf5-563964953ce1" testListId="8c84fa94-04c1-424b-9868-57a2d4851a1d" />
    <TestEntry testId="6c0571c6-121e-400d-a61b-1b02d13c44e5" executionId="4056982f-a735-4ff2-9104-b27ec7b6bd7f" testListId="8c84fa94-04c1-424b-9868-57a2d4851a1d" />
    <TestEntry testId="1e2e5a21-dcdc-4e6e-81fa-a9fe5a6f6b4e" executionId="cc969287-1ac5-4607-8c33-493c4641cd76" testListId="8c84fa94-04c1-424b-9868-57a2d4851a1d" />
    <TestEntry testId="3eb0b0b9-a5ad-4f61-972d-40d6512a38c0" executionId="7f0e8b01-48b5-4975-b13b-e6fddd2a10e8" testListId="8c84fa94-04c1-424b-9868-57a2d4851a1d" />
    <TestEntry testId="095c1ad4-a445-4c1f-8841-c94516e92e77" executionId="2f98ea02-b573-4342-8479-831b7e40860d" testListId="8c84fa94-04c1-424b-9868-57a2d4851a1d" />
    <TestEntry testId="301c6518-8e58-4961-94c8-6c90a2b95f65" executionId="eca615ae-6c00-4111-96cf-edd61f3d447d" testListId="8c84fa94-04c1-424b-9868-57a2d4851a1d" />
    <TestEntry testId="aa40fc27-7785-43d4-882f-a93e5f67f0bf" executionId="374b9a65-9bf9-488d-a86b-be777c54a10f" testListId="8c84fa94-04c1-424b-9868-57a2d4851a1d" />
    <TestEntry testId="9ff25cd1-8f2c-45c4-aa80-ba30b8375ebc" executionId="20e9111f-552c-4122-9221-34329aba0489" testListId="8c84fa94-04c1-424b-9868-57a2d4851a1d" />
    <TestEntry testId="893246c8-7e24-42c6-8143-b78d21c29212" executionId="a9fdd30e-b786-42f6-a9d5-cec40a18bda2" testListId="8c84fa94-04c1-424b-9868-57a2d4851a1d" />
    <TestEntry testId="18bcd0fd-06e0-439e-baa7-87087284f3cb" executionId="9eaba82f-3db4-4e40-afaf-56c6f8917afb" testListId="8c84fa94-04c1-424b-9868-57a2d4851a1d" />
    <TestEntry testId="d8ec4515-e04a-4aab-aba2-e5cfa40b177c" executionId="41254405-fdf6-4073-8c04-e935daf225b2" testListId="8c84fa94-04c1-424b-9868-57a2d4851a1d" />
    <TestEntry testId="1f635ee2-eec6-42f8-a56f-840bc9aa9af9" executionId="774ac058-0dca-4d52-b4bb-03304a108f6d" testListId="8c84fa94-04c1-424b-9868-57a2d4851a1d" />
    <TestEntry testId="c56e8743-f005-400d-9b37-b7b623057e9a" executionId="d10ba822-8bf1-43f5-9711-c3ea8ddea9f4" testListId="8c84fa94-04c1-424b-9868-57a2d4851a1d" />
    <TestEntry testId="df7aee88-f786-46ae-aea4-4ace61f1eab3" executionId="df406e1e-fe83-462c-90fc-1ac790ad5ca4" testListId="8c84fa94-04c1-424b-9868-57a2d4851a1d" />
    <TestEntry testId="c3c195c0-63b5-4d36-b49c-ea42c0dda3dc" executionId="b799a5a2-d2a7-4d7e-8c4b-1ab8201dc309" testListId="8c84fa94-04c1-424b-9868-57a2d4851a1d" />
    <TestEntry testId="89e1f60a-d525-4e37-99fe-beac567d107e" executionId="476de020-ebb2-46cd-b118-71bbc538cee4" testListId="8c84fa94-04c1-424b-9868-57a2d4851a1d" />
    <TestEntry testId="c71fa0ee-9aff-4cb0-84a5-56b4de4bdcb7" executionId="2ac41153-1c64-4223-9bed-bf6ca5c0fac8" testListId="8c84fa94-04c1-424b-9868-57a2d4851a1d" />
    <TestEntry testId="a63a8e1e-6596-4e01-932e-66e40f23bc59" executionId="b8f45b43-8837-4556-b908-1397e1fba8fc" testListId="8c84fa94-04c1-424b-9868-57a2d4851a1d" />
    <TestEntry testId="4eb7c823-d65d-4928-a509-6e64ac0c9e45" executionId="3c873c30-89cc-48fd-8c36-57903a294a02" testListId="8c84fa94-04c1-424b-9868-57a2d4851a1d" />
    <TestEntry testId="225b808d-6064-4d20-9b65-835b4fb837ba" executionId="4774b3cd-3679-45f0-b42d-dbdc11276d18" testListId="8c84fa94-04c1-424b-9868-57a2d4851a1d" />
    <TestEntry testId="53201aea-f699-43be-8796-a5a5dd92c0e3" executionId="54a5cfd2-9ae2-46f3-9a0b-9ed3b43cea41" testListId="8c84fa94-04c1-424b-9868-57a2d4851a1d" />
    <TestEntry testId="536de37a-7cbb-4724-a242-88342432c67a" executionId="87d1f46d-0228-4ba0-98e1-cfd9998a6333" testListId="8c84fa94-04c1-424b-9868-57a2d4851a1d" />
    <TestEntry testId="1991c8ad-b237-4b60-a8a6-84c7909fbdc5" executionId="b88e54b3-5401-4572-8f56-7a4da7ae4705" testListId="8c84fa94-04c1-424b-9868-57a2d4851a1d" />
    <TestEntry testId="206719fb-6e69-4cb2-86df-17ba90af3434" executionId="ac6b983c-d329-48b1-9cd4-37c557908f5b" testListId="8c84fa94-04c1-424b-9868-57a2d4851a1d" />
    <TestEntry testId="91390e62-9c63-4b65-af80-059e24661e9c" executionId="d305a910-31a5-410c-bb69-7112c2f033a8" testListId="8c84fa94-04c1-424b-9868-57a2d4851a1d" />
    <TestEntry testId="8a38f06b-5fda-480b-9765-3da481f2f427" executionId="88e57290-33c9-4a9c-af12-5620f5f30633" testListId="8c84fa94-04c1-424b-9868-57a2d4851a1d" />
    <TestEntry testId="24650dca-cf69-4d65-8a90-caf26808012c" executionId="fb9ae0b8-68af-4129-817a-2ddc38695496" testListId="8c84fa94-04c1-424b-9868-57a2d4851a1d" />
  </TestEntries>
  <TestLists>
    <TestList name="Resultados sin formato de lista" id="8c84fa94-04c1-424b-9868-57a2d4851a1d" />
    <TestList name="Todos los resultados cargados" id="19431567-8539-422a-85d7-44ee4e166bda" />
  </TestLists>
  <ResultSummary outcome="Completed">
    <Counters total="38" executed="38" passed="38" failed="0" error="0" timeout="0" aborted="0" inconclusive="0" passedButRunAborted="0" notRunnable="0" notExecuted="0" disconnected="0" warning="0" completed="0" inProgress="0" pending="0" />
  </ResultSummary>
</TestRun>