<?xml version="1.0" encoding="utf-8"?>
<TestRun id="818ce5c4-3189-4e7b-90d5-af4de7d10fc4" name="sferrari@PC-SFERRARI 2021-01-17 17:03:30" runUser="PC-SFERRARI\sferrari" xmlns="http://microsoft.com/schemas/VisualStudio/TeamTest/2010">
  <Times creation="2021-01-17T17:03:30.2297937+00:00" queuing="2021-01-17T17:03:30.2297937+00:00" start="2021-01-17T17:03:28.0136306+00:00" finish="2021-01-17T17:03:33.3698087+00:00" />
  <TestSettings name="default" id="1571ee4d-7a19-4de4-81d2-a1ded2691699">
    <Deployment runDeploymentRoot="sferrari_PC-SFERRARI_2021-01-17_17_03_30" />
  </TestSettings>
  <Results>
    <UnitTestResult executionId="bf780e18-76ee-4a8a-81d6-990dd461ef95" testId="9e1bad79-64b3-02eb-222e-4f88e590efcf" testName="EncryptorSettings_Encrypt_Passing_Value_Object_Returns_Object_Encrypted" computerName="PC-SFERRARI" duration="00:00:00.0115081" startTime="2021-01-17T17:03:32.0932584+00:00" endTime="2021-01-17T17:03:32.1052050+00:00" testType="13cdc9d9-ddb5-4fa4-a97d-d965ccfc6d4b" outcome="Passed" testListId="8c84fa94-04c1-424b-9868-57a2d4851a1d" relativeResultsDirectory="bf780e18-76ee-4a8a-81d6-990dd461ef95" />
    <UnitTestResult executionId="e8824c89-1432-4771-9c9e-e9d9034ff1a4" testId="dd99cbaa-85f2-79e4-7640-e6ada6b333d2" testName="DefaultSettings_Passing_Invalid_Value_Returns_HasErrorsAndErrors" computerName="PC-SFERRARI" duration="00:00:00.0018035" startTime="2021-01-17T17:03:33.0725662+00:00" endTime="2021-01-17T17:03:33.0774418+00:00" testType="13cdc9d9-ddb5-4fa4-a97d-d965ccfc6d4b" outcome="Passed" testListId="8c84fa94-04c1-424b-9868-57a2d4851a1d" relativeResultsDirectory="e8824c89-1432-4771-9c9e-e9d9034ff1a4" resultType="DataDrivenTest">
      <InnerResults>
        <UnitTestResult executionId="006ad557-39dd-4c47-beef-43653ad6d3bc" parentExecutionId="e8824c89-1432-4771-9c9e-e9d9034ff1a4" testId="dd99cbaa-85f2-79e4-7640-e6ada6b333d2" testName="DefaultSettings_Passing_Invalid_Value_Returns_HasErrorsAndErrors (Passw)" computerName="PC-SFERRARI" duration="00:00:00.0016211" startTime="2021-01-17T17:03:33.0725662+00:00" endTime="2021-01-17T17:03:33.0774418+00:00" testType="13cdc9d9-ddb5-4fa4-a97d-d965ccfc6d4b" outcome="Passed" testListId="8c84fa94-04c1-424b-9868-57a2d4851a1d" relativeResultsDirectory="006ad557-39dd-4c47-beef-43653ad6d3bc" dataRowInfo="1" resultType="DataDrivenDataRow" />
        <UnitTestResult executionId="17f900b1-050d-4f4f-b8d8-9b59c12d92ae" parentExecutionId="e8824c89-1432-4771-9c9e-e9d9034ff1a4" testId="dd99cbaa-85f2-79e4-7640-e6ada6b333d2" testName="DefaultSettings_Passing_Invalid_Value_Returns_HasErrorsAndErrors (1a_e)" computerName="PC-SFERRARI" duration="00:00:00.0000385" startTime="2021-01-17T17:03:33.0725662+00:00" endTime="2021-01-17T17:03:33.0774418+00:00" testType="13cdc9d9-ddb5-4fa4-a97d-d965ccfc6d4b" outcome="Passed" testListId="8c84fa94-04c1-424b-9868-57a2d4851a1d" relativeResultsDirectory="17f900b1-050d-4f4f-b8d8-9b59c12d92ae" dataRowInfo="2" resultType="DataDrivenDataRow" />
      </InnerResults>
    </UnitTestResult>
    <UnitTestResult executionId="72636f65-c504-4746-a1ea-2ceea3877b77" testId="d7ab8ee6-bfc1-9c70-c3d4-dd4c0dfe45a0" testName="JsonWebTokenSettings_Passing_Enabled_Settings_Returns_ApplicationException" computerName="PC-SFERRARI" duration="00:00:00.0003982" startTime="2021-01-17T17:03:32.8761071+00:00" endTime="2021-01-17T17:03:32.8765867+00:00" testType="13cdc9d9-ddb5-4fa4-a97d-d965ccfc6d4b" outcome="Passed" testListId="8c84fa94-04c1-424b-9868-57a2d4851a1d" relativeResultsDirectory="72636f65-c504-4746-a1ea-2ceea3877b77" />
    <UnitTestResult executionId="dae31cb9-d820-498a-8e7b-1690cac2f6bf" testId="b2cc154e-434f-78b2-d8d6-076a473c9726" testName="JsonWebTokenOptions_Passing_Claims_To_Service_Returns_Values" computerName="PC-SFERRARI" duration="00:00:00.0686640" startTime="2021-01-17T17:03:32.3951155+00:00" endTime="2021-01-17T17:03:32.4639016+00:00" testType="13cdc9d9-ddb5-4fa4-a97d-d965ccfc6d4b" outcome="Passed" testListId="8c84fa94-04c1-424b-9868-57a2d4851a1d" relativeResultsDirectory="dae31cb9-d820-498a-8e7b-1690cac2f6bf" />
    <UnitTestResult executionId="9330332f-e7ab-4919-a171-8d621b9e2dc4" testId="7728671e-188e-9399-f172-fe364aa77f10" testName="JsonWebTokenSettings_Passing_Claims_Returns_Values" computerName="PC-SFERRARI" duration="00:00:00.0836825" startTime="2021-01-17T17:03:32.7333051+00:00" endTime="2021-01-17T17:03:32.8170985+00:00" testType="13cdc9d9-ddb5-4fa4-a97d-d965ccfc6d4b" outcome="Passed" testListId="8c84fa94-04c1-424b-9868-57a2d4851a1d" relativeResultsDirectory="9330332f-e7ab-4919-a171-8d621b9e2dc4" />
    <UnitTestResult executionId="086ab0af-ea82-4128-95bc-b68b06692852" testId="4b02302a-de95-bc86-3576-64c310c52eb6" testName="EncryptorOptions_Encrypt_Passing_Value_Object_Returns_Object_Encrypted" computerName="PC-SFERRARI" duration="00:00:00.0073335" startTime="2021-01-17T17:03:29.0674997+00:00" endTime="2021-01-17T17:03:29.0749961+00:00" testType="13cdc9d9-ddb5-4fa4-a97d-d965ccfc6d4b" outcome="Passed" testListId="8c84fa94-04c1-424b-9868-57a2d4851a1d" relativeResultsDirectory="086ab0af-ea82-4128-95bc-b68b06692852" />
    <UnitTestResult executionId="155445f7-ee59-4309-9679-1d9dc0ee29fa" testId="025b087b-18e6-62b0-d1e3-70af28c4d509" testName="JsonWebTokenOptions_Passing_Empties_Settings_Returns_ApplicationException_GetAuthJsonWebToken" computerName="PC-SFERRARI" duration="00:00:00.0005144" startTime="2021-01-17T17:03:32.5318108+00:00" endTime="2021-01-17T17:03:32.5324306+00:00" testType="13cdc9d9-ddb5-4fa4-a97d-d965ccfc6d4b" outcome="Passed" testListId="8c84fa94-04c1-424b-9868-57a2d4851a1d" relativeResultsDirectory="155445f7-ee59-4309-9679-1d9dc0ee29fa" />
    <UnitTestResult executionId="57452cef-ff94-4a37-af09-c3ed247acd98" testId="55b5e60e-bb34-165b-6d7c-2a80479d6a42" testName="JsonWebTokenSettings_Passing_Empties_Settings_Returns_ApplicationException_GetAuthJsonWebToken" computerName="PC-SFERRARI" duration="00:00:00.0005030" startTime="2021-01-17T17:03:32.8754511+00:00" endTime="2021-01-17T17:03:32.8760666+00:00" testType="13cdc9d9-ddb5-4fa4-a97d-d965ccfc6d4b" outcome="Passed" testListId="8c84fa94-04c1-424b-9868-57a2d4851a1d" relativeResultsDirectory="57452cef-ff94-4a37-af09-c3ed247acd98" />
    <UnitTestResult executionId="bcb1f508-10c6-4ed4-ae66-c8816fe7eb13" testId="c9a9a88a-aa31-d3a2-45ce-36161833d616" testName="EncryptorOptions_Encrypt_Passing_Value_String_Returns_Value_Encrypted" computerName="PC-SFERRARI" duration="00:00:00.0025898" startTime="2021-01-17T17:03:29.0750528+00:00" endTime="2021-01-17T17:03:29.0778040+00:00" testType="13cdc9d9-ddb5-4fa4-a97d-d965ccfc6d4b" outcome="Passed" testListId="8c84fa94-04c1-424b-9868-57a2d4851a1d" relativeResultsDirectory="bcb1f508-10c6-4ed4-ae66-c8816fe7eb13" />
    <UnitTestResult executionId="b04fe22f-4068-4a1c-9626-16a34db7b122" testId="b3928bda-545b-97a4-b450-c6c5fdbdb0c6" testName="RequireEspecialCharacters_Passing_Invalid_Value_Returns_HasErrorsAndErrors" computerName="PC-SFERRARI" duration="00:00:00.0019501" startTime="2021-01-17T17:03:33.2543699+00:00" endTime="2021-01-17T17:03:33.2568773+00:00" testType="13cdc9d9-ddb5-4fa4-a97d-d965ccfc6d4b" outcome="Passed" testListId="8c84fa94-04c1-424b-9868-57a2d4851a1d" relativeResultsDirectory="b04fe22f-4068-4a1c-9626-16a34db7b122" resultType="DataDrivenTest">
      <InnerResults>
        <UnitTestResult executionId="7665eb47-e57b-4f96-af1c-e27d96e23059" parentExecutionId="b04fe22f-4068-4a1c-9626-16a34db7b122" testId="b3928bda-545b-97a4-b450-c6c5fdbdb0c6" testName="RequireEspecialCharacters_Passing_Invalid_Value_Returns_HasErrorsAndErrors (Password)" computerName="PC-SFERRARI" duration="00:00:00.0017508" startTime="2021-01-17T17:03:33.2543699+00:00" endTime="2021-01-17T17:03:33.2568773+00:00" testType="13cdc9d9-ddb5-4fa4-a97d-d965ccfc6d4b" outcome="Passed" testListId="8c84fa94-04c1-424b-9868-57a2d4851a1d" relativeResultsDirectory="7665eb47-e57b-4f96-af1c-e27d96e23059" dataRowInfo="1" resultType="DataDrivenDataRow" />
        <UnitTestResult executionId="270245fe-0393-4961-b8b8-158f08d5863b" parentExecutionId="b04fe22f-4068-4a1c-9626-16a34db7b122" testId="b3928bda-545b-97a4-b450-c6c5fdbdb0c6" testName="RequireEspecialCharacters_Passing_Invalid_Value_Returns_HasErrorsAndErrors (PasswordServiceTest)" computerName="PC-SFERRARI" duration="00:00:00.0000720" startTime="2021-01-17T17:03:33.2543699+00:00" endTime="2021-01-17T17:03:33.2568773+00:00" testType="13cdc9d9-ddb5-4fa4-a97d-d965ccfc6d4b" outcome="Passed" testListId="8c84fa94-04c1-424b-9868-57a2d4851a1d" relativeResultsDirectory="270245fe-0393-4961-b8b8-158f08d5863b" dataRowInfo="2" resultType="DataDrivenDataRow" />
      </InnerResults>
    </UnitTestResult>
    <UnitTestResult executionId="8fd6341d-9a73-4a56-beef-dfa614fb6c7d" testId="ce4c1f35-d0ec-0de2-3023-5c1c77efcbcc" testName="AppSettings_Encrypt_Passing_Value_Object_Returns_Object_Encrypted" computerName="PC-SFERRARI" duration="00:00:00.2063585" startTime="2021-01-17T17:03:28.7818590+00:00" endTime="2021-01-17T17:03:29.0492727+00:00" testType="13cdc9d9-ddb5-4fa4-a97d-d965ccfc6d4b" outcome="Passed" testListId="8c84fa94-04c1-424b-9868-57a2d4851a1d" relativeResultsDirectory="8fd6341d-9a73-4a56-beef-dfa614fb6c7d" />
    <UnitTestResult executionId="ab00b01e-0671-46f2-9918-b2aa014ff3a6" testId="68654d5c-cf48-88e4-5c1d-ed1a1c33a69d" testName="JsonWebTokenOptions_Passing_Claims_And_Headers_Returns_Values" computerName="PC-SFERRARI" duration="00:00:00.0700561" startTime="2021-01-17T17:03:32.3244324+00:00" endTime="2021-01-17T17:03:32.3950791+00:00" testType="13cdc9d9-ddb5-4fa4-a97d-d965ccfc6d4b" outcome="Passed" testListId="8c84fa94-04c1-424b-9868-57a2d4851a1d" relativeResultsDirectory="ab00b01e-0671-46f2-9918-b2aa014ff3a6" />
    <UnitTestResult executionId="eccfc6ce-3ae7-4a31-bbb8-2ae62f42df07" testId="48f78119-0f78-d1b1-1154-23d5d25d28d8" testName="DefaultSettings_Passing_Valid_Value_Returns_HasErrorsAndErrors" computerName="PC-SFERRARI" duration="00:00:00.1684143" startTime="2021-01-17T17:03:33.0774871+00:00" endTime="2021-01-17T17:03:33.2460379+00:00" testType="13cdc9d9-ddb5-4fa4-a97d-d965ccfc6d4b" outcome="Passed" testListId="8c84fa94-04c1-424b-9868-57a2d4851a1d" relativeResultsDirectory="eccfc6ce-3ae7-4a31-bbb8-2ae62f42df07" resultType="DataDrivenTest">
      <InnerResults>
        <UnitTestResult executionId="8f53565b-e20b-4355-b104-29d3ab021c07" parentExecutionId="eccfc6ce-3ae7-4a31-bbb8-2ae62f42df07" testId="48f78119-0f78-d1b1-1154-23d5d25d28d8" testName="DefaultSettings_Passing_Valid_Value_Returns_HasErrorsAndErrors (Password)" computerName="PC-SFERRARI" duration="00:00:00.0859323" startTime="2021-01-17T17:03:33.0774871+00:00" endTime="2021-01-17T17:03:33.2460379+00:00" testType="13cdc9d9-ddb5-4fa4-a97d-d965ccfc6d4b" outcome="Passed" testListId="8c84fa94-04c1-424b-9868-57a2d4851a1d" relativeResultsDirectory="8f53565b-e20b-4355-b104-29d3ab021c07" dataRowInfo="1" resultType="DataDrivenDataRow" />
        <UnitTestResult executionId="116ab880-4fd3-4d4e-ad2d-e3a4eb21cd8c" parentExecutionId="eccfc6ce-3ae7-4a31-bbb8-2ae62f42df07" testId="48f78119-0f78-d1b1-1154-23d5d25d28d8" testName="DefaultSettings_Passing_Valid_Value_Returns_HasErrorsAndErrors (PasswordServiceTest)" computerName="PC-SFERRARI" duration="00:00:00.0822574" startTime="2021-01-17T17:03:33.0774871+00:00" endTime="2021-01-17T17:03:33.2460379+00:00" testType="13cdc9d9-ddb5-4fa4-a97d-d965ccfc6d4b" outcome="Passed" testListId="8c84fa94-04c1-424b-9868-57a2d4851a1d" relativeResultsDirectory="116ab880-4fd3-4d4e-ad2d-e3a4eb21cd8c" dataRowInfo="2" resultType="DataDrivenDataRow" />
      </InnerResults>
    </UnitTestResult>
    <UnitTestResult executionId="9aeb45bc-7c5c-4252-a60d-d120189da76a" testId="8f9542b8-9a86-2425-712b-f9ad565fedbe" testName="AppSettings_Passing_All_Values_Returns_Values" computerName="PC-SFERRARI" duration="00:00:00.0900779" startTime="2021-01-17T17:03:32.1076349+00:00" endTime="2021-01-17T17:03:32.1981410+00:00" testType="13cdc9d9-ddb5-4fa4-a97d-d965ccfc6d4b" outcome="Passed" testListId="8c84fa94-04c1-424b-9868-57a2d4851a1d" relativeResultsDirectory="9aeb45bc-7c5c-4252-a60d-d120189da76a" />
    <UnitTestResult executionId="efc3b1ca-81bd-4dd4-93db-2fec9e5bf1c3" testId="3db2e417-d9d0-d76c-8e4c-164fba24c540" testName="RequireUppercase_Passing_Invalid_Value_Returns_HasErrorsAndErrors" computerName="PC-SFERRARI" duration="00:00:00.0013980" startTime="2021-01-17T17:03:33.2590842+00:00" endTime="2021-01-17T17:03:33.2606426+00:00" testType="13cdc9d9-ddb5-4fa4-a97d-d965ccfc6d4b" outcome="Passed" testListId="8c84fa94-04c1-424b-9868-57a2d4851a1d" relativeResultsDirectory="efc3b1ca-81bd-4dd4-93db-2fec9e5bf1c3" resultType="DataDrivenTest">
      <InnerResults>
        <UnitTestResult executionId="ee2fd9c4-0078-4f8f-96f4-a804f843512f" parentExecutionId="efc3b1ca-81bd-4dd4-93db-2fec9e5bf1c3" testId="3db2e417-d9d0-d76c-8e4c-164fba24c540" testName="RequireUppercase_Passing_Invalid_Value_Returns_HasErrorsAndErrors (password)" computerName="PC-SFERRARI" duration="00:00:00.0013336" startTime="2021-01-17T17:03:33.2590842+00:00" endTime="2021-01-17T17:03:33.2606426+00:00" testType="13cdc9d9-ddb5-4fa4-a97d-d965ccfc6d4b" outcome="Passed" testListId="8c84fa94-04c1-424b-9868-57a2d4851a1d" relativeResultsDirectory="ee2fd9c4-0078-4f8f-96f4-a804f843512f" dataRowInfo="1" resultType="DataDrivenDataRow" />
      </InnerResults>
    </UnitTestResult>
    <UnitTestResult executionId="5349d92b-f18c-4630-b3d1-f61ae5be4555" testId="a574d746-1d8c-368f-7872-73b451873d81" testName="EncryptorOptions_Encrypt_Passing_Value_String_WithLifetime_Returns_CryptographicException_Exprided" computerName="PC-SFERRARI" duration="00:00:03.0134185" startTime="2021-01-17T17:03:29.0778481+00:00" endTime="2021-01-17T17:03:32.0915302+00:00" testType="13cdc9d9-ddb5-4fa4-a97d-d965ccfc6d4b" outcome="Passed" testListId="8c84fa94-04c1-424b-9868-57a2d4851a1d" relativeResultsDirectory="5349d92b-f18c-4630-b3d1-f61ae5be4555" />
    <UnitTestResult executionId="b4f656f3-8e5a-4ef8-9bc8-d1a2d7cec3ce" testId="de7d5bca-92ba-8b65-4edc-d154cb9f22ca" testName="AppSettings_Passing_Valid_Value_Returns_HasErrorsAndErrors" computerName="PC-SFERRARI" duration="00:00:00.1921485" startTime="2021-01-17T17:03:32.8766042+00:00" endTime="2021-01-17T17:03:33.0698136+00:00" testType="13cdc9d9-ddb5-4fa4-a97d-d965ccfc6d4b" outcome="Passed" testListId="8c84fa94-04c1-424b-9868-57a2d4851a1d" relativeResultsDirectory="b4f656f3-8e5a-4ef8-9bc8-d1a2d7cec3ce" resultType="DataDrivenTest">
      <InnerResults>
        <UnitTestResult executionId="99120690-ccc8-4e62-b908-3c66247290f1" parentExecutionId="b4f656f3-8e5a-4ef8-9bc8-d1a2d7cec3ce" testId="de7d5bca-92ba-8b65-4edc-d154cb9f22ca" testName="AppSettings_Passing_Valid_Value_Returns_HasErrorsAndErrors (Password)" computerName="PC-SFERRARI" duration="00:00:00.0941913" startTime="2021-01-17T17:03:32.8766042+00:00" endTime="2021-01-17T17:03:33.0698136+00:00" testType="13cdc9d9-ddb5-4fa4-a97d-d965ccfc6d4b" outcome="Passed" testListId="8c84fa94-04c1-424b-9868-57a2d4851a1d" relativeResultsDirectory="99120690-ccc8-4e62-b908-3c66247290f1" dataRowInfo="1" resultType="DataDrivenDataRow" />
        <UnitTestResult executionId="d0b060bf-81a2-4c71-b3e3-3b1ae0822b32" parentExecutionId="b4f656f3-8e5a-4ef8-9bc8-d1a2d7cec3ce" testId="de7d5bca-92ba-8b65-4edc-d154cb9f22ca" testName="AppSettings_Passing_Valid_Value_Returns_HasErrorsAndErrors (PasswordServiceTest)" computerName="PC-SFERRARI" duration="00:00:00.0958979" startTime="2021-01-17T17:03:32.8766042+00:00" endTime="2021-01-17T17:03:33.0698136+00:00" testType="13cdc9d9-ddb5-4fa4-a97d-d965ccfc6d4b" outcome="Passed" testListId="8c84fa94-04c1-424b-9868-57a2d4851a1d" relativeResultsDirectory="d0b060bf-81a2-4c71-b3e3-3b1ae0822b32" dataRowInfo="2" resultType="DataDrivenDataRow" />
      </InnerResults>
    </UnitTestResult>
    <UnitTestResult executionId="76fe897d-df74-4f19-aa85-a179023a8ca1" testId="5609de1e-8e31-61e0-634c-2542b5577eca" testName="RequiredUniqueChars_Passing_Invalid_Value_Returns_HasErrorsAndErrors" computerName="PC-SFERRARI" duration="00:00:00.0038703" startTime="2021-01-17T17:03:33.2684371+00:00" endTime="2021-01-17T17:03:33.2725559+00:00" testType="13cdc9d9-ddb5-4fa4-a97d-d965ccfc6d4b" outcome="Passed" testListId="8c84fa94-04c1-424b-9868-57a2d4851a1d" relativeResultsDirectory="76fe897d-df74-4f19-aa85-a179023a8ca1" resultType="DataDrivenTest">
      <InnerResults>
        <UnitTestResult executionId="9b72d785-5931-4671-bdbb-6326183d12eb" parentExecutionId="76fe897d-df74-4f19-aa85-a179023a8ca1" testId="5609de1e-8e31-61e0-634c-2542b5577eca" testName="RequiredUniqueChars_Passing_Invalid_Value_Returns_HasErrorsAndErrors (Password)" computerName="PC-SFERRARI" duration="00:00:00.0037154" startTime="2021-01-17T17:03:33.2684371+00:00" endTime="2021-01-17T17:03:33.2725559+00:00" testType="13cdc9d9-ddb5-4fa4-a97d-d965ccfc6d4b" outcome="Passed" testListId="8c84fa94-04c1-424b-9868-57a2d4851a1d" relativeResultsDirectory="9b72d785-5931-4671-bdbb-6326183d12eb" dataRowInfo="1" resultType="DataDrivenDataRow" />
        <UnitTestResult executionId="ad97743b-e100-410d-a50a-9040884174d0" parentExecutionId="76fe897d-df74-4f19-aa85-a179023a8ca1" testId="5609de1e-8e31-61e0-634c-2542b5577eca" testName="RequiredUniqueChars_Passing_Invalid_Value_Returns_HasErrorsAndErrors (PasswordServiceTest)" computerName="PC-SFERRARI" duration="00:00:00.0000507" startTime="2021-01-17T17:03:33.2684371+00:00" endTime="2021-01-17T17:03:33.2725559+00:00" testType="13cdc9d9-ddb5-4fa4-a97d-d965ccfc6d4b" outcome="Passed" testListId="8c84fa94-04c1-424b-9868-57a2d4851a1d" relativeResultsDirectory="ad97743b-e100-410d-a50a-9040884174d0" dataRowInfo="2" resultType="DataDrivenDataRow" />
      </InnerResults>
    </UnitTestResult>
    <UnitTestResult executionId="4999d734-9291-4494-95ab-0572b3810f37" testId="1bf97231-4f6a-0925-173e-e50bcb6f39bc" testName="JsonWebTokenSettings_Passing_Empties_Claims_Returns_ApplicationException" computerName="PC-SFERRARI" duration="00:00:00.0581483" startTime="2021-01-17T17:03:32.8171370+00:00" endTime="2021-01-17T17:03:32.8754147+00:00" testType="13cdc9d9-ddb5-4fa4-a97d-d965ccfc6d4b" outcome="Passed" testListId="8c84fa94-04c1-424b-9868-57a2d4851a1d" relativeResultsDirectory="4999d734-9291-4494-95ab-0572b3810f37" />
    <UnitTestResult executionId="f39c4968-0ba1-4d23-8a35-8884cd58bc08" testId="10a896e8-2c10-720e-0681-44e0a187a0b9" testName="JsonWebTokenSettings_Passing_Claims_And_Headers_Returns_Values" computerName="PC-SFERRARI" duration="00:00:00.0858933" startTime="2021-01-17T17:03:32.6472722+00:00" endTime="2021-01-17T17:03:32.7332741+00:00" testType="13cdc9d9-ddb5-4fa4-a97d-d965ccfc6d4b" outcome="Passed" testListId="8c84fa94-04c1-424b-9868-57a2d4851a1d" relativeResultsDirectory="f39c4968-0ba1-4d23-8a35-8884cd58bc08" />
    <UnitTestResult executionId="91178c2c-3b95-40a2-b8d0-35e3f6914e2a" testId="1503b794-64e6-402d-46db-dd6b010eca49" testName="JsonWebTokenOptions_Passing_Empties_Claims_To_Service_Returns_ApplicationException" computerName="PC-SFERRARI" duration="00:00:00.0677243" startTime="2021-01-17T17:03:32.4639371+00:00" endTime="2021-01-17T17:03:32.5317762+00:00" testType="13cdc9d9-ddb5-4fa4-a97d-d965ccfc6d4b" outcome="Passed" testListId="8c84fa94-04c1-424b-9868-57a2d4851a1d" relativeResultsDirectory="91178c2c-3b95-40a2-b8d0-35e3f6914e2a" />
    <UnitTestResult executionId="754004d3-3a43-4f7c-8ab7-efd7fe4ef4a6" testId="32daafca-3fa2-ec6c-02fe-9d0f3796d0ed" testName="AppSettings_Encrypt_Passing_Value_String_Returns_Value_Encrypted" computerName="PC-SFERRARI" duration="00:00:00.0050579" startTime="2021-01-17T17:03:29.0620619+00:00" endTime="2021-01-17T17:03:29.0674198+00:00" testType="13cdc9d9-ddb5-4fa4-a97d-d965ccfc6d4b" outcome="Passed" testListId="8c84fa94-04c1-424b-9868-57a2d4851a1d" relativeResultsDirectory="754004d3-3a43-4f7c-8ab7-efd7fe4ef4a6" />
    <UnitTestResult executionId="7e909dd3-c962-424d-a7c0-35a0b42a5509" testId="55a4f170-57d1-d1f6-1902-93b1e4d17c57" testName="JsonWebTokenOptions_Passing_Enabled_Settings_Returns_ApplicationException" computerName="PC-SFERRARI" duration="00:00:00.0004643" startTime="2021-01-17T17:03:32.5324511+00:00" endTime="2021-01-17T17:03:32.5329895+00:00" testType="13cdc9d9-ddb5-4fa4-a97d-d965ccfc6d4b" outcome="Passed" testListId="8c84fa94-04c1-424b-9868-57a2d4851a1d" relativeResultsDirectory="7e909dd3-c962-424d-a7c0-35a0b42a5509" />
    <UnitTestResult executionId="9ada17f5-68ea-4812-8356-625725222f78" testId="6158c571-cb9e-2900-d032-289419d833e8" testName="RequireLowercase_Passing_Invalid_Value_Returns_HasErrorsAndErrors" computerName="PC-SFERRARI" duration="00:00:00.0019435" startTime="2021-01-17T17:03:33.2569339+00:00" endTime="2021-01-17T17:03:33.2590280+00:00" testType="13cdc9d9-ddb5-4fa4-a97d-d965ccfc6d4b" outcome="Passed" testListId="8c84fa94-04c1-424b-9868-57a2d4851a1d" relativeResultsDirectory="9ada17f5-68ea-4812-8356-625725222f78" resultType="DataDrivenTest">
      <InnerResults>
        <UnitTestResult executionId="7e25a1d5-85c8-4f71-ab2e-3290672735d2" parentExecutionId="9ada17f5-68ea-4812-8356-625725222f78" testId="6158c571-cb9e-2900-d032-289419d833e8" testName="RequireLowercase_Passing_Invalid_Value_Returns_HasErrorsAndErrors (PASSWORD)" computerName="PC-SFERRARI" duration="00:00:00.0018787" startTime="2021-01-17T17:03:33.2569339+00:00" endTime="2021-01-17T17:03:33.2590280+00:00" testType="13cdc9d9-ddb5-4fa4-a97d-d965ccfc6d4b" outcome="Passed" testListId="8c84fa94-04c1-424b-9868-57a2d4851a1d" relativeResultsDirectory="7e25a1d5-85c8-4f71-ab2e-3290672735d2" dataRowInfo="1" resultType="DataDrivenDataRow" />
      </InnerResults>
    </UnitTestResult>
    <UnitTestResult executionId="f725ffdd-a2c7-4ca2-a531-3121adaad469" testId="4447fb16-ab87-7db7-dcef-6d42a68558bb" testName="RequireDigit_Passing_Invalid_Value_Returns_HasErrorsAndErrors" computerName="PC-SFERRARI" duration="00:00:00.0033362" startTime="2021-01-17T17:03:33.2466496+00:00" endTime="2021-01-17T17:03:33.2508667+00:00" testType="13cdc9d9-ddb5-4fa4-a97d-d965ccfc6d4b" outcome="Passed" testListId="8c84fa94-04c1-424b-9868-57a2d4851a1d" relativeResultsDirectory="f725ffdd-a2c7-4ca2-a531-3121adaad469" resultType="DataDrivenTest">
      <InnerResults>
        <UnitTestResult executionId="4030addf-062f-4890-b826-99f5836cbe5e" parentExecutionId="f725ffdd-a2c7-4ca2-a531-3121adaad469" testId="4447fb16-ab87-7db7-dcef-6d42a68558bb" testName="RequireDigit_Passing_Invalid_Value_Returns_HasErrorsAndErrors (Password)" computerName="PC-SFERRARI" duration="00:00:00.0027983" startTime="2021-01-17T17:03:33.2466496+00:00" endTime="2021-01-17T17:03:33.2508667+00:00" testType="13cdc9d9-ddb5-4fa4-a97d-d965ccfc6d4b" outcome="Passed" testListId="8c84fa94-04c1-424b-9868-57a2d4851a1d" relativeResultsDirectory="4030addf-062f-4890-b826-99f5836cbe5e" dataRowInfo="1" resultType="DataDrivenDataRow" />
        <UnitTestResult executionId="8936dda9-c656-405d-90e4-567fdfb3e33c" parentExecutionId="f725ffdd-a2c7-4ca2-a531-3121adaad469" testId="4447fb16-ab87-7db7-dcef-6d42a68558bb" testName="RequireDigit_Passing_Invalid_Value_Returns_HasErrorsAndErrors (PasswordServiceTest)" computerName="PC-SFERRARI" duration="00:00:00.0000917" startTime="2021-01-17T17:03:33.2466496+00:00" endTime="2021-01-17T17:03:33.2508667+00:00" testType="13cdc9d9-ddb5-4fa4-a97d-d965ccfc6d4b" outcome="Passed" testListId="8c84fa94-04c1-424b-9868-57a2d4851a1d" relativeResultsDirectory="8936dda9-c656-405d-90e4-567fdfb3e33c" dataRowInfo="2" resultType="DataDrivenDataRow" />
      </InnerResults>
    </UnitTestResult>
    <UnitTestResult executionId="15a78d1c-28a9-4fdf-9b0e-2ab39f8c1bf1" testId="d01d9da3-2b63-993d-f965-6dcec041a9a1" testName="JsonWebTokenSettings_Passing_All_Values_Returns_Values" computerName="PC-SFERRARI" duration="00:00:00.1044566" startTime="2021-01-17T17:03:32.5425613+00:00" endTime="2021-01-17T17:03:32.6472369+00:00" testType="13cdc9d9-ddb5-4fa4-a97d-d965ccfc6d4b" outcome="Passed" testListId="8c84fa94-04c1-424b-9868-57a2d4851a1d" relativeResultsDirectory="15a78d1c-28a9-4fdf-9b0e-2ab39f8c1bf1" />
    <UnitTestResult executionId="2358a661-da0f-46c6-9a7b-b75e8a47f791" testId="90367231-7c45-c264-7213-426aba337866" testName="RequiredMinLength_Passing_Invalid_Value_Returns_HasErrorsAndErrors" computerName="PC-SFERRARI" duration="00:00:00.0026297" startTime="2021-01-17T17:03:33.2606983+00:00" endTime="2021-01-17T17:03:33.2634772+00:00" testType="13cdc9d9-ddb5-4fa4-a97d-d965ccfc6d4b" outcome="Passed" testListId="8c84fa94-04c1-424b-9868-57a2d4851a1d" relativeResultsDirectory="2358a661-da0f-46c6-9a7b-b75e8a47f791" resultType="DataDrivenTest">
      <InnerResults>
        <UnitTestResult executionId="5a900180-6061-4813-823f-efbfef4ae8c4" parentExecutionId="2358a661-da0f-46c6-9a7b-b75e8a47f791" testId="90367231-7c45-c264-7213-426aba337866" testName="RequiredMinLength_Passing_Invalid_Value_Returns_HasErrorsAndErrors (Password)" computerName="PC-SFERRARI" duration="00:00:00.0024449" startTime="2021-01-17T17:03:33.2606983+00:00" endTime="2021-01-17T17:03:33.2634772+00:00" testType="13cdc9d9-ddb5-4fa4-a97d-d965ccfc6d4b" outcome="Passed" testListId="8c84fa94-04c1-424b-9868-57a2d4851a1d" relativeResultsDirectory="5a900180-6061-4813-823f-efbfef4ae8c4" dataRowInfo="1" resultType="DataDrivenDataRow" />
        <UnitTestResult executionId="9f67f0f6-97b4-443e-891a-406b464dafab" parentExecutionId="2358a661-da0f-46c6-9a7b-b75e8a47f791" testId="90367231-7c45-c264-7213-426aba337866" testName="RequiredMinLength_Passing_Invalid_Value_Returns_HasErrorsAndErrors (PasswordServiceTest)" computerName="PC-SFERRARI" duration="00:00:00.0000532" startTime="2021-01-17T17:03:33.2606983+00:00" endTime="2021-01-17T17:03:33.2634772+00:00" testType="13cdc9d9-ddb5-4fa4-a97d-d965ccfc6d4b" outcome="Passed" testListId="8c84fa94-04c1-424b-9868-57a2d4851a1d" relativeResultsDirectory="9f67f0f6-97b4-443e-891a-406b464dafab" dataRowInfo="2" resultType="DataDrivenDataRow" />
      </InnerResults>
    </UnitTestResult>
    <UnitTestResult executionId="d29caa55-b70d-4376-a91b-b38ce35d4c25" testId="5befba76-dc26-60e8-f56c-fc9fc02ca77c" testName="JsonWebTokenOptions_Passing_All_Values_Returns_Values" computerName="PC-SFERRARI" duration="00:00:00.1258874" startTime="2021-01-17T17:03:32.1981773+00:00" endTime="2021-01-17T17:03:32.3242605+00:00" testType="13cdc9d9-ddb5-4fa4-a97d-d965ccfc6d4b" outcome="Passed" testListId="8c84fa94-04c1-424b-9868-57a2d4851a1d" relativeResultsDirectory="d29caa55-b70d-4376-a91b-b38ce35d4c25" />
    <UnitTestResult executionId="27f0ba82-f749-4698-8f5f-e1454c05114f" testId="21a0f49b-69bb-53c7-ceab-a85f9a39e365" testName="EncryptorSettings_Encrypt_Passing_Value_String_Returns_Value_Encrypted" computerName="PC-SFERRARI" duration="00:00:00.0022154" startTime="2021-01-17T17:03:32.1052362+00:00" endTime="2021-01-17T17:03:32.1075701+00:00" testType="13cdc9d9-ddb5-4fa4-a97d-d965ccfc6d4b" outcome="Passed" testListId="8c84fa94-04c1-424b-9868-57a2d4851a1d" relativeResultsDirectory="27f0ba82-f749-4698-8f5f-e1454c05114f" />
  </Results>
  <TestDefinitions>
    <UnitTest name="RequiredMinLength_Passing_Invalid_Value_Returns_HasErrorsAndErrors" storage="d:\sferrari\01 - trabajo\repos\netcore\template-netcore-security\kitpymes.core.security.tests\bin\release\netcoreapp3.0\kitpymes.core.security.tests.dll" id="90367231-7c45-c264-7213-426aba337866">
      <Execution id="2358a661-da0f-46c6-9a7b-b75e8a47f791" />
      <TestMethod codeBase="D:\SFERRARI\01 - TRABAJO\repos\netcore\template-netcore-security\Kitpymes.Core.Security.Tests\bin\Release\netcoreapp3.0\Kitpymes.Core.Security.Tests.dll" adapterTypeName="executor://mstestadapter/v2" className="Kitypmes.Core.Security.Tests.PasswordServiceTest" name="RequiredMinLength_Passing_Invalid_Value_Returns_HasErrorsAndErrors" />
    </UnitTest>
    <UnitTest name="AppSettings_Passing_Valid_Value_Returns_HasErrorsAndErrors" storage="d:\sferrari\01 - trabajo\repos\netcore\template-netcore-security\kitpymes.core.security.tests\bin\release\netcoreapp3.0\kitpymes.core.security.tests.dll" id="de7d5bca-92ba-8b65-4edc-d154cb9f22ca">
      <Execution id="b4f656f3-8e5a-4ef8-9bc8-d1a2d7cec3ce" />
      <TestMethod codeBase="D:\SFERRARI\01 - TRABAJO\repos\netcore\template-netcore-security\Kitpymes.Core.Security.Tests\bin\Release\netcoreapp3.0\Kitpymes.Core.Security.Tests.dll" adapterTypeName="executor://mstestadapter/v2" className="Kitypmes.Core.Security.Tests.PasswordServiceTest" name="AppSettings_Passing_Valid_Value_Returns_HasErrorsAndErrors" />
    </UnitTest>
    <UnitTest name="EncryptorSettings_Encrypt_Passing_Value_String_Returns_Value_Encrypted" storage="d:\sferrari\01 - trabajo\repos\netcore\template-netcore-security\kitpymes.core.security.tests\bin\release\netcoreapp3.0\kitpymes.core.security.tests.dll" id="21a0f49b-69bb-53c7-ceab-a85f9a39e365">
      <Execution id="27f0ba82-f749-4698-8f5f-e1454c05114f" />
      <TestMethod codeBase="D:\SFERRARI\01 - TRABAJO\repos\netcore\template-netcore-security\Kitpymes.Core.Security.Tests\bin\Release\netcoreapp3.0\Kitpymes.Core.Security.Tests.dll" adapterTypeName="executor://mstestadapter/v2" className="Kitypmes.Core.Security.Tests.EncryptorServiceTest" name="EncryptorSettings_Encrypt_Passing_Value_String_Returns_Value_Encrypted" />
    </UnitTest>
    <UnitTest name="JsonWebTokenOptions_Passing_All_Values_Returns_Values" storage="d:\sferrari\01 - trabajo\repos\netcore\template-netcore-security\kitpymes.core.security.tests\bin\release\netcoreapp3.0\kitpymes.core.security.tests.dll" id="5befba76-dc26-60e8-f56c-fc9fc02ca77c">
      <Execution id="d29caa55-b70d-4376-a91b-b38ce35d4c25" />
      <TestMethod codeBase="D:\SFERRARI\01 - TRABAJO\repos\netcore\template-netcore-security\Kitpymes.Core.Security.Tests\bin\Release\netcoreapp3.0\Kitpymes.Core.Security.Tests.dll" adapterTypeName="executor://mstestadapter/v2" className="Kitypmes.Core.Security.Tests.JsonWebTokenServiceTest" name="JsonWebTokenOptions_Passing_All_Values_Returns_Values" />
    </UnitTest>
    <UnitTest name="RequiredUniqueChars_Passing_Invalid_Value_Returns_HasErrorsAndErrors" storage="d:\sferrari\01 - trabajo\repos\netcore\template-netcore-security\kitpymes.core.security.tests\bin\release\netcoreapp3.0\kitpymes.core.security.tests.dll" id="5609de1e-8e31-61e0-634c-2542b5577eca">
      <Execution id="76fe897d-df74-4f19-aa85-a179023a8ca1" />
      <TestMethod codeBase="D:\SFERRARI\01 - TRABAJO\repos\netcore\template-netcore-security\Kitpymes.Core.Security.Tests\bin\Release\netcoreapp3.0\Kitpymes.Core.Security.Tests.dll" adapterTypeName="executor://mstestadapter/v2" className="Kitypmes.Core.Security.Tests.PasswordServiceTest" name="RequiredUniqueChars_Passing_Invalid_Value_Returns_HasErrorsAndErrors" />
    </UnitTest>
    <UnitTest name="JsonWebTokenSettings_Passing_Claims_And_Headers_Returns_Values" storage="d:\sferrari\01 - trabajo\repos\netcore\template-netcore-security\kitpymes.core.security.tests\bin\release\netcoreapp3.0\kitpymes.core.security.tests.dll" id="10a896e8-2c10-720e-0681-44e0a187a0b9">
      <Execution id="f39c4968-0ba1-4d23-8a35-8884cd58bc08" />
      <TestMethod codeBase="D:\SFERRARI\01 - TRABAJO\repos\netcore\template-netcore-security\Kitpymes.Core.Security.Tests\bin\Release\netcoreapp3.0\Kitpymes.Core.Security.Tests.dll" adapterTypeName="executor://mstestadapter/v2" className="Kitypmes.Core.Security.Tests.JsonWebTokenServiceTest" name="JsonWebTokenSettings_Passing_Claims_And_Headers_Returns_Values" />
    </UnitTest>
    <UnitTest name="EncryptorSettings_Encrypt_Passing_Value_Object_Returns_Object_Encrypted" storage="d:\sferrari\01 - trabajo\repos\netcore\template-netcore-security\kitpymes.core.security.tests\bin\release\netcoreapp3.0\kitpymes.core.security.tests.dll" id="9e1bad79-64b3-02eb-222e-4f88e590efcf">
      <Execution id="bf780e18-76ee-4a8a-81d6-990dd461ef95" />
      <TestMethod codeBase="D:\SFERRARI\01 - TRABAJO\repos\netcore\template-netcore-security\Kitpymes.Core.Security.Tests\bin\Release\netcoreapp3.0\Kitpymes.Core.Security.Tests.dll" adapterTypeName="executor://mstestadapter/v2" className="Kitypmes.Core.Security.Tests.EncryptorServiceTest" name="EncryptorSettings_Encrypt_Passing_Value_Object_Returns_Object_Encrypted" />
    </UnitTest>
    <UnitTest name="RequireUppercase_Passing_Invalid_Value_Returns_HasErrorsAndErrors" storage="d:\sferrari\01 - trabajo\repos\netcore\template-netcore-security\kitpymes.core.security.tests\bin\release\netcoreapp3.0\kitpymes.core.security.tests.dll" id="3db2e417-d9d0-d76c-8e4c-164fba24c540">
      <Execution id="efc3b1ca-81bd-4dd4-93db-2fec9e5bf1c3" />
      <TestMethod codeBase="D:\SFERRARI\01 - TRABAJO\repos\netcore\template-netcore-security\Kitpymes.Core.Security.Tests\bin\Release\netcoreapp3.0\Kitpymes.Core.Security.Tests.dll" adapterTypeName="executor://mstestadapter/v2" className="Kitypmes.Core.Security.Tests.PasswordServiceTest" name="RequireUppercase_Passing_Invalid_Value_Returns_HasErrorsAndErrors" />
    </UnitTest>
    <UnitTest name="JsonWebTokenOptions_Passing_Empties_Settings_Returns_ApplicationException_GetAuthJsonWebToken" storage="d:\sferrari\01 - trabajo\repos\netcore\template-netcore-security\kitpymes.core.security.tests\bin\release\netcoreapp3.0\kitpymes.core.security.tests.dll" id="025b087b-18e6-62b0-d1e3-70af28c4d509">
      <Execution id="155445f7-ee59-4309-9679-1d9dc0ee29fa" />
      <TestMethod codeBase="D:\SFERRARI\01 - TRABAJO\repos\netcore\template-netcore-security\Kitpymes.Core.Security.Tests\bin\Release\netcoreapp3.0\Kitpymes.Core.Security.Tests.dll" adapterTypeName="executor://mstestadapter/v2" className="Kitypmes.Core.Security.Tests.JsonWebTokenServiceTest" name="JsonWebTokenOptions_Passing_Empties_Settings_Returns_ApplicationException_GetAuthJsonWebToken" />
    </UnitTest>
    <UnitTest name="EncryptorOptions_Encrypt_Passing_Value_String_Returns_Value_Encrypted" storage="d:\sferrari\01 - trabajo\repos\netcore\template-netcore-security\kitpymes.core.security.tests\bin\release\netcoreapp3.0\kitpymes.core.security.tests.dll" id="c9a9a88a-aa31-d3a2-45ce-36161833d616">
      <Execution id="bcb1f508-10c6-4ed4-ae66-c8816fe7eb13" />
      <TestMethod codeBase="D:\SFERRARI\01 - TRABAJO\repos\netcore\template-netcore-security\Kitpymes.Core.Security.Tests\bin\Release\netcoreapp3.0\Kitpymes.Core.Security.Tests.dll" adapterTypeName="executor://mstestadapter/v2" className="Kitypmes.Core.Security.Tests.EncryptorServiceTest" name="EncryptorOptions_Encrypt_Passing_Value_String_Returns_Value_Encrypted" />
    </UnitTest>
    <UnitTest name="DefaultSettings_Passing_Invalid_Value_Returns_HasErrorsAndErrors" storage="d:\sferrari\01 - trabajo\repos\netcore\template-netcore-security\kitpymes.core.security.tests\bin\release\netcoreapp3.0\kitpymes.core.security.tests.dll" id="dd99cbaa-85f2-79e4-7640-e6ada6b333d2">
      <Execution id="e8824c89-1432-4771-9c9e-e9d9034ff1a4" />
      <TestMethod codeBase="D:\SFERRARI\01 - TRABAJO\repos\netcore\template-netcore-security\Kitpymes.Core.Security.Tests\bin\Release\netcoreapp3.0\Kitpymes.Core.Security.Tests.dll" adapterTypeName="executor://mstestadapter/v2" className="Kitypmes.Core.Security.Tests.PasswordServiceTest" name="DefaultSettings_Passing_Invalid_Value_Returns_HasErrorsAndErrors" />
    </UnitTest>
    <UnitTest name="AppSettings_Encrypt_Passing_Value_String_Returns_Value_Encrypted" storage="d:\sferrari\01 - trabajo\repos\netcore\template-netcore-security\kitpymes.core.security.tests\bin\release\netcoreapp3.0\kitpymes.core.security.tests.dll" id="32daafca-3fa2-ec6c-02fe-9d0f3796d0ed">
      <Execution id="754004d3-3a43-4f7c-8ab7-efd7fe4ef4a6" />
      <TestMethod codeBase="D:\SFERRARI\01 - TRABAJO\repos\netcore\template-netcore-security\Kitpymes.Core.Security.Tests\bin\Release\netcoreapp3.0\Kitpymes.Core.Security.Tests.dll" adapterTypeName="executor://mstestadapter/v2" className="Kitypmes.Core.Security.Tests.EncryptorServiceTest" name="AppSettings_Encrypt_Passing_Value_String_Returns_Value_Encrypted" />
    </UnitTest>
    <UnitTest name="JsonWebTokenOptions_Passing_Enabled_Settings_Returns_ApplicationException" storage="d:\sferrari\01 - trabajo\repos\netcore\template-netcore-security\kitpymes.core.security.tests\bin\release\netcoreapp3.0\kitpymes.core.security.tests.dll" id="55a4f170-57d1-d1f6-1902-93b1e4d17c57">
      <Execution id="7e909dd3-c962-424d-a7c0-35a0b42a5509" />
      <TestMethod codeBase="D:\SFERRARI\01 - TRABAJO\repos\netcore\template-netcore-security\Kitpymes.Core.Security.Tests\bin\Release\netcoreapp3.0\Kitpymes.Core.Security.Tests.dll" adapterTypeName="executor://mstestadapter/v2" className="Kitypmes.Core.Security.Tests.JsonWebTokenServiceTest" name="JsonWebTokenOptions_Passing_Enabled_Settings_Returns_ApplicationException" />
    </UnitTest>
    <UnitTest name="JsonWebTokenOptions_Passing_Claims_And_Headers_Returns_Values" storage="d:\sferrari\01 - trabajo\repos\netcore\template-netcore-security\kitpymes.core.security.tests\bin\release\netcoreapp3.0\kitpymes.core.security.tests.dll" id="68654d5c-cf48-88e4-5c1d-ed1a1c33a69d">
      <Execution id="ab00b01e-0671-46f2-9918-b2aa014ff3a6" />
      <TestMethod codeBase="D:\SFERRARI\01 - TRABAJO\repos\netcore\template-netcore-security\Kitpymes.Core.Security.Tests\bin\Release\netcoreapp3.0\Kitpymes.Core.Security.Tests.dll" adapterTypeName="executor://mstestadapter/v2" className="Kitypmes.Core.Security.Tests.JsonWebTokenServiceTest" name="JsonWebTokenOptions_Passing_Claims_And_Headers_Returns_Values" />
    </UnitTest>
    <UnitTest name="RequireDigit_Passing_Invalid_Value_Returns_HasErrorsAndErrors" storage="d:\sferrari\01 - trabajo\repos\netcore\template-netcore-security\kitpymes.core.security.tests\bin\release\netcoreapp3.0\kitpymes.core.security.tests.dll" id="4447fb16-ab87-7db7-dcef-6d42a68558bb">
      <Execution id="f725ffdd-a2c7-4ca2-a531-3121adaad469" />
      <TestMethod codeBase="D:\SFERRARI\01 - TRABAJO\repos\netcore\template-netcore-security\Kitpymes.Core.Security.Tests\bin\Release\netcoreapp3.0\Kitpymes.Core.Security.Tests.dll" adapterTypeName="executor://mstestadapter/v2" className="Kitypmes.Core.Security.Tests.PasswordServiceTest" name="RequireDigit_Passing_Invalid_Value_Returns_HasErrorsAndErrors" />
    </UnitTest>
    <UnitTest name="EncryptorOptions_Encrypt_Passing_Value_String_WithLifetime_Returns_CryptographicException_Exprided" storage="d:\sferrari\01 - trabajo\repos\netcore\template-netcore-security\kitpymes.core.security.tests\bin\release\netcoreapp3.0\kitpymes.core.security.tests.dll" id="a574d746-1d8c-368f-7872-73b451873d81">
      <Execution id="5349d92b-f18c-4630-b3d1-f61ae5be4555" />
      <TestMethod codeBase="D:\SFERRARI\01 - TRABAJO\repos\netcore\template-netcore-security\Kitpymes.Core.Security.Tests\bin\Release\netcoreapp3.0\Kitpymes.Core.Security.Tests.dll" adapterTypeName="executor://mstestadapter/v2" className="Kitypmes.Core.Security.Tests.EncryptorServiceTest" name="EncryptorOptions_Encrypt_Passing_Value_String_WithLifetime_Returns_CryptographicException_Exprided" />
    </UnitTest>
    <UnitTest name="EncryptorOptions_Encrypt_Passing_Value_Object_Returns_Object_Encrypted" storage="d:\sferrari\01 - trabajo\repos\netcore\template-netcore-security\kitpymes.core.security.tests\bin\release\netcoreapp3.0\kitpymes.core.security.tests.dll" id="4b02302a-de95-bc86-3576-64c310c52eb6">
      <Execution id="086ab0af-ea82-4128-95bc-b68b06692852" />
      <TestMethod codeBase="D:\SFERRARI\01 - TRABAJO\repos\netcore\template-netcore-security\Kitpymes.Core.Security.Tests\bin\Release\netcoreapp3.0\Kitpymes.Core.Security.Tests.dll" adapterTypeName="executor://mstestadapter/v2" className="Kitypmes.Core.Security.Tests.EncryptorServiceTest" name="EncryptorOptions_Encrypt_Passing_Value_Object_Returns_Object_Encrypted" />
    </UnitTest>
    <UnitTest name="JsonWebTokenSettings_Passing_Enabled_Settings_Returns_ApplicationException" storage="d:\sferrari\01 - trabajo\repos\netcore\template-netcore-security\kitpymes.core.security.tests\bin\release\netcoreapp3.0\kitpymes.core.security.tests.dll" id="d7ab8ee6-bfc1-9c70-c3d4-dd4c0dfe45a0">
      <Execution id="72636f65-c504-4746-a1ea-2ceea3877b77" />
      <TestMethod codeBase="D:\SFERRARI\01 - TRABAJO\repos\netcore\template-netcore-security\Kitpymes.Core.Security.Tests\bin\Release\netcoreapp3.0\Kitpymes.Core.Security.Tests.dll" adapterTypeName="executor://mstestadapter/v2" className="Kitypmes.Core.Security.Tests.JsonWebTokenServiceTest" name="JsonWebTokenSettings_Passing_Enabled_Settings_Returns_ApplicationException" />
    </UnitTest>
    <UnitTest name="DefaultSettings_Passing_Valid_Value_Returns_HasErrorsAndErrors" storage="d:\sferrari\01 - trabajo\repos\netcore\template-netcore-security\kitpymes.core.security.tests\bin\release\netcoreapp3.0\kitpymes.core.security.tests.dll" id="48f78119-0f78-d1b1-1154-23d5d25d28d8">
      <Execution id="eccfc6ce-3ae7-4a31-bbb8-2ae62f42df07" />
      <TestMethod codeBase="D:\SFERRARI\01 - TRABAJO\repos\netcore\template-netcore-security\Kitpymes.Core.Security.Tests\bin\Release\netcoreapp3.0\Kitpymes.Core.Security.Tests.dll" adapterTypeName="executor://mstestadapter/v2" className="Kitypmes.Core.Security.Tests.PasswordServiceTest" name="DefaultSettings_Passing_Valid_Value_Returns_HasErrorsAndErrors" />
    </UnitTest>
    <UnitTest name="JsonWebTokenSettings_Passing_All_Values_Returns_Values" storage="d:\sferrari\01 - trabajo\repos\netcore\template-netcore-security\kitpymes.core.security.tests\bin\release\netcoreapp3.0\kitpymes.core.security.tests.dll" id="d01d9da3-2b63-993d-f965-6dcec041a9a1">
      <Execution id="15a78d1c-28a9-4fdf-9b0e-2ab39f8c1bf1" />
      <TestMethod codeBase="D:\SFERRARI\01 - TRABAJO\repos\netcore\template-netcore-security\Kitpymes.Core.Security.Tests\bin\Release\netcoreapp3.0\Kitpymes.Core.Security.Tests.dll" adapterTypeName="executor://mstestadapter/v2" className="Kitypmes.Core.Security.Tests.JsonWebTokenServiceTest" name="JsonWebTokenSettings_Passing_All_Values_Returns_Values" />
    </UnitTest>
    <UnitTest name="RequireEspecialCharacters_Passing_Invalid_Value_Returns_HasErrorsAndErrors" storage="d:\sferrari\01 - trabajo\repos\netcore\template-netcore-security\kitpymes.core.security.tests\bin\release\netcoreapp3.0\kitpymes.core.security.tests.dll" id="b3928bda-545b-97a4-b450-c6c5fdbdb0c6">
      <Execution id="b04fe22f-4068-4a1c-9626-16a34db7b122" />
      <TestMethod codeBase="D:\SFERRARI\01 - TRABAJO\repos\netcore\template-netcore-security\Kitpymes.Core.Security.Tests\bin\Release\netcoreapp3.0\Kitpymes.Core.Security.Tests.dll" adapterTypeName="executor://mstestadapter/v2" className="Kitypmes.Core.Security.Tests.PasswordServiceTest" name="RequireEspecialCharacters_Passing_Invalid_Value_Returns_HasErrorsAndErrors" />
    </UnitTest>
    <UnitTest name="JsonWebTokenSettings_Passing_Empties_Claims_Returns_ApplicationException" storage="d:\sferrari\01 - trabajo\repos\netcore\template-netcore-security\kitpymes.core.security.tests\bin\release\netcoreapp3.0\kitpymes.core.security.tests.dll" id="1bf97231-4f6a-0925-173e-e50bcb6f39bc">
      <Execution id="4999d734-9291-4494-95ab-0572b3810f37" />
      <TestMethod codeBase="D:\SFERRARI\01 - TRABAJO\repos\netcore\template-netcore-security\Kitpymes.Core.Security.Tests\bin\Release\netcoreapp3.0\Kitpymes.Core.Security.Tests.dll" adapterTypeName="executor://mstestadapter/v2" className="Kitypmes.Core.Security.Tests.JsonWebTokenServiceTest" name="JsonWebTokenSettings_Passing_Empties_Claims_Returns_ApplicationException" />
    </UnitTest>
    <UnitTest name="AppSettings_Passing_All_Values_Returns_Values" storage="d:\sferrari\01 - trabajo\repos\netcore\template-netcore-security\kitpymes.core.security.tests\bin\release\netcoreapp3.0\kitpymes.core.security.tests.dll" id="8f9542b8-9a86-2425-712b-f9ad565fedbe">
      <Execution id="9aeb45bc-7c5c-4252-a60d-d120189da76a" />
      <TestMethod codeBase="D:\SFERRARI\01 - TRABAJO\repos\netcore\template-netcore-security\Kitpymes.Core.Security.Tests\bin\Release\netcoreapp3.0\Kitpymes.Core.Security.Tests.dll" adapterTypeName="executor://mstestadapter/v2" className="Kitypmes.Core.Security.Tests.JsonWebTokenServiceTest" name="AppSettings_Passing_All_Values_Returns_Values" />
    </UnitTest>
    <UnitTest name="JsonWebTokenOptions_Passing_Empties_Claims_To_Service_Returns_ApplicationException" storage="d:\sferrari\01 - trabajo\repos\netcore\template-netcore-security\kitpymes.core.security.tests\bin\release\netcoreapp3.0\kitpymes.core.security.tests.dll" id="1503b794-64e6-402d-46db-dd6b010eca49">
      <Execution id="91178c2c-3b95-40a2-b8d0-35e3f6914e2a" />
      <TestMethod codeBase="D:\SFERRARI\01 - TRABAJO\repos\netcore\template-netcore-security\Kitpymes.Core.Security.Tests\bin\Release\netcoreapp3.0\Kitpymes.Core.Security.Tests.dll" adapterTypeName="executor://mstestadapter/v2" className="Kitypmes.Core.Security.Tests.JsonWebTokenServiceTest" name="JsonWebTokenOptions_Passing_Empties_Claims_To_Service_Returns_ApplicationException" />
    </UnitTest>
    <UnitTest name="JsonWebTokenSettings_Passing_Empties_Settings_Returns_ApplicationException_GetAuthJsonWebToken" storage="d:\sferrari\01 - trabajo\repos\netcore\template-netcore-security\kitpymes.core.security.tests\bin\release\netcoreapp3.0\kitpymes.core.security.tests.dll" id="55b5e60e-bb34-165b-6d7c-2a80479d6a42">
      <Execution id="57452cef-ff94-4a37-af09-c3ed247acd98" />
      <TestMethod codeBase="D:\SFERRARI\01 - TRABAJO\repos\netcore\template-netcore-security\Kitpymes.Core.Security.Tests\bin\Release\netcoreapp3.0\Kitpymes.Core.Security.Tests.dll" adapterTypeName="executor://mstestadapter/v2" className="Kitypmes.Core.Security.Tests.JsonWebTokenServiceTest" name="JsonWebTokenSettings_Passing_Empties_Settings_Returns_ApplicationException_GetAuthJsonWebToken" />
    </UnitTest>
    <UnitTest name="AppSettings_Encrypt_Passing_Value_Object_Returns_Object_Encrypted" storage="d:\sferrari\01 - trabajo\repos\netcore\template-netcore-security\kitpymes.core.security.tests\bin\release\netcoreapp3.0\kitpymes.core.security.tests.dll" id="ce4c1f35-d0ec-0de2-3023-5c1c77efcbcc">
      <Execution id="8fd6341d-9a73-4a56-beef-dfa614fb6c7d" />
      <TestMethod codeBase="D:\SFERRARI\01 - TRABAJO\repos\netcore\template-netcore-security\Kitpymes.Core.Security.Tests\bin\Release\netcoreapp3.0\Kitpymes.Core.Security.Tests.dll" adapterTypeName="executor://mstestadapter/v2" className="Kitypmes.Core.Security.Tests.EncryptorServiceTest" name="AppSettings_Encrypt_Passing_Value_Object_Returns_Object_Encrypted" />
    </UnitTest>
    <UnitTest name="JsonWebTokenSettings_Passing_Claims_Returns_Values" storage="d:\sferrari\01 - trabajo\repos\netcore\template-netcore-security\kitpymes.core.security.tests\bin\release\netcoreapp3.0\kitpymes.core.security.tests.dll" id="7728671e-188e-9399-f172-fe364aa77f10">
      <Execution id="9330332f-e7ab-4919-a171-8d621b9e2dc4" />
      <TestMethod codeBase="D:\SFERRARI\01 - TRABAJO\repos\netcore\template-netcore-security\Kitpymes.Core.Security.Tests\bin\Release\netcoreapp3.0\Kitpymes.Core.Security.Tests.dll" adapterTypeName="executor://mstestadapter/v2" className="Kitypmes.Core.Security.Tests.JsonWebTokenServiceTest" name="JsonWebTokenSettings_Passing_Claims_Returns_Values" />
    </UnitTest>
    <UnitTest name="JsonWebTokenOptions_Passing_Claims_To_Service_Returns_Values" storage="d:\sferrari\01 - trabajo\repos\netcore\template-netcore-security\kitpymes.core.security.tests\bin\release\netcoreapp3.0\kitpymes.core.security.tests.dll" id="b2cc154e-434f-78b2-d8d6-076a473c9726">
      <Execution id="dae31cb9-d820-498a-8e7b-1690cac2f6bf" />
      <TestMethod codeBase="D:\SFERRARI\01 - TRABAJO\repos\netcore\template-netcore-security\Kitpymes.Core.Security.Tests\bin\Release\netcoreapp3.0\Kitpymes.Core.Security.Tests.dll" adapterTypeName="executor://mstestadapter/v2" className="Kitypmes.Core.Security.Tests.JsonWebTokenServiceTest" name="JsonWebTokenOptions_Passing_Claims_To_Service_Returns_Values" />
    </UnitTest>
    <UnitTest name="RequireLowercase_Passing_Invalid_Value_Returns_HasErrorsAndErrors" storage="d:\sferrari\01 - trabajo\repos\netcore\template-netcore-security\kitpymes.core.security.tests\bin\release\netcoreapp3.0\kitpymes.core.security.tests.dll" id="6158c571-cb9e-2900-d032-289419d833e8">
      <Execution id="9ada17f5-68ea-4812-8356-625725222f78" />
      <TestMethod codeBase="D:\SFERRARI\01 - TRABAJO\repos\netcore\template-netcore-security\Kitpymes.Core.Security.Tests\bin\Release\netcoreapp3.0\Kitpymes.Core.Security.Tests.dll" adapterTypeName="executor://mstestadapter/v2" className="Kitypmes.Core.Security.Tests.PasswordServiceTest" name="RequireLowercase_Passing_Invalid_Value_Returns_HasErrorsAndErrors" />
    </UnitTest>
  </TestDefinitions>
  <TestEntries>
    <TestEntry testId="9e1bad79-64b3-02eb-222e-4f88e590efcf" executionId="bf780e18-76ee-4a8a-81d6-990dd461ef95" testListId="8c84fa94-04c1-424b-9868-57a2d4851a1d" />
    <TestEntry testId="dd99cbaa-85f2-79e4-7640-e6ada6b333d2" executionId="e8824c89-1432-4771-9c9e-e9d9034ff1a4" testListId="8c84fa94-04c1-424b-9868-57a2d4851a1d" />
    <TestEntry testId="d7ab8ee6-bfc1-9c70-c3d4-dd4c0dfe45a0" executionId="72636f65-c504-4746-a1ea-2ceea3877b77" testListId="8c84fa94-04c1-424b-9868-57a2d4851a1d" />
    <TestEntry testId="b2cc154e-434f-78b2-d8d6-076a473c9726" executionId="dae31cb9-d820-498a-8e7b-1690cac2f6bf" testListId="8c84fa94-04c1-424b-9868-57a2d4851a1d" />
    <TestEntry testId="7728671e-188e-9399-f172-fe364aa77f10" executionId="9330332f-e7ab-4919-a171-8d621b9e2dc4" testListId="8c84fa94-04c1-424b-9868-57a2d4851a1d" />
    <TestEntry testId="4b02302a-de95-bc86-3576-64c310c52eb6" executionId="086ab0af-ea82-4128-95bc-b68b06692852" testListId="8c84fa94-04c1-424b-9868-57a2d4851a1d" />
    <TestEntry testId="025b087b-18e6-62b0-d1e3-70af28c4d509" executionId="155445f7-ee59-4309-9679-1d9dc0ee29fa" testListId="8c84fa94-04c1-424b-9868-57a2d4851a1d" />
    <TestEntry testId="55b5e60e-bb34-165b-6d7c-2a80479d6a42" executionId="57452cef-ff94-4a37-af09-c3ed247acd98" testListId="8c84fa94-04c1-424b-9868-57a2d4851a1d" />
    <TestEntry testId="c9a9a88a-aa31-d3a2-45ce-36161833d616" executionId="bcb1f508-10c6-4ed4-ae66-c8816fe7eb13" testListId="8c84fa94-04c1-424b-9868-57a2d4851a1d" />
    <TestEntry testId="b3928bda-545b-97a4-b450-c6c5fdbdb0c6" executionId="b04fe22f-4068-4a1c-9626-16a34db7b122" testListId="8c84fa94-04c1-424b-9868-57a2d4851a1d" />
    <TestEntry testId="ce4c1f35-d0ec-0de2-3023-5c1c77efcbcc" executionId="8fd6341d-9a73-4a56-beef-dfa614fb6c7d" testListId="8c84fa94-04c1-424b-9868-57a2d4851a1d" />
    <TestEntry testId="68654d5c-cf48-88e4-5c1d-ed1a1c33a69d" executionId="ab00b01e-0671-46f2-9918-b2aa014ff3a6" testListId="8c84fa94-04c1-424b-9868-57a2d4851a1d" />
    <TestEntry testId="48f78119-0f78-d1b1-1154-23d5d25d28d8" executionId="eccfc6ce-3ae7-4a31-bbb8-2ae62f42df07" testListId="8c84fa94-04c1-424b-9868-57a2d4851a1d" />
    <TestEntry testId="8f9542b8-9a86-2425-712b-f9ad565fedbe" executionId="9aeb45bc-7c5c-4252-a60d-d120189da76a" testListId="8c84fa94-04c1-424b-9868-57a2d4851a1d" />
    <TestEntry testId="3db2e417-d9d0-d76c-8e4c-164fba24c540" executionId="efc3b1ca-81bd-4dd4-93db-2fec9e5bf1c3" testListId="8c84fa94-04c1-424b-9868-57a2d4851a1d" />
    <TestEntry testId="a574d746-1d8c-368f-7872-73b451873d81" executionId="5349d92b-f18c-4630-b3d1-f61ae5be4555" testListId="8c84fa94-04c1-424b-9868-57a2d4851a1d" />
    <TestEntry testId="de7d5bca-92ba-8b65-4edc-d154cb9f22ca" executionId="b4f656f3-8e5a-4ef8-9bc8-d1a2d7cec3ce" testListId="8c84fa94-04c1-424b-9868-57a2d4851a1d" />
    <TestEntry testId="5609de1e-8e31-61e0-634c-2542b5577eca" executionId="76fe897d-df74-4f19-aa85-a179023a8ca1" testListId="8c84fa94-04c1-424b-9868-57a2d4851a1d" />
    <TestEntry testId="1bf97231-4f6a-0925-173e-e50bcb6f39bc" executionId="4999d734-9291-4494-95ab-0572b3810f37" testListId="8c84fa94-04c1-424b-9868-57a2d4851a1d" />
    <TestEntry testId="10a896e8-2c10-720e-0681-44e0a187a0b9" executionId="f39c4968-0ba1-4d23-8a35-8884cd58bc08" testListId="8c84fa94-04c1-424b-9868-57a2d4851a1d" />
    <TestEntry testId="1503b794-64e6-402d-46db-dd6b010eca49" executionId="91178c2c-3b95-40a2-b8d0-35e3f6914e2a" testListId="8c84fa94-04c1-424b-9868-57a2d4851a1d" />
    <TestEntry testId="32daafca-3fa2-ec6c-02fe-9d0f3796d0ed" executionId="754004d3-3a43-4f7c-8ab7-efd7fe4ef4a6" testListId="8c84fa94-04c1-424b-9868-57a2d4851a1d" />
    <TestEntry testId="55a4f170-57d1-d1f6-1902-93b1e4d17c57" executionId="7e909dd3-c962-424d-a7c0-35a0b42a5509" testListId="8c84fa94-04c1-424b-9868-57a2d4851a1d" />
    <TestEntry testId="6158c571-cb9e-2900-d032-289419d833e8" executionId="9ada17f5-68ea-4812-8356-625725222f78" testListId="8c84fa94-04c1-424b-9868-57a2d4851a1d" />
    <TestEntry testId="4447fb16-ab87-7db7-dcef-6d42a68558bb" executionId="f725ffdd-a2c7-4ca2-a531-3121adaad469" testListId="8c84fa94-04c1-424b-9868-57a2d4851a1d" />
    <TestEntry testId="d01d9da3-2b63-993d-f965-6dcec041a9a1" executionId="15a78d1c-28a9-4fdf-9b0e-2ab39f8c1bf1" testListId="8c84fa94-04c1-424b-9868-57a2d4851a1d" />
    <TestEntry testId="90367231-7c45-c264-7213-426aba337866" executionId="2358a661-da0f-46c6-9a7b-b75e8a47f791" testListId="8c84fa94-04c1-424b-9868-57a2d4851a1d" />
    <TestEntry testId="5befba76-dc26-60e8-f56c-fc9fc02ca77c" executionId="d29caa55-b70d-4376-a91b-b38ce35d4c25" testListId="8c84fa94-04c1-424b-9868-57a2d4851a1d" />
    <TestEntry testId="21a0f49b-69bb-53c7-ceab-a85f9a39e365" executionId="27f0ba82-f749-4698-8f5f-e1454c05114f" testListId="8c84fa94-04c1-424b-9868-57a2d4851a1d" />
  </TestEntries>
  <TestLists>
    <TestList name="Resultados sin formato de lista" id="8c84fa94-04c1-424b-9868-57a2d4851a1d" />
    <TestList name="Todos los resultados cargados" id="19431567-8539-422a-85d7-44ee4e166bda" />
  </TestLists>
  <ResultSummary outcome="Completed">
    <Counters total="45" executed="45" passed="45" failed="0" error="0" timeout="0" aborted="0" inconclusive="0" passedButRunAborted="0" notRunnable="0" notExecuted="0" disconnected="0" warning="0" completed="0" inProgress="0" pending="0" />
  </ResultSummary>
</TestRun>